#
# A fatal error has been detected by the Java Runtime Environment:
#
#  EXCEPTION_ACCESS_VIOLATION (0xc0000005) at pc=0x0000000077482a37, pid=844, tid=0x00000000000000b0
#
# JRE version: Java(TM) SE Runtime Environment (8.0_92-b14) (build 1.8.0_92-b14)
# Java VM: Java HotSpot(TM) 64-Bit Server VM (25.92-b14 mixed mode windows-amd64 compressed oops)
# Problematic frame:
# V  [jvm.dll+0x212a37]
#
# Failed to write core dump. Minidumps are not enabled by default on client versions of Windows
#
# If you would like to submit a bug report, please visit:
#   http://bugreport.java.com/bugreport/crash.jsp
#

---------------  T H R E A D  ---------------

Current thread (0x0000000016674000):  JavaThread "pool-2-thread-2" [_thread_in_vm, id=176, stack(0x0000000016ce0000,0x0000000016de0000)]

siginfo: ExceptionCode=0xc0000005, writing address 0x0000000016dd7bc0

Registers:
RAX=0x0000000016dd7bc0, RBX=0x0000000000000007, RCX=0x0000000000006000, RDX=0x0000000000000012
RSP=0x0000000016dddbc0, RBP=0x0000000000000000, RSI=0x0000000016dddbc0, RDI=0x0000000000000007
R8 =0x0000000000000012, R9 =0x0000000016667ed0, R10=0x00000000142046c0, R11=0x0000000016cea160
R12=0x0000000016667ed0, R13=0x0000000016674000, R14=0x0000000016dddc88, R15=0x00000000142046c0
RIP=0x0000000077482a37, EFLAGS=0x0000000000010206

Top of Stack: (sp=0x0000000016dddbc0)
0x0000000016dddbc0:   00000000146c7108 00000000146acc80
0x0000000016dddbd0:   0000000016674000 0000000016667ed0
0x0000000016dddbe0:   00000000ffffffff 0000000077483967
0x0000000016dddbf0:   0000000016dddcf0 00000000142046c0
0x0000000016dddc00:   0000000016674000 000000007732fd93
0x0000000016dddc10:   0000000016dddc50 0000000016674000
0x0000000016dddc20:   0000000016dddce0 0000000016674000
0x0000000016dddc30:   00000000142046c0 0000000016674000
0x0000000016dddc40:   0000000002506c60 0000000016674000
0x0000000016dddc50:   00000000142046c0 0000000016674000
0x0000000016dddc60:   00000000142046c0 0000000016674000
0x0000000016dddc70:   0000000000000001 00000000142046c0
0x0000000016dddc80:   0000000016674000 000000001640d558
0x0000000016dddc90:   0000000016674000 000000007733127d
0x0000000016dddca0:   0000000016dde020 0000000100002368
0x0000000016dddcb0:   000000010000f688 00000000146855a8 

Instructions: (pc=0x0000000077482a37)
0x0000000077482a17:   48 89 6c 24 30 33 ed 66 90 e8 cb 38 08 00 ff c3
0x0000000077482a27:   48 63 c8 48 8b c6 48 0f af cf 48 ff c7 48 2b c1
0x0000000077482a37:   89 28 48 63 c3 48 3b 05 7d dc 58 00 7e db 48 8b
0x0000000077482a47:   6c 24 30 48 8b 5c 24 38 48 8b 74 24 40 48 83 c4 


Register to memory mapping:

RAX=0x0000000016dd7bc0 is pointing into the stack for thread: 0x0000000016674000
RBX=0x0000000000000007 is an unknown value
RCX=0x0000000000006000 is an unknown value
RDX=0x0000000000000012 is an unknown value
RSP=0x0000000016dddbc0 is pointing into the stack for thread: 0x0000000016674000
RBP=0x0000000000000000 is an unknown value
RSI=0x0000000016dddbc0 is pointing into the stack for thread: 0x0000000016674000
RDI=0x0000000000000007 is an unknown value
R8 =0x0000000000000012 is an unknown value
R9 =0x0000000016667ed0 is an unknown value
R10={method} {0x00000000142046c8} 'loadClass' '(Ljava/lang/String;)Ljava/lang/Class;' in 'java/lang/ClassLoader'
R11=0x0000000016cea160 is pointing into the stack for thread: 0x0000000016674000
R12=0x0000000016667ed0 is an unknown value
R13=0x0000000016674000 is a thread
R14=0x0000000016dddc88 is pointing into the stack for thread: 0x0000000016674000
R15={method} {0x00000000142046c8} 'loadClass' '(Ljava/lang/String;)Ljava/lang/Class;' in 'java/lang/ClassLoader'


Stack: [0x0000000016ce0000,0x0000000016de0000],  sp=0x0000000016dddbc0,  free space=1014k
Native frames: (J=compiled Java code, j=interpreted, Vv=VM code, C=native code)

Java frames: (J=compiled Java code, j=interpreted, Vv=VM code)
j  com.android.dx.ssa.Optimizer.optimize(Lcom/android/dx/rop/code/RopMethod;IZZLcom/android/dx/rop/code/TranslationAdvice;Ljava/util/EnumSet;)Lcom/android/dx/rop/code/RopMethod;+30
j  com.android.dx.ssa.Optimizer.optimize(Lcom/android/dx/rop/code/RopMethod;IZZLcom/android/dx/rop/code/TranslationAdvice;)Lcom/android/dx/rop/code/RopMethod;+11
j  com.android.dx.dex.cf.CfTranslator.processMethods(Lcom/android/dx/cf/direct/DirectClassFile;Lcom/android/dx/dex/cf/CfOptions;Lcom/android/dx/dex/DexOptions;Lcom/android/dx/dex/file/ClassDefItem;Lcom/android/dx/dex/file/DexFile;)V+265
j  com.android.dx.dex.cf.CfTranslator.translate0(Lcom/android/dx/cf/direct/DirectClassFile;[BLcom/android/dx/dex/cf/CfOptions;Lcom/android/dx/dex/DexOptions;Lcom/android/dx/dex/file/DexFile;)Lcom/android/dx/dex/file/ClassDefItem;+120
j  com.android.dx.dex.cf.CfTranslator.translate(Lcom/android/dx/cf/direct/DirectClassFile;[BLcom/android/dx/dex/cf/CfOptions;Lcom/android/dx/dex/DexOptions;Lcom/android/dx/dex/file/DexFile;)Lcom/android/dx/dex/file/ClassDefItem;+6
j  com.android.dx.command.dexer.Main.translateClass([BLcom/android/dx/cf/direct/DirectClassFile;)Lcom/android/dx/dex/file/ClassDefItem;+17
j  com.android.dx.command.dexer.Main.access$2700([BLcom/android/dx/cf/direct/DirectClassFile;)Lcom/android/dx/dex/file/ClassDefItem;+2
j  com.android.dx.command.dexer.Main$ClassTranslatorTask.call()Lcom/android/dx/dex/file/ClassDefItem;+8
j  com.android.dx.command.dexer.Main$ClassTranslatorTask.call()Ljava/lang/Object;+1
j  java.util.concurrent.FutureTask.run()V+42
j  java.util.concurrent.ThreadPoolExecutor.runWorker(Ljava/util/concurrent/ThreadPoolExecutor$Worker;)V+95
j  java.util.concurrent.ThreadPoolExecutor$Worker.run()V+5
j  java.lang.Thread.run()V+11
v  ~StubRoutines::call_stub

---------------  P R O C E S S  ---------------

Java Threads: ( => current thread )
  0x0000000016638800 JavaThread "pool-2-thread-4" [_thread_blocked, id=5924, stack(0x0000000016ee0000,0x0000000016fe0000)]
  0x0000000016634000 JavaThread "pool-2-thread-3" [_thread_blocked, id=12748, stack(0x0000000016de0000,0x0000000016ee0000)]
=>0x0000000016674000 JavaThread "pool-2-thread-2" [_thread_in_vm, id=176, stack(0x0000000016ce0000,0x0000000016de0000)]
  0x0000000016671000 JavaThread "pool-3-thread-1" [_thread_blocked, id=8020, stack(0x0000000016be0000,0x0000000016ce0000)]
  0x00000000166a5000 JavaThread "pool-2-thread-1" [_thread_blocked, id=12636, stack(0x0000000016ae0000,0x0000000016be0000)]
  0x0000000014bec800 JavaThread "Service Thread" daemon [_thread_blocked, id=9936, stack(0x00000000168e0000,0x00000000169e0000)]
  0x00000000163f0800 JavaThread "C1 CompilerThread2" daemon [_thread_blocked, id=6484, stack(0x00000000167e0000,0x00000000168e0000)]
  0x0000000014be4800 JavaThread "C2 CompilerThread1" daemon [_thread_blocked, id=6652, stack(0x00000000162e0000,0x00000000163e0000)]
  0x0000000014b90800 JavaThread "C2 CompilerThread0" daemon [_thread_blocked, id=12784, stack(0x00000000161e0000,0x00000000162e0000)]
  0x0000000014b8c800 JavaThread "Attach Listener" daemon [_thread_blocked, id=8988, stack(0x00000000160e0000,0x00000000161e0000)]
  0x0000000014b89800 JavaThread "Signal Dispatcher" daemon [_thread_blocked, id=4848, stack(0x0000000015fe0000,0x00000000160e0000)]
  0x00000000024bb000 JavaThread "Finalizer" daemon [_thread_blocked, id=14292, stack(0x0000000015df0000,0x0000000015ef0000)]
  0x00000000024b0000 JavaThread "Reference Handler" daemon [_thread_blocked, id=10652, stack(0x0000000015cf0000,0x0000000015df0000)]
  0x000000000226e000 JavaThread "main" [_thread_blocked, id=3564, stack(0x0000000002270000,0x0000000002370000)]

Other Threads:
  0x0000000014b58000 VMThread [stack: 0x0000000015bf0000,0x0000000015cf0000] [id=13944]
  0x000000001640c000 WatcherThread [stack: 0x00000000169e0000,0x0000000016ae0000] [id=6732]

VM state:synchronizing (normal execution)

VM Mutex/Monitor currently owned by a thread:  ([mutex/lock_event])
[0x000000000226ce60] Threads_lock - owner thread: 0x0000000014b58000
[0x000000000226d1e0] Heap_lock - owner thread: 0x0000000016634000

Heap:
 PSYoungGen      total 18432K, used 15872K [0x00000000eab00000, 0x00000000ebf80000, 0x0000000100000000)
  eden space 15872K, 100% used [0x00000000eab00000,0x00000000eba80000,0x00000000eba80000)
  from space 2560K, 0% used [0x00000000ebd00000,0x00000000ebd00000,0x00000000ebf80000)
  to   space 2560K, 0% used [0x00000000eba80000,0x00000000eba80000,0x00000000ebd00000)
 ParOldGen       total 42496K, used 0K [0x00000000c0000000, 0x00000000c2980000, 0x00000000eab00000)
  object space 42496K, 0% used [0x00000000c0000000,0x00000000c0000000,0x00000000c2980000)
 Metaspace       used 5445K, capacity 6448K, committed 6528K, reserved 1058816K
  class space    used 592K, capacity 616K, committed 640K, reserved 1048576K

Card table byte_map: [0x0000000011880000,0x0000000011a90000] byte_map_base: 0x0000000011280000

Marking Bits: (ParMarkBitMap*) 0x0000000077a864f0
 Begin Bits: [0x0000000011ff0000, 0x0000000012ff0000)
 End Bits:   [0x0000000012ff0000, 0x0000000013ff0000)

Polling page: 0x0000000002210000

CodeCache: size=245760Kb used=2114Kb max_used=2114Kb free=243645Kb
 bounds [0x00000000024c0000, 0x0000000002730000, 0x00000000114c0000]
 total_blobs=777 nmethods=508 adapters=182
 compilation: enabled

Compilation events (10 events):
Event: 1.473 Thread 0x00000000163f0800 nmethod 316 0x000000000268e310 code [0x000000000268e480, 0x000000000268e688]
Event: 1.566 Thread 0x00000000163f0800  318       1       com.android.dx.util.IntList::size (5 bytes)
Event: 1.566 Thread 0x00000000163f0800 nmethod 318 0x000000000268e750 code [0x000000000268e8a0, 0x000000000268e9b0]
Event: 1.566 Thread 0x00000000163f0800  319       1       com.android.dx.ssa.SsaBasicBlock::getIndex (5 bytes)
Event: 1.566 Thread 0x00000000163f0800 nmethod 319 0x000000000268ea10 code [0x000000000268eb60, 0x000000000268ec70]
Event: 1.567 Thread 0x00000000163f0800  320       1       com.android.dx.rop.code.Rop::getBranchingness (5 bytes)
Event: 1.567 Thread 0x00000000163f0800 nmethod 320 0x000000000268ecd0 code [0x000000000268ee20, 0x000000000268ef30]
Event: 1.567 Thread 0x00000000163f0800  321       3       java.util.ArrayList$Itr::hasNext (20 bytes)
Event: 1.567 Thread 0x00000000163f0800 nmethod 321 0x000000000268ef90 code [0x000000000268f0e0, 0x000000000268f2b0]
Event: 1.567 Thread 0x00000000163f0800  323       1       com.android.dx.ssa.NormalSsaInsn::getOriginalRopInsn (5 bytes)

GC Heap History (0 events):
No events

Deoptimization events (1 events):
Event: 0.820 Thread 0x000000000226e000 Uncommon trap: reason=unstable_if action=reinterpret pc=0x0000000002605554 method=java.lang.String.compareTo(Ljava/lang/String;)I @ 38

Internal exceptions (2 events):
Event: 0.143 Thread 0x000000000226e000 Exception <a 'java/lang/NoSuchMethodError': Method sun.misc.Unsafe.defineClass(Ljava/lang/String;[BII)Ljava/lang/Class; name or signature does not match> (0x00000000eab07cc0) thrown at [D:\re\workspace\8-2-build-windows-amd64-cygwin\jdk8u92\6642\hotspot\sr¯®¹k+GÂ?
Event: 0.143 Thread 0x000000000226e000 Exception <a 'java/lang/NoSuchMethodError': Method sun.misc.Unsafe.prefetchRead(Ljava/lang/Object;J)V name or signature does not match> (0x00000000eab07fa8) thrown at [D:\re\workspace\8-2-build-windows-amd64-cygwin\jdk8u92\6642\hotspot\src\share\vm\prims\j

Events (10 events):
Event: 1.473 loading class com/android/dx/ssa/ConstCollector$2
Event: 1.473 loading class com/android/dx/ssa/ConstCollector$2 done
Event: 1.474 loading class com/android/dx/ssa/ConstCollector$1
Event: 1.474 loading class com/android/dx/ssa/ConstCollector$1 done
Event: 1.474 loading class com/android/dx/ssa/PhiTypeResolver
Event: 1.474 loading class com/android/dx/ssa/PhiTypeResolver done
Event: 1.475 loading class com/android/dx/ssa/back/SsaToRop
Event: 1.475 loading class com/android/dx/ssa/back/SsaToRop done
Event: 1.475 Executing VM operation: CollectForMetadataAllocation
Event: 1.566 Executing VM operation: CollectForMetadataAllocation done


Dynamic libraries:
0x00007ff7acd50000 - 0x00007ff7acd87000 	C:\Program Files\Java\jdk1.8.0_92\bin\java.exe
0x00007ffb23a50000 - 0x00007ffb23c21000 	C:\WINDOWS\SYSTEM32\ntdll.dll
0x00007ffb21200000 - 0x00007ffb212ab000 	C:\WINDOWS\System32\KERNEL32.DLL
0x00007ffb20400000 - 0x00007ffb2061d000 	C:\WINDOWS\System32\KERNELBASE.dll
0x00007ffb237d0000 - 0x00007ffb23872000 	C:\WINDOWS\System32\ADVAPI32.dll
0x00007ffb23730000 - 0x00007ffb237ce000 	C:\WINDOWS\System32\msvcrt.dll
0x00007ffb21190000 - 0x00007ffb211e9000 	C:\WINDOWS\System32\sechost.dll
0x00007ffb22a10000 - 0x00007ffb22b31000 	C:\WINDOWS\System32\RPCRT4.dll
0x00007ffb22b40000 - 0x00007ffb22ca5000 	C:\WINDOWS\System32\USER32.dll
0x00007ffb1ff40000 - 0x00007ffb1ff5e000 	C:\WINDOWS\System32\win32u.dll
0x00007ffb23910000 - 0x00007ffb23944000 	C:\WINDOWS\System32\GDI32.dll
0x00007ffb1ff60000 - 0x00007ffb200e2000 	C:\WINDOWS\System32\gdi32full.dll
0x00007ffb132e0000 - 0x00007ffb1355a000 	C:\WINDOWS\WinSxS\amd64_microsoft.windows.common-controls_6595b64144ccf1df_6.0.14393.953_none_42151e83c686086b\COMCTL32.dll
0x00007ffb233d0000 - 0x00007ffb23698000 	C:\WINDOWS\System32\combase.dll
0x00007ffb20140000 - 0x00007ffb20235000 	C:\WINDOWS\System32\ucrtbase.dll
0x00007ffb20240000 - 0x00007ffb202aa000 	C:\WINDOWS\System32\bcryptPrimitives.dll
0x00007ffb23880000 - 0x00007ffb238ae000 	C:\WINDOWS\System32\IMM32.DLL
0x0000000076900000 - 0x00000000769d2000 	C:\Program Files\Java\jdk1.8.0_92\jre\bin\msvcr100.dll
0x0000000077270000 - 0x0000000077b06000 	C:\Program Files\Java\jdk1.8.0_92\jre\bin\server\jvm.dll
0x00007ffb227c0000 - 0x00007ffb227c8000 	C:\WINDOWS\System32\PSAPI.DLL
0x00007ffb1b720000 - 0x00007ffb1b729000 	C:\WINDOWS\SYSTEM32\WSOCK32.dll
0x00007ffb22e70000 - 0x00007ffb22eda000 	C:\WINDOWS\System32\WS2_32.dll
0x00007ffb1db40000 - 0x00007ffb1db63000 	C:\WINDOWS\SYSTEM32\WINMM.dll
0x00007ffb16970000 - 0x00007ffb1697a000 	C:\WINDOWS\SYSTEM32\VERSION.dll
0x00007ffb1d940000 - 0x00007ffb1d96b000 	C:\WINDOWS\SYSTEM32\WINMMBASE.dll
0x00007ffb200f0000 - 0x00007ffb20132000 	C:\WINDOWS\System32\cfgmgr32.dll
0x00000000507c0000 - 0x00000000507cf000 	C:\Program Files\Java\jdk1.8.0_92\jre\bin\verify.dll
0x0000000050000000 - 0x0000000050029000 	C:\Program Files\Java\jdk1.8.0_92\jre\bin\java.dll
0x0000000077170000 - 0x0000000077186000 	C:\Program Files\Java\jdk1.8.0_92\jre\bin\zip.dll
0x00007ffb212b0000 - 0x00007ffb227b9000 	C:\WINDOWS\System32\SHELL32.dll
0x00007ffb207f0000 - 0x00007ffb20eca000 	C:\WINDOWS\System32\windows.storage.dll
0x00007ffb1fed0000 - 0x00007ffb1ff1c000 	C:\WINDOWS\System32\powrprof.dll
0x00007ffb236a0000 - 0x00007ffb236f2000 	C:\WINDOWS\System32\shlwapi.dll
0x00007ffb1fec0000 - 0x00007ffb1fecf000 	C:\WINDOWS\System32\kernel.appcore.dll
0x00007ffb20ed0000 - 0x00007ffb20f79000 	C:\WINDOWS\System32\shcore.dll
0x00007ffb1ff20000 - 0x00007ffb1ff34000 	C:\WINDOWS\System32\profapi.dll
0x00007ffb16680000 - 0x00007ffb16812000 	C:\WINDOWS\SYSTEM32\dbghelp.dll

VM Arguments:
jvm_args: -Djava.awt.headless=true -Xmx1024M -Dfile.encoding=windows-1252 -Duser.country=AU -Duser.language=en -Duser.variant 
java_command: com.android.dx.command.Main --dex --force-jumbo --num-threads=4 --multi-dex --output C:\Users\Jagadish\AndroidStudioProjects\SmartHemet\app\build\intermediates\transforms\dex\debug\folders\1000\10\internal_impl-23.4.0_279e8c387043e9255b52b130ba38cc9b16560b2f C:\Users\Jagadish\AndroidStudioProjects\SmartHemet\app\build\intermediates\exploded-aar\com.android.support\support-v4\23.4.0\jars\libs\internal_impl-23.4.0.jar
java_class_path (initial): C:\Users\Jagadish\AppData\Local\Android\sdk\build-tools\24.0.0\lib\dx.jar
Launcher Type: SUN_STANDARD

Environment Variables:
JAVA_HOME=C:\Program Files\Java\jdk1.8.0_92
PATH=C:\ProgramData\Oracle\Java\javapath;C:\Program Files (x86)\Lenovo\FusionEngine;C:\WINDOWS\system32;C:\WINDOWS;C:\WINDOWS\System32\Wbem;C:\WINDOWS\System32\WindowsPowerShell\v1.0\;C:\Program Files (x86)\GtkSharp\2.12\bin;C:\Program Files (x86)\Skype\Phone\;C:\Program Files\Microsoft SQL Server\130\Tools\Binn\;C:\Program Files (x86)\Windows Kits\10\Windows Performance Toolkit\;C:\Program Files\Microsoft SQL Server\120\Tools\Binn\;C:\Program Files\Git\cmd;C:\Program Files\nodejs\;C:\Program Files (x86)\Rational\ClearQuest;C:\Users\Jagadish\AppData\Local\Microsoft\WindowsApps;C:\Users\Jagadish\AppData\Roaming\npm
USERNAME=Jagadish
OS=Windows_NT
PROCESSOR_IDENTIFIER=Intel64 Family 6 Model 78 Stepping 3, GenuineIntel



---------------  S Y S T E M  ---------------

OS: Windows 10.0 , 64 bit Build 14393 (10.0.14393.0)

CPU:total 4 (2 cores per cpu, 2 threads per core) family 6 model 78 stepping 3, cmov, cx8, fxsr, mmx, sse, sse2, sse3, ssse3, sse4.1, sse4.2, popcnt, avx, avx2, aes, clmul, erms, 3dnowpref, lzcnt, ht, tsc, tscinvbit, bmi1, bmi2, adx

Memory: 4k page, physical 4050848k(591700k free), swap 8146848k(489496k free)

vm_info: Java HotSpot(TM) 64-Bit Server VM (25.92-b14) for windows-amd64 JRE (1.8.0_92-b14), built on Mar 31 2016 21:03:04 by "java_re" with MS VC++ 10.0 (VS2010)

time: Mon Apr 10 15:05:00 2017
elapsed time: 6 seconds (0d 0h 0m 6s)

