#
# There is insufficient memory for the Java Runtime Environment to continue.
# Native memory allocation (malloc) failed to allocate 1364896 bytes for Chunk::new
# Possible reasons:
#   The system is out of physical RAM or swap space
#   In 32 bit mode, the process size limit was hit
# Possible solutions:
#   Reduce memory load on the system
#   Increase physical memory or swap space
#   Check if swap backing store is full
#   Use 64 bit Java on a 64 bit OS
#   Decrease Java heap size (-Xmx/-Xms)
#   Decrease number of Java threads
#   Decrease Java thread stack sizes (-Xss)
#   Set larger code cache with -XX:ReservedCodeCacheSize=
# This output file may be truncated or incomplete.
#
#  Out of Memory Error (allocation.cpp:390), pid=4904, tid=0x0000000000003aec
#
# JRE version: Java(TM) SE Runtime Environment (8.0_92-b14) (build 1.8.0_92-b14)
# Java VM: Java HotSpot(TM) 64-Bit Server VM (25.92-b14 mixed mode windows-amd64 compressed oops)
# Failed to write core dump. Minidumps are not enabled by default on client versions of Windows
#

---------------  T H R E A D  ---------------

Current thread (0x0000000014a42000):  JavaThread "C2 CompilerThread1" daemon [_thread_in_native, id=15084, stack(0x0000000016180000,0x0000000016280000)]

Stack: [0x0000000016180000,0x0000000016280000]
[error occurred during error reporting (printing stack bounds), id 0xc0000005]

Native frames: (J=compiled Java code, j=interpreted, Vv=VM code, C=native code)


Current CompileTask:
C2:   6421 1905   !   4       com.android.dx.cf.cst.ConstantPoolParser::parse0 (731 bytes)


---------------  P R O C E S S  ---------------

Java Threads: ( => current thread )
  0x0000000016514800 JavaThread "pool-2-thread-4" [_thread_blocked, id=10588, stack(0x0000000016d80000,0x0000000016e80000)]
  0x0000000016514000 JavaThread "pool-2-thread-3" [_thread_blocked, id=12792, stack(0x0000000016c80000,0x0000000016d80000)]
  0x0000000016512800 JavaThread "pool-2-thread-2" [_thread_in_Java, id=15356, stack(0x0000000016b80000,0x0000000016c80000)]
  0x0000000016510000 JavaThread "pool-3-thread-1" [_thread_blocked, id=12128, stack(0x0000000016a80000,0x0000000016b80000)]
  0x000000001650f000 JavaThread "pool-2-thread-1" [_thread_in_vm, id=13068, stack(0x0000000016980000,0x0000000016a80000)]
  0x000000001628d000 JavaThread "Service Thread" daemon [_thread_blocked, id=6780, stack(0x0000000016780000,0x0000000016880000)]
  0x0000000016288800 JavaThread "C1 CompilerThread2" daemon [_thread_in_native, id=9748, stack(0x0000000016680000,0x0000000016780000)]
=>0x0000000014a42000 JavaThread "C2 CompilerThread1" daemon [_thread_in_native, id=15084, stack(0x0000000016180000,0x0000000016280000)]
  0x0000000014a3f000 JavaThread "C2 CompilerThread0" daemon [_thread_in_native, id=13488, stack(0x0000000016080000,0x0000000016180000)]
  0x0000000014a3b000 JavaThread "Attach Listener" daemon [_thread_blocked, id=2944, stack(0x0000000015f80000,0x0000000016080000)]
  0x0000000014a39800 JavaThread "Signal Dispatcher" daemon [_thread_blocked, id=12900, stack(0x0000000015e80000,0x0000000015f80000)]
  0x00000000022f5000 JavaThread "Finalizer" daemon [_thread_blocked, id=13008, stack(0x0000000015c90000,0x0000000015d90000)]
  0x00000000022f0000 JavaThread "Reference Handler" daemon [_thread_blocked, id=8096, stack(0x0000000015b90000,0x0000000015c90000)]
  0x000000000236e000 JavaThread "main" [_thread_blocked, id=484, stack(0x00000000020b0000,0x00000000021b0000)]

Other Threads:
  0x0000000014a07800 VMThread [stack: 0x0000000015a90000,0x0000000015b90000] [id=14792]
  0x000000001629a800 WatcherThread [stack: 0x0000000016880000,0x0000000016980000] [id=14684]

VM state:not at safepoint (normal execution)

VM Mutex/Monitor currently owned by a thread: None

Heap:
 PSYoungGen      total 71680K, used 25880K [0x00000000eab00000, 0x00000000efb00000, 0x0000000100000000)
  eden space 62464K, 26% used [0x00000000eab00000,0x00000000ebb4bbd8,0x00000000ee800000)
  from space 9216K, 99% used [0x00000000ee800000,0x00000000ef0fa6e8,0x00000000ef100000)
  to   space 8192K, 0% used [0x00000000ef100000,0x00000000ef100000,0x00000000ef900000)
 ParOldGen       total 42496K, used 19919K [0x00000000c0000000, 0x00000000c2980000, 0x00000000eab00000)
  object space 42496K, 46% used [0x00000000c0000000,0x00000000c1373db8,0x00000000c2980000)
 Metaspace       used 6419K, capacity 7192K, committed 7424K, reserved 1056768K
  class space    used 625K, capacity 656K, committed 768K, reserved 1048576K

Card table byte_map: [0x0000000011730000,0x0000000011940000] byte_map_base: 0x0000000011130000

Marking Bits: (ParMarkBitMap*) 0x0000000077a864f0
 Begin Bits: [0x0000000011ea0000, 0x0000000012ea0000)
 End Bits:   [0x0000000012ea0000, 0x0000000013ea0000)

Polling page: 0x0000000000660000

CodeCache: size=245760Kb used=8620Kb max_used=8620Kb free=237139Kb
 bounds [0x0000000002370000, 0x0000000002bf0000, 0x0000000011370000]
 total_blobs=2116 nmethods=1846 adapters=182
 compilation: enabled

Compilation events (10 events):
Event: 6.370 Thread 0x0000000016288800 1916       2       java.util.concurrent.locks.ReentrantLock::lockInterruptibly (9 bytes)
Event: 6.370 Thread 0x0000000016288800 nmethod 1916 0x0000000002bbaf10 code [0x0000000002bbb0a0, 0x0000000002bbb338]
Event: 6.378 Thread 0x0000000016288800 1917       2       java.util.concurrent.locks.AbstractQueuedSynchronizer::addWaiter (50 bytes)
Event: 6.378 Thread 0x0000000016288800 nmethod 1917 0x0000000002bc0b10 code [0x0000000002bc0c80, 0x0000000002bc0f28]
Event: 6.382 Thread 0x0000000016288800 1918   !   2       java.util.concurrent.locks.AbstractQueuedSynchronizer::acquireQueued (93 bytes)
Event: 6.383 Thread 0x0000000016288800 nmethod 1918 0x0000000002bbff50 code [0x0000000002bc0120, 0x0000000002bc0658]
Event: 6.390 Thread 0x0000000016288800 1919       2       java.util.Vector::grow (57 bytes)
Event: 6.391 Thread 0x0000000016288800 nmethod 1919 0x0000000002bbf990 code [0x0000000002bbfb00, 0x0000000002bbfd98]
Event: 6.407 Thread 0x0000000016288800 1922   !   2       com.android.dx.cf.code.Ropper::processBlock (1101 bytes)
Event: 6.415 Thread 0x0000000016288800 nmethod 1922 0x0000000002be0dd0 code [0x0000000002be14e0, 0x0000000002be4598]

GC Heap History (10 events):
Event: 3.736 GC heap before
{Heap before GC invocations=3 (full 0):
 PSYoungGen      total 18432K, used 18400K [0x00000000eab00000, 0x00000000ecf00000, 0x0000000100000000)
  eden space 15872K, 100% used [0x00000000eab00000,0x00000000eba80000,0x00000000eba80000)
  from space 2560K, 98% used [0x00000000ebd00000,0x00000000ebf78038,0x00000000ebf80000)
  to   space 2560K, 0% used [0x00000000eba80000,0x00000000eba80000,0x00000000ebd00000)
 ParOldGen       total 42496K, used 2663K [0x00000000c0000000, 0x00000000c2980000, 0x00000000eab00000)
  object space 42496K, 6% used [0x00000000c0000000,0x00000000c0299eb0,0x00000000c2980000)
 Metaspace       used 6168K, capacity 7026K, committed 7296K, reserved 1056768K
  class space    used 603K, capacity 618K, committed 640K, reserved 1048576K
Event: 3.750 GC heap after
Heap after GC invocations=3 (full 0):
 PSYoungGen      total 18432K, used 2552K [0x00000000eab00000, 0x00000000ecf00000, 0x0000000100000000)
  eden space 15872K, 0% used [0x00000000eab00000,0x00000000eab00000,0x00000000eba80000)
  from space 2560K, 99% used [0x00000000eba80000,0x00000000ebcfe1b0,0x00000000ebd00000)
  to   space 2560K, 0% used [0x00000000ecc80000,0x00000000ecc80000,0x00000000ecf00000)
 ParOldGen       total 42496K, used 5478K [0x00000000c0000000, 0x00000000c2980000, 0x00000000eab00000)
  object space 42496K, 12% used [0x00000000c0000000,0x00000000c0559888,0x00000000c2980000)
 Metaspace       used 6168K, capacity 7026K, committed 7296K, reserved 1056768K
  class space    used 603K, capacity 618K, committed 640K, reserved 1048576K
}
Event: 3.936 GC heap before
{Heap before GC invocations=4 (full 0):
 PSYoungGen      total 18432K, used 18424K [0x00000000eab00000, 0x00000000ecf00000, 0x0000000100000000)
  eden space 15872K, 100% used [0x00000000eab00000,0x00000000eba80000,0x00000000eba80000)
  from space 2560K, 99% used [0x00000000eba80000,0x00000000ebcfe1b0,0x00000000ebd00000)
  to   space 2560K, 0% used [0x00000000ecc80000,0x00000000ecc80000,0x00000000ecf00000)
 ParOldGen       total 42496K, used 5478K [0x00000000c0000000, 0x00000000c2980000, 0x00000000eab00000)
  object space 42496K, 12% used [0x00000000c0000000,0x00000000c0559888,0x00000000c2980000)
 Metaspace       used 6200K, capacity 7090K, committed 7296K, reserved 1056768K
  class space    used 604K, capacity 618K, committed 640K, reserved 1048576K
Event: 3.951 GC heap after
Heap after GC invocations=4 (full 0):
 PSYoungGen      total 34304K, used 2554K [0x00000000eab00000, 0x00000000ecf00000, 0x0000000100000000)
  eden space 31744K, 0% used [0x00000000eab00000,0x00000000eab00000,0x00000000eca00000)
  from space 2560K, 99% used [0x00000000ecc80000,0x00000000ecefeae0,0x00000000ecf00000)
  to   space 2560K, 0% used [0x00000000eca00000,0x00000000eca00000,0x00000000ecc80000)
 ParOldGen       total 42496K, used 7887K [0x00000000c0000000, 0x00000000c2980000, 0x00000000eab00000)
  object space 42496K, 18% used [0x00000000c0000000,0x00000000c07b3c00,0x00000000c2980000)
 Metaspace       used 6200K, capacity 7090K, committed 7296K, reserved 1056768K
  class space    used 604K, capacity 618K, committed 640K, reserved 1048576K
}
Event: 4.501 GC heap before
{Heap before GC invocations=5 (full 0):
 PSYoungGen      total 34304K, used 34298K [0x00000000eab00000, 0x00000000ecf00000, 0x0000000100000000)
  eden space 31744K, 100% used [0x00000000eab00000,0x00000000eca00000,0x00000000eca00000)
  from space 2560K, 99% used [0x00000000ecc80000,0x00000000ecefeae0,0x00000000ecf00000)
  to   space 2560K, 0% used [0x00000000eca00000,0x00000000eca00000,0x00000000ecc80000)
 ParOldGen       total 42496K, used 7887K [0x00000000c0000000, 0x00000000c2980000, 0x00000000eab00000)
  object space 42496K, 18% used [0x00000000c0000000,0x00000000c07b3c00,0x00000000c2980000)
 Metaspace       used 6260K, capacity 7154K, committed 7296K, reserved 1056768K
  class space    used 604K, capacity 618K, committed 640K, reserved 1048576K
Event: 4.531 GC heap after
Heap after GC invocations=5 (full 0):
 PSYoungGen      total 34304K, used 2550K [0x00000000eab00000, 0x00000000ef900000, 0x0000000100000000)
  eden space 31744K, 0% used [0x00000000eab00000,0x00000000eab00000,0x00000000eca00000)
  from space 2560K, 99% used [0x00000000eca00000,0x00000000ecc7da28,0x00000000ecc80000)
  to   space 8192K, 0% used [0x00000000ef100000,0x00000000ef100000,0x00000000ef900000)
 ParOldGen       total 42496K, used 12885K [0x00000000c0000000, 0x00000000c2980000, 0x00000000eab00000)
  object space 42496K, 30% used [0x00000000c0000000,0x00000000c0c95608,0x00000000c2980000)
 Metaspace       used 6260K, capacity 7154K, committed 7296K, reserved 1056768K
  class space    used 604K, capacity 618K, committed 640K, reserved 1048576K
}
Event: 4.782 GC heap before
{Heap before GC invocations=6 (full 0):
 PSYoungGen      total 34304K, used 34294K [0x00000000eab00000, 0x00000000ef900000, 0x0000000100000000)
  eden space 31744K, 100% used [0x00000000eab00000,0x00000000eca00000,0x00000000eca00000)
  from space 2560K, 99% used [0x00000000eca00000,0x00000000ecc7da28,0x00000000ecc80000)
  to   space 8192K, 0% used [0x00000000ef100000,0x00000000ef100000,0x00000000ef900000)
 ParOldGen       total 42496K, used 12885K [0x00000000c0000000, 0x00000000c2980000, 0x00000000eab00000)
  object space 42496K, 30% used [0x00000000c0000000,0x00000000c0c95608,0x00000000c2980000)
 Metaspace       used 6298K, capacity 7154K, committed 7296K, reserved 1056768K
  class space    used 604K, capacity 618K, committed 640K, reserved 1048576K
Event: 4.819 GC heap after
Heap after GC invocations=6 (full 0):
 PSYoungGen      total 70656K, used 7757K [0x00000000eab00000, 0x00000000efb00000, 0x0000000100000000)
  eden space 62464K, 0% used [0x00000000eab00000,0x00000000eab00000,0x00000000ee800000)
  from space 8192K, 94% used [0x00000000ef100000,0x00000000ef893598,0x00000000ef900000)
  to   space 9216K, 0% used [0x00000000ee800000,0x00000000ee800000,0x00000000ef100000)
 ParOldGen       total 42496K, used 12885K [0x00000000c0000000, 0x00000000c2980000, 0x00000000eab00000)
  object space 42496K, 30% used [0x00000000c0000000,0x00000000c0c95608,0x00000000c2980000)
 Metaspace       used 6298K, capacity 7154K, committed 7296K, reserved 1056768K
  class space    used 604K, capacity 618K, committed 640K, reserved 1048576K
}
Event: 6.126 GC heap before
{Heap before GC invocations=7 (full 0):
 PSYoungGen      total 70656K, used 70221K [0x00000000eab00000, 0x00000000efb00000, 0x0000000100000000)
  eden space 62464K, 100% used [0x00000000eab00000,0x00000000ee800000,0x00000000ee800000)
  from space 8192K, 94% used [0x00000000ef100000,0x00000000ef893598,0x00000000ef900000)
  to   space 9216K, 0% used [0x00000000ee800000,0x00000000ee800000,0x00000000ef100000)
 ParOldGen       total 42496K, used 12885K [0x00000000c0000000, 0x00000000c2980000, 0x00000000eab00000)
  object space 42496K, 30% used [0x00000000c0000000,0x00000000c0c95608,0x00000000c2980000)
 Metaspace       used 6409K, capacity 7192K, committed 7424K, reserved 1056768K
  class space    used 625K, capacity 656K, committed 768K, reserved 1048576K
Event: 6.164 GC heap after
Heap after GC invocations=7 (full 0):
 PSYoungGen      total 71680K, used 9193K [0x00000000eab00000, 0x00000000efb00000, 0x0000000100000000)
  eden space 62464K, 0% used [0x00000000eab00000,0x00000000eab00000,0x00000000ee800000)
  from space 9216K, 99% used [0x00000000ee800000,0x00000000ef0fa6e8,0x00000000ef100000)
  to   space 8192K, 0% used [0x00000000ef100000,0x00000000ef100000,0x00000000ef900000)
 ParOldGen       total 42496K, used 19919K [0x00000000c0000000, 0x00000000c2980000, 0x00000000eab00000)
  object space 42496K, 46% used [0x00000000c0000000,0x00000000c1373db8,0x00000000c2980000)
 Metaspace       used 6409K, capacity 7192K, committed 7424K, reserved 1056768K
  class space    used 625K, capacity 656K, committed 768K, reserved 1048576K
}

Deoptimization events (10 events):
Event: 5.437 Thread 0x000000000236e000 Uncommon trap: reason=unstable_if action=reinterpret pc=0x00000000026f09a8 method=java.util.HashMap.putVal(ILjava/lang/Object;Ljava/lang/Object;ZZ)Ljava/lang/Object; @ 162
Event: 5.451 Thread 0x000000000236e000 Uncommon trap: reason=unstable_if action=reinterpret pc=0x0000000002599898 method=java.util.HashMap.getNode(ILjava/lang/Object;)Ljava/util/HashMap$Node; @ 84
Event: 5.632 Thread 0x000000000236e000 Uncommon trap: reason=unstable_if action=reinterpret pc=0x00000000027cae48 method=java.util.HashMap.putVal(ILjava/lang/Object;Ljava/lang/Object;ZZ)Ljava/lang/Object; @ 162
Event: 5.690 Thread 0x000000001650f000 Uncommon trap: reason=bimorphic action=maybe_recompile pc=0x0000000002b445d8 method=com.android.dx.rop.code.RegisterSpec.withSimpleType()Lcom/android/dx/rop/code/RegisterSpec; @ 21
Event: 5.715 Thread 0x0000000016514000 Uncommon trap: reason=bimorphic action=maybe_recompile pc=0x0000000002b445d8 method=com.android.dx.rop.code.RegisterSpec.withSimpleType()Lcom/android/dx/rop/code/RegisterSpec; @ 21
Event: 5.719 Thread 0x0000000016514000 Uncommon trap: reason=bimorphic action=maybe_recompile pc=0x0000000002894614 method=com.android.dx.ssa.LiteralOpUpgrader.tryReplacingWithConstant(Lcom/android/dx/ssa/NormalSsaInsn;)Z @ 62
Event: 6.084 Thread 0x000000001650f000 Uncommon trap: reason=unstable_if action=reinterpret pc=0x00000000027bc150 method=java.util.HashMap.putVal(ILjava/lang/Object;Ljava/lang/Object;ZZ)Ljava/lang/Object; @ 162
Event: 6.214 Thread 0x0000000016514800 Uncommon trap: reason=bimorphic action=maybe_recompile pc=0x0000000002894614 method=com.android.dx.ssa.LiteralOpUpgrader.tryReplacingWithConstant(Lcom/android/dx/ssa/NormalSsaInsn;)Z @ 62
Event: 6.407 Thread 0x000000001650f000 Uncommon trap: reason=unstable_if action=reinterpret pc=0x0000000002b61f90 method=com.android.dx.cf.code.Ropper.isSynchronized()Z @ 12
Event: 6.416 Thread 0x000000001650f000 Uncommon trap: reason=unstable_if action=reinterpret pc=0x000000000288900c method=com.android.dx.ssa.MoveParamCombiner$1.visitNonMoveInsn(Lcom/android/dx/ssa/NormalSsaInsn;)V @ 27

Internal exceptions (5 events):
Event: 0.846 Thread 0x000000000236e000 Exception <a 'java/lang/NoSuchMethodError': Method sun.misc.Unsafe.defineClass(Ljava/lang/String;[BII)Ljava/lang/Class; name or signature does not match> (0x00000000eab07cc0) thrown at [D:\re\workspace\8-2-build-windows-amd64-cygwin\jdk8u92\6642\hotspot\sràY‚ë?
Event: 0.846 Thread 0x000000000236e000 Exception <a 'java/lang/NoSuchMethodError': Method sun.misc.Unsafe.prefetchRead(Ljava/lang/Object;J)V name or signature does not match> (0x00000000eab07fa8) thrown at [D:\re\workspace\8-2-build-windows-amd64-cygwin\jdk8u92\6642\hotspot\src\share\vm\prims\jž•ü†Â@
Event: 5.440 Thread 0x000000000236e000 Exception <a 'java/lang/ArrayIndexOutOfBoundsException': 18> (0x00000000ec876a30) thrown at [D:\re\workspace\8-2-build-windows-amd64-cygwin\jdk8u92\6642\hotspot\src\share\vm\interpreter\interpreterRuntime.cpp, line 366]
Event: 5.441 Thread 0x000000000236e000 Exception <a 'java/lang/ArrayIndexOutOfBoundsException'> (0x00000000ec8785b0) thrown at [D:\re\workspace\8-2-build-windows-amd64-cygwin\jdk8u92\6642\hotspot\src\share\vm\runtime\sharedRuntime.cpp, line 605]
Event: 5.441 Thread 0x000000000236e000 Exception <a 'java/lang/ArrayIndexOutOfBoundsException'> (0x00000000ec879898) thrown at [D:\re\workspace\8-2-build-windows-amd64-cygwin\jdk8u92\6642\hotspot\src\share\vm\runtime\sharedRuntime.cpp, line 605]

Events (10 events):
Event: 6.199 Thread 0x0000000016512800 DEOPT UNPACKING pc=0x00000000023b787f sp=0x0000000016c7e890 mode 0
Event: 6.214 Thread 0x0000000016514800 Uncommon trap: trap_request=0xffffffc6 fr.pc=0x0000000002894614
Event: 6.214 Thread 0x0000000016514800 DEOPT PACKING pc=0x0000000002894614 sp=0x0000000016e7e6f0
Event: 6.214 Thread 0x0000000016514800 DEOPT UNPACKING pc=0x00000000023b582a sp=0x0000000016e7e690 mode 2
Event: 6.407 Thread 0x000000001650f000 Uncommon trap: trap_request=0xffffff65 fr.pc=0x0000000002b61f90
Event: 6.407 Thread 0x000000001650f000 DEOPT PACKING pc=0x0000000002b61f90 sp=0x0000000016a7e550
Event: 6.407 Thread 0x000000001650f000 DEOPT UNPACKING pc=0x00000000023b582a sp=0x0000000016a7e4d8 mode 2
Event: 6.416 Thread 0x000000001650f000 Uncommon trap: trap_request=0xffffff65 fr.pc=0x000000000288900c
Event: 6.416 Thread 0x000000001650f000 DEOPT PACKING pc=0x000000000288900c sp=0x0000000016a7e480
Event: 6.416 Thread 0x000000001650f000 DEOPT UNPACKING pc=0x00000000023b582a sp=0x0000000016a7e3d8 mode 2


Dynamic libraries:
0x00007ff7acd50000 - 0x00007ff7acd87000 	C:\Program Files\Java\jdk1.8.0_92\bin\java.exe
0x00007ffb23a50000 - 0x00007ffb23c21000 	C:\WINDOWS\SYSTEM32\ntdll.dll
0x00007ffb21200000 - 0x00007ffb212ab000 	C:\WINDOWS\System32\KERNEL32.DLL
0x00007ffb20400000 - 0x00007ffb2061d000 	C:\WINDOWS\System32\KERNELBASE.dll
0x00007ffb237d0000 - 0x00007ffb23872000 	C:\WINDOWS\System32\ADVAPI32.dll
0x00007ffb23730000 - 0x00007ffb237ce000 	C:\WINDOWS\System32\msvcrt.dll
0x00007ffb21190000 - 0x00007ffb211e9000 	C:\WINDOWS\System32\sechost.dll
0x00007ffb22a10000 - 0x00007ffb22b31000 	C:\WINDOWS\System32\RPCRT4.dll
0x00007ffb22b40000 - 0x00007ffb22ca5000 	C:\WINDOWS\System32\USER32.dll
0x00007ffb1ff40000 - 0x00007ffb1ff5e000 	C:\WINDOWS\System32\win32u.dll
0x00007ffb23910000 - 0x00007ffb23944000 	C:\WINDOWS\System32\GDI32.dll
0x00007ffb1ff60000 - 0x00007ffb200e2000 	C:\WINDOWS\System32\gdi32full.dll
0x00007ffb132e0000 - 0x00007ffb1355a000 	C:\WINDOWS\WinSxS\amd64_microsoft.windows.common-controls_6595b64144ccf1df_6.0.14393.953_none_42151e83c686086b\COMCTL32.dll
0x00007ffb233d0000 - 0x00007ffb23698000 	C:\WINDOWS\System32\combase.dll
0x00007ffb20140000 - 0x00007ffb20235000 	C:\WINDOWS\System32\ucrtbase.dll
0x00007ffb20240000 - 0x00007ffb202aa000 	C:\WINDOWS\System32\bcryptPrimitives.dll
0x00007ffb23880000 - 0x00007ffb238ae000 	C:\WINDOWS\System32\IMM32.DLL
0x0000000076900000 - 0x00000000769d2000 	C:\Program Files\Java\jdk1.8.0_92\jre\bin\msvcr100.dll
0x0000000077270000 - 0x0000000077b06000 	C:\Program Files\Java\jdk1.8.0_92\jre\bin\server\jvm.dll
0x00007ffb227c0000 - 0x00007ffb227c8000 	C:\WINDOWS\System32\PSAPI.DLL
0x00007ffb1b720000 - 0x00007ffb1b729000 	C:\WINDOWS\SYSTEM32\WSOCK32.dll
0x00007ffb22e70000 - 0x00007ffb22eda000 	C:\WINDOWS\System32\WS2_32.dll
0x00007ffb1db40000 - 0x00007ffb1db63000 	C:\WINDOWS\SYSTEM32\WINMM.dll
0x00007ffb16970000 - 0x00007ffb1697a000 	C:\WINDOWS\SYSTEM32\VERSION.dll
0x00007ffb1d940000 - 0x00007ffb1d96b000 	C:\WINDOWS\SYSTEM32\WINMMBASE.dll
0x00007ffb200f0000 - 0x00007ffb20132000 	C:\WINDOWS\System32\cfgmgr32.dll
0x00000000507c0000 - 0x00000000507cf000 	C:\Program Files\Java\jdk1.8.0_92\jre\bin\verify.dll
0x0000000050000000 - 0x0000000050029000 	C:\Program Files\Java\jdk1.8.0_92\jre\bin\java.dll
0x0000000077170000 - 0x0000000077186000 	C:\Program Files\Java\jdk1.8.0_92\jre\bin\zip.dll
0x00007ffb212b0000 - 0x00007ffb227b9000 	C:\WINDOWS\System32\SHELL32.dll
0x00007ffb207f0000 - 0x00007ffb20eca000 	C:\WINDOWS\System32\windows.storage.dll
0x00007ffb1fed0000 - 0x00007ffb1ff1c000 	C:\WINDOWS\System32\powrprof.dll
0x00007ffb236a0000 - 0x00007ffb236f2000 	C:\WINDOWS\System32\shlwapi.dll
0x00007ffb1fec0000 - 0x00007ffb1fecf000 	C:\WINDOWS\System32\kernel.appcore.dll
0x00007ffb20ed0000 - 0x00007ffb20f79000 	C:\WINDOWS\System32\shcore.dll
0x00007ffb1ff20000 - 0x00007ffb1ff34000 	C:\WINDOWS\System32\profapi.dll

VM Arguments:
jvm_args: -Djava.awt.headless=true -Xmx1024M -Dfile.encoding=windows-1252 -Duser.country=AU -Duser.language=en -Duser.variant 
java_command: com.android.dx.command.Main --dex --force-jumbo --num-threads=4 --multi-dex --output C:\Users\Jagadish\AndroidStudioProjects\SmartHemet\app\build\intermediates\transforms\dex\debug\folders\1000\10\com.android.support-appcompat-v7-23.4.0_ae8d5ae0ee46a8a247ed6718de6fc14566167406 C:\Users\Jagadish\AndroidStudioProjects\SmartHemet\app\build\intermediates\exploded-aar\com.android.support\appcompat-v7\23.4.0\jars\classes.jar
java_class_path (initial): C:\Users\Jagadish\AppData\Local\Android\sdk\build-tools\24.0.0\lib\dx.jar
Launcher Type: SUN_STANDARD

Environment Variables:
JAVA_HOME=C:\Program Files\Java\jdk1.8.0_92
PATH=C:\ProgramData\Oracle\Java\javapath;C:\Program Files (x86)\Lenovo\FusionEngine;C:\WINDOWS\system32;C:\WINDOWS;C:\WINDOWS\System32\Wbem;C:\WINDOWS\System32\WindowsPowerShell\v1.0\;C:\Program Files (x86)\GtkSharp\2.12\bin;C:\Program Files (x86)\Skype\Phone\;C:\Program Files\Microsoft SQL Server\130\Tools\Binn\;C:\Program Files (x86)\Windows Kits\10\Windows Performance Toolkit\;C:\Program Files\Microsoft SQL Server\120\Tools\Binn\;C:\Program Files\Git\cmd;C:\Program Files\nodejs\;C:\Program Files (x86)\Rational\ClearQuest;C:\Users\Jagadish\AppData\Local\Microsoft\WindowsApps;C:\Users\Jagadish\AppData\Roaming\npm
USERNAME=Jagadish
OS=Windows_NT
PROCESSOR_IDENTIFIER=Intel64 Family 6 Model 78 Stepping 3, GenuineIntel



---------------  S Y S T E M  ---------------

OS: Windows 10.0 , 64 bit Build 14393 (10.0.14393.0)

CPU:total 4 (2 cores per cpu, 2 threads per core) family 6 model 78 stepping 3, cmov, cx8, fxsr, mmx, sse, sse2, sse3, ssse3, sse4.1, sse4.2, popcnt, avx, avx2, aes, clmul, erms, 3dnowpref, lzcnt, ht, tsc, tscinvbit, bmi1, bmi2, adx

Memory: 4k page, physical 4050848k(371368k free), swap 8146848k(5420k free)

vm_info: Java HotSpot(TM) 64-Bit Server VM (25.92-b14) for windows-amd64 JRE (1.8.0_92-b14), built on Mar 31 2016 21:03:04 by "java_re" with MS VC++ 10.0 (VS2010)

time: Mon Apr 10 17:17:59 2017
elapsed time: 6 seconds (0d 0h 0m 6s)

