#
# There is insufficient memory for the Java Runtime Environment to continue.
# Native memory allocation (malloc) failed to allocate 131088 bytes for Chunk::new
# Possible reasons:
#   The system is out of physical RAM or swap space
#   In 32 bit mode, the process size limit was hit
# Possible solutions:
#   Reduce memory load on the system
#   Increase physical memory or swap space
#   Check if swap backing store is full
#   Use 64 bit Java on a 64 bit OS
#   Decrease Java heap size (-Xmx/-Xms)
#   Decrease number of Java threads
#   Decrease Java thread stack sizes (-Xss)
#   Set larger code cache with -XX:ReservedCodeCacheSize=
# This output file may be truncated or incomplete.
#
#  Out of Memory Error (allocation.cpp:390), pid=6328, tid=0x0000000000003460
#
# JRE version: Java(TM) SE Runtime Environment (8.0_92-b14) (build 1.8.0_92-b14)
# Java VM: Java HotSpot(TM) 64-Bit Server VM (25.92-b14 mixed mode windows-amd64 compressed oops)
# Failed to write core dump. Minidumps are not enabled by default on client versions of Windows
#

---------------  T H R E A D  ---------------

Current thread (0x0000000014cff000):  JavaThread "C2 CompilerThread0" daemon [_thread_in_native, id=13408, stack(0x0000000016360000,0x0000000016460000)]

Stack: [0x0000000016360000,0x0000000016460000]
[error occurred during error reporting (printing stack bounds), id 0xc0000005]

Native frames: (J=compiled Java code, j=interpreted, Vv=VM code, C=native code)


Current CompileTask:
C2:  11069 2102       4       com.android.dx.rop.code.Rops::ropFor (771 bytes)


---------------  P R O C E S S  ---------------

Java Threads: ( => current thread )
  0x0000000016931000 JavaThread "pool-2-thread-4" [_thread_blocked, id=4808, stack(0x0000000017060000,0x0000000017160000)]
  0x00000000169b9800 JavaThread "pool-2-thread-3" [_thread_blocked, id=10192, stack(0x0000000016f60000,0x0000000017060000)]
  0x00000000169af000 JavaThread "pool-2-thread-2" [_thread_in_Java, id=8756, stack(0x0000000016e60000,0x0000000016f60000)]
  0x00000000169ad800 JavaThread "pool-3-thread-1" [_thread_blocked, id=3464, stack(0x0000000016d60000,0x0000000016e60000)]
  0x00000000169ab000 JavaThread "pool-2-thread-1" [_thread_in_Java, id=15280, stack(0x0000000016c60000,0x0000000016d60000)]
  0x0000000016665800 JavaThread "Service Thread" daemon [_thread_blocked, id=920, stack(0x0000000016a60000,0x0000000016b60000)]
  0x0000000014d5b000 JavaThread "C1 CompilerThread2" daemon [_thread_blocked, id=5056, stack(0x0000000016560000,0x0000000016660000)]
  0x0000000014d02000 JavaThread "C2 CompilerThread1" daemon [_thread_in_native, id=8828, stack(0x0000000016460000,0x0000000016560000)]
=>0x0000000014cff000 JavaThread "C2 CompilerThread0" daemon [_thread_in_native, id=13408, stack(0x0000000016360000,0x0000000016460000)]
  0x0000000014cfb000 JavaThread "Attach Listener" daemon [_thread_blocked, id=11344, stack(0x0000000016260000,0x0000000016360000)]
  0x0000000014cf9800 JavaThread "Signal Dispatcher" daemon [_thread_blocked, id=6612, stack(0x0000000016160000,0x0000000016260000)]
  0x000000000262b000 JavaThread "Finalizer" daemon [_thread_blocked, id=10848, stack(0x0000000015f70000,0x0000000016070000)]
  0x0000000002620000 JavaThread "Reference Handler" daemon [_thread_blocked, id=8988, stack(0x0000000015e70000,0x0000000015f70000)]
  0x0000000000c7e000 JavaThread "main" [_thread_in_vm, id=13576, stack(0x0000000002430000,0x0000000002530000)]

Other Threads:
  0x0000000014cc7800 VMThread [stack: 0x0000000015d70000,0x0000000015e70000] [id=12636]
  0x000000001667b000 WatcherThread [stack: 0x0000000016b60000,0x0000000016c60000] [id=12036]

VM state:not at safepoint (normal execution)

VM Mutex/Monitor currently owned by a thread: None

Heap:
 PSYoungGen      total 140800K, used 77975K [0x00000000eab00000, 0x00000000fa080000, 0x0000000100000000)
  eden space 119808K, 54% used [0x00000000eab00000,0x00000000eea3eca8,0x00000000f2000000)
  from space 20992K, 62% used [0x00000000f2000000,0x00000000f2ce7138,0x00000000f3480000)
  to   space 29696K, 0% used [0x00000000f8380000,0x00000000f8380000,0x00000000fa080000)
 ParOldGen       total 74752K, used 42235K [0x00000000c0000000, 0x00000000c4900000, 0x00000000eab00000)
  object space 74752K, 56% used [0x00000000c0000000,0x00000000c293ede8,0x00000000c4900000)
 Metaspace       used 6549K, capacity 7256K, committed 7424K, reserved 1056768K
  class space    used 624K, capacity 656K, committed 768K, reserved 1048576K

Card table byte_map: [0x00000000119f0000,0x0000000011c00000] byte_map_base: 0x00000000113f0000

Marking Bits: (ParMarkBitMap*) 0x0000000077a864f0
 Begin Bits: [0x0000000012160000, 0x0000000013160000)
 End Bits:   [0x0000000013160000, 0x0000000014160000)

Polling page: 0x0000000000be0000

CodeCache: size=245760Kb used=10507Kb max_used=10541Kb free=235252Kb
 bounds [0x0000000002630000, 0x0000000003090000, 0x0000000011630000]
 total_blobs=2405 nmethods=2135 adapters=182
 compilation: enabled

Compilation events (10 events):
Event: 10.843 Thread 0x0000000014d02000 nmethod 2242 0x0000000003024310 code [0x0000000003024480, 0x0000000003024ac8]
Event: 10.843 Thread 0x0000000014d02000 2244   !   4       com.android.dx.cf.code.Simulator::simulate (74 bytes)
Event: 10.847 Thread 0x0000000014d02000 nmethod 2244 0x0000000003037b90 code [0x0000000003037d00, 0x0000000003037eb8]
Event: 10.847 Thread 0x0000000014d02000 2207       4       com.android.dx.dex.code.RopTranslator::pickOrder (400 bytes)
Event: 10.910 Thread 0x0000000014d02000 nmethod 2207 0x000000000306ded0 code [0x000000000306e100, 0x000000000306fb08]
Event: 10.910 Thread 0x0000000014d02000 2251   !   4       com.android.dx.cf.code.Ropper::processBlock (1101 bytes)
Event: 10.983 Thread 0x0000000014cff000 nmethod 2246 0x0000000003079710 code [0x000000000307ae60, 0x0000000003081890]
Event: 10.984 Thread 0x0000000014cff000 2096       4       com.android.dx.rop.code.SourcePosition::<init> (50 bytes)
Event: 10.985 Thread 0x0000000014cff000 nmethod 2096 0x0000000002fe4310 code [0x0000000002fe4440, 0x0000000002fe44f8]
Event: 10.985 Thread 0x0000000014cff000 2102       4       com.android.dx.rop.code.Rops::ropFor (771 bytes)

GC Heap History (10 events):
Event: 7.410 GC heap before
{Heap before GC invocations=6 (full 0):
 PSYoungGen      total 34304K, used 34287K [0x00000000eab00000, 0x00000000efc00000, 0x0000000100000000)
  eden space 31744K, 100% used [0x00000000eab00000,0x00000000eca00000,0x00000000eca00000)
  from space 2560K, 99% used [0x00000000eca00000,0x00000000ecc7be10,0x00000000ecc80000)
  to   space 9728K, 0% used [0x00000000ef280000,0x00000000ef280000,0x00000000efc00000)
 ParOldGen       total 42496K, used 13338K [0x00000000c0000000, 0x00000000c2980000, 0x00000000eab00000)
  object space 42496K, 31% used [0x00000000c0000000,0x00000000c0d06bb8,0x00000000c2980000)
 Metaspace       used 6278K, capacity 7090K, committed 7296K, reserved 1056768K
  class space    used 604K, capacity 618K, committed 640K, reserved 1048576K
Event: 7.505 GC heap after
Heap after GC invocations=6 (full 0):
 PSYoungGen      total 72192K, used 7910K [0x00000000eab00000, 0x00000000efe00000, 0x0000000100000000)
  eden space 62464K, 0% used [0x00000000eab00000,0x00000000eab00000,0x00000000ee800000)
  from space 9728K, 81% used [0x00000000ef280000,0x00000000efa39bd0,0x00000000efc00000)
  to   space 10752K, 0% used [0x00000000ee800000,0x00000000ee800000,0x00000000ef280000)
 ParOldGen       total 42496K, used 13338K [0x00000000c0000000, 0x00000000c2980000, 0x00000000eab00000)
  object space 42496K, 31% used [0x00000000c0000000,0x00000000c0d06bb8,0x00000000c2980000)
 Metaspace       used 6278K, capacity 7090K, committed 7296K, reserved 1056768K
  class space    used 604K, capacity 618K, committed 640K, reserved 1048576K
}
Event: 8.235 GC heap before
{Heap before GC invocations=7 (full 0):
 PSYoungGen      total 72192K, used 70374K [0x00000000eab00000, 0x00000000efe00000, 0x0000000100000000)
  eden space 62464K, 100% used [0x00000000eab00000,0x00000000ee800000,0x00000000ee800000)
  from space 9728K, 81% used [0x00000000ef280000,0x00000000efa39bd0,0x00000000efc00000)
  to   space 10752K, 0% used [0x00000000ee800000,0x00000000ee800000,0x00000000ef280000)
 ParOldGen       total 42496K, used 13338K [0x00000000c0000000, 0x00000000c2980000, 0x00000000eab00000)
  object space 42496K, 31% used [0x00000000c0000000,0x00000000c0d06bb8,0x00000000c2980000)
 Metaspace       used 6352K, capacity 7154K, committed 7296K, reserved 1056768K
  class space    used 604K, capacity 618K, committed 640K, reserved 1048576K
Event: 8.380 GC heap after
Heap after GC invocations=7 (full 0):
 PSYoungGen      total 73216K, used 10721K [0x00000000eab00000, 0x00000000f4400000, 0x0000000100000000)
  eden space 62464K, 0% used [0x00000000eab00000,0x00000000eab00000,0x00000000ee800000)
  from space 10752K, 99% used [0x00000000ee800000,0x00000000ef278738,0x00000000ef280000)
  to   space 15872K, 0% used [0x00000000f3480000,0x00000000f3480000,0x00000000f4400000)
 ParOldGen       total 42496K, used 20060K [0x00000000c0000000, 0x00000000c2980000, 0x00000000eab00000)
  object space 42496K, 47% used [0x00000000c0000000,0x00000000c1397250,0x00000000c2980000)
 Metaspace       used 6352K, capacity 7154K, committed 7296K, reserved 1056768K
  class space    used 604K, capacity 618K, committed 640K, reserved 1048576K
}
Event: 8.962 GC heap before
{Heap before GC invocations=8 (full 0):
 PSYoungGen      total 73216K, used 73185K [0x00000000eab00000, 0x00000000f4400000, 0x0000000100000000)
  eden space 62464K, 100% used [0x00000000eab00000,0x00000000ee800000,0x00000000ee800000)
  from space 10752K, 99% used [0x00000000ee800000,0x00000000ef278738,0x00000000ef280000)
  to   space 15872K, 0% used [0x00000000f3480000,0x00000000f3480000,0x00000000f4400000)
 ParOldGen       total 42496K, used 20060K [0x00000000c0000000, 0x00000000c2980000, 0x00000000eab00000)
  object space 42496K, 47% used [0x00000000c0000000,0x00000000c1397250,0x00000000c2980000)
 Metaspace       used 6400K, capacity 7154K, committed 7296K, reserved 1056768K
  class space    used 605K, capacity 618K, committed 640K, reserved 1048576K
Event: 9.008 GC heap after
Heap after GC invocations=8 (full 0):
 PSYoungGen      total 135680K, used 15856K [0x00000000eab00000, 0x00000000f4e00000, 0x0000000100000000)
  eden space 119808K, 0% used [0x00000000eab00000,0x00000000eab00000,0x00000000f2000000)
  from space 15872K, 99% used [0x00000000f3480000,0x00000000f43fc030,0x00000000f4400000)
  to   space 20992K, 0% used [0x00000000f2000000,0x00000000f2000000,0x00000000f3480000)
 ParOldGen       total 42496K, used 25081K [0x00000000c0000000, 0x00000000c2980000, 0x00000000eab00000)
  object space 42496K, 59% used [0x00000000c0000000,0x00000000c187e708,0x00000000c2980000)
 Metaspace       used 6400K, capacity 7154K, committed 7296K, reserved 1056768K
  class space    used 605K, capacity 618K, committed 640K, reserved 1048576K
}
Event: 9.837 GC heap before
{Heap before GC invocations=9 (full 0):
 PSYoungGen      total 135680K, used 135664K [0x00000000eab00000, 0x00000000f4e00000, 0x0000000100000000)
  eden space 119808K, 100% used [0x00000000eab00000,0x00000000f2000000,0x00000000f2000000)
  from space 15872K, 99% used [0x00000000f3480000,0x00000000f43fc030,0x00000000f4400000)
  to   space 20992K, 0% used [0x00000000f2000000,0x00000000f2000000,0x00000000f3480000)
 ParOldGen       total 42496K, used 25081K [0x00000000c0000000, 0x00000000c2980000, 0x00000000eab00000)
  object space 42496K, 59% used [0x00000000c0000000,0x00000000c187e708,0x00000000c2980000)
 Metaspace       used 6538K, capacity 7256K, committed 7424K, reserved 1056768K
  class space    used 624K, capacity 656K, committed 768K, reserved 1048576K
Event: 9.885 GC heap after
Heap after GC invocations=9 (full 0):
 PSYoungGen      total 140800K, used 20963K [0x00000000eab00000, 0x00000000fa080000, 0x0000000100000000)
  eden space 119808K, 0% used [0x00000000eab00000,0x00000000eab00000,0x00000000f2000000)
  from space 20992K, 99% used [0x00000000f2000000,0x00000000f3478ef8,0x00000000f3480000)
  to   space 29696K, 0% used [0x00000000f8380000,0x00000000f8380000,0x00000000fa080000)
 ParOldGen       total 42496K, used 38431K [0x00000000c0000000, 0x00000000c2980000, 0x00000000eab00000)
  object space 42496K, 90% used [0x00000000c0000000,0x00000000c2587d18,0x00000000c2980000)
 Metaspace       used 6538K, capacity 7256K, committed 7424K, reserved 1056768K
  class space    used 624K, capacity 656K, committed 768K, reserved 1048576K
}
Event: 9.886 GC heap before
{Heap before GC invocations=10 (full 1):
 PSYoungGen      total 140800K, used 20963K [0x00000000eab00000, 0x00000000fa080000, 0x0000000100000000)
  eden space 119808K, 0% used [0x00000000eab00000,0x00000000eab00000,0x00000000f2000000)
  from space 20992K, 99% used [0x00000000f2000000,0x00000000f3478ef8,0x00000000f3480000)
  to   space 29696K, 0% used [0x00000000f8380000,0x00000000f8380000,0x00000000fa080000)
 ParOldGen       total 42496K, used 38431K [0x00000000c0000000, 0x00000000c2980000, 0x00000000eab00000)
  object space 42496K, 90% used [0x00000000c0000000,0x00000000c2587d18,0x00000000c2980000)
 Metaspace       used 6538K, capacity 7256K, committed 7424K, reserved 1056768K
  class space    used 624K, capacity 656K, committed 768K, reserved 1048576K
Event: 10.494 GC heap after
Heap after GC invocations=10 (full 1):
 PSYoungGen      total 140800K, used 13212K [0x00000000eab00000, 0x00000000fa080000, 0x0000000100000000)
  eden space 119808K, 0% used [0x00000000eab00000,0x00000000eab00000,0x00000000f2000000)
  from space 20992K, 62% used [0x00000000f2000000,0x00000000f2ce7138,0x00000000f3480000)
  to   space 29696K, 0% used [0x00000000f8380000,0x00000000f8380000,0x00000000fa080000)
 ParOldGen       total 74752K, used 42235K [0x00000000c0000000, 0x00000000c4900000, 0x00000000eab00000)
  object space 74752K, 56% used [0x00000000c0000000,0x00000000c293ede8,0x00000000c4900000)
 Metaspace       used 6538K, capacity 7256K, committed 7424K, reserved 1056768K
  class space    used 624K, capacity 656K, committed 768K, reserved 1048576K
}

Deoptimization events (10 events):
Event: 9.483 Thread 0x00000000169ab000 Uncommon trap: reason=bimorphic action=maybe_recompile pc=0x0000000002f9159c method=com.android.dx.cf.code.BytecodeArray.parseInstruction(ILcom/android/dx/cf/code/BytecodeArray$Visitor;)I @ 1357
Event: 9.506 Thread 0x00000000169b9800 Uncommon trap: reason=bimorphic action=maybe_recompile pc=0x0000000002bfac68 method=com.android.dx.ssa.LiteralOpUpgrader.tryReplacingWithConstant(Lcom/android/dx/ssa/NormalSsaInsn;)Z @ 62
Event: 9.506 Thread 0x00000000169b9800 Uncommon trap: reason=unstable_if action=reinterpret pc=0x0000000002e113b0 method=com.android.dx.ssa.LiteralOpUpgrader$1.visitNonMoveInsn(Lcom/android/dx/ssa/NormalSsaInsn;)V @ 24
Event: 9.509 Thread 0x00000000169b9800 Uncommon trap: reason=bimorphic action=maybe_recompile pc=0x0000000002bfac68 method=com.android.dx.ssa.LiteralOpUpgrader.tryReplacingWithConstant(Lcom/android/dx/ssa/NormalSsaInsn;)Z @ 62
Event: 9.573 Thread 0x0000000000c7e000 Uncommon trap: reason=unloaded action=reinterpret pc=0x0000000002eb3988 method=com.android.dx.cf.cst.ConstantPoolParser.parse0(ILjava/util/BitSet;)Lcom/android/dx/rop/cst/Constant; @ 220
Event: 9.657 Thread 0x0000000016931000 Uncommon trap: reason=unstable_if action=reinterpret pc=0x0000000002f14c04 method=java.util.HashMap.putVal(ILjava/lang/Object;Ljava/lang/Object;ZZ)Ljava/lang/Object; @ 109
Event: 9.730 Thread 0x00000000169af000 Uncommon trap: reason=class_check action=maybe_recompile pc=0x0000000002fefdbc method=com.android.dx.cf.code.BytecodeArray.parseInstruction(ILcom/android/dx/cf/code/BytecodeArray$Visitor;)I @ 1525
Event: 9.766 Thread 0x00000000169af000 Uncommon trap: reason=class_check action=maybe_recompile pc=0x0000000002fefdbc method=com.android.dx.cf.code.BytecodeArray.parseInstruction(ILcom/android/dx/cf/code/BytecodeArray$Visitor;)I @ 1525
Event: 10.740 Thread 0x0000000016931000 Uncommon trap: reason=class_check action=maybe_recompile pc=0x0000000003042b38 method=com.android.dx.cf.code.BytecodeArray.parseInstruction(ILcom/android/dx/cf/code/BytecodeArray$Visitor;)I @ 1807
Event: 10.740 Thread 0x0000000016931000 Uncommon trap: reason=class_check action=maybe_recompile pc=0x0000000003042b38 method=com.android.dx.cf.code.BytecodeArray.parseInstruction(ILcom/android/dx/cf/code/BytecodeArray$Visitor;)I @ 1807

Internal exceptions (9 events):
Event: 0.037 Thread 0x0000000000c7e000 Exception <a 'java/lang/NoSuchMethodError': Method sun.misc.Unsafe.defineClass(Ljava/lang/String;[BII)Ljava/lang/Class; name or signature does not match> (0x00000000eab07cc0) thrown at [D:\re\workspace\8-2-build-windows-amd64-cygwin\jdk8u92\6642\hotspot\sr=èm]±˚¢?
Event: 0.037 Thread 0x0000000000c7e000 Exception <a 'java/lang/NoSuchMethodError': Method sun.misc.Unsafe.prefetchRead(Ljava/lang/Object;J)V name or signature does not match> (0x00000000eab07fa8) thrown at [D:\re\workspace\8-2-build-windows-amd64-cygwin\jdk8u92\6642\hotspot\src\share\vm\prims\jiWê
	@
Event: 3.130 Thread 0x00000000169ab000 Implicit null exception at 0x00000000029fe162 to 0x00000000029fe269
Event: 6.492 Thread 0x00000000169af000 Implicit null exception at 0x0000000002c87754 to 0x0000000002c89739
Event: 8.629 Thread 0x0000000000c7e000 Implicit null exception at 0x0000000002b58981 to 0x0000000002b59c8d
Event: 8.659 Thread 0x00000000169ab000 Implicit null exception at 0x0000000002b51785 to 0x0000000002b52bc5
Event: 9.270 Thread 0x00000000169af000 Exception <a 'java/lang/ArrayIndexOutOfBoundsException': 18> (0x00000000ec2dd3f8) thrown at [D:\re\workspace\8-2-build-windows-amd64-cygwin\jdk8u92\6642\hotspot\src\share\vm\interpreter\interpreterRuntime.cpp, line 366]
Event: 9.270 Thread 0x00000000169af000 Exception <a 'java/lang/ArrayIndexOutOfBoundsException': 145> (0x00000000ec2def78) thrown at [D:\re\workspace\8-2-build-windows-amd64-cygwin\jdk8u92\6642\hotspot\src\share\vm\interpreter\interpreterRuntime.cpp, line 366]
Event: 9.271 Thread 0x00000000169af000 Exception <a 'java/lang/ArrayIndexOutOfBoundsException'> (0x00000000ec2e0260) thrown at [D:\re\workspace\8-2-build-windows-amd64-cygwin\jdk8u92\6642\hotspot\src\share\vm\runtime\sharedRuntime.cpp, line 605]

Events (10 events):
Event: 9.837 Executing VM operation: ParallelGCFailedAllocation
Event: 10.494 Executing VM operation: ParallelGCFailedAllocation done
Event: 10.550 Thread 0x0000000000c7e000 DEOPT PACKING pc=0x000000000279f647 sp=0x000000000252ec60
Event: 10.550 Thread 0x0000000000c7e000 DEOPT UNPACKING pc=0x000000000267787f sp=0x000000000252e990 mode 0
Event: 10.740 Thread 0x0000000016931000 Uncommon trap: trap_request=0xffffffde fr.pc=0x0000000003042b38
Event: 10.740 Thread 0x0000000016931000 DEOPT PACKING pc=0x0000000003042b38 sp=0x000000001715ec50
Event: 10.740 Thread 0x0000000016931000 DEOPT UNPACKING pc=0x000000000267582a sp=0x000000001715ebb8 mode 2
Event: 10.740 Thread 0x0000000016931000 Uncommon trap: trap_request=0xffffffde fr.pc=0x0000000003042b38
Event: 10.740 Thread 0x0000000016931000 DEOPT PACKING pc=0x0000000003042b38 sp=0x000000001715ec50
Event: 10.741 Thread 0x0000000016931000 DEOPT UNPACKING pc=0x000000000267582a sp=0x000000001715ebb8 mode 2


Dynamic libraries:
0x00007ff7acd50000 - 0x00007ff7acd87000 	C:\Program Files\Java\jdk1.8.0_92\bin\java.exe
0x00007ffb23a50000 - 0x00007ffb23c21000 	C:\WINDOWS\SYSTEM32\ntdll.dll
0x00007ffb21200000 - 0x00007ffb212ab000 	C:\WINDOWS\System32\KERNEL32.DLL
0x00007ffb20400000 - 0x00007ffb2061d000 	C:\WINDOWS\System32\KERNELBASE.dll
0x00007ffb237d0000 - 0x00007ffb23872000 	C:\WINDOWS\System32\ADVAPI32.dll
0x00007ffb23730000 - 0x00007ffb237ce000 	C:\WINDOWS\System32\msvcrt.dll
0x00007ffb21190000 - 0x00007ffb211e9000 	C:\WINDOWS\System32\sechost.dll
0x00007ffb22a10000 - 0x00007ffb22b31000 	C:\WINDOWS\System32\RPCRT4.dll
0x00007ffb22b40000 - 0x00007ffb22ca5000 	C:\WINDOWS\System32\USER32.dll
0x00007ffb1ff40000 - 0x00007ffb1ff5e000 	C:\WINDOWS\System32\win32u.dll
0x00007ffb23910000 - 0x00007ffb23944000 	C:\WINDOWS\System32\GDI32.dll
0x00007ffb1ff60000 - 0x00007ffb200e2000 	C:\WINDOWS\System32\gdi32full.dll
0x00007ffb132e0000 - 0x00007ffb1355a000 	C:\WINDOWS\WinSxS\amd64_microsoft.windows.common-controls_6595b64144ccf1df_6.0.14393.953_none_42151e83c686086b\COMCTL32.dll
0x00007ffb233d0000 - 0x00007ffb23698000 	C:\WINDOWS\System32\combase.dll
0x00007ffb20140000 - 0x00007ffb20235000 	C:\WINDOWS\System32\ucrtbase.dll
0x00007ffb20240000 - 0x00007ffb202aa000 	C:\WINDOWS\System32\bcryptPrimitives.dll
0x00007ffb23880000 - 0x00007ffb238ae000 	C:\WINDOWS\System32\IMM32.DLL
0x0000000076900000 - 0x00000000769d2000 	C:\Program Files\Java\jdk1.8.0_92\jre\bin\msvcr100.dll
0x0000000077270000 - 0x0000000077b06000 	C:\Program Files\Java\jdk1.8.0_92\jre\bin\server\jvm.dll
0x00007ffb227c0000 - 0x00007ffb227c8000 	C:\WINDOWS\System32\PSAPI.DLL
0x00007ffb1b720000 - 0x00007ffb1b729000 	C:\WINDOWS\SYSTEM32\WSOCK32.dll
0x00007ffb22e70000 - 0x00007ffb22eda000 	C:\WINDOWS\System32\WS2_32.dll
0x00007ffb1db40000 - 0x00007ffb1db63000 	C:\WINDOWS\SYSTEM32\WINMM.dll
0x00007ffb16970000 - 0x00007ffb1697a000 	C:\WINDOWS\SYSTEM32\VERSION.dll
0x0000000000bb0000 - 0x0000000000bdb000 	C:\WINDOWS\SYSTEM32\WINMMBASE.dll
0x00007ffb200f0000 - 0x00007ffb20132000 	C:\WINDOWS\System32\cfgmgr32.dll
0x00000000507c0000 - 0x00000000507cf000 	C:\Program Files\Java\jdk1.8.0_92\jre\bin\verify.dll
0x0000000050000000 - 0x0000000050029000 	C:\Program Files\Java\jdk1.8.0_92\jre\bin\java.dll
0x0000000077170000 - 0x0000000077186000 	C:\Program Files\Java\jdk1.8.0_92\jre\bin\zip.dll
0x00007ffb212b0000 - 0x00007ffb227b9000 	C:\WINDOWS\System32\SHELL32.dll
0x00007ffb207f0000 - 0x00007ffb20eca000 	C:\WINDOWS\System32\windows.storage.dll
0x00007ffb1fed0000 - 0x00007ffb1ff1c000 	C:\WINDOWS\System32\powrprof.dll
0x00007ffb236a0000 - 0x00007ffb236f2000 	C:\WINDOWS\System32\shlwapi.dll
0x00007ffb1fec0000 - 0x00007ffb1fecf000 	C:\WINDOWS\System32\kernel.appcore.dll
0x00007ffb20ed0000 - 0x00007ffb20f79000 	C:\WINDOWS\System32\shcore.dll
0x00007ffb1ff20000 - 0x00007ffb1ff34000 	C:\WINDOWS\System32\profapi.dll

VM Arguments:
jvm_args: -Djava.awt.headless=true -Xmx1024M -Dfile.encoding=windows-1252 -Duser.country=AU -Duser.language=en -Duser.variant 
java_command: com.android.dx.command.Main --dex --force-jumbo --num-threads=4 --multi-dex --output C:\Users\Jagadish\AndroidStudioProjects\SmartHemet\app\build\intermediates\transforms\dex\debug\folders\1000\10\com.android.support-support-v4-23.4.0_502b401c8a6bd1a31da5cf3c7db8ccd230964b9f C:\Users\Jagadish\AndroidStudioProjects\SmartHemet\app\build\intermediates\exploded-aar\com.android.support\support-v4\23.4.0\jars\classes.jar
java_class_path (initial): C:\Users\Jagadish\AppData\Local\Android\sdk\build-tools\24.0.0\lib\dx.jar
Launcher Type: SUN_STANDARD

Environment Variables:
JAVA_HOME=C:\Program Files\Java\jdk1.8.0_92
PATH=C:\ProgramData\Oracle\Java\javapath;C:\Program Files (x86)\Lenovo\FusionEngine;C:\WINDOWS\system32;C:\WINDOWS;C:\WINDOWS\System32\Wbem;C:\WINDOWS\System32\WindowsPowerShell\v1.0\;C:\Program Files (x86)\GtkSharp\2.12\bin;C:\Program Files (x86)\Skype\Phone\;C:\Program Files\Microsoft SQL Server\130\Tools\Binn\;C:\Program Files (x86)\Windows Kits\10\Windows Performance Toolkit\;C:\Program Files\Microsoft SQL Server\120\Tools\Binn\;C:\Program Files\Git\cmd;C:\Program Files\nodejs\;C:\Program Files (x86)\Rational\ClearQuest;C:\Users\Jagadish\AppData\Local\Microsoft\WindowsApps;C:\Users\Jagadish\AppData\Roaming\npm
USERNAME=Jagadish
OS=Windows_NT
PROCESSOR_IDENTIFIER=Intel64 Family 6 Model 78 Stepping 3, GenuineIntel



---------------  S Y S T E M  ---------------

OS: Windows 10.0 , 64 bit Build 14393 (10.0.14393.0)

CPU:total 4 (2 cores per cpu, 2 threads per core) family 6 model 78 stepping 3, cmov, cx8, fxsr, mmx, sse, sse2, sse3, ssse3, sse4.1, sse4.2, popcnt, avx, avx2, aes, clmul, erms, 3dnowpref, lzcnt, ht, tsc, tscinvbit, bmi1, bmi2, adx

Memory: 4k page, physical 4050848k(394108k free), swap 8146848k(5148k free)

vm_info: Java HotSpot(TM) 64-Bit Server VM (25.92-b14) for windows-amd64 JRE (1.8.0_92-b14), built on Mar 31 2016 21:03:04 by "java_re" with MS VC++ 10.0 (VS2010)

time: Mon Apr 10 17:18:39 2017
elapsed time: 11 seconds (0d 0h 0m 11s)

