#
# There is insufficient memory for the Java Runtime Environment to continue.
# Native memory allocation (malloc) failed to allocate 274176 bytes for Chunk::new
# Possible reasons:
#   The system is out of physical RAM or swap space
#   In 32 bit mode, the process size limit was hit
# Possible solutions:
#   Reduce memory load on the system
#   Increase physical memory or swap space
#   Check if swap backing store is full
#   Use 64 bit Java on a 64 bit OS
#   Decrease Java heap size (-Xmx/-Xms)
#   Decrease number of Java threads
#   Decrease Java thread stack sizes (-Xss)
#   Set larger code cache with -XX:ReservedCodeCacheSize=
# This output file may be truncated or incomplete.
#
#  Out of Memory Error (allocation.cpp:390), pid=14280, tid=0x0000000000001128
#
# JRE version: Java(TM) SE Runtime Environment (8.0_92-b14) (build 1.8.0_92-b14)
# Java VM: Java HotSpot(TM) 64-Bit Server VM (25.92-b14 mixed mode windows-amd64 compressed oops)
# Failed to write core dump. Minidumps are not enabled by default on client versions of Windows
#

---------------  T H R E A D  ---------------

Current thread (0x00000000154ac000):  JavaThread "C2 CompilerThread1" daemon [_thread_in_native, id=4392, stack(0x0000000016bb0000,0x0000000016cb0000)]

Stack: [0x0000000016bb0000,0x0000000016cb0000]
[error occurred during error reporting (printing stack bounds), id 0xc0000005]

Native frames: (J=compiled Java code, j=interpreted, Vv=VM code, C=native code)


Current CompileTask:
C2:   2461 1215       4       com.android.dx.ssa.back.FirstFitLocalCombiningAllocator$1::processInsn (169 bytes)


---------------  P R O C E S S  ---------------

Java Threads: ( => current thread )
  0x0000000016e34800 JavaThread "pool-1-thread-1" [_thread_blocked, id=13044, stack(0x0000000017ab0000,0x0000000017bb0000)]
  0x0000000016cb5800 JavaThread "Service Thread" daemon [_thread_blocked, id=10104, stack(0x00000000171b0000,0x00000000172b0000)]
  0x0000000016cb0800 JavaThread "C1 CompilerThread2" daemon [_thread_blocked, id=12440, stack(0x00000000170b0000,0x00000000171b0000)]
=>0x00000000154ac000 JavaThread "C2 CompilerThread1" daemon [_thread_in_native, id=4392, stack(0x0000000016bb0000,0x0000000016cb0000)]
  0x000000001544f800 JavaThread "C2 CompilerThread0" daemon [_thread_in_native, id=13700, stack(0x0000000016ab0000,0x0000000016bb0000)]
  0x000000001544c000 JavaThread "Attach Listener" daemon [_thread_blocked, id=14308, stack(0x00000000169b0000,0x0000000016ab0000)]
  0x000000001544a800 JavaThread "Signal Dispatcher" daemon [_thread_blocked, id=6396, stack(0x00000000168b0000,0x00000000169b0000)]
  0x000000001543a800 JavaThread "Finalizer" daemon [_thread_blocked, id=12832, stack(0x00000000166c0000,0x00000000167c0000)]
  0x0000000015419000 JavaThread "Reference Handler" daemon [_thread_blocked, id=11512, stack(0x00000000165c0000,0x00000000166c0000)]
  0x0000000002c0e000 JavaThread "main" [_thread_blocked, id=6476, stack(0x0000000002ac0000,0x0000000002bc0000)]

Other Threads:
  0x0000000015417800 VMThread [stack: 0x00000000164c0000,0x00000000165c0000] [id=9896]
  0x0000000016cd7000 WatcherThread [stack: 0x00000000172b0000,0x00000000173b0000] [id=10208]

VM state:at safepoint (normal execution)

VM Mutex/Monitor currently owned by a thread:  ([mutex/lock_event])
[0x0000000002c0d830] Threads_lock - owner thread: 0x0000000015417800
[0x0000000002c0d5b0] Heap_lock - owner thread: 0x0000000016e34800

Heap:
 PSYoungGen      total 18432K, used 2528K [0x00000000eab00000, 0x00000000ec380000, 0x0000000100000000)
  eden space 15872K, 0% used [0x00000000eab00000,0x00000000eab00000,0x00000000eba80000)
  from space 2560K, 98% used [0x00000000eba80000,0x00000000ebcf8010,0x00000000ebd00000)
  to   space 2560K, 0% used [0x00000000ec100000,0x00000000ec100000,0x00000000ec380000)
 ParOldGen       total 34816K, used 4667K [0x00000000c0000000, 0x00000000c2200000, 0x00000000eab00000)
  object space 34816K, 13% used [0x00000000c0000000,0x00000000c048ec08,0x00000000c2200000)
 Metaspace       used 6133K, capacity 7032K, committed 7296K, reserved 1060864K
  class space    used 612K, capacity 624K, committed 640K, reserved 1048576K

Card table byte_map: [0x0000000012140000,0x0000000012350000] byte_map_base: 0x0000000011b40000

Marking Bits: (ParMarkBitMap*) 0x0000000077a864f0
 Begin Bits: [0x00000000128b0000, 0x00000000138b0000)
 End Bits:   [0x00000000138b0000, 0x00000000148b0000)

Polling page: 0x0000000001360000

CodeCache: size=245760Kb used=5412Kb max_used=5412Kb free=240347Kb
 bounds [0x0000000002d80000, 0x00000000032d0000, 0x0000000011d80000]
 total_blobs=1609 nmethods=1340 adapters=182
 compilation: enabled

Compilation events (10 events):
Event: 2.196 Thread 0x0000000016cb0800 1276       3       java.util.TreeMap::rotateLeft (96 bytes)
Event: 2.197 Thread 0x0000000016cb0800 nmethod 1276 0x000000000329df90 code [0x000000000329e100, 0x000000000329e450]
Event: 2.197 Thread 0x0000000016cb0800 1277       1       java.util.concurrent.locks.AbstractOwnableSynchronizer::getExclusiveOwnerThread (5 bytes)
Event: 2.197 Thread 0x0000000016cb0800 nmethod 1277 0x000000000329e550 code [0x000000000329e6a0, 0x000000000329e7b0]
Event: 2.197 Thread 0x0000000016cb0800 1278       1       java.util.concurrent.locks.AbstractQueuedSynchronizer::getState (5 bytes)
Event: 2.197 Thread 0x0000000016cb0800 nmethod 1278 0x000000000329e810 code [0x000000000329e960, 0x000000000329ea70]
Event: 2.197 Thread 0x0000000016cb0800 1273       3       com.android.dx.cf.code.ConcreteMethod::getEffectiveDescriptor (10 bytes)
Event: 2.197 Thread 0x0000000016cb0800 nmethod 1273 0x000000000329ead0 code [0x000000000329ec40, 0x000000000329ee68]
Event: 2.197 Thread 0x0000000016cb0800 1274       3       com.android.dx.cf.code.RopperMachine::updateReturnOp (115 bytes)
Event: 2.198 Thread 0x0000000016cb0800 nmethod 1274 0x000000000329ef10 code [0x000000000329f1a0, 0x00000000032a03d8]

GC Heap History (6 events):
Event: 1.427 GC heap before
{Heap before GC invocations=1 (full 0):
 PSYoungGen      total 18432K, used 10511K [0x00000000eab00000, 0x00000000ebf80000, 0x0000000100000000)
  eden space 15872K, 66% used [0x00000000eab00000,0x00000000eb543ec8,0x00000000eba80000)
  from space 2560K, 0% used [0x00000000ebd00000,0x00000000ebd00000,0x00000000ebf80000)
  to   space 2560K, 0% used [0x00000000eba80000,0x00000000eba80000,0x00000000ebd00000)
 ParOldGen       total 42496K, used 0K [0x00000000c0000000, 0x00000000c2980000, 0x00000000eab00000)
  object space 42496K, 0% used [0x00000000c0000000,0x00000000c0000000,0x00000000c2980000)
 Metaspace       used 5454K, capacity 6448K, committed 6528K, reserved 1062912K
  class space    used 591K, capacity 616K, committed 640K, reserved 1048576K
Event: 1.433 GC heap after
Heap after GC invocations=1 (full 0):
 PSYoungGen      total 18432K, used 2533K [0x00000000eab00000, 0x00000000ebf80000, 0x0000000100000000)
  eden space 15872K, 0% used [0x00000000eab00000,0x00000000eab00000,0x00000000eba80000)
  from space 2560K, 98% used [0x00000000eba80000,0x00000000ebcf9560,0x00000000ebd00000)
  to   space 2560K, 0% used [0x00000000ebd00000,0x00000000ebd00000,0x00000000ebf80000)
 ParOldGen       total 42496K, used 854K [0x00000000c0000000, 0x00000000c2980000, 0x00000000eab00000)
  object space 42496K, 2% used [0x00000000c0000000,0x00000000c00d5b78,0x00000000c2980000)
 Metaspace       used 5454K, capacity 6448K, committed 6528K, reserved 1062912K
  class space    used 591K, capacity 616K, committed 640K, reserved 1048576K
}
Event: 1.433 GC heap before
{Heap before GC invocations=2 (full 1):
 PSYoungGen      total 18432K, used 2533K [0x00000000eab00000, 0x00000000ebf80000, 0x0000000100000000)
  eden space 15872K, 0% used [0x00000000eab00000,0x00000000eab00000,0x00000000eba80000)
  from space 2560K, 98% used [0x00000000eba80000,0x00000000ebcf9560,0x00000000ebd00000)
  to   space 2560K, 0% used [0x00000000ebd00000,0x00000000ebd00000,0x00000000ebf80000)
 ParOldGen       total 42496K, used 854K [0x00000000c0000000, 0x00000000c2980000, 0x00000000eab00000)
  object space 42496K, 2% used [0x00000000c0000000,0x00000000c00d5b78,0x00000000c2980000)
 Metaspace       used 5454K, capacity 6448K, committed 6528K, reserved 1062912K
  class space    used 591K, capacity 616K, committed 640K, reserved 1048576K
Event: 1.504 GC heap after
Heap after GC invocations=2 (full 1):
 PSYoungGen      total 18432K, used 0K [0x00000000eab00000, 0x00000000ebf80000, 0x0000000100000000)
  eden space 15872K, 0% used [0x00000000eab00000,0x00000000eab00000,0x00000000eba80000)
  from space 2560K, 0% used [0x00000000eba80000,0x00000000eba80000,0x00000000ebd00000)
  to   space 2560K, 0% used [0x00000000ebd00000,0x00000000ebd00000,0x00000000ebf80000)
 ParOldGen       total 34816K, used 3237K [0x00000000c0000000, 0x00000000c2200000, 0x00000000eab00000)
  object space 34816K, 9% used [0x00000000c0000000,0x00000000c0329678,0x00000000c2200000)
 Metaspace       used 5454K, capacity 6448K, committed 6528K, reserved 1060864K
  class space    used 591K, capacity 616K, committed 640K, reserved 1048576K
}
Event: 1.914 GC heap before
{Heap before GC invocations=3 (full 1):
 PSYoungGen      total 18432K, used 15872K [0x00000000eab00000, 0x00000000ebf80000, 0x0000000100000000)
  eden space 15872K, 100% used [0x00000000eab00000,0x00000000eba80000,0x00000000eba80000)
  from space 2560K, 0% used [0x00000000eba80000,0x00000000eba80000,0x00000000ebd00000)
  to   space 2560K, 0% used [0x00000000ebd00000,0x00000000ebd00000,0x00000000ebf80000)
 ParOldGen       total 34816K, used 3237K [0x00000000c0000000, 0x00000000c2200000, 0x00000000eab00000)
  object space 34816K, 9% used [0x00000000c0000000,0x00000000c0329678,0x00000000c2200000)
 Metaspace       used 5969K, capacity 6900K, committed 7040K, reserved 1060864K
  class space    used 605K, capacity 620K, committed 640K, reserved 1048576K
Event: 1.931 GC heap after
Heap after GC invocations=3 (full 1):
 PSYoungGen      total 18432K, used 2528K [0x00000000eab00000, 0x00000000ec400000, 0x0000000100000000)
  eden space 15872K, 0% used [0x00000000eab00000,0x00000000eab00000,0x00000000eba80000)
  from space 2560K, 98% used [0x00000000ebd00000,0x00000000ebf78010,0x00000000ebf80000)
  to   space 2560K, 0% used [0x00000000eba80000,0x00000000eba80000,0x00000000ebd00000)
 ParOldGen       total 34816K, used 3619K [0x00000000c0000000, 0x00000000c2200000, 0x00000000eab00000)
  object space 34816K, 10% used [0x00000000c0000000,0x00000000c0388c08,0x00000000c2200000)
 Metaspace       used 5969K, capacity 6900K, committed 7040K, reserved 1060864K
  class space    used 605K, capacity 620K, committed 640K, reserved 1048576K
}

Deoptimization events (10 events):
Event: 1.937 Thread 0x0000000016eff000 Uncommon trap: reason=null_check action=make_not_entrant pc=0x00000000030909e8 method=com.android.dx.rop.type.Type.equals(Ljava/lang/Object;)Z @ 8
Event: 1.969 Thread 0x0000000016f00000 Uncommon trap: reason=unstable_if action=reinterpret pc=0x00000000030a2fec method=com.android.dx.rop.code.RegisterSpecSet.put(Lcom/android/dx/rop/code/RegisterSpec;)V @ 77
Event: 1.969 Thread 0x0000000016f00000 Uncommon trap: reason=unstable_if action=reinterpret pc=0x00000000030b3eec method=com.android.dx.rop.code.RegisterSpecSet.put(Lcom/android/dx/rop/code/RegisterSpec;)V @ 77
Event: 2.075 Thread 0x0000000016e34800 Uncommon trap: reason=bimorphic action=maybe_recompile pc=0x00000000030c3ae8 method=java.util.HashMap.getNode(ILjava/lang/Object;)Ljava/util/HashMap$Node; @ 126
Event: 2.161 Thread 0x0000000016eff000 Uncommon trap: reason=unstable_if action=reinterpret pc=0x00000000032578ac method=com.android.dx.rop.code.RegisterSpec.equals(ILcom/android/dx/rop/type/TypeBearer;Lcom/android/dx/rop/code/LocalItem;)Z @ 42
Event: 2.161 Thread 0x0000000016eff000 Uncommon trap: reason=unstable_if action=reinterpret pc=0x000000000309babc method=com.android.dx.rop.code.RegisterSpec.equals(ILcom/android/dx/rop/type/TypeBearer;Lcom/android/dx/rop/code/LocalItem;)Z @ 42
Event: 2.171 Thread 0x0000000016eff000 Uncommon trap: reason=bimorphic action=maybe_recompile pc=0x000000000321d24c method=com.android.dx.cf.code.BytecodeArray.parseInstruction(ILcom/android/dx/cf/code/BytecodeArray$Visitor;)I @ 1035
Event: 2.171 Thread 0x0000000016eff000 Uncommon trap: reason=bimorphic action=maybe_recompile pc=0x000000000321d2c8 method=com.android.dx.cf.code.BytecodeArray.parseInstruction(ILcom/android/dx/cf/code/BytecodeArray$Visitor;)I @ 1051
Event: 2.171 Thread 0x0000000016eff000 Uncommon trap: reason=bimorphic action=maybe_recompile pc=0x000000000321d2c8 method=com.android.dx.cf.code.BytecodeArray.parseInstruction(ILcom/android/dx/cf/code/BytecodeArray$Visitor;)I @ 1051
Event: 2.171 Thread 0x0000000016eff000 Uncommon trap: reason=bimorphic action=maybe_recompile pc=0x000000000321d24c method=com.android.dx.cf.code.BytecodeArray.parseInstruction(ILcom/android/dx/cf/code/BytecodeArray$Visitor;)I @ 1035

Internal exceptions (3 events):
Event: 0.077 Thread 0x0000000002c0e000 Exception <a 'java/lang/NoSuchMethodError': Method sun.misc.Unsafe.defineClass(Ljava/lang/String;[BII)Ljava/lang/Class; name or signature does not match> (0x00000000eab07cc0) thrown at [D:\re\workspace\8-2-build-windows-amd64-cygwin\jdk8u92\6642\hotspot\srÙKê™aµ³?
Event: 0.077 Thread 0x0000000002c0e000 Exception <a 'java/lang/NoSuchMethodError': Method sun.misc.Unsafe.prefetchRead(Ljava/lang/Object;J)V name or signature does not match> (0x00000000eab07fa8) thrown at [D:\re\workspace\8-2-build-windows-amd64-cygwin\jdk8u92\6642\hotspot\src\share\vm\prims\jeù±ÑÕûþ?
Event: 1.936 Thread 0x0000000016eff000 Implicit null exception at 0x00000000030908e2 to 0x00000000030909da

Events (10 events):
Event: 2.171 Thread 0x0000000016eff000 DEOPT UNPACKING pc=0x0000000002dc582a sp=0x00000000177aecc8 mode 2
Event: 2.171 Thread 0x0000000016eff000 Uncommon trap: trap_request=0xffffffc6 fr.pc=0x000000000321d2c8
Event: 2.171 Thread 0x0000000016eff000 DEOPT PACKING pc=0x000000000321d2c8 sp=0x00000000177aed50
Event: 2.171 Thread 0x0000000016eff000 DEOPT UNPACKING pc=0x0000000002dc582a sp=0x00000000177aecc8 mode 2
Event: 2.171 Thread 0x0000000016eff000 Uncommon trap: trap_request=0xffffffc6 fr.pc=0x000000000321d24c
Event: 2.171 Thread 0x0000000016eff000 DEOPT PACKING pc=0x000000000321d24c sp=0x00000000177aed50
Event: 2.171 Thread 0x0000000016eff000 DEOPT UNPACKING pc=0x0000000002dc582a sp=0x00000000177aecc8 mode 2
Event: 2.178 Thread 0x0000000016eff000 Thread exited: 0x0000000016eff000
Event: 2.186 Thread 0x0000000016e25800 Thread exited: 0x0000000016e25800
Event: 2.196 Thread 0x0000000016f00000 Thread exited: 0x0000000016f00000


Dynamic libraries:
0x00007ff7acd50000 - 0x00007ff7acd87000 	C:\Program Files\Java\jdk1.8.0_92\bin\java.exe
0x00007ffb23a50000 - 0x00007ffb23c21000 	C:\WINDOWS\SYSTEM32\ntdll.dll
0x00007ffb21200000 - 0x00007ffb212ab000 	C:\WINDOWS\System32\KERNEL32.DLL
0x00007ffb20400000 - 0x00007ffb2061d000 	C:\WINDOWS\System32\KERNELBASE.dll
0x00007ffb237d0000 - 0x00007ffb23872000 	C:\WINDOWS\System32\ADVAPI32.dll
0x00007ffb23730000 - 0x00007ffb237ce000 	C:\WINDOWS\System32\msvcrt.dll
0x00007ffb21190000 - 0x00007ffb211e9000 	C:\WINDOWS\System32\sechost.dll
0x00007ffb22a10000 - 0x00007ffb22b31000 	C:\WINDOWS\System32\RPCRT4.dll
0x00007ffb22b40000 - 0x00007ffb22ca5000 	C:\WINDOWS\System32\USER32.dll
0x00007ffb1ff40000 - 0x00007ffb1ff5e000 	C:\WINDOWS\System32\win32u.dll
0x00007ffb23910000 - 0x00007ffb23944000 	C:\WINDOWS\System32\GDI32.dll
0x00007ffb1ff60000 - 0x00007ffb200e2000 	C:\WINDOWS\System32\gdi32full.dll
0x00007ffb132e0000 - 0x00007ffb1355a000 	C:\WINDOWS\WinSxS\amd64_microsoft.windows.common-controls_6595b64144ccf1df_6.0.14393.953_none_42151e83c686086b\COMCTL32.dll
0x00007ffb233d0000 - 0x00007ffb23698000 	C:\WINDOWS\System32\combase.dll
0x00007ffb20140000 - 0x00007ffb20235000 	C:\WINDOWS\System32\ucrtbase.dll
0x00007ffb20240000 - 0x00007ffb202aa000 	C:\WINDOWS\System32\bcryptPrimitives.dll
0x00007ffb23880000 - 0x00007ffb238ae000 	C:\WINDOWS\System32\IMM32.DLL
0x0000000076900000 - 0x00000000769d2000 	C:\Program Files\Java\jdk1.8.0_92\jre\bin\msvcr100.dll
0x0000000077270000 - 0x0000000077b06000 	C:\Program Files\Java\jdk1.8.0_92\jre\bin\server\jvm.dll
0x00007ffb227c0000 - 0x00007ffb227c8000 	C:\WINDOWS\System32\PSAPI.DLL
0x00007ffb1b720000 - 0x00007ffb1b729000 	C:\WINDOWS\SYSTEM32\WSOCK32.dll
0x00007ffb1db40000 - 0x00007ffb1db63000 	C:\WINDOWS\SYSTEM32\WINMM.dll
0x00007ffb22e70000 - 0x00007ffb22eda000 	C:\WINDOWS\System32\WS2_32.dll
0x00007ffb16970000 - 0x00007ffb1697a000 	C:\WINDOWS\SYSTEM32\VERSION.dll
0x00007ffb1d940000 - 0x00007ffb1d96b000 	C:\WINDOWS\SYSTEM32\WINMMBASE.dll
0x00007ffb200f0000 - 0x00007ffb20132000 	C:\WINDOWS\System32\cfgmgr32.dll
0x00000000507c0000 - 0x00000000507cf000 	C:\Program Files\Java\jdk1.8.0_92\jre\bin\verify.dll
0x0000000050000000 - 0x0000000050029000 	C:\Program Files\Java\jdk1.8.0_92\jre\bin\java.dll
0x0000000077170000 - 0x0000000077186000 	C:\Program Files\Java\jdk1.8.0_92\jre\bin\zip.dll
0x00007ffb212b0000 - 0x00007ffb227b9000 	C:\WINDOWS\System32\SHELL32.dll
0x00007ffb207f0000 - 0x00007ffb20eca000 	C:\WINDOWS\System32\windows.storage.dll
0x00007ffb1fed0000 - 0x00007ffb1ff1c000 	C:\WINDOWS\System32\powrprof.dll
0x00007ffb236a0000 - 0x00007ffb236f2000 	C:\WINDOWS\System32\shlwapi.dll
0x00007ffb1fec0000 - 0x00007ffb1fecf000 	C:\WINDOWS\System32\kernel.appcore.dll
0x00007ffb20ed0000 - 0x00007ffb20f79000 	C:\WINDOWS\System32\shcore.dll
0x00007ffb1ff20000 - 0x00007ffb1ff34000 	C:\WINDOWS\System32\profapi.dll

VM Arguments:
jvm_args: -Djava.awt.headless=true -Xmx1024M -Dfile.encoding=windows-1252 -Duser.country=AU -Duser.language=en -Duser.variant 
java_command: com.android.dx.command.Main --dex --force-jumbo --num-threads=4 --multi-dex --output C:\Users\Jagadish\AndroidStudioProjects\SmartHemet\app\build\intermediates\transforms\dex\debug\folders\1000\10\com.android.support-support-vector-drawable-23.4.0_09abdbd8e0ed2c0fd2bc111ae5e3f8da4f576341 C:\Users\Jagadish\AndroidStudioProjects\SmartHemet\app\build\intermediates\exploded-aar\com.android.support\support-vector-drawable\23.4.0\jars\classes.jar
java_class_path (initial): C:\Users\Jagadish\AppData\Local\Android\sdk\build-tools\24.0.0\lib\dx.jar
Launcher Type: SUN_STANDARD

Environment Variables:
JAVA_HOME=C:\Program Files\Java\jdk1.8.0_92
PATH=C:\ProgramData\Oracle\Java\javapath;C:\Program Files (x86)\Lenovo\FusionEngine;C:\WINDOWS\system32;C:\WINDOWS;C:\WINDOWS\System32\Wbem;C:\WINDOWS\System32\WindowsPowerShell\v1.0\;C:\Program Files (x86)\GtkSharp\2.12\bin;C:\Program Files (x86)\Skype\Phone\;C:\Program Files\Microsoft SQL Server\130\Tools\Binn\;C:\Program Files (x86)\Windows Kits\10\Windows Performance Toolkit\;C:\Program Files\Microsoft SQL Server\120\Tools\Binn\;C:\Program Files\Git\cmd;C:\Program Files\nodejs\;C:\Program Files (x86)\Rational\ClearQuest;C:\Users\Jagadish\AppData\Local\Microsoft\WindowsApps;C:\Users\Jagadish\AppData\Roaming\npm
USERNAME=Jagadish
OS=Windows_NT
PROCESSOR_IDENTIFIER=Intel64 Family 6 Model 78 Stepping 3, GenuineIntel



---------------  S Y S T E M  ---------------

OS: Windows 10.0 , 64 bit Build 14393 (10.0.14393.0)

CPU:total 4 (2 cores per cpu, 2 threads per core) family 6 model 78 stepping 3, cmov, cx8, fxsr, mmx, sse, sse2, sse3, ssse3, sse4.1, sse4.2, popcnt, avx, avx2, aes, clmul, erms, 3dnowpref, lzcnt, ht, tsc, tscinvbit, bmi1, bmi2, adx

Memory: 4k page, physical 4050848k(342836k free), swap 8146848k(2872k free)

vm_info: Java HotSpot(TM) 64-Bit Server VM (25.92-b14) for windows-amd64 JRE (1.8.0_92-b14), built on Mar 31 2016 21:03:04 by "java_re" with MS VC++ 10.0 (VS2010)

time: Mon Apr 10 15:04:57 2017
elapsed time: 3 seconds (0d 0h 0m 3s)

