#
# There is insufficient memory for the Java Runtime Environment to continue.
# Native memory allocation (malloc) failed to allocate 990768 bytes for Chunk::new
# Possible reasons:
#   The system is out of physical RAM or swap space
#   In 32 bit mode, the process size limit was hit
# Possible solutions:
#   Reduce memory load on the system
#   Increase physical memory or swap space
#   Check if swap backing store is full
#   Use 64 bit Java on a 64 bit OS
#   Decrease Java heap size (-Xmx/-Xms)
#   Decrease number of Java threads
#   Decrease Java thread stack sizes (-Xss)
#   Set larger code cache with -XX:ReservedCodeCacheSize=
# This output file may be truncated or incomplete.
#
#  Out of Memory Error (allocation.cpp:390), pid=14224, tid=0x0000000000002c74
#
# JRE version: Java(TM) SE Runtime Environment (8.0_92-b14) (build 1.8.0_92-b14)
# Java VM: Java HotSpot(TM) 64-Bit Server VM (25.92-b14 mixed mode windows-amd64 compressed oops)
# Failed to write core dump. Minidumps are not enabled by default on client versions of Windows
#

---------------  T H R E A D  ---------------

Current thread (0x00000000150bb800):  JavaThread "C2 CompilerThread1" daemon [_thread_in_native, id=11380, stack(0x00000000167b0000,0x00000000168b0000)]

Stack: [0x00000000167b0000,0x00000000168b0000]
[error occurred during error reporting (printing stack bounds), id 0xc0000005]

Native frames: (J=compiled Java code, j=interpreted, Vv=VM code, C=native code)


Current CompileTask:
C2:   8198 1839   !   4       com.android.dx.cf.cst.ConstantPoolParser::parse0 (731 bytes)


---------------  P R O C E S S  ---------------

Java Threads: ( => current thread )
  0x0000000016b7e800 JavaThread "pool-2-thread-4" [_thread_in_Java, id=8456, stack(0x00000000173b0000,0x00000000174b0000)]
  0x0000000016b78000 JavaThread "pool-2-thread-3" [_thread_blocked, id=8096, stack(0x00000000172b0000,0x00000000173b0000)]
  0x0000000016b79800 JavaThread "pool-2-thread-2" [_thread_blocked, id=7228, stack(0x00000000171b0000,0x00000000172b0000)]
  0x0000000016b78800 JavaThread "pool-3-thread-1" [_thread_blocked, id=15072, stack(0x00000000170b0000,0x00000000171b0000)]
  0x0000000016b7e000 JavaThread "pool-2-thread-1" [_thread_blocked, id=10544, stack(0x0000000016fb0000,0x00000000170b0000)]
  0x00000000168b5800 JavaThread "Service Thread" daemon [_thread_blocked, id=13612, stack(0x0000000016db0000,0x0000000016eb0000)]
  0x00000000150be800 JavaThread "C1 CompilerThread2" daemon [_thread_blocked, id=13940, stack(0x0000000016cb0000,0x0000000016db0000)]
=>0x00000000150bb800 JavaThread "C2 CompilerThread1" daemon [_thread_in_native, id=11380, stack(0x00000000167b0000,0x00000000168b0000)]
  0x000000001505f000 JavaThread "C2 CompilerThread0" daemon [_thread_in_native, id=15004, stack(0x00000000166b0000,0x00000000167b0000)]
  0x000000001505b000 JavaThread "Attach Listener" daemon [_thread_blocked, id=3092, stack(0x00000000165b0000,0x00000000166b0000)]
  0x000000001505a000 JavaThread "Signal Dispatcher" daemon [_thread_blocked, id=12092, stack(0x00000000164b0000,0x00000000165b0000)]
  0x000000000298b000 JavaThread "Finalizer" daemon [_thread_blocked, id=3244, stack(0x00000000162c0000,0x00000000163c0000)]
  0x0000000002980000 JavaThread "Reference Handler" daemon [_thread_blocked, id=13616, stack(0x00000000161c0000,0x00000000162c0000)]
  0x000000000102e000 JavaThread "main" [_thread_blocked, id=5596, stack(0x0000000002790000,0x0000000002890000)]

Other Threads:
  0x0000000015028000 VMThread [stack: 0x00000000160c0000,0x00000000161c0000] [id=14412]
  0x00000000168cb000 WatcherThread [stack: 0x0000000016eb0000,0x0000000016fb0000] [id=13656]

VM state:not at safepoint (normal execution)

VM Mutex/Monitor currently owned by a thread: None

Heap:
 PSYoungGen      total 66048K, used 19085K [0x00000000eab00000, 0x00000000eee00000, 0x0000000100000000)
  eden space 63488K, 26% used [0x00000000eab00000,0x00000000ebb23508,0x00000000ee900000)
  from space 2560K, 100% used [0x00000000eeb80000,0x00000000eee00000,0x00000000eee00000)
  to   space 2560K, 0% used [0x00000000ee900000,0x00000000ee900000,0x00000000eeb80000)
 ParOldGen       total 42496K, used 12404K [0x00000000c0000000, 0x00000000c2980000, 0x00000000eab00000)
  object space 42496K, 29% used [0x00000000c0000000,0x00000000c0c1d3b8,0x00000000c2980000)
 Metaspace       used 6327K, capacity 7154K, committed 7296K, reserved 1056768K
  class space    used 604K, capacity 618K, committed 640K, reserved 1048576K

Card table byte_map: [0x0000000011d50000,0x0000000011f60000] byte_map_base: 0x0000000011750000

Marking Bits: (ParMarkBitMap*) 0x0000000077a864f0
 Begin Bits: [0x00000000124c0000, 0x00000000134c0000)
 End Bits:   [0x00000000134c0000, 0x00000000144c0000)

Polling page: 0x00000000007e0000

CodeCache: size=245760Kb used=8093Kb max_used=8093Kb free=237666Kb
 bounds [0x0000000002990000, 0x0000000003190000, 0x0000000011990000]
 total_blobs=2109 nmethods=1839 adapters=182
 compilation: enabled

Compilation events (10 events):
Event: 7.864 Thread 0x00000000150bb800 nmethod 1781 0x0000000003138d90 code [0x0000000003138ee0, 0x0000000003138f78]
Event: 7.864 Thread 0x00000000150bb800 1835       4       java.util.BitSet::set (124 bytes)
Event: 7.868 Thread 0x00000000150bb800 nmethod 1835 0x00000000031491d0 code [0x0000000003149320, 0x0000000003149778]
Event: 7.868 Thread 0x00000000150bb800 1836       4       java.util.BitSet::checkRange (104 bytes)
Event: 7.869 Thread 0x00000000150bb800 nmethod 1836 0x0000000002fa0850 code [0x0000000002fa0980, 0x0000000002fa0a18]
Event: 7.890 Thread 0x00000000150bb800 1839   !   4       com.android.dx.cf.cst.ConstantPoolParser::parse0 (731 bytes)
Event: 8.017 Thread 0x00000000150be800 1842       3       java.util.concurrent.locks.AbstractQueuedSynchronizer$ConditionObject::doSignal (43 bytes)
Event: 8.017 Thread 0x00000000150be800 nmethod 1842 0x0000000003153710 code [0x0000000003153880, 0x0000000003153c08]
Event: 8.114 Thread 0x00000000150be800 1845       3       com.android.dx.cf.direct.StdAttributeFactory::sourceFile (94 bytes)
Event: 8.116 Thread 0x00000000150be800 nmethod 1845 0x000000000315fc90 code [0x0000000003160100, 0x00000000031629e8]

GC Heap History (8 events):
Event: 3.331 GC heap before
{Heap before GC invocations=1 (full 0):
 PSYoungGen      total 18432K, used 15872K [0x00000000eab00000, 0x00000000ebf80000, 0x0000000100000000)
  eden space 15872K, 100% used [0x00000000eab00000,0x00000000eba80000,0x00000000eba80000)
  from space 2560K, 0% used [0x00000000ebd00000,0x00000000ebd00000,0x00000000ebf80000)
  to   space 2560K, 0% used [0x00000000eba80000,0x00000000eba80000,0x00000000ebd00000)
 ParOldGen       total 42496K, used 0K [0x00000000c0000000, 0x00000000c2980000, 0x00000000eab00000)
  object space 42496K, 0% used [0x00000000c0000000,0x00000000c0000000,0x00000000c2980000)
 Metaspace       used 5433K, capacity 6384K, committed 6528K, reserved 1056768K
  class space    used 592K, capacity 616K, committed 640K, reserved 1048576K
Event: 3.566 GC heap after
Heap after GC invocations=1 (full 0):
 PSYoungGen      total 18432K, used 2550K [0x00000000eab00000, 0x00000000ecf00000, 0x0000000100000000)
  eden space 15872K, 0% used [0x00000000eab00000,0x00000000eab00000,0x00000000eba80000)
  from space 2560K, 99% used [0x00000000eba80000,0x00000000ebcfd968,0x00000000ebd00000)
  to   space 2560K, 0% used [0x00000000ecc80000,0x00000000ecc80000,0x00000000ecf00000)
 ParOldGen       total 42496K, used 616K [0x00000000c0000000, 0x00000000c2980000, 0x00000000eab00000)
  object space 42496K, 1% used [0x00000000c0000000,0x00000000c009a3f8,0x00000000c2980000)
 Metaspace       used 5433K, capacity 6384K, committed 6528K, reserved 1056768K
  class space    used 592K, capacity 616K, committed 640K, reserved 1048576K
}
Event: 4.404 GC heap before
{Heap before GC invocations=2 (full 0):
 PSYoungGen      total 18432K, used 18422K [0x00000000eab00000, 0x00000000ecf00000, 0x0000000100000000)
  eden space 15872K, 100% used [0x00000000eab00000,0x00000000eba80000,0x00000000eba80000)
  from space 2560K, 99% used [0x00000000eba80000,0x00000000ebcfd968,0x00000000ebd00000)
  to   space 2560K, 0% used [0x00000000ecc80000,0x00000000ecc80000,0x00000000ecf00000)
 ParOldGen       total 42496K, used 616K [0x00000000c0000000, 0x00000000c2980000, 0x00000000eab00000)
  object space 42496K, 1% used [0x00000000c0000000,0x00000000c009a3f8,0x00000000c2980000)
 Metaspace       used 5985K, capacity 6898K, committed 7040K, reserved 1056768K
  class space    used 597K, capacity 618K, committed 640K, reserved 1048576K
Event: 4.640 GC heap after
Heap after GC invocations=2 (full 0):
 PSYoungGen      total 34304K, used 2538K [0x00000000eab00000, 0x00000000ecf00000, 0x0000000100000000)
  eden space 31744K, 0% used [0x00000000eab00000,0x00000000eab00000,0x00000000eca00000)
  from space 2560K, 99% used [0x00000000ecc80000,0x00000000ecefaaa0,0x00000000ecf00000)
  to   space 2560K, 0% used [0x00000000eca00000,0x00000000eca00000,0x00000000ecc80000)
 ParOldGen       total 42496K, used 2217K [0x00000000c0000000, 0x00000000c2980000, 0x00000000eab00000)
  object space 42496K, 5% used [0x00000000c0000000,0x00000000c022a4a0,0x00000000c2980000)
 Metaspace       used 5985K, capacity 6898K, committed 7040K, reserved 1056768K
  class space    used 597K, capacity 618K, committed 640K, reserved 1048576K
}
Event: 6.787 GC heap before
{Heap before GC invocations=3 (full 0):
 PSYoungGen      total 34304K, used 34282K [0x00000000eab00000, 0x00000000ecf00000, 0x0000000100000000)
  eden space 31744K, 100% used [0x00000000eab00000,0x00000000eca00000,0x00000000eca00000)
  from space 2560K, 99% used [0x00000000ecc80000,0x00000000ecefaaa0,0x00000000ecf00000)
  to   space 2560K, 0% used [0x00000000eca00000,0x00000000eca00000,0x00000000ecc80000)
 ParOldGen       total 42496K, used 2217K [0x00000000c0000000, 0x00000000c2980000, 0x00000000eab00000)
  object space 42496K, 5% used [0x00000000c0000000,0x00000000c022a4a0,0x00000000c2980000)
 Metaspace       used 6241K, capacity 7090K, committed 7296K, reserved 1056768K
  class space    used 603K, capacity 618K, committed 640K, reserved 1048576K
Event: 6.832 GC heap after
Heap after GC invocations=3 (full 0):
 PSYoungGen      total 34304K, used 2560K [0x00000000eab00000, 0x00000000eee00000, 0x0000000100000000)
  eden space 31744K, 0% used [0x00000000eab00000,0x00000000eab00000,0x00000000eca00000)
  from space 2560K, 100% used [0x00000000eca00000,0x00000000ecc80000,0x00000000ecc80000)
  to   space 2560K, 0% used [0x00000000eeb80000,0x00000000eeb80000,0x00000000eee00000)
 ParOldGen       total 42496K, used 7043K [0x00000000c0000000, 0x00000000c2980000, 0x00000000eab00000)
  object space 42496K, 16% used [0x00000000c0000000,0x00000000c06e0c50,0x00000000c2980000)
 Metaspace       used 6241K, capacity 7090K, committed 7296K, reserved 1056768K
  class space    used 603K, capacity 618K, committed 640K, reserved 1048576K
}
Event: 7.384 GC heap before
{Heap before GC invocations=4 (full 0):
 PSYoungGen      total 34304K, used 34304K [0x00000000eab00000, 0x00000000eee00000, 0x0000000100000000)
  eden space 31744K, 100% used [0x00000000eab00000,0x00000000eca00000,0x00000000eca00000)
  from space 2560K, 100% used [0x00000000eca00000,0x00000000ecc80000,0x00000000ecc80000)
  to   space 2560K, 0% used [0x00000000eeb80000,0x00000000eeb80000,0x00000000eee00000)
 ParOldGen       total 42496K, used 7043K [0x00000000c0000000, 0x00000000c2980000, 0x00000000eab00000)
  object space 42496K, 16% used [0x00000000c0000000,0x00000000c06e0c50,0x00000000c2980000)
 Metaspace       used 6310K, capacity 7154K, committed 7296K, reserved 1056768K
  class space    used 604K, capacity 618K, committed 640K, reserved 1048576K
Event: 7.399 GC heap after
Heap after GC invocations=4 (full 0):
 PSYoungGen      total 66048K, used 2560K [0x00000000eab00000, 0x00000000eee00000, 0x0000000100000000)
  eden space 63488K, 0% used [0x00000000eab00000,0x00000000eab00000,0x00000000ee900000)
  from space 2560K, 100% used [0x00000000eeb80000,0x00000000eee00000,0x00000000eee00000)
  to   space 2560K, 0% used [0x00000000ee900000,0x00000000ee900000,0x00000000eeb80000)
 ParOldGen       total 42496K, used 12404K [0x00000000c0000000, 0x00000000c2980000, 0x00000000eab00000)
  object space 42496K, 29% used [0x00000000c0000000,0x00000000c0c1d3b8,0x00000000c2980000)
 Metaspace       used 6310K, capacity 7154K, committed 7296K, reserved 1056768K
  class space    used 604K, capacity 618K, committed 640K, reserved 1048576K
}

Deoptimization events (10 events):
Event: 6.967 Thread 0x000000000102e000 Uncommon trap: reason=unstable_if action=reinterpret pc=0x0000000002f212f8 method=com.android.dx.rop.cst.StdConstantPool.set(ILcom/android/dx/rop/cst/Constant;)V @ 12
Event: 6.967 Thread 0x000000000102e000 Uncommon trap: reason=unstable_if action=reinterpret pc=0x0000000002f13cb8 method=com.android.dx.rop.cst.StdConstantPool.set(ILcom/android/dx/rop/cst/Constant;)V @ 12
Event: 6.992 Thread 0x0000000016b7e800 Uncommon trap: reason=class_check action=maybe_recompile pc=0x0000000002e93054 method=com.android.dx.cf.code.BytecodeArray.parseInstruction(ILcom/android/dx/cf/code/BytecodeArray$Visitor;)I @ 1051
Event: 6.993 Thread 0x0000000016b7e800 Uncommon trap: reason=class_check action=maybe_recompile pc=0x0000000002e93054 method=com.android.dx.cf.code.BytecodeArray.parseInstruction(ILcom/android/dx/cf/code/BytecodeArray$Visitor;)I @ 1051
Event: 6.993 Thread 0x0000000016b7e800 Uncommon trap: reason=bimorphic action=maybe_recompile pc=0x0000000002f5db60 method=com.android.dx.rop.code.RegisterSpec.withSimpleType()Lcom/android/dx/rop/code/RegisterSpec; @ 21
Event: 7.034 Thread 0x0000000016b78000 Uncommon trap: reason=unstable_if action=reinterpret pc=0x000000000307b5d0 method=com.android.dx.rop.code.RegisterSpecSet.<init>(I)V @ 2
Event: 7.034 Thread 0x0000000016b78000 Uncommon trap: reason=unstable_if action=reinterpret pc=0x0000000002d76d44 method=com.android.dx.rop.code.RegisterSpecSet.<init>(I)V @ 2
Event: 7.300 Thread 0x0000000016b7e000 Uncommon trap: reason=unstable_if action=reinterpret pc=0x0000000002f3bee8 method=com.android.dx.ssa.SCCP.simulateBranch(Lcom/android/dx/ssa/SsaInsn;)V @ 64
Event: 7.300 Thread 0x0000000016b7e000 Uncommon trap: reason=unloaded action=reinterpret pc=0x0000000002f44ff8 method=com.android.dx.ssa.LiteralOpUpgrader$1.visitNonMoveInsn(Lcom/android/dx/ssa/NormalSsaInsn;)V @ 72
Event: 7.301 Thread 0x0000000016b7e000 Uncommon trap: reason=unstable_if action=reinterpret pc=0x0000000002e1041c method=com.android.dx.ssa.SsaMethod.updateOneDefinition(Lcom/android/dx/ssa/SsaInsn;Lcom/android/dx/rop/code/RegisterSpec;)V @ 4

Internal exceptions (4 events):
Event: 0.043 Thread 0x000000000102e000 Exception <a 'java/lang/NoSuchMethodError': Method sun.misc.Unsafe.defineClass(Ljava/lang/String;[BII)Ljava/lang/Class; name or signature does not match> (0x00000000eab07cc0) thrown at [D:\re\workspace\8-2-build-windows-amd64-cygwin\jdk8u92\6642\hotspot\srûò+P$¦?
Event: 0.043 Thread 0x000000000102e000 Exception <a 'java/lang/NoSuchMethodError': Method sun.misc.Unsafe.prefetchRead(Ljava/lang/Object;J)V name or signature does not match> (0x00000000eab07fa8) thrown at [D:\re\workspace\8-2-build-windows-amd64-cygwin\jdk8u92\6642\hotspot\src\share\vm\prims\j $»¢@
Event: 4.659 Thread 0x0000000016b7e000 Implicit null exception at 0x0000000002cfa1a2 to 0x0000000002cfa29a
Event: 4.938 Thread 0x0000000016b78000 Implicit null exception at 0x0000000002c8faab to 0x0000000002c91231

Events (10 events):
Event: 7.300 Thread 0x0000000016b7e000 Uncommon trap: trap_request=0x0000004e fr.pc=0x0000000002f44ff8
Event: 7.301 loading class com/android/dx/rop/code/RegOps
Event: 7.301 loading class com/android/dx/rop/code/RegOps done
Event: 7.301 Thread 0x0000000016b7e000 DEOPT PACKING pc=0x0000000002f44ff8 sp=0x00000000170ae590
Event: 7.301 Thread 0x0000000016b7e000 DEOPT UNPACKING pc=0x00000000029d582a sp=0x00000000170ae568 mode 2
Event: 7.301 Thread 0x0000000016b7e000 Uncommon trap: trap_request=0xffffff65 fr.pc=0x0000000002e1041c
Event: 7.301 Thread 0x0000000016b7e000 DEOPT PACKING pc=0x0000000002e1041c sp=0x00000000170ae3e0
Event: 7.301 Thread 0x0000000016b7e000 DEOPT UNPACKING pc=0x00000000029d582a sp=0x00000000170ae388 mode 2
Event: 7.372 Executing VM operation: ParallelGCFailedAllocation
Event: 7.399 Executing VM operation: ParallelGCFailedAllocation done


Dynamic libraries:
0x00007ff7acd50000 - 0x00007ff7acd87000 	C:\Program Files\Java\jdk1.8.0_92\bin\java.exe
0x00007ffb23a50000 - 0x00007ffb23c21000 	C:\WINDOWS\SYSTEM32\ntdll.dll
0x00007ffb21200000 - 0x00007ffb212ab000 	C:\WINDOWS\System32\KERNEL32.DLL
0x00007ffb20400000 - 0x00007ffb2061d000 	C:\WINDOWS\System32\KERNELBASE.dll
0x00007ffb237d0000 - 0x00007ffb23872000 	C:\WINDOWS\System32\ADVAPI32.dll
0x00007ffb23730000 - 0x00007ffb237ce000 	C:\WINDOWS\System32\msvcrt.dll
0x00007ffb21190000 - 0x00007ffb211e9000 	C:\WINDOWS\System32\sechost.dll
0x00007ffb22a10000 - 0x00007ffb22b31000 	C:\WINDOWS\System32\RPCRT4.dll
0x00007ffb22b40000 - 0x00007ffb22ca5000 	C:\WINDOWS\System32\USER32.dll
0x00007ffb1ff40000 - 0x00007ffb1ff5e000 	C:\WINDOWS\System32\win32u.dll
0x00007ffb23910000 - 0x00007ffb23944000 	C:\WINDOWS\System32\GDI32.dll
0x00007ffb1ff60000 - 0x00007ffb200e2000 	C:\WINDOWS\System32\gdi32full.dll
0x00007ffb132e0000 - 0x00007ffb1355a000 	C:\WINDOWS\WinSxS\amd64_microsoft.windows.common-controls_6595b64144ccf1df_6.0.14393.953_none_42151e83c686086b\COMCTL32.dll
0x00007ffb233d0000 - 0x00007ffb23698000 	C:\WINDOWS\System32\combase.dll
0x00007ffb20140000 - 0x00007ffb20235000 	C:\WINDOWS\System32\ucrtbase.dll
0x00007ffb20240000 - 0x00007ffb202aa000 	C:\WINDOWS\System32\bcryptPrimitives.dll
0x00007ffb23880000 - 0x00007ffb238ae000 	C:\WINDOWS\System32\IMM32.DLL
0x0000000076900000 - 0x00000000769d2000 	C:\Program Files\Java\jdk1.8.0_92\jre\bin\msvcr100.dll
0x0000000077270000 - 0x0000000077b06000 	C:\Program Files\Java\jdk1.8.0_92\jre\bin\server\jvm.dll
0x00007ffb227c0000 - 0x00007ffb227c8000 	C:\WINDOWS\System32\PSAPI.DLL
0x00007ffb1b720000 - 0x00007ffb1b729000 	C:\WINDOWS\SYSTEM32\WSOCK32.dll
0x00007ffb22e70000 - 0x00007ffb22eda000 	C:\WINDOWS\System32\WS2_32.dll
0x00007ffb1db40000 - 0x00007ffb1db63000 	C:\WINDOWS\SYSTEM32\WINMM.dll
0x00007ffb16970000 - 0x00007ffb1697a000 	C:\WINDOWS\SYSTEM32\VERSION.dll
0x0000000000bf0000 - 0x0000000000c1b000 	C:\WINDOWS\SYSTEM32\WINMMBASE.dll
0x00007ffb200f0000 - 0x00007ffb20132000 	C:\WINDOWS\System32\cfgmgr32.dll
0x00000000507c0000 - 0x00000000507cf000 	C:\Program Files\Java\jdk1.8.0_92\jre\bin\verify.dll
0x0000000050000000 - 0x0000000050029000 	C:\Program Files\Java\jdk1.8.0_92\jre\bin\java.dll
0x0000000077170000 - 0x0000000077186000 	C:\Program Files\Java\jdk1.8.0_92\jre\bin\zip.dll
0x00007ffb212b0000 - 0x00007ffb227b9000 	C:\WINDOWS\System32\SHELL32.dll
0x00007ffb207f0000 - 0x00007ffb20eca000 	C:\WINDOWS\System32\windows.storage.dll
0x00007ffb1fed0000 - 0x00007ffb1ff1c000 	C:\WINDOWS\System32\powrprof.dll
0x00007ffb236a0000 - 0x00007ffb236f2000 	C:\WINDOWS\System32\shlwapi.dll
0x00007ffb1fec0000 - 0x00007ffb1fecf000 	C:\WINDOWS\System32\kernel.appcore.dll
0x00007ffb20ed0000 - 0x00007ffb20f79000 	C:\WINDOWS\System32\shcore.dll
0x00007ffb1ff20000 - 0x00007ffb1ff34000 	C:\WINDOWS\System32\profapi.dll

VM Arguments:
jvm_args: -Djava.awt.headless=true -Xmx1024M -Dfile.encoding=windows-1252 -Duser.country=AU -Duser.language=en -Duser.variant 
java_command: com.android.dx.command.Main --dex --force-jumbo --num-threads=4 --multi-dex --output C:\Users\Jagadish\AndroidStudioProjects\SmartHemet\app\build\intermediates\transforms\dex\debug\folders\1000\10\internal_impl-23.4.0_279e8c387043e9255b52b130ba38cc9b16560b2f C:\Users\Jagadish\AndroidStudioProjects\SmartHemet\app\build\intermediates\exploded-aar\com.android.support\support-v4\23.4.0\jars\libs\internal_impl-23.4.0.jar
java_class_path (initial): C:\Users\Jagadish\AppData\Local\Android\sdk\build-tools\24.0.0\lib\dx.jar
Launcher Type: SUN_STANDARD

Environment Variables:
JAVA_HOME=C:\Program Files\Java\jdk1.8.0_92
PATH=C:\ProgramData\Oracle\Java\javapath;C:\Program Files (x86)\Lenovo\FusionEngine;C:\WINDOWS\system32;C:\WINDOWS;C:\WINDOWS\System32\Wbem;C:\WINDOWS\System32\WindowsPowerShell\v1.0\;C:\Program Files (x86)\GtkSharp\2.12\bin;C:\Program Files (x86)\Skype\Phone\;C:\Program Files\Microsoft SQL Server\130\Tools\Binn\;C:\Program Files (x86)\Windows Kits\10\Windows Performance Toolkit\;C:\Program Files\Microsoft SQL Server\120\Tools\Binn\;C:\Program Files\Git\cmd;C:\Program Files\nodejs\;C:\Program Files (x86)\Rational\ClearQuest;C:\Users\Jagadish\AppData\Local\Microsoft\WindowsApps;C:\Users\Jagadish\AppData\Roaming\npm
USERNAME=Jagadish
OS=Windows_NT
PROCESSOR_IDENTIFIER=Intel64 Family 6 Model 78 Stepping 3, GenuineIntel



---------------  S Y S T E M  ---------------

OS: Windows 10.0 , 64 bit Build 14393 (10.0.14393.0)

CPU:total 4 (2 cores per cpu, 2 threads per core) family 6 model 78 stepping 3, cmov, cx8, fxsr, mmx, sse, sse2, sse3, ssse3, sse4.1, sse4.2, popcnt, avx, avx2, aes, clmul, erms, 3dnowpref, lzcnt, ht, tsc, tscinvbit, bmi1, bmi2, adx

Memory: 4k page, physical 4050848k(533128k free), swap 8146848k(5768k free)

vm_info: Java HotSpot(TM) 64-Bit Server VM (25.92-b14) for windows-amd64 JRE (1.8.0_92-b14), built on Mar 31 2016 21:03:04 by "java_re" with MS VC++ 10.0 (VS2010)

time: Mon Apr 10 17:25:13 2017
elapsed time: 8 seconds (0d 0h 0m 8s)

