#
# There is insufficient memory for the Java Runtime Environment to continue.
# Native memory allocation (malloc) failed to allocate 419904 bytes for Chunk::new
# Possible reasons:
#   The system is out of physical RAM or swap space
#   In 32 bit mode, the process size limit was hit
# Possible solutions:
#   Reduce memory load on the system
#   Increase physical memory or swap space
#   Check if swap backing store is full
#   Use 64 bit Java on a 64 bit OS
#   Decrease Java heap size (-Xmx/-Xms)
#   Decrease number of Java threads
#   Decrease Java thread stack sizes (-Xss)
#   Set larger code cache with -XX:ReservedCodeCacheSize=
# This output file may be truncated or incomplete.
#
#  Out of Memory Error (allocation.cpp:390), pid=6244, tid=0x0000000000002bc8
#
# JRE version: Java(TM) SE Runtime Environment (8.0_92-b14) (build 1.8.0_92-b14)
# Java VM: Java HotSpot(TM) 64-Bit Server VM (25.92-b14 mixed mode windows-amd64 compressed oops)
# Failed to write core dump. Minidumps are not enabled by default on client versions of Windows
#

---------------  T H R E A D  ---------------

Current thread (0x0000000014c80800):  JavaThread "C2 CompilerThread0" daemon [_thread_in_native, id=11208, stack(0x00000000163c0000,0x00000000164c0000)]

Stack: [0x00000000163c0000,0x00000000164c0000]
[error occurred during error reporting (printing stack bounds), id 0xc0000005]

Native frames: (J=compiled Java code, j=interpreted, Vv=VM code, C=native code)


Current CompileTask:
C2:   1943 1259       4       com.android.dx.ssa.LocalVariableExtractor::processBlock (383 bytes)


---------------  P R O C E S S  ---------------

Java Threads: ( => current thread )
  0x000000001695c800 JavaThread "pool-2-thread-4" [_thread_in_Java, id=14148, stack(0x00000000170c0000,0x00000000171c0000)]
  0x00000000167ed000 JavaThread "pool-3-thread-1" [_thread_blocked, id=13860, stack(0x0000000016dc0000,0x0000000016ec0000)]
  0x00000000167ec000 JavaThread "pool-2-thread-1" [_thread_in_Java, id=952, stack(0x0000000016cc0000,0x0000000016dc0000)]
  0x00000000166f9000 JavaThread "Service Thread" daemon [_thread_blocked, id=3112, stack(0x0000000016ac0000,0x0000000016bc0000)]
  0x0000000014c92000 JavaThread "C1 CompilerThread2" daemon [_thread_blocked, id=14032, stack(0x00000000165c0000,0x00000000166c0000)]
  0x0000000014c83800 JavaThread "C2 CompilerThread1" daemon [_thread_in_native, id=10844, stack(0x00000000164c0000,0x00000000165c0000)]
=>0x0000000014c80800 JavaThread "C2 CompilerThread0" daemon [_thread_in_native, id=11208, stack(0x00000000163c0000,0x00000000164c0000)]
  0x0000000014c7c800 JavaThread "Attach Listener" daemon [_thread_blocked, id=1360, stack(0x00000000162c0000,0x00000000163c0000)]
  0x0000000014c7b800 JavaThread "Signal Dispatcher" daemon [_thread_blocked, id=2928, stack(0x00000000161c0000,0x00000000162c0000)]
  0x0000000014c6a800 JavaThread "Finalizer" daemon [_thread_blocked, id=13096, stack(0x0000000015ed0000,0x0000000015fd0000)]
  0x0000000014c49000 JavaThread "Reference Handler" daemon [_thread_blocked, id=7540, stack(0x0000000015dd0000,0x0000000015ed0000)]
  0x0000000000bfe000 JavaThread "main" [_thread_blocked, id=7592, stack(0x00000000023b0000,0x00000000024b0000)]

Other Threads:
  0x0000000014c47800 VMThread [stack: 0x0000000015cd0000,0x0000000015dd0000] [id=13984]
  0x0000000016700000 WatcherThread [stack: 0x0000000016bc0000,0x0000000016cc0000] [id=7712]

VM state:not at safepoint (normal execution)

VM Mutex/Monitor currently owned by a thread: None

Heap:
 PSYoungGen      total 34304K, used 25498K [0x00000000eab00000, 0x00000000eee00000, 0x0000000100000000)
  eden space 31744K, 72% used [0x00000000eab00000,0x00000000ec1672d0,0x00000000eca00000)
  from space 2560K, 99% used [0x00000000eca00000,0x00000000ecc7f650,0x00000000ecc80000)
  to   space 2560K, 0% used [0x00000000eeb80000,0x00000000eeb80000,0x00000000eee00000)
 ParOldGen       total 42496K, used 14083K [0x00000000c0000000, 0x00000000c2980000, 0x00000000eab00000)
  object space 42496K, 33% used [0x00000000c0000000,0x00000000c0dc0ed8,0x00000000c2980000)
 Metaspace       used 5861K, capacity 6960K, committed 7040K, reserved 1056768K
  class space    used 585K, capacity 616K, committed 640K, reserved 1048576K

Card table byte_map: [0x0000000011970000,0x0000000011b80000] byte_map_base: 0x0000000011370000

Marking Bits: (ParMarkBitMap*) 0x0000000077a864f0
 Begin Bits: [0x00000000120e0000, 0x00000000130e0000)
 End Bits:   [0x00000000130e0000, 0x00000000140e0000)

Polling page: 0x00000000003f0000

CodeCache: size=245760Kb used=5439Kb max_used=5439Kb free=240320Kb
 bounds [0x00000000025b0000, 0x0000000002b10000, 0x00000000115b0000]
 total_blobs=1544 nmethods=1282 adapters=175
 compilation: enabled

Compilation events (10 events):
Event: 1.455 Thread 0x0000000014c92000 1299 %     3       com.android.dx.ssa.SsaConverter::placePhiFunctions @ 103 (394 bytes)
Event: 1.459 Thread 0x0000000014c92000 nmethod 1299% 0x0000000002aef990 code [0x0000000002aeff20, 0x0000000002af3558]
Event: 1.486 Thread 0x0000000014c92000 1302       2       java.lang.Integer::bitCount (49 bytes)
Event: 1.486 Thread 0x0000000014c92000 nmethod 1302 0x0000000002af6d50 code [0x0000000002af6ea0, 0x0000000002af7010]
Event: 1.503 Thread 0x0000000014c92000 1303       2       com.android.dx.ssa.SsaMethod::makeNewSsaReg (26 bytes)
Event: 1.503 Thread 0x0000000014c92000 nmethod 1303 0x0000000002af7090 code [0x0000000002af71e0, 0x0000000002af7370]
Event: 1.510 Thread 0x0000000014c92000 1305       2       com.android.dx.ssa.back.FirstFitLocalCombiningAllocator::handleCheckCastResults (413 bytes)
Event: 1.513 Thread 0x0000000014c92000 nmethod 1305 0x0000000002af7410 code [0x0000000002af77e0, 0x0000000002af8918]
Event: 1.520 Thread 0x0000000014c92000 1306 %     3       com.android.dx.ssa.back.SsaToRop::removePhiFunctions @ 56 (83 bytes)
Event: 1.521 Thread 0x0000000014c92000 nmethod 1306% 0x0000000002afa890 code [0x0000000002afab60, 0x0000000002afbfc8]

GC Heap History (6 events):
Event: 0.650 GC heap before
{Heap before GC invocations=1 (full 0):
 PSYoungGen      total 18432K, used 15872K [0x00000000eab00000, 0x00000000ebf80000, 0x0000000100000000)
  eden space 15872K, 100% used [0x00000000eab00000,0x00000000eba80000,0x00000000eba80000)
  from space 2560K, 0% used [0x00000000ebd00000,0x00000000ebd00000,0x00000000ebf80000)
  to   space 2560K, 0% used [0x00000000eba80000,0x00000000eba80000,0x00000000ebd00000)
 ParOldGen       total 42496K, used 0K [0x00000000c0000000, 0x00000000c2980000, 0x00000000eab00000)
  object space 42496K, 0% used [0x00000000c0000000,0x00000000c0000000,0x00000000c2980000)
 Metaspace       used 5582K, capacity 6704K, committed 6784K, reserved 1056768K
  class space    used 581K, capacity 616K, committed 640K, reserved 1048576K
Event: 0.660 GC heap after
Heap after GC invocations=1 (full 0):
 PSYoungGen      total 18432K, used 2532K [0x00000000eab00000, 0x00000000ecf00000, 0x0000000100000000)
  eden space 15872K, 0% used [0x00000000eab00000,0x00000000eab00000,0x00000000eba80000)
  from space 2560K, 98% used [0x00000000eba80000,0x00000000ebcf93e0,0x00000000ebd00000)
  to   space 2560K, 0% used [0x00000000ecc80000,0x00000000ecc80000,0x00000000ecf00000)
 ParOldGen       total 42496K, used 1874K [0x00000000c0000000, 0x00000000c2980000, 0x00000000eab00000)
  object space 42496K, 4% used [0x00000000c0000000,0x00000000c01d4b48,0x00000000c2980000)
 Metaspace       used 5582K, capacity 6704K, committed 6784K, reserved 1056768K
  class space    used 581K, capacity 616K, committed 640K, reserved 1048576K
}
Event: 1.060 GC heap before
{Heap before GC invocations=2 (full 0):
 PSYoungGen      total 18432K, used 18404K [0x00000000eab00000, 0x00000000ecf00000, 0x0000000100000000)
  eden space 15872K, 100% used [0x00000000eab00000,0x00000000eba80000,0x00000000eba80000)
  from space 2560K, 98% used [0x00000000eba80000,0x00000000ebcf93e0,0x00000000ebd00000)
  to   space 2560K, 0% used [0x00000000ecc80000,0x00000000ecc80000,0x00000000ecf00000)
 ParOldGen       total 42496K, used 1874K [0x00000000c0000000, 0x00000000c2980000, 0x00000000eab00000)
  object space 42496K, 4% used [0x00000000c0000000,0x00000000c01d4b48,0x00000000c2980000)
 Metaspace       used 5745K, capacity 6896K, committed 7040K, reserved 1056768K
  class space    used 583K, capacity 616K, committed 640K, reserved 1048576K
Event: 1.091 GC heap after
Heap after GC invocations=2 (full 0):
 PSYoungGen      total 34304K, used 2530K [0x00000000eab00000, 0x00000000ecf00000, 0x0000000100000000)
  eden space 31744K, 0% used [0x00000000eab00000,0x00000000eab00000,0x00000000eca00000)
  from space 2560K, 98% used [0x00000000ecc80000,0x00000000ecef8a70,0x00000000ecf00000)
  to   space 2560K, 0% used [0x00000000eca00000,0x00000000eca00000,0x00000000ecc80000)
 ParOldGen       total 42496K, used 5370K [0x00000000c0000000, 0x00000000c2980000, 0x00000000eab00000)
  object space 42496K, 12% used [0x00000000c0000000,0x00000000c053ea08,0x00000000c2980000)
 Metaspace       used 5745K, capacity 6896K, committed 7040K, reserved 1056768K
  class space    used 583K, capacity 616K, committed 640K, reserved 1048576K
}
Event: 1.323 GC heap before
{Heap before GC invocations=3 (full 0):
 PSYoungGen      total 34304K, used 34274K [0x00000000eab00000, 0x00000000ecf00000, 0x0000000100000000)
  eden space 31744K, 100% used [0x00000000eab00000,0x00000000eca00000,0x00000000eca00000)
  from space 2560K, 98% used [0x00000000ecc80000,0x00000000ecef8a70,0x00000000ecf00000)
  to   space 2560K, 0% used [0x00000000eca00000,0x00000000eca00000,0x00000000ecc80000)
 ParOldGen       total 42496K, used 5370K [0x00000000c0000000, 0x00000000c2980000, 0x00000000eab00000)
  object space 42496K, 12% used [0x00000000c0000000,0x00000000c053ea08,0x00000000c2980000)
 Metaspace       used 5846K, capacity 6960K, committed 7040K, reserved 1056768K
  class space    used 585K, capacity 616K, committed 640K, reserved 1048576K
Event: 1.345 GC heap after
Heap after GC invocations=3 (full 0):
 PSYoungGen      total 34304K, used 2557K [0x00000000eab00000, 0x00000000eee00000, 0x0000000100000000)
  eden space 31744K, 0% used [0x00000000eab00000,0x00000000eab00000,0x00000000eca00000)
  from space 2560K, 99% used [0x00000000eca00000,0x00000000ecc7f650,0x00000000ecc80000)
  to   space 2560K, 0% used [0x00000000eeb80000,0x00000000eeb80000,0x00000000eee00000)
 ParOldGen       total 42496K, used 14083K [0x00000000c0000000, 0x00000000c2980000, 0x00000000eab00000)
  object space 42496K, 33% used [0x00000000c0000000,0x00000000c0dc0ed8,0x00000000c2980000)
 Metaspace       used 5846K, capacity 6960K, committed 7040K, reserved 1056768K
  class space    used 585K, capacity 616K, committed 640K, reserved 1048576K
}

Deoptimization events (10 events):
Event: 0.563 Thread 0x0000000016956800 Uncommon trap: reason=unstable_if action=reinterpret pc=0x00000000027abbdc method=java.util.HashMap.getNode(ILjava/lang/Object;)Ljava/util/HashMap$Node; @ 129
Event: 0.764 Thread 0x000000001695b800 Uncommon trap: reason=null_check action=make_not_entrant pc=0x00000000028e7f50 method=com.android.dx.ssa.SsaRenamer.getLocalForNewReg(I)Lcom/android/dx/rop/code/LocalItem; @ 19
Event: 0.764 Thread 0x000000001695b800 Uncommon trap: reason=null_check action=make_not_entrant pc=0x000000000289a7ac method=com.android.dx.ssa.SsaRenamer.getLocalForNewReg(I)Lcom/android/dx/rop/code/LocalItem; @ 19
Event: 1.104 Thread 0x0000000000bfe000 Uncommon trap: reason=unstable_if action=reinterpret pc=0x0000000002a40418 method=com.android.dx.cf.code.ByteCatchList.listFor(I)Lcom/android/dx/cf/code/ByteCatchList; @ 19
Event: 1.173 Thread 0x0000000016956800 Uncommon trap: reason=class_check action=maybe_recompile pc=0x000000000297d92c method=com.android.dx.ssa.NormalSsaInsn.accept(Lcom/android/dx/ssa/SsaInsn$Visitor;)V @ 9
Event: 1.174 Thread 0x0000000016956800 Uncommon trap: reason=class_check action=maybe_recompile pc=0x000000000297d92c method=com.android.dx.ssa.NormalSsaInsn.accept(Lcom/android/dx/ssa/SsaInsn$Visitor;)V @ 9
Event: 1.174 Thread 0x0000000016956800 Uncommon trap: reason=class_check action=maybe_recompile pc=0x000000000297d92c method=com.android.dx.ssa.NormalSsaInsn.accept(Lcom/android/dx/ssa/SsaInsn$Visitor;)V @ 9
Event: 1.177 Thread 0x0000000016956800 Uncommon trap: reason=class_check action=maybe_recompile pc=0x000000000297d92c method=com.android.dx.ssa.NormalSsaInsn.accept(Lcom/android/dx/ssa/SsaInsn$Visitor;)V @ 9
Event: 1.177 Thread 0x0000000016956800 Uncommon trap: reason=class_check action=maybe_recompile pc=0x0000000002979c0c method=com.android.dx.ssa.NormalSsaInsn.accept(Lcom/android/dx/ssa/SsaInsn$Visitor;)V @ 9
Event: 1.307 Thread 0x000000001695b800 Uncommon trap: reason=unstable_if action=reinterpret pc=0x0000000002a0a184 method=com.android.dx.ssa.SCCP.simulateStmt(Lcom/android/dx/ssa/SsaInsn;)V @ 469

Internal exceptions (4 events):
Event: 0.124 Thread 0x0000000000bfe000 Exception <a 'java/lang/NoSuchMethodError': Method sun.misc.Unsafe.defineClass(Ljava/lang/String;[BII)Ljava/lang/Class; name or signature does not match> (0x00000000eab07cc0) thrown at [D:\re\workspace\8-2-build-windows-amd64-cygwin\jdk8u92\6642\hotspot\sr+àŽ>•£¿?
Event: 0.124 Thread 0x0000000000bfe000 Exception <a 'java/lang/NoSuchMethodError': Method sun.misc.Unsafe.prefetchRead(Ljava/lang/Object;J)V name or signature does not match> (0x00000000eab07fa8) thrown at [D:\re\workspace\8-2-build-windows-amd64-cygwin\jdk8u92\6642\hotspot\src\share\vm\prims\jf.rºpè?
Event: 0.764 Thread 0x000000001695b800 Implicit null exception at 0x00000000028e61ad to 0x00000000028e7f05
Event: 0.764 Thread 0x000000001695b800 Implicit null exception at 0x0000000002898ce6 to 0x000000000289a78d

Events (10 events):
Event: 1.307 Thread 0x000000001695b800 DEOPT PACKING pc=0x0000000002a0a184 sp=0x00000000170be790
Event: 1.307 Thread 0x000000001695b800 DEOPT UNPACKING pc=0x00000000025f582a sp=0x00000000170be760 mode 2
Event: 1.323 Executing VM operation: ParallelGCFailedAllocation
Event: 1.345 Executing VM operation: ParallelGCFailedAllocation done
Event: 1.389 Thread 0x000000001695b800 Thread exited: 0x000000001695b800
Event: 1.404 Thread 0x0000000016956800 Thread exited: 0x0000000016956800
Event: 1.412 Thread 0x000000001695c800 DEOPT PACKING pc=0x00000000028aed44 sp=0x00000000171be7a0
Event: 1.412 Thread 0x000000001695c800 DEOPT UNPACKING pc=0x00000000025f787f sp=0x00000000171be4b8 mode 0
Event: 1.414 Thread 0x00000000167ec000 DEOPT PACKING pc=0x0000000002a7955a sp=0x0000000016dbeaa0
Event: 1.414 Thread 0x00000000167ec000 DEOPT UNPACKING pc=0x00000000025f787f sp=0x0000000016dbe7f0 mode 0


Dynamic libraries:
0x00007ff7acd50000 - 0x00007ff7acd87000 	C:\Program Files\Java\jdk1.8.0_92\bin\java.exe
0x00007ffb23a50000 - 0x00007ffb23c21000 	C:\WINDOWS\SYSTEM32\ntdll.dll
0x00007ffb21200000 - 0x00007ffb212ab000 	C:\WINDOWS\System32\KERNEL32.DLL
0x00007ffb20400000 - 0x00007ffb2061d000 	C:\WINDOWS\System32\KERNELBASE.dll
0x00007ffb237d0000 - 0x00007ffb23872000 	C:\WINDOWS\System32\ADVAPI32.dll
0x00007ffb23730000 - 0x00007ffb237ce000 	C:\WINDOWS\System32\msvcrt.dll
0x00007ffb21190000 - 0x00007ffb211e9000 	C:\WINDOWS\System32\sechost.dll
0x00007ffb22a10000 - 0x00007ffb22b31000 	C:\WINDOWS\System32\RPCRT4.dll
0x00007ffb22b40000 - 0x00007ffb22ca5000 	C:\WINDOWS\System32\USER32.dll
0x00007ffb1ff40000 - 0x00007ffb1ff5e000 	C:\WINDOWS\System32\win32u.dll
0x00007ffb23910000 - 0x00007ffb23944000 	C:\WINDOWS\System32\GDI32.dll
0x00007ffb1ff60000 - 0x00007ffb200e2000 	C:\WINDOWS\System32\gdi32full.dll
0x00007ffb132e0000 - 0x00007ffb1355a000 	C:\WINDOWS\WinSxS\amd64_microsoft.windows.common-controls_6595b64144ccf1df_6.0.14393.953_none_42151e83c686086b\COMCTL32.dll
0x00007ffb233d0000 - 0x00007ffb23698000 	C:\WINDOWS\System32\combase.dll
0x00007ffb20140000 - 0x00007ffb20235000 	C:\WINDOWS\System32\ucrtbase.dll
0x00007ffb20240000 - 0x00007ffb202aa000 	C:\WINDOWS\System32\bcryptPrimitives.dll
0x00007ffb23880000 - 0x00007ffb238ae000 	C:\WINDOWS\System32\IMM32.DLL
0x0000000076900000 - 0x00000000769d2000 	C:\Program Files\Java\jdk1.8.0_92\jre\bin\msvcr100.dll
0x0000000077270000 - 0x0000000077b06000 	C:\Program Files\Java\jdk1.8.0_92\jre\bin\server\jvm.dll
0x00007ffb227c0000 - 0x00007ffb227c8000 	C:\WINDOWS\System32\PSAPI.DLL
0x00007ffb1b720000 - 0x00007ffb1b729000 	C:\WINDOWS\SYSTEM32\WSOCK32.dll
0x00007ffb22e70000 - 0x00007ffb22eda000 	C:\WINDOWS\System32\WS2_32.dll
0x00007ffb1db40000 - 0x00007ffb1db63000 	C:\WINDOWS\SYSTEM32\WINMM.dll
0x00007ffb16970000 - 0x00007ffb1697a000 	C:\WINDOWS\SYSTEM32\VERSION.dll
0x00007ffb1d940000 - 0x00007ffb1d96b000 	C:\WINDOWS\SYSTEM32\WINMMBASE.dll
0x00007ffb200f0000 - 0x00007ffb20132000 	C:\WINDOWS\System32\cfgmgr32.dll
0x00000000507c0000 - 0x00000000507cf000 	C:\Program Files\Java\jdk1.8.0_92\jre\bin\verify.dll
0x0000000050000000 - 0x0000000050029000 	C:\Program Files\Java\jdk1.8.0_92\jre\bin\java.dll
0x0000000077170000 - 0x0000000077186000 	C:\Program Files\Java\jdk1.8.0_92\jre\bin\zip.dll
0x00007ffb212b0000 - 0x00007ffb227b9000 	C:\WINDOWS\System32\SHELL32.dll
0x00007ffb207f0000 - 0x00007ffb20eca000 	C:\WINDOWS\System32\windows.storage.dll
0x00007ffb1fed0000 - 0x00007ffb1ff1c000 	C:\WINDOWS\System32\powrprof.dll
0x00007ffb236a0000 - 0x00007ffb236f2000 	C:\WINDOWS\System32\shlwapi.dll
0x00007ffb1fec0000 - 0x00007ffb1fecf000 	C:\WINDOWS\System32\kernel.appcore.dll
0x00007ffb20ed0000 - 0x00007ffb20f79000 	C:\WINDOWS\System32\shcore.dll
0x00007ffb1ff20000 - 0x00007ffb1ff34000 	C:\WINDOWS\System32\profapi.dll

VM Arguments:
jvm_args: -Djava.awt.headless=true -Xmx1024M -Dfile.encoding=windows-1252 -Duser.country=AU -Duser.language=en -Duser.variant 
java_command: com.android.dx.command.Main --dex --force-jumbo --num-threads=4 --multi-dex --output C:\Users\Jagadish\AndroidStudioProjects\SmartHemet\app\build\intermediates\transforms\dex\debug\folders\1000\5\slice_8 C:\Users\Jagadish\AndroidStudioProjects\SmartHemet\app\build\intermediates\transforms\instantRunSlicer\debug\folders\1\5\slice_8
java_class_path (initial): C:\Users\Jagadish\AppData\Local\Android\sdk\build-tools\24.0.0\lib\dx.jar
Launcher Type: SUN_STANDARD

Environment Variables:
JAVA_HOME=C:\Program Files\Java\jdk1.8.0_92
PATH=C:\ProgramData\Oracle\Java\javapath;C:\Program Files (x86)\Lenovo\FusionEngine;C:\WINDOWS\system32;C:\WINDOWS;C:\WINDOWS\System32\Wbem;C:\WINDOWS\System32\WindowsPowerShell\v1.0\;C:\Program Files (x86)\GtkSharp\2.12\bin;C:\Program Files (x86)\Skype\Phone\;C:\Program Files\Microsoft SQL Server\130\Tools\Binn\;C:\Program Files (x86)\Windows Kits\10\Windows Performance Toolkit\;C:\Program Files\Microsoft SQL Server\120\Tools\Binn\;C:\Program Files\Git\cmd;C:\Program Files\nodejs\;C:\Program Files (x86)\Rational\ClearQuest;C:\Users\Jagadish\AppData\Local\Microsoft\WindowsApps;C:\Users\Jagadish\AppData\Roaming\npm
USERNAME=Jagadish
OS=Windows_NT
PROCESSOR_IDENTIFIER=Intel64 Family 6 Model 78 Stepping 3, GenuineIntel



---------------  S Y S T E M  ---------------

OS: Windows 10.0 , 64 bit Build 14393 (10.0.14393.0)

CPU:total 4 (2 cores per cpu, 2 threads per core) family 6 model 78 stepping 3, cmov, cx8, fxsr, mmx, sse, sse2, sse3, ssse3, sse4.1, sse4.2, popcnt, avx, avx2, aes, clmul, erms, 3dnowpref, lzcnt, ht, tsc, tscinvbit, bmi1, bmi2, adx

Memory: 4k page, physical 4050848k(342836k free), swap 8146848k(2872k free)

vm_info: Java HotSpot(TM) 64-Bit Server VM (25.92-b14) for windows-amd64 JRE (1.8.0_92-b14), built on Mar 31 2016 21:03:04 by "java_re" with MS VC++ 10.0 (VS2010)

time: Mon Apr 10 15:04:57 2017
elapsed time: 3 seconds (0d 0h 0m 3s)

