#
# There is insufficient memory for the Java Runtime Environment to continue.
# Native memory allocation (malloc) failed to allocate 90736 bytes for Chunk::new
# Possible reasons:
#   The system is out of physical RAM or swap space
#   In 32 bit mode, the process size limit was hit
# Possible solutions:
#   Reduce memory load on the system
#   Increase physical memory or swap space
#   Check if swap backing store is full
#   Use 64 bit Java on a 64 bit OS
#   Decrease Java heap size (-Xmx/-Xms)
#   Decrease number of Java threads
#   Decrease Java thread stack sizes (-Xss)
#   Set larger code cache with -XX:ReservedCodeCacheSize=
# This output file may be truncated or incomplete.
#
#  Out of Memory Error (allocation.cpp:390), pid=12768, tid=0x000000000000365c
#
# JRE version: Java(TM) SE Runtime Environment (8.0_92-b14) (build 1.8.0_92-b14)
# Java VM: Java HotSpot(TM) 64-Bit Server VM (25.92-b14 mixed mode windows-amd64 compressed oops)
# Failed to write core dump. Minidumps are not enabled by default on client versions of Windows
#

---------------  T H R E A D  ---------------

Current thread (0x00000000158ff000):  JavaThread "C2 CompilerThread0" daemon [_thread_in_native, id=13916, stack(0x0000000016f50000,0x0000000017050000)]

Stack: [0x0000000016f50000,0x0000000017050000]
[error occurred during error reporting (printing stack bounds), id 0xc0000005]

Native frames: (J=compiled Java code, j=interpreted, Vv=VM code, C=native code)


Current CompileTask:
C2:   2880  794       4       java.util.HashMap::getNode (148 bytes)


---------------  P R O C E S S  ---------------

Java Threads: ( => current thread )
  0x00000000174a2800 JavaThread "pool-2-thread-4" [_thread_in_Java, id=2336, stack(0x0000000017c50000,0x0000000017d50000)]
  0x000000001749f800 JavaThread "pool-2-thread-3" [_thread_in_Java, id=1780, stack(0x0000000017b50000,0x0000000017c50000)]
  0x00000000174f8800 JavaThread "pool-2-thread-2" [_thread_in_Java, id=468, stack(0x0000000017a50000,0x0000000017b50000)]
  0x00000000174bd800 JavaThread "pool-3-thread-1" [_thread_blocked, id=3092, stack(0x0000000017950000,0x0000000017a50000)]
  0x00000000174e8000 JavaThread "pool-2-thread-1" [_thread_in_Java, id=6792, stack(0x0000000017850000,0x0000000017950000)]
  0x000000001725d800 JavaThread "Service Thread" daemon [_thread_blocked, id=8244, stack(0x0000000017650000,0x0000000017750000)]
  0x000000001595b000 JavaThread "C1 CompilerThread2" daemon [_thread_blocked, id=14224, stack(0x0000000017150000,0x0000000017250000)]
  0x0000000015902000 JavaThread "C2 CompilerThread1" daemon [_thread_in_native, id=13536, stack(0x0000000017050000,0x0000000017150000)]
=>0x00000000158ff000 JavaThread "C2 CompilerThread0" daemon [_thread_in_native, id=13916, stack(0x0000000016f50000,0x0000000017050000)]
  0x00000000158fb000 JavaThread "Attach Listener" daemon [_thread_blocked, id=13072, stack(0x0000000016e50000,0x0000000016f50000)]
  0x00000000158f9800 JavaThread "Signal Dispatcher" daemon [_thread_blocked, id=4460, stack(0x0000000016d50000,0x0000000016e50000)]
  0x000000000322a800 JavaThread "Finalizer" daemon [_thread_blocked, id=4296, stack(0x0000000016b60000,0x0000000016c60000)]
  0x0000000003220000 JavaThread "Reference Handler" daemon [_thread_blocked, id=6188, stack(0x0000000016a60000,0x0000000016b60000)]
  0x0000000002f9e000 JavaThread "main" [_thread_in_Java, id=12504, stack(0x0000000003030000,0x0000000003130000)]

Other Threads:
  0x00000000158c7800 VMThread [stack: 0x0000000016960000,0x0000000016a60000] [id=9404]
  0x0000000017256000 WatcherThread [stack: 0x0000000017750000,0x0000000017850000] [id=13756]

VM state:not at safepoint (normal execution)

VM Mutex/Monitor currently owned by a thread: None

Heap:
 PSYoungGen      total 18432K, used 12195K [0x00000000eab00000, 0x00000000ebf80000, 0x0000000100000000)
  eden space 15872K, 60% used [0x00000000eab00000,0x00000000eb46dbb0,0x00000000eba80000)
  from space 2560K, 99% used [0x00000000ebd00000,0x00000000ebf7b328,0x00000000ebf80000)
  to   space 2560K, 0% used [0x00000000eba80000,0x00000000eba80000,0x00000000ebd00000)
 ParOldGen       total 17920K, used 10284K [0x00000000c0000000, 0x00000000c1180000, 0x00000000eab00000)
  object space 17920K, 57% used [0x00000000c0000000,0x00000000c0a0b3f0,0x00000000c1180000)
 Metaspace       used 6127K, capacity 7026K, committed 7296K, reserved 1060864K
  class space    used 603K, capacity 618K, committed 640K, reserved 1048576K

Card table byte_map: [0x00000000125f0000,0x0000000012800000] byte_map_base: 0x0000000011ff0000

Marking Bits: (ParMarkBitMap*) 0x0000000077a864f0
 Begin Bits: [0x0000000012d60000, 0x0000000013d60000)
 End Bits:   [0x0000000013d60000, 0x0000000014d60000)

Polling page: 0x0000000001390000

CodeCache: size=245760Kb used=3443Kb max_used=3443Kb free=242316Kb
 bounds [0x0000000003230000, 0x0000000003590000, 0x0000000012230000]
 total_blobs=1120 nmethods=848 adapters=182
 compilation: disabled (not enough contiguous free space left)

Compilation events (10 events):
Event: 2.331 Thread 0x00000000158ff000 nmethod 781 0x0000000003508a50 code [0x0000000003508b80, 0x0000000003508cf8]
Event: 2.332 Thread 0x0000000015902000  783       4       java.util.ArrayList::remove (69 bytes)
Event: 2.333 Thread 0x00000000158ff000  784       4       com.android.dx.rop.code.RegisterSpec::getCategory (13 bytes)
Event: 2.334 Thread 0x00000000158ff000 nmethod 784 0x00000000035266d0 code [0x0000000003526820, 0x00000000035268f8]
Event: 2.335 Thread 0x0000000015902000 nmethod 783 0x00000000035085d0 code [0x0000000003508720, 0x00000000035088b8]
Event: 2.339 Thread 0x0000000015902000  791       4       java.util.BitSet::<init> (56 bytes)
Event: 2.340 Thread 0x0000000015902000 nmethod 791 0x0000000003516450 code [0x00000000035165a0, 0x00000000035166f8]
Event: 2.341 Thread 0x00000000158ff000  794       4       java.util.HashMap::getNode (148 bytes)
Event: 2.342 Thread 0x0000000015902000  797       4       com.android.dx.ssa.NormalSsaInsn::getSources (8 bytes)
Event: 2.343 Thread 0x0000000015902000 nmethod 797 0x00000000034fe2d0 code [0x00000000034fe400, 0x00000000034fe478]

GC Heap History (6 events):
Event: 1.486 GC heap before
{Heap before GC invocations=1 (full 0):
 PSYoungGen      total 18432K, used 15872K [0x00000000eab00000, 0x00000000ebf80000, 0x0000000100000000)
  eden space 15872K, 100% used [0x00000000eab00000,0x00000000eba80000,0x00000000eba80000)
  from space 2560K, 0% used [0x00000000ebd00000,0x00000000ebd00000,0x00000000ebf80000)
  to   space 2560K, 0% used [0x00000000eba80000,0x00000000eba80000,0x00000000ebd00000)
 ParOldGen       total 42496K, used 0K [0x00000000c0000000, 0x00000000c2980000, 0x00000000eab00000)
  object space 42496K, 0% used [0x00000000c0000000,0x00000000c0000000,0x00000000c2980000)
 Metaspace       used 3936K, capacity 5040K, committed 5120K, reserved 1056768K
  class space    used 442K, capacity 488K, committed 512K, reserved 1048576K
Event: 1.501 GC heap after
Heap after GC invocations=1 (full 0):
 PSYoungGen      total 18432K, used 1445K [0x00000000eab00000, 0x00000000ebf80000, 0x0000000100000000)
  eden space 15872K, 0% used [0x00000000eab00000,0x00000000eab00000,0x00000000eba80000)
  from space 2560K, 56% used [0x00000000eba80000,0x00000000ebbe9618,0x00000000ebd00000)
  to   space 2560K, 0% used [0x00000000ebd00000,0x00000000ebd00000,0x00000000ebf80000)
 ParOldGen       total 42496K, used 0K [0x00000000c0000000, 0x00000000c2980000, 0x00000000eab00000)
  object space 42496K, 0% used [0x00000000c0000000,0x00000000c0000000,0x00000000c2980000)
 Metaspace       used 3936K, capacity 5040K, committed 5120K, reserved 1056768K
  class space    used 442K, capacity 488K, committed 512K, reserved 1048576K
}
Event: 1.512 GC heap before
{Heap before GC invocations=2 (full 0):
 PSYoungGen      total 18432K, used 2712K [0x00000000eab00000, 0x00000000ebf80000, 0x0000000100000000)
  eden space 15872K, 7% used [0x00000000eab00000,0x00000000eac3ca50,0x00000000eba80000)
  from space 2560K, 56% used [0x00000000eba80000,0x00000000ebbe9618,0x00000000ebd00000)
  to   space 2560K, 0% used [0x00000000ebd00000,0x00000000ebd00000,0x00000000ebf80000)
 ParOldGen       total 42496K, used 0K [0x00000000c0000000, 0x00000000c2980000, 0x00000000eab00000)
  object space 42496K, 0% used [0x00000000c0000000,0x00000000c0000000,0x00000000c2980000)
 Metaspace       used 3951K, capacity 5040K, committed 5120K, reserved 1060864K
  class space    used 443K, capacity 488K, committed 512K, reserved 1048576K
Event: 1.517 GC heap after
Heap after GC invocations=2 (full 0):
 PSYoungGen      total 18432K, used 1079K [0x00000000eab00000, 0x00000000ebf80000, 0x0000000100000000)
  eden space 15872K, 0% used [0x00000000eab00000,0x00000000eab00000,0x00000000eba80000)
  from space 2560K, 42% used [0x00000000ebd00000,0x00000000ebe0dc60,0x00000000ebf80000)
  to   space 2560K, 0% used [0x00000000eba80000,0x00000000eba80000,0x00000000ebd00000)
 ParOldGen       total 42496K, used 8K [0x00000000c0000000, 0x00000000c2980000, 0x00000000eab00000)
  object space 42496K, 0% used [0x00000000c0000000,0x00000000c0002000,0x00000000c2980000)
 Metaspace       used 3951K, capacity 5040K, committed 5120K, reserved 1060864K
  class space    used 443K, capacity 488K, committed 512K, reserved 1048576K
}
Event: 1.517 GC heap before
{Heap before GC invocations=3 (full 1):
 PSYoungGen      total 18432K, used 1079K [0x00000000eab00000, 0x00000000ebf80000, 0x0000000100000000)
  eden space 15872K, 0% used [0x00000000eab00000,0x00000000eab00000,0x00000000eba80000)
  from space 2560K, 42% used [0x00000000ebd00000,0x00000000ebe0dc60,0x00000000ebf80000)
  to   space 2560K, 0% used [0x00000000eba80000,0x00000000eba80000,0x00000000ebd00000)
 ParOldGen       total 42496K, used 8K [0x00000000c0000000, 0x00000000c2980000, 0x00000000eab00000)
  object space 42496K, 0% used [0x00000000c0000000,0x00000000c0002000,0x00000000c2980000)
 Metaspace       used 3951K, capacity 5040K, committed 5120K, reserved 1060864K
  class space    used 443K, capacity 488K, committed 512K, reserved 1048576K
Event: 1.529 GC heap after
Heap after GC invocations=3 (full 1):
 PSYoungGen      total 18432K, used 0K [0x00000000eab00000, 0x00000000ebf80000, 0x0000000100000000)
  eden space 15872K, 0% used [0x00000000eab00000,0x00000000eab00000,0x00000000eba80000)
  from space 2560K, 0% used [0x00000000ebd00000,0x00000000ebd00000,0x00000000ebf80000)
  to   space 2560K, 0% used [0x00000000eba80000,0x00000000eba80000,0x00000000ebd00000)
 ParOldGen       total 17920K, used 952K [0x00000000c0000000, 0x00000000c1180000, 0x00000000eab00000)
  object space 17920K, 5% used [0x00000000c0000000,0x00000000c00ee1b8,0x00000000c1180000)
 Metaspace       used 3951K, capacity 5040K, committed 5120K, reserved 1058816K
  class space    used 443K, capacity 488K, committed 512K, reserved 1048576K
}

Deoptimization events (2 events):
Event: 0.926 Thread 0x0000000002f9e000 Uncommon trap: reason=unstable_if action=reinterpret pc=0x000000000338c954 method=java.lang.String.compareTo(Ljava/lang/String;)I @ 38
Event: 2.142 Thread 0x00000000174f8800 Uncommon trap: reason=unstable_if action=reinterpret pc=0x000000000343b51c method=java.util.HashMap.getNode(ILjava/lang/Object;)Ljava/util/HashMap$Node; @ 129

Internal exceptions (2 events):
Event: 0.219 Thread 0x0000000002f9e000 Exception <a 'java/lang/NoSuchMethodError': Method sun.misc.Unsafe.defineClass(Ljava/lang/String;[BII)Ljava/lang/Class; name or signature does not match> (0x00000000eab07cc0) thrown at [D:\re\workspace\8-2-build-windows-amd64-cygwin\jdk8u92\6642\hotspot\srwtKÌUÃ?
Event: 0.219 Thread 0x0000000002f9e000 Exception <a 'java/lang/NoSuchMethodError': Method sun.misc.Unsafe.prefetchRead(Ljava/lang/Object;J)V name or signature does not match> (0x00000000eab07fa8) thrown at [D:\re\workspace\8-2-build-windows-amd64-cygwin\jdk8u92\6642\hotspot\src\share\vm\prims\j

Events (10 events):
Event: 2.094 loading class java/util/TreeMap$EntryIterator done
Event: 2.141 loading class com/android/dx/cf/code/SwitchList
Event: 2.141 loading class com/android/dx/cf/code/SwitchList done
Event: 2.142 Thread 0x00000000174f8800 Uncommon trap: trap_request=0xffffff65 fr.pc=0x000000000343b51c
Event: 2.142 Thread 0x00000000174f8800 DEOPT PACKING pc=0x000000000343b51c sp=0x0000000017b4e780
Event: 2.142 Thread 0x00000000174f8800 DEOPT UNPACKING pc=0x000000000327582a sp=0x0000000017b4e6f8 mode 2
Event: 2.212 loading class java/util/ArrayList$1
Event: 2.212 loading class java/util/ArrayList$1 done
Event: 2.321 loading class java/util/DualPivotQuicksort
Event: 2.322 loading class java/util/DualPivotQuicksort done


Dynamic libraries:
0x00007ff7acd50000 - 0x00007ff7acd87000 	C:\Program Files\Java\jdk1.8.0_92\bin\java.exe
0x00007ffb23a50000 - 0x00007ffb23c21000 	C:\WINDOWS\SYSTEM32\ntdll.dll
0x00007ffb21200000 - 0x00007ffb212ab000 	C:\WINDOWS\System32\KERNEL32.DLL
0x00007ffb20400000 - 0x00007ffb2061d000 	C:\WINDOWS\System32\KERNELBASE.dll
0x00007ffb237d0000 - 0x00007ffb23872000 	C:\WINDOWS\System32\ADVAPI32.dll
0x00007ffb23730000 - 0x00007ffb237ce000 	C:\WINDOWS\System32\msvcrt.dll
0x00007ffb21190000 - 0x00007ffb211e9000 	C:\WINDOWS\System32\sechost.dll
0x00007ffb22a10000 - 0x00007ffb22b31000 	C:\WINDOWS\System32\RPCRT4.dll
0x00007ffb22b40000 - 0x00007ffb22ca5000 	C:\WINDOWS\System32\USER32.dll
0x00007ffb1ff40000 - 0x00007ffb1ff5e000 	C:\WINDOWS\System32\win32u.dll
0x00007ffb23910000 - 0x00007ffb23944000 	C:\WINDOWS\System32\GDI32.dll
0x00007ffb1ff60000 - 0x00007ffb200e2000 	C:\WINDOWS\System32\gdi32full.dll
0x00007ffb132e0000 - 0x00007ffb1355a000 	C:\WINDOWS\WinSxS\amd64_microsoft.windows.common-controls_6595b64144ccf1df_6.0.14393.953_none_42151e83c686086b\COMCTL32.dll
0x00007ffb233d0000 - 0x00007ffb23698000 	C:\WINDOWS\System32\combase.dll
0x00007ffb20140000 - 0x00007ffb20235000 	C:\WINDOWS\System32\ucrtbase.dll
0x00007ffb20240000 - 0x00007ffb202aa000 	C:\WINDOWS\System32\bcryptPrimitives.dll
0x00007ffb23880000 - 0x00007ffb238ae000 	C:\WINDOWS\System32\IMM32.DLL
0x0000000076900000 - 0x00000000769d2000 	C:\Program Files\Java\jdk1.8.0_92\jre\bin\msvcr100.dll
0x0000000077270000 - 0x0000000077b06000 	C:\Program Files\Java\jdk1.8.0_92\jre\bin\server\jvm.dll
0x00007ffb227c0000 - 0x00007ffb227c8000 	C:\WINDOWS\System32\PSAPI.DLL
0x00007ffb1b720000 - 0x00007ffb1b729000 	C:\WINDOWS\SYSTEM32\WSOCK32.dll
0x00007ffb22e70000 - 0x00007ffb22eda000 	C:\WINDOWS\System32\WS2_32.dll
0x00007ffb1db40000 - 0x00007ffb1db63000 	C:\WINDOWS\SYSTEM32\WINMM.dll
0x00007ffb1d940000 - 0x00007ffb1d96b000 	C:\WINDOWS\SYSTEM32\WINMMBASE.dll
0x00007ffb200f0000 - 0x00007ffb20132000 	C:\WINDOWS\System32\cfgmgr32.dll
0x00007ffb16970000 - 0x00007ffb1697a000 	C:\WINDOWS\SYSTEM32\VERSION.dll
0x00000000507c0000 - 0x00000000507cf000 	C:\Program Files\Java\jdk1.8.0_92\jre\bin\verify.dll
0x0000000050000000 - 0x0000000050029000 	C:\Program Files\Java\jdk1.8.0_92\jre\bin\java.dll
0x0000000077170000 - 0x0000000077186000 	C:\Program Files\Java\jdk1.8.0_92\jre\bin\zip.dll
0x00007ffb212b0000 - 0x00007ffb227b9000 	C:\WINDOWS\System32\SHELL32.dll
0x00007ffb207f0000 - 0x00007ffb20eca000 	C:\WINDOWS\System32\windows.storage.dll
0x00007ffb1fed0000 - 0x00007ffb1ff1c000 	C:\WINDOWS\System32\powrprof.dll
0x00007ffb236a0000 - 0x00007ffb236f2000 	C:\WINDOWS\System32\shlwapi.dll
0x00007ffb1fec0000 - 0x00007ffb1fecf000 	C:\WINDOWS\System32\kernel.appcore.dll
0x00007ffb20ed0000 - 0x00007ffb20f79000 	C:\WINDOWS\System32\shcore.dll
0x00007ffb1ff20000 - 0x00007ffb1ff34000 	C:\WINDOWS\System32\profapi.dll

VM Arguments:
jvm_args: -Djava.awt.headless=true -Xmx1024M -Dfile.encoding=windows-1252 -Duser.country=AU -Duser.language=en -Duser.variant 
java_command: com.android.dx.command.Main --dex --force-jumbo --num-threads=4 --multi-dex --output C:\Users\Jagadish\AndroidStudioProjects\SmartHemet\app\build\intermediates\transforms\dex\debug\folders\1000\10\com.android.support-support-v4-23.4.0_502b401c8a6bd1a31da5cf3c7db8ccd230964b9f C:\Users\Jagadish\AndroidStudioProjects\SmartHemet\app\build\intermediates\exploded-aar\com.android.support\support-v4\23.4.0\jars\classes.jar
java_class_path (initial): C:\Users\Jagadish\AppData\Local\Android\sdk\build-tools\24.0.0\lib\dx.jar
Launcher Type: SUN_STANDARD

Environment Variables:
JAVA_HOME=C:\Program Files\Java\jdk1.8.0_92
PATH=C:\ProgramData\Oracle\Java\javapath;C:\Program Files (x86)\Lenovo\FusionEngine;C:\WINDOWS\system32;C:\WINDOWS;C:\WINDOWS\System32\Wbem;C:\WINDOWS\System32\WindowsPowerShell\v1.0\;C:\Program Files (x86)\GtkSharp\2.12\bin;C:\Program Files (x86)\Skype\Phone\;C:\Program Files\Microsoft SQL Server\130\Tools\Binn\;C:\Program Files (x86)\Windows Kits\10\Windows Performance Toolkit\;C:\Program Files\Microsoft SQL Server\120\Tools\Binn\;C:\Program Files\Git\cmd;C:\Program Files\nodejs\;C:\Program Files (x86)\Rational\ClearQuest;C:\Users\Jagadish\AppData\Local\Microsoft\WindowsApps;C:\Users\Jagadish\AppData\Roaming\npm
USERNAME=Jagadish
OS=Windows_NT
PROCESSOR_IDENTIFIER=Intel64 Family 6 Model 78 Stepping 3, GenuineIntel



---------------  S Y S T E M  ---------------

OS: Windows 10.0 , 64 bit Build 14393 (10.0.14393.0)

CPU:total 4 (2 cores per cpu, 2 threads per core) family 6 model 78 stepping 3, cmov, cx8, fxsr, mmx, sse, sse2, sse3, ssse3, sse4.1, sse4.2, popcnt, avx, avx2, aes, clmul, erms, 3dnowpref, lzcnt, ht, tsc, tscinvbit, bmi1, bmi2, adx

Memory: 4k page, physical 4050848k(331064k free), swap 8146848k(688k free)

vm_info: Java HotSpot(TM) 64-Bit Server VM (25.92-b14) for windows-amd64 JRE (1.8.0_92-b14), built on Mar 31 2016 21:03:04 by "java_re" with MS VC++ 10.0 (VS2010)

time: Mon Apr 10 15:04:57 2017
elapsed time: 3 seconds (0d 0h 0m 3s)

