#
# There is insufficient memory for the Java Runtime Environment to continue.
# Native memory allocation (malloc) failed to allocate 32744 bytes for ChunkPool::allocate
# Possible reasons:
#   The system is out of physical RAM or swap space
#   In 32 bit mode, the process size limit was hit
# Possible solutions:
#   Reduce memory load on the system
#   Increase physical memory or swap space
#   Check if swap backing store is full
#   Use 64 bit Java on a 64 bit OS
#   Decrease Java heap size (-Xmx/-Xms)
#   Decrease number of Java threads
#   Decrease Java thread stack sizes (-Xss)
#   Set larger code cache with -XX:ReservedCodeCacheSize=
# This output file may be truncated or incomplete.
#
#  Out of Memory Error (allocation.cpp:273), pid=13044, tid=0x0000000000003918
#
# JRE version: Java(TM) SE Runtime Environment (8.0_92-b14) (build 1.8.0_92-b14)
# Java VM: Java HotSpot(TM) 64-Bit Server VM (25.92-b14 mixed mode windows-amd64 compressed oops)
# Failed to write core dump. Minidumps are not enabled by default on client versions of Windows
#

---------------  T H R E A D  ---------------

Current thread (0x00000000149eb000):  JavaThread "C1 CompilerThread2" daemon [_thread_in_native, id=14616, stack(0x00000000161e0000,0x00000000162e0000)]

Stack: [0x00000000161e0000,0x00000000162e0000]
[error occurred during error reporting (printing stack bounds), id 0xc0000005]

Native frames: (J=compiled Java code, j=interpreted, Vv=VM code, C=native code)


Current CompileTask:
C1:   3110  636   !   3       com.android.dx.cf.code.BytecodeArray::parseInstruction (2764 bytes)


---------------  P R O C E S S  ---------------

Java Threads: ( => current thread )
  0x0000000016575800 JavaThread "pool-2-thread-4" [_thread_in_vm, id=17664, stack(0x0000000016ce0000,0x0000000016de0000)]
  0x0000000016563000 JavaThread "pool-2-thread-3" [_thread_blocked, id=11020, stack(0x0000000016be0000,0x0000000016ce0000)]
  0x0000000016558800 JavaThread "pool-2-thread-2" [_thread_in_native, id=16028, stack(0x0000000016ae0000,0x0000000016be0000)]
  0x0000000016554000 JavaThread "pool-3-thread-1" [_thread_blocked, id=8008, stack(0x00000000169e0000,0x0000000016ae0000)]
  0x0000000016547800 JavaThread "pool-2-thread-1" [_thread_in_Java, id=5844, stack(0x00000000168e0000,0x00000000169e0000)]
  0x00000000149ed800 JavaThread "Service Thread" daemon [_thread_blocked, id=16604, stack(0x00000000166e0000,0x00000000167e0000)]
=>0x00000000149eb000 JavaThread "C1 CompilerThread2" daemon [_thread_in_native, id=14616, stack(0x00000000161e0000,0x00000000162e0000)]
  0x00000000149e8000 JavaThread "C2 CompilerThread1" daemon [_thread_in_native, id=8596, stack(0x00000000160e0000,0x00000000161e0000)]
  0x000000001498f000 JavaThread "C2 CompilerThread0" daemon [_thread_in_native, id=15896, stack(0x0000000015fe0000,0x00000000160e0000)]
  0x000000001498b000 JavaThread "Attach Listener" daemon [_thread_blocked, id=13768, stack(0x0000000015ee0000,0x0000000015fe0000)]
  0x0000000014989800 JavaThread "Signal Dispatcher" daemon [_thread_blocked, id=15836, stack(0x0000000015de0000,0x0000000015ee0000)]
  0x00000000022b5000 JavaThread "Finalizer" daemon [_thread_blocked, id=8356, stack(0x0000000015bf0000,0x0000000015cf0000)]
  0x00000000022b0000 JavaThread "Reference Handler" daemon [_thread_blocked, id=9488, stack(0x0000000015af0000,0x0000000015bf0000)]
  0x00000000021be000 JavaThread "main" [_thread_in_Java, id=15984, stack(0x0000000002010000,0x0000000002110000)]

Other Threads:
  0x0000000014957800 VMThread [stack: 0x00000000159f0000,0x0000000015af0000] [id=3808]
  0x00000000162e3800 WatcherThread [stack: 0x00000000167e0000,0x00000000168e0000] [id=5192]

VM state:not at safepoint (normal execution)

VM Mutex/Monitor currently owned by a thread: None

Heap:
 PSYoungGen      total 18432K, used 11765K [0x00000000eab00000, 0x00000000ecf00000, 0x0000000100000000)
  eden space 15872K, 64% used [0x00000000eab00000,0x00000000eb50c108,0x00000000eba80000)
  from space 2560K, 57% used [0x00000000eba80000,0x00000000ebbf1618,0x00000000ebd00000)
  to   space 2560K, 0% used [0x00000000ecc80000,0x00000000ecc80000,0x00000000ecf00000)
 ParOldGen       total 42496K, used 8K [0x00000000c0000000, 0x00000000c2980000, 0x00000000eab00000)
  object space 42496K, 0% used [0x00000000c0000000,0x00000000c0002000,0x00000000c2980000)
 Metaspace       used 5675K, capacity 6640K, committed 6784K, reserved 1056768K
  class space    used 599K, capacity 616K, committed 640K, reserved 1048576K

Card table byte_map: [0x0000000011680000,0x0000000011890000] byte_map_base: 0x0000000011080000

Marking Bits: (ParMarkBitMap*) 0x0000000075a964f0
 Begin Bits: [0x0000000011df0000, 0x0000000012df0000)
 End Bits:   [0x0000000012df0000, 0x0000000013df0000)

Polling page: 0x0000000000480000

CodeCache: size=245760Kb used=2352Kb max_used=2363Kb free=243407Kb
 bounds [0x00000000022c0000, 0x0000000002530000, 0x00000000112c0000]
 total_blobs=905 nmethods=636 adapters=182
 compilation: enabled

Compilation events (10 events):
Event: 3.051 Thread 0x00000000149eb000 nmethod 635 0x0000000002506c50 code [0x0000000002506dc0, 0x0000000002507028]
Event: 3.051 Thread 0x00000000149eb000  630       3       com.android.dx.dex.code.RopTranslator$LocalVariableAwareTranslationVisitor::addIntroductionIfNecessary (30 bytes)
Event: 3.051 Thread 0x00000000149e8000 nmethod 625 0x0000000002506590 code [0x00000000025066e0, 0x0000000002506a58]
Event: 3.051 Thread 0x00000000149eb000 nmethod 630 0x000000000250aa90 code [0x000000000250ac80, 0x000000000250b728]
Event: 3.052 Thread 0x00000000149eb000  641       3       com.android.dx.ssa.SsaMethod::deleteInsns (239 bytes)
Event: 3.054 Thread 0x00000000149e8000  645       4       com.android.dx.rop.cst.CstString::utf8BytesToString (391 bytes)
Event: 3.054 Thread 0x00000000149eb000 nmethod 641 0x000000000250bc50 code [0x000000000250c060, 0x000000000250e518]
Event: 3.054 Thread 0x00000000149eb000  638       3       com.android.dx.rop.code.RegisterSpec::make (7 bytes)
Event: 3.054 Thread 0x00000000149eb000 nmethod 638 0x0000000002506210 code [0x0000000002506380, 0x00000000025064e8]
Event: 3.054 Thread 0x00000000149eb000  636   !   3       com.android.dx.cf.code.BytecodeArray::parseInstruction (2764 bytes)

GC Heap History (2 events):
Event: 2.750 GC heap before
{Heap before GC invocations=1 (full 0):
 PSYoungGen      total 18432K, used 15872K [0x00000000eab00000, 0x00000000ebf80000, 0x0000000100000000)
  eden space 15872K, 100% used [0x00000000eab00000,0x00000000eba80000,0x00000000eba80000)
  from space 2560K, 0% used [0x00000000ebd00000,0x00000000ebd00000,0x00000000ebf80000)
  to   space 2560K, 0% used [0x00000000eba80000,0x00000000eba80000,0x00000000ebd00000)
 ParOldGen       total 42496K, used 0K [0x00000000c0000000, 0x00000000c2980000, 0x00000000eab00000)
  object space 42496K, 0% used [0x00000000c0000000,0x00000000c0000000,0x00000000c2980000)
 Metaspace       used 3938K, capacity 5040K, committed 5120K, reserved 1056768K
  class space    used 442K, capacity 488K, committed 512K, reserved 1048576K
Event: 2.783 GC heap after
Heap after GC invocations=1 (full 0):
 PSYoungGen      total 18432K, used 1477K [0x00000000eab00000, 0x00000000ecf00000, 0x0000000100000000)
  eden space 15872K, 0% used [0x00000000eab00000,0x00000000eab00000,0x00000000eba80000)
  from space 2560K, 57% used [0x00000000eba80000,0x00000000ebbf1618,0x00000000ebd00000)
  to   space 2560K, 0% used [0x00000000ecc80000,0x00000000ecc80000,0x00000000ecf00000)
 ParOldGen       total 42496K, used 8K [0x00000000c0000000, 0x00000000c2980000, 0x00000000eab00000)
  object space 42496K, 0% used [0x00000000c0000000,0x00000000c0002000,0x00000000c2980000)
 Metaspace       used 3938K, capacity 5040K, committed 5120K, reserved 1056768K
  class space    used 442K, capacity 488K, committed 512K, reserved 1048576K
}

Deoptimization events (2 events):
Event: 1.540 Thread 0x00000000021be000 Uncommon trap: reason=unstable_if action=reinterpret pc=0x000000000241f854 method=java.lang.String.compareTo(Ljava/lang/String;)I @ 38
Event: 3.041 Thread 0x00000000021be000 Uncommon trap: reason=unstable_if action=reinterpret pc=0x00000000024dc704 method=java.util.HashMap.getNode(ILjava/lang/Object;)Ljava/util/HashMap$Node; @ 62

Internal exceptions (2 events):
Event: 0.135 Thread 0x00000000021be000 Exception <a 'java/lang/NoSuchMethodError': Method sun.misc.Unsafe.defineClass(Ljava/lang/String;[BII)Ljava/lang/Class; name or signature does not match> (0x00000000eab07cc0) thrown at [D:\re\workspace\8-2-build-windows-amd64-cygwin\jdk8u92\6642\hotspot\sr!œ
ÙN¡?
Event: 0.135 Thread 0x00000000021be000 Exception <a 'java/lang/NoSuchMethodError': Method sun.misc.Unsafe.prefetchRead(Ljava/lang/Object;J)V name or signature does not match> (0x00000000eab07fa8) thrown at [D:\re\workspace\8-2-build-windows-amd64-cygwin\jdk8u92\6642\hotspot\src\share\vm\prims\j

Events (10 events):
Event: 3.032 loading class java/util/TreeMap$EntrySet
Event: 3.041 Thread 0x00000000021be000 Uncommon trap: trap_request=0xffffff65 fr.pc=0x00000000024dc704
Event: 3.041 Thread 0x00000000021be000 DEOPT PACKING pc=0x00000000024dc704 sp=0x000000000210de10
Event: 3.041 Thread 0x00000000021be000 DEOPT UNPACKING pc=0x000000000230582a sp=0x000000000210dd88 mode 2
Event: 3.042 loading class com/android/dx/dex/file/ParameterAnnotationStruct
Event: 3.042 loading class com/android/dx/dex/file/ParameterAnnotationStruct done
Event: 3.043 loading class com/android/dx/dex/file/UniformListItem
Event: 3.043 loading class com/android/dx/dex/file/UniformListItem done
Event: 3.043 loading class com/android/dx/dex/file/AnnotationSetRefItem
Event: 3.043 loading class com/android/dx/dex/file/AnnotationSetRefItem done


Dynamic libraries:
0x00007ff6a77b0000 - 0x00007ff6a77e7000 	C:\Program Files\Java\jdk1.8.0_92\bin\java.exe
0x00007ffc1c3e0000 - 0x00007ffc1c5b1000 	C:\WINDOWS\SYSTEM32\ntdll.dll
0x00007ffc19970000 - 0x00007ffc19a1b000 	C:\WINDOWS\System32\KERNEL32.DLL
0x00007ffc18ae0000 - 0x00007ffc18cfd000 	C:\WINDOWS\System32\KERNELBASE.dll
0x00007ffc19c80000 - 0x00007ffc19d22000 	C:\WINDOWS\System32\ADVAPI32.dll
0x00007ffc1a200000 - 0x00007ffc1a29e000 	C:\WINDOWS\System32\msvcrt.dll
0x00007ffc19a20000 - 0x00007ffc19a79000 	C:\WINDOWS\System32\sechost.dll
0x00007ffc1a2a0000 - 0x00007ffc1a3c1000 	C:\WINDOWS\System32\RPCRT4.dll
0x00007ffc1a4a0000 - 0x00007ffc1a605000 	C:\WINDOWS\System32\USER32.dll
0x00007ffc19860000 - 0x00007ffc1987e000 	C:\WINDOWS\System32\win32u.dll
0x00007ffc19a80000 - 0x00007ffc19ab4000 	C:\WINDOWS\System32\GDI32.dll
0x00007ffc18d00000 - 0x00007ffc18e82000 	C:\WINDOWS\System32\gdi32full.dll
0x00007ffc11260000 - 0x00007ffc114d9000 	C:\WINDOWS\WinSxS\amd64_microsoft.windows.common-controls_6595b64144ccf1df_6.0.14393.447_none_42191651c6827bb3\COMCTL32.dll
0x00007ffc1a680000 - 0x00007ffc1a948000 	C:\WINDOWS\System32\combase.dll
0x00007ffc188d0000 - 0x00007ffc189c5000 	C:\WINDOWS\System32\ucrtbase.dll
0x00007ffc18e90000 - 0x00007ffc18efa000 	C:\WINDOWS\System32\bcryptPrimitives.dll
0x00007ffc1c390000 - 0x00007ffc1c3be000 	C:\WINDOWS\System32\IMM32.DLL
0x00000000748d0000 - 0x00000000749a2000 	C:\Program Files\Java\jdk1.8.0_92\jre\bin\msvcr100.dll
0x0000000075280000 - 0x0000000075b16000 	C:\Program Files\Java\jdk1.8.0_92\jre\bin\server\jvm.dll
0x00007ffc1c3d0000 - 0x00007ffc1c3d8000 	C:\WINDOWS\System32\PSAPI.DLL
0x00007ffc16880000 - 0x00007ffc16889000 	C:\WINDOWS\SYSTEM32\WSOCK32.dll
0x00007ffc16430000 - 0x00007ffc16453000 	C:\WINDOWS\SYSTEM32\WINMM.dll
0x00007ffc19e30000 - 0x00007ffc19e9a000 	C:\WINDOWS\System32\WS2_32.dll
0x00007ffc11780000 - 0x00007ffc1178a000 	C:\WINDOWS\SYSTEM32\VERSION.dll
0x00007ffc163d0000 - 0x00007ffc163fb000 	C:\WINDOWS\SYSTEM32\WINMMBASE.dll
0x00007ffc19880000 - 0x00007ffc198c2000 	C:\WINDOWS\System32\cfgmgr32.dll
0x0000000075190000 - 0x000000007519f000 	C:\Program Files\Java\jdk1.8.0_92\jre\bin\verify.dll
0x0000000075160000 - 0x0000000075189000 	C:\Program Files\Java\jdk1.8.0_92\jre\bin\java.dll
0x0000000075140000 - 0x0000000075156000 	C:\Program Files\Java\jdk1.8.0_92\jre\bin\zip.dll
0x00007ffc1ae20000 - 0x00007ffc1c329000 	C:\WINDOWS\System32\SHELL32.dll
0x00007ffc18fb0000 - 0x00007ffc1968a000 	C:\WINDOWS\System32\windows.storage.dll
0x00007ffc18840000 - 0x00007ffc1888c000 	C:\WINDOWS\System32\powrprof.dll
0x00007ffc19ea0000 - 0x00007ffc19ef2000 	C:\WINDOWS\System32\shlwapi.dll
0x00007ffc188a0000 - 0x00007ffc188af000 	C:\WINDOWS\System32\kernel.appcore.dll
0x00007ffc18f00000 - 0x00007ffc18fa9000 	C:\WINDOWS\System32\shcore.dll
0x00007ffc188b0000 - 0x00007ffc188c4000 	C:\WINDOWS\System32\profapi.dll

VM Arguments:
jvm_args: -Djava.awt.headless=true -Xmx1024M -Dfile.encoding=windows-1252 -Duser.country=AU -Duser.language=en -Duser.variant 
java_command: com.android.dx.command.Main --dex --force-jumbo --num-threads=4 --multi-dex --output C:\Users\Jagadish\AndroidStudioProjects\Libraryapp\app\build\intermediates\transforms\dex\debug\folders\1000\10\com.android.support-support-v4-23.4.0_f46190e33c9e48a8f9ce425dbd38ceccfab49d1c C:\Users\Jagadish\AndroidStudioProjects\Libraryapp\app\build\intermediates\exploded-aar\com.android.support\support-v4\23.4.0\jars\classes.jar
java_class_path (initial): C:\Users\Jagadish\AppData\Local\Android\sdk\build-tools\24.0.0\lib\dx.jar
Launcher Type: SUN_STANDARD

Environment Variables:
JAVA_HOME=C:\Program Files\Java\jdk1.8.0_92
PATH=C:\ProgramData\Oracle\Java\javapath;C:\Program Files (x86)\Lenovo\FusionEngine;C:\WINDOWS\system32;C:\WINDOWS;C:\WINDOWS\System32\Wbem;C:\WINDOWS\System32\WindowsPowerShell\v1.0\;C:\Program Files (x86)\GtkSharp\2.12\bin;C:\Program Files (x86)\Skype\Phone\;C:\Program Files\Microsoft SQL Server\130\Tools\Binn\;C:\Program Files (x86)\Windows Kits\10\Windows Performance Toolkit\;C:\Program Files\Microsoft SQL Server\120\Tools\Binn\;C:\Program Files\Git\cmd;C:\Program Files\nodejs\;C:\Program Files (x86)\Rational\ClearQuest;C:\Users\Jagadish\AppData\Local\Microsoft\WindowsApps;C:\Users\Jagadish\AppData\Roaming\npm
USERNAME=Jagadish
OS=Windows_NT
PROCESSOR_IDENTIFIER=Intel64 Family 6 Model 78 Stepping 3, GenuineIntel



---------------  S Y S T E M  ---------------

OS: Windows 10.0 , 64 bit Build 14393 (10.0.14393.0)

CPU:total 4 (2 cores per cpu, 2 threads per core) family 6 model 78 stepping 3, cmov, cx8, fxsr, mmx, sse, sse2, sse3, ssse3, sse4.1, sse4.2, popcnt, avx, avx2, aes, clmul, erms, 3dnowpref, lzcnt, ht, tsc, tscinvbit, bmi1, bmi2, adx

Memory: 4k page, physical 4050848k(243272k free), swap 8146848k(3288k free)

vm_info: Java HotSpot(TM) 64-Bit Server VM (25.92-b14) for windows-amd64 JRE (1.8.0_92-b14), built on Mar 31 2016 21:03:04 by "java_re" with MS VC++ 10.0 (VS2010)

time: Wed Feb 08 21:42:15 2017
elapsed time: 3 seconds (0d 0h 0m 3s)

