#
# There is insufficient memory for the Java Runtime Environment to continue.
# Native memory allocation (malloc) failed to allocate 202576 bytes for Chunk::new
# Possible reasons:
#   The system is out of physical RAM or swap space
#   In 32 bit mode, the process size limit was hit
# Possible solutions:
#   Reduce memory load on the system
#   Increase physical memory or swap space
#   Check if swap backing store is full
#   Use 64 bit Java on a 64 bit OS
#   Decrease Java heap size (-Xmx/-Xms)
#   Decrease number of Java threads
#   Decrease Java thread stack sizes (-Xss)
#   Set larger code cache with -XX:ReservedCodeCacheSize=
# This output file may be truncated or incomplete.
#
#  Out of Memory Error (allocation.cpp:390), pid=8112, tid=0x0000000000002a68
#
# JRE version: Java(TM) SE Runtime Environment (8.0_92-b14) (build 1.8.0_92-b14)
# Java VM: Java HotSpot(TM) 64-Bit Server VM (25.92-b14 mixed mode windows-amd64 compressed oops)
# Failed to write core dump. Minidumps are not enabled by default on client versions of Windows
#

---------------  T H R E A D  ---------------

Current thread (0x00000000156c2000):  JavaThread "C2 CompilerThread1" daemon [_thread_in_native, id=10856, stack(0x0000000016e10000,0x0000000016f10000)]

Stack: [0x0000000016e10000,0x0000000016f10000]
[error occurred during error reporting (printing stack bounds), id 0xc0000005]

Native frames: (J=compiled Java code, j=interpreted, Vv=VM code, C=native code)


Current CompileTask:
C2:   7673 2379       4       com.android.dx.dex.code.LocalList::make (102 bytes)


---------------  P R O C E S S  ---------------

Java Threads: ( => current thread )
  0x00000000171db800 JavaThread "pool-1-thread-1" [_thread_in_Java, id=5708, stack(0x000000001a2b0000,0x000000001a3b0000)]
  0x000000001571a000 JavaThread "Service Thread" daemon [_thread_blocked, id=12364, stack(0x0000000017410000,0x0000000017510000)]
  0x0000000015713000 JavaThread "C1 CompilerThread2" daemon [_thread_blocked, id=11248, stack(0x0000000017310000,0x0000000017410000)]
=>0x00000000156c2000 JavaThread "C2 CompilerThread1" daemon [_thread_in_native, id=10856, stack(0x0000000016e10000,0x0000000016f10000)]
  0x00000000156bf000 JavaThread "C2 CompilerThread0" daemon [_thread_in_native, id=4688, stack(0x0000000016d10000,0x0000000016e10000)]
  0x00000000156bb000 JavaThread "Attach Listener" daemon [_thread_blocked, id=15012, stack(0x0000000016c10000,0x0000000016d10000)]
  0x00000000156b9800 JavaThread "Signal Dispatcher" daemon [_thread_blocked, id=15496, stack(0x0000000016b10000,0x0000000016c10000)]
  0x0000000002fea800 JavaThread "Finalizer" daemon [_thread_blocked, id=12340, stack(0x0000000016920000,0x0000000016a20000)]
  0x0000000002fe0000 JavaThread "Reference Handler" daemon [_thread_blocked, id=5408, stack(0x0000000016820000,0x0000000016920000)]
  0x0000000002cee000 JavaThread "main" [_thread_blocked, id=16508, stack(0x0000000002cf0000,0x0000000002df0000)]

Other Threads:
  0x0000000015688000 VMThread [stack: 0x0000000016720000,0x0000000016820000] [id=6344]
  0x0000000016f3a000 WatcherThread [stack: 0x0000000017510000,0x0000000017610000] [id=9820]

VM state:not at safepoint (normal execution)

VM Mutex/Monitor currently owned by a thread: None

Heap:
 PSYoungGen      total 142848K, used 65452K [0x00000000eab00000, 0x00000000fd900000, 0x0000000100000000)
  eden space 123392K, 46% used [0x00000000eab00000,0x00000000ee313710,0x00000000f2380000)
  from space 19456K, 41% used [0x00000000f2380000,0x00000000f2b57a48,0x00000000f3680000)
  to   space 31232K, 0% used [0x00000000fba80000,0x00000000fba80000,0x00000000fd900000)
 ParOldGen       total 85504K, used 42338K [0x00000000c0000000, 0x00000000c5380000, 0x00000000eab00000)
  object space 85504K, 49% used [0x00000000c0000000,0x00000000c2958a40,0x00000000c5380000)
 Metaspace       used 6716K, capacity 7448K, committed 7680K, reserved 1056768K
  class space    used 620K, capacity 656K, committed 768K, reserved 1048576K

Card table byte_map: [0x00000000123b0000,0x00000000125c0000] byte_map_base: 0x0000000011db0000

Marking Bits: (ParMarkBitMap*) 0x0000000075a964f0
 Begin Bits: [0x0000000012b20000, 0x0000000013b20000)
 End Bits:   [0x0000000013b20000, 0x0000000014b20000)

Polling page: 0x0000000001480000

CodeCache: size=245760Kb used=9431Kb max_used=9450Kb free=236328Kb
 bounds [0x0000000002ff0000, 0x0000000003940000, 0x0000000011ff0000]
 total_blobs=2636 nmethods=2367 adapters=181
 compilation: enabled

Compilation events (10 events):
Event: 7.659 Thread 0x0000000015713000 2380       3       com.android.dx.dex.code.form.Form22t::branchFits (22 bytes)
Event: 7.660 Thread 0x0000000015713000 nmethod 2380 0x000000000392b790 code [0x000000000392b940, 0x000000000392c078]
Event: 7.661 Thread 0x00000000156c2000 nmethod 2372 0x0000000003932550 code [0x00000000039326e0, 0x0000000003932d18]
Event: 7.661 Thread 0x00000000156c2000 2379       4       com.android.dx.dex.code.LocalList::make (102 bytes)
Event: 7.661 Thread 0x00000000156bf000 nmethod 2374 0x000000000392eb90 code [0x000000000392ed00, 0x000000000392f058]
Event: 7.661 Thread 0x00000000156bf000 2381       4       com.android.dx.dex.code.StdCatchBuilder::build (262 bytes)
Event: 7.666 Thread 0x0000000015713000 2382       1       com.android.dx.dex.code.form.Form3rc::codeSize (2 bytes)
Event: 7.666 Thread 0x0000000015713000 nmethod 2382 0x0000000003921050 code [0x00000000039211a0, 0x00000000039212b0]
Event: 7.667 Thread 0x0000000015713000 2384       3       com.android.dx.dex.code.CatchTable$Entry::<init> (66 bytes)
Event: 7.667 Thread 0x0000000015713000 nmethod 2384 0x000000000391d950 code [0x000000000391db00, 0x000000000391e048]

GC Heap History (10 events):
Event: 2.669 GC heap before
{Heap before GC invocations=4 (full 0):
 PSYoungGen      total 34304K, used 34272K [0x00000000eab00000, 0x00000000eee00000, 0x0000000100000000)
  eden space 31744K, 100% used [0x00000000eab00000,0x00000000eca00000,0x00000000eca00000)
  from space 2560K, 98% used [0x00000000eca00000,0x00000000ecc78010,0x00000000ecc80000)
  to   space 2560K, 0% used [0x00000000eeb80000,0x00000000eeb80000,0x00000000eee00000)
 ParOldGen       total 42496K, used 6851K [0x00000000c0000000, 0x00000000c2980000, 0x00000000eab00000)
  object space 42496K, 16% used [0x00000000c0000000,0x00000000c06b0c38,0x00000000c2980000)
 Metaspace       used 6242K, capacity 7090K, committed 7296K, reserved 1056768K
  class space    used 601K, capacity 618K, committed 640K, reserved 1048576K
Event: 2.681 GC heap after
Heap after GC invocations=4 (full 0):
 PSYoungGen      total 66048K, used 2528K [0x00000000eab00000, 0x00000000eee00000, 0x0000000100000000)
  eden space 63488K, 0% used [0x00000000eab00000,0x00000000eab00000,0x00000000ee900000)
  from space 2560K, 98% used [0x00000000eeb80000,0x00000000eedf8010,0x00000000eee00000)
  to   space 2560K, 0% used [0x00000000ee900000,0x00000000ee900000,0x00000000eeb80000)
 ParOldGen       total 42496K, used 12124K [0x00000000c0000000, 0x00000000c2980000, 0x00000000eab00000)
  object space 42496K, 28% used [0x00000000c0000000,0x00000000c0bd71c0,0x00000000c2980000)
 Metaspace       used 6242K, capacity 7090K, committed 7296K, reserved 1056768K
  class space    used 601K, capacity 618K, committed 640K, reserved 1048576K
}
Event: 3.102 GC heap before
{Heap before GC invocations=5 (full 0):
 PSYoungGen      total 66048K, used 66016K [0x00000000eab00000, 0x00000000eee00000, 0x0000000100000000)
  eden space 63488K, 100% used [0x00000000eab00000,0x00000000ee900000,0x00000000ee900000)
  from space 2560K, 98% used [0x00000000eeb80000,0x00000000eedf8010,0x00000000eee00000)
  to   space 2560K, 0% used [0x00000000ee900000,0x00000000ee900000,0x00000000eeb80000)
 ParOldGen       total 42496K, used 12124K [0x00000000c0000000, 0x00000000c2980000, 0x00000000eab00000)
  object space 42496K, 28% used [0x00000000c0000000,0x00000000c0bd71c0,0x00000000c2980000)
 Metaspace       used 6321K, capacity 7090K, committed 7296K, reserved 1056768K
  class space    used 601K, capacity 618K, committed 640K, reserved 1048576K
Event: 3.135 GC heap after
Heap after GC invocations=5 (full 0):
 PSYoungGen      total 66048K, used 2528K [0x00000000eab00000, 0x00000000f4600000, 0x0000000100000000)
  eden space 63488K, 0% used [0x00000000eab00000,0x00000000eab00000,0x00000000ee900000)
  from space 2560K, 98% used [0x00000000ee900000,0x00000000eeb78010,0x00000000eeb80000)
  to   space 15872K, 0% used [0x00000000f3680000,0x00000000f3680000,0x00000000f4600000)
 ParOldGen       total 42496K, used 25153K [0x00000000c0000000, 0x00000000c2980000, 0x00000000eab00000)
  object space 42496K, 59% used [0x00000000c0000000,0x00000000c1890420,0x00000000c2980000)
 Metaspace       used 6321K, capacity 7090K, committed 7296K, reserved 1056768K
  class space    used 601K, capacity 618K, committed 640K, reserved 1048576K
}
Event: 3.478 GC heap before
{Heap before GC invocations=6 (full 0):
 PSYoungGen      total 66048K, used 66016K [0x00000000eab00000, 0x00000000f4600000, 0x0000000100000000)
  eden space 63488K, 100% used [0x00000000eab00000,0x00000000ee900000,0x00000000ee900000)
  from space 2560K, 98% used [0x00000000ee900000,0x00000000eeb78010,0x00000000eeb80000)
  to   space 15872K, 0% used [0x00000000f3680000,0x00000000f3680000,0x00000000f4600000)
 ParOldGen       total 42496K, used 25153K [0x00000000c0000000, 0x00000000c2980000, 0x00000000eab00000)
  object space 42496K, 59% used [0x00000000c0000000,0x00000000c1890420,0x00000000c2980000)
 Metaspace       used 6369K, capacity 7154K, committed 7296K, reserved 1056768K
  class space    used 602K, capacity 618K, committed 640K, reserved 1048576K
Event: 3.536 GC heap after
Heap after GC invocations=6 (full 0):
 PSYoungGen      total 139264K, used 15575K [0x00000000eab00000, 0x00000000f4d00000, 0x0000000100000000)
  eden space 123392K, 0% used [0x00000000eab00000,0x00000000eab00000,0x00000000f2380000)
  from space 15872K, 98% used [0x00000000f3680000,0x00000000f45b5e68,0x00000000f4600000)
  to   space 19456K, 0% used [0x00000000f2380000,0x00000000f2380000,0x00000000f3680000)
 ParOldGen       total 42496K, used 25153K [0x00000000c0000000, 0x00000000c2980000, 0x00000000eab00000)
  object space 42496K, 59% used [0x00000000c0000000,0x00000000c1890420,0x00000000c2980000)
 Metaspace       used 6369K, capacity 7154K, committed 7296K, reserved 1056768K
  class space    used 602K, capacity 618K, committed 640K, reserved 1048576K
}
Event: 4.265 GC heap before
{Heap before GC invocations=7 (full 0):
 PSYoungGen      total 139264K, used 138967K [0x00000000eab00000, 0x00000000f4d00000, 0x0000000100000000)
  eden space 123392K, 100% used [0x00000000eab00000,0x00000000f2380000,0x00000000f2380000)
  from space 15872K, 98% used [0x00000000f3680000,0x00000000f45b5e68,0x00000000f4600000)
  to   space 19456K, 0% used [0x00000000f2380000,0x00000000f2380000,0x00000000f3680000)
 ParOldGen       total 42496K, used 25153K [0x00000000c0000000, 0x00000000c2980000, 0x00000000eab00000)
  object space 42496K, 59% used [0x00000000c0000000,0x00000000c1890420,0x00000000c2980000)
 Metaspace       used 6426K, capacity 7154K, committed 7296K, reserved 1056768K
  class space    used 602K, capacity 618K, committed 640K, reserved 1048576K
Event: 4.344 GC heap after
Heap after GC invocations=7 (full 0):
 PSYoungGen      total 142848K, used 19438K [0x00000000eab00000, 0x00000000fd900000, 0x0000000100000000)
  eden space 123392K, 0% used [0x00000000eab00000,0x00000000eab00000,0x00000000f2380000)
  from space 19456K, 99% used [0x00000000f2380000,0x00000000f367bb78,0x00000000f3680000)
  to   space 31232K, 0% used [0x00000000fba80000,0x00000000fba80000,0x00000000fd900000)
 ParOldGen       total 42496K, used 41336K [0x00000000c0000000, 0x00000000c2980000, 0x00000000eab00000)
  object space 42496K, 97% used [0x00000000c0000000,0x00000000c285e360,0x00000000c2980000)
 Metaspace       used 6426K, capacity 7154K, committed 7296K, reserved 1056768K
  class space    used 602K, capacity 618K, committed 640K, reserved 1048576K
}
Event: 4.344 GC heap before
{Heap before GC invocations=8 (full 1):
 PSYoungGen      total 142848K, used 19438K [0x00000000eab00000, 0x00000000fd900000, 0x0000000100000000)
  eden space 123392K, 0% used [0x00000000eab00000,0x00000000eab00000,0x00000000f2380000)
  from space 19456K, 99% used [0x00000000f2380000,0x00000000f367bb78,0x00000000f3680000)
  to   space 31232K, 0% used [0x00000000fba80000,0x00000000fba80000,0x00000000fd900000)
 ParOldGen       total 42496K, used 41336K [0x00000000c0000000, 0x00000000c2980000, 0x00000000eab00000)
  object space 42496K, 97% used [0x00000000c0000000,0x00000000c285e360,0x00000000c2980000)
 Metaspace       used 6426K, capacity 7154K, committed 7296K, reserved 1056768K
  class space    used 602K, capacity 618K, committed 640K, reserved 1048576K
Event: 5.026 GC heap after
Heap after GC invocations=8 (full 1):
 PSYoungGen      total 142848K, used 8030K [0x00000000eab00000, 0x00000000fd900000, 0x0000000100000000)
  eden space 123392K, 0% used [0x00000000eab00000,0x00000000eab00000,0x00000000f2380000)
  from space 19456K, 41% used [0x00000000f2380000,0x00000000f2b57a48,0x00000000f3680000)
  to   space 31232K, 0% used [0x00000000fba80000,0x00000000fba80000,0x00000000fd900000)
 ParOldGen       total 85504K, used 42338K [0x00000000c0000000, 0x00000000c5380000, 0x00000000eab00000)
  object space 85504K, 49% used [0x00000000c0000000,0x00000000c2958a40,0x00000000c5380000)
 Metaspace       used 6426K, capacity 7154K, committed 7296K, reserved 1056768K
  class space    used 602K, capacity 618K, committed 640K, reserved 1048576K
}

Deoptimization events (10 events):
Event: 7.249 Thread 0x00000000171db800 Uncommon trap: reason=speculate_class_check action=maybe_recompile pc=0x0000000003313a88 method=com.android.dx.util.FixedSizeList.equals(Ljava/lang/Object;)Z @ 25
Event: 7.249 Thread 0x00000000171db800 Uncommon trap: reason=class_check action=maybe_recompile pc=0x00000000033223d4 method=java.util.Arrays.equals([Ljava/lang/Object;[Ljava/lang/Object;)Z @ 62
Event: 7.249 Thread 0x00000000171db800 Uncommon trap: reason=speculate_class_check action=maybe_recompile pc=0x0000000003313a88 method=com.android.dx.util.FixedSizeList.equals(Ljava/lang/Object;)Z @ 25
Event: 7.249 Thread 0x00000000171db800 Uncommon trap: reason=class_check action=maybe_recompile pc=0x00000000033223d4 method=java.util.Arrays.equals([Ljava/lang/Object;[Ljava/lang/Object;)Z @ 62
Event: 7.249 Thread 0x00000000171db800 Uncommon trap: reason=speculate_class_check action=maybe_recompile pc=0x0000000003313a88 method=com.android.dx.util.FixedSizeList.equals(Ljava/lang/Object;)Z @ 25
Event: 7.249 Thread 0x00000000171db800 Uncommon trap: reason=class_check action=maybe_recompile pc=0x00000000033223d4 method=java.util.Arrays.equals([Ljava/lang/Object;[Ljava/lang/Object;)Z @ 62
Event: 7.250 Thread 0x00000000171db800 Uncommon trap: reason=bimorphic action=maybe_recompile pc=0x00000000037ec7e8 method=java.util.TreeMap.compare(Ljava/lang/Object;Ljava/lang/Object;)I @ 12
Event: 7.256 Thread 0x00000000171db800 Uncommon trap: reason=bimorphic action=maybe_recompile pc=0x00000000037ec7e8 method=java.util.TreeMap.compare(Ljava/lang/Object;Ljava/lang/Object;)I @ 12
Event: 7.257 Thread 0x00000000171db800 Uncommon trap: reason=bimorphic action=maybe_recompile pc=0x00000000037ec7e8 method=java.util.TreeMap.compare(Ljava/lang/Object;Ljava/lang/Object;)I @ 12
Event: 7.286 Thread 0x00000000171db800 Uncommon trap: reason=unstable_if action=reinterpret pc=0x00000000038bd00c method=com.android.dx.dex.code.OutputFinisher.findOpcodeForInsn(Lcom/android/dx/dex/code/DalvInsn;Lcom/android/dx/dex/code/Dop;)Lcom/android/dx/dex/code/Dop; @ 1

Internal exceptions (3 events):
Event: 0.125 Thread 0x0000000002cee000 Exception <a 'java/lang/NoSuchMethodError': Method sun.misc.Unsafe.defineClass(Ljava/lang/String;[BII)Ljava/lang/Class; name or signature does not match> (0x00000000eab07cc0) thrown at [D:\re\workspace\8-2-build-windows-amd64-cygwin\jdk8u92\6642\hotspot\sr®:âžç¿?
Event: 0.125 Thread 0x0000000002cee000 Exception <a 'java/lang/NoSuchMethodError': Method sun.misc.Unsafe.prefetchRead(Ljava/lang/Object;J)V name or signature does not match> (0x00000000eab07fa8) thrown at [D:\re\workspace\8-2-build-windows-amd64-cygwin\jdk8u92\6642\hotspot\src\share\vm\prims\jMp¢Æ3@
Event: 2.275 Thread 0x00000000171d6000 Implicit null exception at 0x00000000033871e2 to 0x00000000033872da

Events (10 events):
Event: 7.657 Thread 0x00000000171db800 DEOPT PACKING pc=0x00000000038d4eb9 sp=0x000000001a3aec10
Event: 7.657 Thread 0x00000000171db800 DEOPT UNPACKING pc=0x000000000303787f sp=0x000000001a3ae970 mode 0
Event: 7.658 Thread 0x00000000171db800 DEOPT PACKING pc=0x00000000038d631b sp=0x000000001a3aeb90
Event: 7.658 Thread 0x00000000171db800 DEOPT UNPACKING pc=0x000000000303787f sp=0x000000001a3ae908 mode 0
Event: 7.661 Thread 0x00000000171db800 DEOPT PACKING pc=0x00000000038d4eb9 sp=0x000000001a3aec10
Event: 7.661 Thread 0x00000000171db800 DEOPT UNPACKING pc=0x000000000303787f sp=0x000000001a3ae970 mode 0
Event: 7.665 Thread 0x00000000171db800 DEOPT PACKING pc=0x00000000038d4eb9 sp=0x000000001a3aec10
Event: 7.666 Thread 0x00000000171db800 DEOPT UNPACKING pc=0x000000000303787f sp=0x000000001a3ae970 mode 0
Event: 7.669 Thread 0x00000000171db800 DEOPT PACKING pc=0x00000000038d4eb9 sp=0x000000001a3aec10
Event: 7.669 Thread 0x00000000171db800 DEOPT UNPACKING pc=0x000000000303787f sp=0x000000001a3ae970 mode 0


Dynamic libraries:
0x00007ff6a77b0000 - 0x00007ff6a77e7000 	C:\Program Files\Java\jdk1.8.0_92\bin\java.exe
0x00007ffc1c3e0000 - 0x00007ffc1c5b1000 	C:\WINDOWS\SYSTEM32\ntdll.dll
0x00007ffc19970000 - 0x00007ffc19a1b000 	C:\WINDOWS\System32\KERNEL32.DLL
0x00007ffc18ae0000 - 0x00007ffc18cfd000 	C:\WINDOWS\System32\KERNELBASE.dll
0x00007ffc19c80000 - 0x00007ffc19d22000 	C:\WINDOWS\System32\ADVAPI32.dll
0x00007ffc1a200000 - 0x00007ffc1a29e000 	C:\WINDOWS\System32\msvcrt.dll
0x00007ffc19a20000 - 0x00007ffc19a79000 	C:\WINDOWS\System32\sechost.dll
0x00007ffc1a2a0000 - 0x00007ffc1a3c1000 	C:\WINDOWS\System32\RPCRT4.dll
0x00007ffc1a4a0000 - 0x00007ffc1a605000 	C:\WINDOWS\System32\USER32.dll
0x00007ffc19860000 - 0x00007ffc1987e000 	C:\WINDOWS\System32\win32u.dll
0x00007ffc19a80000 - 0x00007ffc19ab4000 	C:\WINDOWS\System32\GDI32.dll
0x00007ffc18d00000 - 0x00007ffc18e82000 	C:\WINDOWS\System32\gdi32full.dll
0x00007ffc11260000 - 0x00007ffc114d9000 	C:\WINDOWS\WinSxS\amd64_microsoft.windows.common-controls_6595b64144ccf1df_6.0.14393.447_none_42191651c6827bb3\COMCTL32.dll
0x00007ffc1a680000 - 0x00007ffc1a948000 	C:\WINDOWS\System32\combase.dll
0x00007ffc188d0000 - 0x00007ffc189c5000 	C:\WINDOWS\System32\ucrtbase.dll
0x00007ffc18e90000 - 0x00007ffc18efa000 	C:\WINDOWS\System32\bcryptPrimitives.dll
0x00007ffc1c390000 - 0x00007ffc1c3be000 	C:\WINDOWS\System32\IMM32.DLL
0x00000000748d0000 - 0x00000000749a2000 	C:\Program Files\Java\jdk1.8.0_92\jre\bin\msvcr100.dll
0x0000000075280000 - 0x0000000075b16000 	C:\Program Files\Java\jdk1.8.0_92\jre\bin\server\jvm.dll
0x00007ffc1c3d0000 - 0x00007ffc1c3d8000 	C:\WINDOWS\System32\PSAPI.DLL
0x00007ffc16880000 - 0x00007ffc16889000 	C:\WINDOWS\SYSTEM32\WSOCK32.dll
0x00007ffc19e30000 - 0x00007ffc19e9a000 	C:\WINDOWS\System32\WS2_32.dll
0x00007ffc16430000 - 0x00007ffc16453000 	C:\WINDOWS\SYSTEM32\WINMM.dll
0x00007ffc11780000 - 0x00007ffc1178a000 	C:\WINDOWS\SYSTEM32\VERSION.dll
0x00007ffc163d0000 - 0x00007ffc163fb000 	C:\WINDOWS\SYSTEM32\WINMMBASE.dll
0x00007ffc19880000 - 0x00007ffc198c2000 	C:\WINDOWS\System32\cfgmgr32.dll
0x0000000075190000 - 0x000000007519f000 	C:\Program Files\Java\jdk1.8.0_92\jre\bin\verify.dll
0x0000000075160000 - 0x0000000075189000 	C:\Program Files\Java\jdk1.8.0_92\jre\bin\java.dll
0x0000000075140000 - 0x0000000075156000 	C:\Program Files\Java\jdk1.8.0_92\jre\bin\zip.dll
0x00007ffc1ae20000 - 0x00007ffc1c329000 	C:\WINDOWS\System32\SHELL32.dll
0x00007ffc18fb0000 - 0x00007ffc1968a000 	C:\WINDOWS\System32\windows.storage.dll
0x00007ffc18840000 - 0x00007ffc1888c000 	C:\WINDOWS\System32\powrprof.dll
0x00007ffc19ea0000 - 0x00007ffc19ef2000 	C:\WINDOWS\System32\shlwapi.dll
0x00007ffc188a0000 - 0x00007ffc188af000 	C:\WINDOWS\System32\kernel.appcore.dll
0x00007ffc18f00000 - 0x00007ffc18fa9000 	C:\WINDOWS\System32\shcore.dll
0x00007ffc188b0000 - 0x00007ffc188c4000 	C:\WINDOWS\System32\profapi.dll

VM Arguments:
jvm_args: -Djava.awt.headless=true -Xmx1024M -Dfile.encoding=windows-1252 -Duser.country=AU -Duser.language=en -Duser.variant 
java_command: com.android.dx.command.Main --dex --force-jumbo --num-threads=4 --multi-dex --output C:\Users\Jagadish\AndroidStudioProjects\Libraryapp\app\build\intermediates\transforms\dex\debug\folders\1000\10\com.google.android.gms-play-services-basement-9.0.2_dad3bf171369fe766df475243979f6dbe04c5c01 C:\Users\Jagadish\AndroidStudioProjects\Libraryapp\app\build\intermediates\exploded-aar\com.google.android.gms\play-services-basement\9.0.2\jars\classes.jar
java_class_path (initial): C:\Users\Jagadish\AppData\Local\Android\sdk\build-tools\24.0.0\lib\dx.jar
Launcher Type: SUN_STANDARD

Environment Variables:
JAVA_HOME=C:\Program Files\Java\jdk1.8.0_92
PATH=C:\ProgramData\Oracle\Java\javapath;C:\Program Files (x86)\Lenovo\FusionEngine;C:\WINDOWS\system32;C:\WINDOWS;C:\WINDOWS\System32\Wbem;C:\WINDOWS\System32\WindowsPowerShell\v1.0\;C:\Program Files (x86)\GtkSharp\2.12\bin;C:\Program Files (x86)\Skype\Phone\;C:\Program Files\Microsoft SQL Server\130\Tools\Binn\;C:\Program Files (x86)\Windows Kits\10\Windows Performance Toolkit\;C:\Program Files\Microsoft SQL Server\120\Tools\Binn\;C:\Program Files\Git\cmd;C:\Program Files\nodejs\;C:\Program Files (x86)\Rational\ClearQuest;C:\Users\Jagadish\AppData\Local\Microsoft\WindowsApps;C:\Users\Jagadish\AppData\Roaming\npm
USERNAME=Jagadish
OS=Windows_NT
PROCESSOR_IDENTIFIER=Intel64 Family 6 Model 78 Stepping 3, GenuineIntel



---------------  S Y S T E M  ---------------

OS: Windows 10.0 , 64 bit Build 14393 (10.0.14393.0)

CPU:total 4 (2 cores per cpu, 2 threads per core) family 6 model 78 stepping 3, cmov, cx8, fxsr, mmx, sse, sse2, sse3, ssse3, sse4.1, sse4.2, popcnt, avx, avx2, aes, clmul, erms, 3dnowpref, lzcnt, ht, tsc, tscinvbit, bmi1, bmi2, adx

Memory: 4k page, physical 4050848k(243676k free), swap 8146848k(3288k free)

vm_info: Java HotSpot(TM) 64-Bit Server VM (25.92-b14) for windows-amd64 JRE (1.8.0_92-b14), built on Mar 31 2016 21:03:04 by "java_re" with MS VC++ 10.0 (VS2010)

time: Wed Feb 08 21:42:15 2017
elapsed time: 7 seconds (0d 0h 0m 7s)

