#
# There is insufficient memory for the Java Runtime Environment to continue.
# Native memory allocation (malloc) failed to allocate 596976 bytes for Chunk::new
# Possible reasons:
#   The system is out of physical RAM or swap space
#   In 32 bit mode, the process size limit was hit
# Possible solutions:
#   Reduce memory load on the system
#   Increase physical memory or swap space
#   Check if swap backing store is full
#   Use 64 bit Java on a 64 bit OS
#   Decrease Java heap size (-Xmx/-Xms)
#   Decrease number of Java threads
#   Decrease Java thread stack sizes (-Xss)
#   Set larger code cache with -XX:ReservedCodeCacheSize=
# This output file may be truncated or incomplete.
#
#  Out of Memory Error (allocation.cpp:390), pid=1072, tid=0x0000000000000d94
#
# JRE version: Java(TM) SE Runtime Environment (8.0_92-b14) (build 1.8.0_92-b14)
# Java VM: Java HotSpot(TM) 64-Bit Server VM (25.92-b14 mixed mode windows-amd64 compressed oops)
# Failed to write core dump. Minidumps are not enabled by default on client versions of Windows
#

---------------  T H R E A D  ---------------

Current thread (0x0000000014b82000):  JavaThread "C2 CompilerThread1" daemon [_thread_in_native, id=3476, stack(0x00000000162e0000,0x00000000163e0000)]

Stack: [0x00000000162e0000,0x00000000163e0000]
[error occurred during error reporting (printing stack bounds), id 0xc0000005]

Native frames: (J=compiled Java code, j=interpreted, Vv=VM code, C=native code)


Current CompileTask:
C2:   6472 1866       4       com.android.dx.ssa.LocalVariableExtractor::processBlock (383 bytes)


---------------  P R O C E S S  ---------------

Java Threads: ( => current thread )
  0x0000000016795000 JavaThread "pool-1-thread-4" [_thread_in_Java, id=5636, stack(0x0000000016ee0000,0x0000000016fe0000)]
  0x0000000016794000 JavaThread "pool-1-thread-3" [_thread_in_Java, id=18380, stack(0x0000000016de0000,0x0000000016ee0000)]
  0x0000000016793800 JavaThread "pool-1-thread-2" [_thread_in_Java, id=4456, stack(0x0000000016ce0000,0x0000000016de0000)]
  0x000000001673d000 JavaThread "pool-2-thread-1" [_thread_blocked, id=14488, stack(0x0000000016be0000,0x0000000016ce0000)]
  0x000000001673a800 JavaThread "pool-1-thread-1" [_thread_in_Java, id=4676, stack(0x0000000016ae0000,0x0000000016be0000)]
  0x0000000014bdd000 JavaThread "Service Thread" daemon [_thread_blocked, id=3996, stack(0x00000000168e0000,0x00000000169e0000)]
  0x0000000014bda800 JavaThread "C1 CompilerThread2" daemon [_thread_blocked, id=15200, stack(0x00000000163e0000,0x00000000164e0000)]
=>0x0000000014b82000 JavaThread "C2 CompilerThread1" daemon [_thread_in_native, id=3476, stack(0x00000000162e0000,0x00000000163e0000)]
  0x0000000014b7e800 JavaThread "C2 CompilerThread0" daemon [_thread_in_native, id=11252, stack(0x00000000161e0000,0x00000000162e0000)]
  0x0000000014b7b000 JavaThread "Attach Listener" daemon [_thread_blocked, id=12824, stack(0x00000000160e0000,0x00000000161e0000)]
  0x0000000014b7a000 JavaThread "Signal Dispatcher" daemon [_thread_blocked, id=14848, stack(0x0000000015fe0000,0x00000000160e0000)]
  0x0000000014b6a800 JavaThread "Finalizer" daemon [_thread_blocked, id=10600, stack(0x0000000015df0000,0x0000000015ef0000)]
  0x0000000014b49000 JavaThread "Reference Handler" daemon [_thread_blocked, id=17696, stack(0x0000000015cf0000,0x0000000015df0000)]
  0x000000000219e000 JavaThread "main" [_thread_in_Java, id=11172, stack(0x00000000021b0000,0x00000000022b0000)]

Other Threads:
  0x0000000014b47800 VMThread [stack: 0x0000000015bf0000,0x0000000015cf0000] [id=3140]
  0x00000000164eb800 WatcherThread [stack: 0x00000000169e0000,0x0000000016ae0000] [id=11356]

VM state:not at safepoint (normal execution)

VM Mutex/Monitor currently owned by a thread: None

Heap:
 PSYoungGen      total 71680K, used 69859K [0x00000000eab00000, 0x00000000efb00000, 0x0000000100000000)
  eden space 62464K, 97% used [0x00000000eab00000,0x00000000ee63e568,0x00000000ee800000)
  from space 9216K, 99% used [0x00000000ee800000,0x00000000ef0fa6e8,0x00000000ef100000)
  to   space 8192K, 0% used [0x00000000ef100000,0x00000000ef100000,0x00000000ef900000)
 ParOldGen       total 42496K, used 19316K [0x00000000c0000000, 0x00000000c2980000, 0x00000000eab00000)
  object space 42496K, 45% used [0x00000000c0000000,0x00000000c12dd380,0x00000000c2980000)
 Metaspace       used 6472K, capacity 7256K, committed 7424K, reserved 1056768K
  class space    used 625K, capacity 656K, committed 768K, reserved 1048576K

Card table byte_map: [0x0000000011870000,0x0000000011a80000] byte_map_base: 0x0000000011270000

Marking Bits: (ParMarkBitMap*) 0x0000000075a964f0
 Begin Bits: [0x0000000011fe0000, 0x0000000012fe0000)
 End Bits:   [0x0000000012fe0000, 0x0000000013fe0000)

Polling page: 0x0000000000740000

CodeCache: size=245760Kb used=7534Kb max_used=7557Kb free=238225Kb
 bounds [0x00000000024b0000, 0x0000000002c20000, 0x00000000114b0000]
 total_blobs=2104 nmethods=1834 adapters=182
 compilation: enabled

Compilation events (10 events):
Event: 6.405 Thread 0x0000000014bda800 1882       2       com.android.dx.cf.direct.AnnotationParser::parseAnnotations (143 bytes)
Event: 6.407 Thread 0x0000000014bda800 nmethod 1882 0x0000000002bf9910 code [0x0000000002bf9b60, 0x0000000002bfa428]
Event: 6.407 Thread 0x0000000014bda800 1883       2       com.android.dx.cf.direct.AnnotationParser::requireLength (22 bytes)
Event: 6.407 Thread 0x0000000014bda800 nmethod 1883 0x0000000002bfabd0 code [0x0000000002bfad40, 0x0000000002bfaf98]
Event: 6.415 Thread 0x0000000014b7e800 nmethod 1774 0x0000000002c023d0 code [0x0000000002c02900, 0x0000000002c06e18]
Event: 6.415 Thread 0x0000000014b7e800 1675       4       com.android.dx.cf.code.LocalVariableList::pcAndIndexToLocal (51 bytes)
Event: 6.419 Thread 0x0000000014b7e800 nmethod 1675 0x0000000002bff0d0 code [0x0000000002bff220, 0x0000000002bff438]
Event: 6.419 Thread 0x0000000014b7e800 1812       4       com.android.dx.ssa.SsaBasicBlock::getRopLabelSuccessorList (57 bytes)
Event: 6.435 Thread 0x0000000014b7e800 nmethod 1812 0x0000000002bffe50 code [0x0000000002bfffe0, 0x0000000002c00818]
Event: 6.435 Thread 0x0000000014b7e800 1781       4       com.android.dx.cf.code.RopperMachine::getSources (264 bytes)

GC Heap History (10 events):
Event: 4.889 GC heap before
{Heap before GC invocations=3 (full 0):
 PSYoungGen      total 18432K, used 18426K [0x00000000eab00000, 0x00000000ecf00000, 0x0000000100000000)
  eden space 15872K, 100% used [0x00000000eab00000,0x00000000eba80000,0x00000000eba80000)
  from space 2560K, 99% used [0x00000000ebd00000,0x00000000ebf7eaa0,0x00000000ebf80000)
  to   space 2560K, 0% used [0x00000000eba80000,0x00000000eba80000,0x00000000ebd00000)
 ParOldGen       total 42496K, used 2298K [0x00000000c0000000, 0x00000000c2980000, 0x00000000eab00000)
  object space 42496K, 5% used [0x00000000c0000000,0x00000000c023eb68,0x00000000c2980000)
 Metaspace       used 6104K, capacity 7026K, committed 7296K, reserved 1056768K
  class space    used 604K, capacity 618K, committed 640K, reserved 1048576K
Event: 4.899 GC heap after
Heap after GC invocations=3 (full 0):
 PSYoungGen      total 18432K, used 2534K [0x00000000eab00000, 0x00000000ecf00000, 0x0000000100000000)
  eden space 15872K, 0% used [0x00000000eab00000,0x00000000eab00000,0x00000000eba80000)
  from space 2560K, 99% used [0x00000000eba80000,0x00000000ebcf9b18,0x00000000ebd00000)
  to   space 2560K, 0% used [0x00000000ecc80000,0x00000000ecc80000,0x00000000ecf00000)
 ParOldGen       total 42496K, used 5050K [0x00000000c0000000, 0x00000000c2980000, 0x00000000eab00000)
  object space 42496K, 11% used [0x00000000c0000000,0x00000000c04ee900,0x00000000c2980000)
 Metaspace       used 6104K, capacity 7026K, committed 7296K, reserved 1056768K
  class space    used 604K, capacity 618K, committed 640K, reserved 1048576K
}
Event: 5.036 GC heap before
{Heap before GC invocations=4 (full 0):
 PSYoungGen      total 18432K, used 18406K [0x00000000eab00000, 0x00000000ecf00000, 0x0000000100000000)
  eden space 15872K, 100% used [0x00000000eab00000,0x00000000eba80000,0x00000000eba80000)
  from space 2560K, 99% used [0x00000000eba80000,0x00000000ebcf9b18,0x00000000ebd00000)
  to   space 2560K, 0% used [0x00000000ecc80000,0x00000000ecc80000,0x00000000ecf00000)
 ParOldGen       total 42496K, used 5050K [0x00000000c0000000, 0x00000000c2980000, 0x00000000eab00000)
  object space 42496K, 11% used [0x00000000c0000000,0x00000000c04ee900,0x00000000c2980000)
 Metaspace       used 6139K, capacity 7026K, committed 7296K, reserved 1056768K
  class space    used 604K, capacity 618K, committed 640K, reserved 1048576K
Event: 5.050 GC heap after
Heap after GC invocations=4 (full 0):
 PSYoungGen      total 34304K, used 2552K [0x00000000eab00000, 0x00000000ecf00000, 0x0000000100000000)
  eden space 31744K, 0% used [0x00000000eab00000,0x00000000eab00000,0x00000000eca00000)
  from space 2560K, 99% used [0x00000000ecc80000,0x00000000ecefe188,0x00000000ecf00000)
  to   space 2560K, 0% used [0x00000000eca00000,0x00000000eca00000,0x00000000ecc80000)
 ParOldGen       total 42496K, used 7418K [0x00000000c0000000, 0x00000000c2980000, 0x00000000eab00000)
  object space 42496K, 17% used [0x00000000c0000000,0x00000000c073eb00,0x00000000c2980000)
 Metaspace       used 6139K, capacity 7026K, committed 7296K, reserved 1056768K
  class space    used 604K, capacity 618K, committed 640K, reserved 1048576K
}
Event: 5.318 GC heap before
{Heap before GC invocations=5 (full 0):
 PSYoungGen      total 34304K, used 34296K [0x00000000eab00000, 0x00000000ecf00000, 0x0000000100000000)
  eden space 31744K, 100% used [0x00000000eab00000,0x00000000eca00000,0x00000000eca00000)
  from space 2560K, 99% used [0x00000000ecc80000,0x00000000ecefe188,0x00000000ecf00000)
  to   space 2560K, 0% used [0x00000000eca00000,0x00000000eca00000,0x00000000ecc80000)
 ParOldGen       total 42496K, used 7418K [0x00000000c0000000, 0x00000000c2980000, 0x00000000eab00000)
  object space 42496K, 17% used [0x00000000c0000000,0x00000000c073eb00,0x00000000c2980000)
 Metaspace       used 6244K, capacity 7090K, committed 7296K, reserved 1056768K
  class space    used 604K, capacity 618K, committed 640K, reserved 1048576K
Event: 5.333 GC heap after
Heap after GC invocations=5 (full 0):
 PSYoungGen      total 34304K, used 2550K [0x00000000eab00000, 0x00000000ef900000, 0x0000000100000000)
  eden space 31744K, 0% used [0x00000000eab00000,0x00000000eab00000,0x00000000eca00000)
  from space 2560K, 99% used [0x00000000eca00000,0x00000000ecc7da20,0x00000000ecc80000)
  to   space 8192K, 0% used [0x00000000ef100000,0x00000000ef100000,0x00000000ef900000)
 ParOldGen       total 42496K, used 12511K [0x00000000c0000000, 0x00000000c2980000, 0x00000000eab00000)
  object space 42496K, 29% used [0x00000000c0000000,0x00000000c0c37ef0,0x00000000c2980000)
 Metaspace       used 6244K, capacity 7090K, committed 7296K, reserved 1056768K
  class space    used 604K, capacity 618K, committed 640K, reserved 1048576K
}
Event: 5.631 GC heap before
{Heap before GC invocations=6 (full 0):
 PSYoungGen      total 34304K, used 34294K [0x00000000eab00000, 0x00000000ef900000, 0x0000000100000000)
  eden space 31744K, 100% used [0x00000000eab00000,0x00000000eca00000,0x00000000eca00000)
  from space 2560K, 99% used [0x00000000eca00000,0x00000000ecc7da20,0x00000000ecc80000)
  to   space 8192K, 0% used [0x00000000ef100000,0x00000000ef100000,0x00000000ef900000)
 ParOldGen       total 42496K, used 12511K [0x00000000c0000000, 0x00000000c2980000, 0x00000000eab00000)
  object space 42496K, 29% used [0x00000000c0000000,0x00000000c0c37ef0,0x00000000c2980000)
 Metaspace       used 6358K, capacity 7192K, committed 7424K, reserved 1056768K
  class space    used 625K, capacity 656K, committed 768K, reserved 1048576K
Event: 5.681 GC heap after
Heap after GC invocations=6 (full 0):
 PSYoungGen      total 70656K, used 7716K [0x00000000eab00000, 0x00000000efb00000, 0x0000000100000000)
  eden space 62464K, 0% used [0x00000000eab00000,0x00000000eab00000,0x00000000ee800000)
  from space 8192K, 94% used [0x00000000ef100000,0x00000000ef8892b8,0x00000000ef900000)
  to   space 9216K, 0% used [0x00000000ee800000,0x00000000ee800000,0x00000000ef100000)
 ParOldGen       total 42496K, used 12511K [0x00000000c0000000, 0x00000000c2980000, 0x00000000eab00000)
  object space 42496K, 29% used [0x00000000c0000000,0x00000000c0c37ef0,0x00000000c2980000)
 Metaspace       used 6358K, capacity 7192K, committed 7424K, reserved 1056768K
  class space    used 625K, capacity 656K, committed 768K, reserved 1048576K
}
Event: 6.038 GC heap before
{Heap before GC invocations=7 (full 0):
 PSYoungGen      total 70656K, used 70180K [0x00000000eab00000, 0x00000000efb00000, 0x0000000100000000)
  eden space 62464K, 100% used [0x00000000eab00000,0x00000000ee800000,0x00000000ee800000)
  from space 8192K, 94% used [0x00000000ef100000,0x00000000ef8892b8,0x00000000ef900000)
  to   space 9216K, 0% used [0x00000000ee800000,0x00000000ee800000,0x00000000ef100000)
 ParOldGen       total 42496K, used 12511K [0x00000000c0000000, 0x00000000c2980000, 0x00000000eab00000)
  object space 42496K, 29% used [0x00000000c0000000,0x00000000c0c37ef0,0x00000000c2980000)
 Metaspace       used 6390K, capacity 7192K, committed 7424K, reserved 1056768K
  class space    used 625K, capacity 656K, committed 768K, reserved 1048576K
Event: 6.066 GC heap after
Heap after GC invocations=7 (full 0):
 PSYoungGen      total 71680K, used 9193K [0x00000000eab00000, 0x00000000efb00000, 0x0000000100000000)
  eden space 62464K, 0% used [0x00000000eab00000,0x00000000eab00000,0x00000000ee800000)
  from space 9216K, 99% used [0x00000000ee800000,0x00000000ef0fa6e8,0x00000000ef100000)
  to   space 8192K, 0% used [0x00000000ef100000,0x00000000ef100000,0x00000000ef900000)
 ParOldGen       total 42496K, used 19316K [0x00000000c0000000, 0x00000000c2980000, 0x00000000eab00000)
  object space 42496K, 45% used [0x00000000c0000000,0x00000000c12dd380,0x00000000c2980000)
 Metaspace       used 6390K, capacity 7192K, committed 7424K, reserved 1056768K
  class space    used 625K, capacity 656K, committed 768K, reserved 1048576K
}

Deoptimization events (10 events):
Event: 5.832 Thread 0x000000000219e000 Uncommon trap: reason=bimorphic action=maybe_recompile pc=0x0000000002b26fa0 method=com.android.dx.rop.code.RegisterSpec.withSimpleType()Lcom/android/dx/rop/code/RegisterSpec; @ 21
Event: 5.833 Thread 0x0000000016794000 Uncommon trap: reason=bimorphic action=maybe_recompile pc=0x00000000028e244c method=java.util.HashMap.putVal(ILjava/lang/Object;Ljava/lang/Object;ZZ)Ljava/lang/Object; @ 203
Event: 5.833 Thread 0x0000000016794000 Uncommon trap: reason=bimorphic action=maybe_recompile pc=0x00000000028e244c method=java.util.HashMap.putVal(ILjava/lang/Object;Ljava/lang/Object;ZZ)Ljava/lang/Object; @ 203
Event: 5.836 Thread 0x000000000219e000 Uncommon trap: reason=bimorphic action=maybe_recompile pc=0x0000000002ae1b04 method=com.android.dx.ssa.LiteralOpUpgrader.tryReplacingWithConstant(Lcom/android/dx/ssa/NormalSsaInsn;)Z @ 62
Event: 5.836 Thread 0x0000000016794000 Uncommon trap: reason=unstable_if action=reinterpret pc=0x00000000028e1f84 method=java.util.HashMap.putVal(ILjava/lang/Object;Ljava/lang/Object;ZZ)Ljava/lang/Object; @ 162
Event: 5.936 Thread 0x0000000016793800 Uncommon trap: reason=bimorphic action=maybe_recompile pc=0x0000000002b26fa0 method=com.android.dx.rop.code.RegisterSpec.withSimpleType()Lcom/android/dx/rop/code/RegisterSpec; @ 21
Event: 6.098 Thread 0x0000000016793800 Uncommon trap: reason=bimorphic action=maybe_recompile pc=0x0000000002ae1b04 method=com.android.dx.ssa.LiteralOpUpgrader.tryReplacingWithConstant(Lcom/android/dx/ssa/NormalSsaInsn;)Z @ 62
Event: 6.200 Thread 0x000000001673a800 Uncommon trap: reason=unstable_if action=reinterpret pc=0x00000000029558cc method=com.android.dx.ssa.MoveParamCombiner$1.visitNonMoveInsn(Lcom/android/dx/ssa/NormalSsaInsn;)V @ 27
Event: 6.322 Thread 0x0000000016793800 Uncommon trap: reason=bimorphic action=maybe_recompile pc=0x0000000002b26fa0 method=com.android.dx.rop.code.RegisterSpec.withSimpleType()Lcom/android/dx/rop/code/RegisterSpec; @ 21
Event: 6.335 Thread 0x0000000016793800 Uncommon trap: reason=bimorphic action=maybe_recompile pc=0x0000000002b26fa0 method=com.android.dx.rop.code.RegisterSpec.withSimpleType()Lcom/android/dx/rop/code/RegisterSpec; @ 21

Internal exceptions (6 events):
Event: 0.208 Thread 0x000000000219e000 Exception <a 'java/lang/NoSuchMethodError': Method sun.misc.Unsafe.defineClass(Ljava/lang/String;[BII)Ljava/lang/Class; name or signature does not match> (0x00000000eab07cc0) thrown at [D:\re\workspace\8-2-build-windows-amd64-cygwin\jdk8u92\6642\hotspot\sr£*v°Ê?
Event: 0.209 Thread 0x000000000219e000 Exception <a 'java/lang/NoSuchMethodError': Method sun.misc.Unsafe.prefetchRead(Ljava/lang/Object;J)V name or signature does not match> (0x00000000eab07fa8) thrown at [D:\re\workspace\8-2-build-windows-amd64-cygwin\jdk8u92\6642\hotspot\src\share\vm\prims\j;X/¦œ@
Event: 4.515 Thread 0x0000000016795000 Implicit null exception at 0x00000000027cf682 to 0x00000000027d1805
Event: 5.374 Thread 0x000000000219e000 Exception <a 'java/lang/ArrayIndexOutOfBoundsException': 18> (0x00000000eaedad10) thrown at [D:\re\workspace\8-2-build-windows-amd64-cygwin\jdk8u92\6642\hotspot\src\share\vm\interpreter\interpreterRuntime.cpp, line 366]
Event: 5.374 Thread 0x000000000219e000 Exception <a 'java/lang/ArrayIndexOutOfBoundsException': 145> (0x00000000eaedc890) thrown at [D:\re\workspace\8-2-build-windows-amd64-cygwin\jdk8u92\6642\hotspot\src\share\vm\interpreter\interpreterRuntime.cpp, line 366]
Event: 5.379 Thread 0x000000000219e000 Exception <a 'java/lang/ArrayIndexOutOfBoundsException'> (0x00000000eaeddb78) thrown at [D:\re\workspace\8-2-build-windows-amd64-cygwin\jdk8u92\6642\hotspot\src\share\vm\runtime\sharedRuntime.cpp, line 605]

Events (10 events):
Event: 6.200 Thread 0x000000001673a800 DEOPT PACKING pc=0x00000000029558cc sp=0x0000000016bde8d0
Event: 6.200 Thread 0x000000001673a800 DEOPT UNPACKING pc=0x00000000024f582a sp=0x0000000016bde828 mode 2
Event: 6.302 Thread 0x000000000219e000 DEOPT PACKING pc=0x0000000002aefb21 sp=0x00000000022ae640
Event: 6.302 Thread 0x000000000219e000 DEOPT UNPACKING pc=0x00000000024f787f sp=0x00000000022ae400 mode 0
Event: 6.322 Thread 0x0000000016793800 Uncommon trap: trap_request=0xffffffc6 fr.pc=0x0000000002b26fa0
Event: 6.322 Thread 0x0000000016793800 DEOPT PACKING pc=0x0000000002b26fa0 sp=0x0000000016ddee90
Event: 6.322 Thread 0x0000000016793800 DEOPT UNPACKING pc=0x00000000024f582a sp=0x0000000016ddedf8 mode 2
Event: 6.335 Thread 0x0000000016793800 Uncommon trap: trap_request=0xffffffc6 fr.pc=0x0000000002b26fa0
Event: 6.335 Thread 0x0000000016793800 DEOPT PACKING pc=0x0000000002b26fa0 sp=0x0000000016ddede0
Event: 6.335 Thread 0x0000000016793800 DEOPT UNPACKING pc=0x00000000024f582a sp=0x0000000016dded48 mode 2


Dynamic libraries:
0x00007ff6a77b0000 - 0x00007ff6a77e7000 	C:\Program Files\Java\jdk1.8.0_92\bin\java.exe
0x00007ffc1c3e0000 - 0x00007ffc1c5b1000 	C:\WINDOWS\SYSTEM32\ntdll.dll
0x00007ffc19970000 - 0x00007ffc19a1b000 	C:\WINDOWS\System32\KERNEL32.DLL
0x00007ffc18ae0000 - 0x00007ffc18cfd000 	C:\WINDOWS\System32\KERNELBASE.dll
0x00007ffc19c80000 - 0x00007ffc19d22000 	C:\WINDOWS\System32\ADVAPI32.dll
0x00007ffc1a200000 - 0x00007ffc1a29e000 	C:\WINDOWS\System32\msvcrt.dll
0x00007ffc19a20000 - 0x00007ffc19a79000 	C:\WINDOWS\System32\sechost.dll
0x00007ffc1a2a0000 - 0x00007ffc1a3c1000 	C:\WINDOWS\System32\RPCRT4.dll
0x00007ffc1a4a0000 - 0x00007ffc1a605000 	C:\WINDOWS\System32\USER32.dll
0x00007ffc19860000 - 0x00007ffc1987e000 	C:\WINDOWS\System32\win32u.dll
0x00007ffc19a80000 - 0x00007ffc19ab4000 	C:\WINDOWS\System32\GDI32.dll
0x00007ffc18d00000 - 0x00007ffc18e82000 	C:\WINDOWS\System32\gdi32full.dll
0x00007ffc11260000 - 0x00007ffc114d9000 	C:\WINDOWS\WinSxS\amd64_microsoft.windows.common-controls_6595b64144ccf1df_6.0.14393.447_none_42191651c6827bb3\COMCTL32.dll
0x00007ffc1a680000 - 0x00007ffc1a948000 	C:\WINDOWS\System32\combase.dll
0x00007ffc188d0000 - 0x00007ffc189c5000 	C:\WINDOWS\System32\ucrtbase.dll
0x00007ffc18e90000 - 0x00007ffc18efa000 	C:\WINDOWS\System32\bcryptPrimitives.dll
0x00007ffc1c390000 - 0x00007ffc1c3be000 	C:\WINDOWS\System32\IMM32.DLL
0x00000000748d0000 - 0x00000000749a2000 	C:\Program Files\Java\jdk1.8.0_92\jre\bin\msvcr100.dll
0x0000000075280000 - 0x0000000075b16000 	C:\Program Files\Java\jdk1.8.0_92\jre\bin\server\jvm.dll
0x00007ffc1c3d0000 - 0x00007ffc1c3d8000 	C:\WINDOWS\System32\PSAPI.DLL
0x00007ffc16880000 - 0x00007ffc16889000 	C:\WINDOWS\SYSTEM32\WSOCK32.dll
0x00007ffc19e30000 - 0x00007ffc19e9a000 	C:\WINDOWS\System32\WS2_32.dll
0x00007ffc16430000 - 0x00007ffc16453000 	C:\WINDOWS\SYSTEM32\WINMM.dll
0x00007ffc11780000 - 0x00007ffc1178a000 	C:\WINDOWS\SYSTEM32\VERSION.dll
0x00007ffc163d0000 - 0x00007ffc163fb000 	C:\WINDOWS\SYSTEM32\WINMMBASE.dll
0x00007ffc19880000 - 0x00007ffc198c2000 	C:\WINDOWS\System32\cfgmgr32.dll
0x0000000075190000 - 0x000000007519f000 	C:\Program Files\Java\jdk1.8.0_92\jre\bin\verify.dll
0x0000000075160000 - 0x0000000075189000 	C:\Program Files\Java\jdk1.8.0_92\jre\bin\java.dll
0x0000000075140000 - 0x0000000075156000 	C:\Program Files\Java\jdk1.8.0_92\jre\bin\zip.dll
0x00007ffc1ae20000 - 0x00007ffc1c329000 	C:\WINDOWS\System32\SHELL32.dll
0x00007ffc18fb0000 - 0x00007ffc1968a000 	C:\WINDOWS\System32\windows.storage.dll
0x00007ffc18840000 - 0x00007ffc1888c000 	C:\WINDOWS\System32\powrprof.dll
0x00007ffc19ea0000 - 0x00007ffc19ef2000 	C:\WINDOWS\System32\shlwapi.dll
0x00007ffc188a0000 - 0x00007ffc188af000 	C:\WINDOWS\System32\kernel.appcore.dll
0x00007ffc18f00000 - 0x00007ffc18fa9000 	C:\WINDOWS\System32\shcore.dll
0x00007ffc188b0000 - 0x00007ffc188c4000 	C:\WINDOWS\System32\profapi.dll

VM Arguments:
jvm_args: -Djava.awt.headless=true -Xmx1024M -Dfile.encoding=windows-1252 -Duser.country=AU -Duser.language=en -Duser.variant 
java_command: com.android.dx.command.Main --dex --num-threads=4 --output C:\Users\Jagadish\AndroidStudioProjects\Libraryapp\app\build\intermediates\pre-dexed\debug\com.android.support-appcompat-v7-23.4.0_7ec51054ad225c9926fca498c7a74a138c07a355.jar C:\Users\Jagadish\AndroidStudioProjects\Libraryapp\app\build\intermediates\exploded-aar\com.android.support\appcompat-v7\23.4.0\jars\classes.jar
java_class_path (initial): C:\Users\Jagadish\AppData\Local\Android\sdk\build-tools\24.0.0\lib\dx.jar
Launcher Type: SUN_STANDARD

Environment Variables:
JAVA_HOME=C:\Program Files\Java\jdk1.8.0_92
PATH=C:\ProgramData\Oracle\Java\javapath;C:\Program Files (x86)\Lenovo\FusionEngine;C:\WINDOWS\system32;C:\WINDOWS;C:\WINDOWS\System32\Wbem;C:\WINDOWS\System32\WindowsPowerShell\v1.0\;C:\Program Files (x86)\GtkSharp\2.12\bin;C:\Program Files (x86)\Skype\Phone\;C:\Program Files\Microsoft SQL Server\130\Tools\Binn\;C:\Program Files (x86)\Windows Kits\10\Windows Performance Toolkit\;C:\Program Files\Microsoft SQL Server\120\Tools\Binn\;C:\Program Files\Git\cmd;C:\Program Files\nodejs\;C:\Program Files (x86)\Rational\ClearQuest;C:\Users\Jagadish\AppData\Local\Microsoft\WindowsApps;C:\Users\Jagadish\AppData\Roaming\npm
USERNAME=Jagadish
OS=Windows_NT
PROCESSOR_IDENTIFIER=Intel64 Family 6 Model 78 Stepping 3, GenuineIntel



---------------  S Y S T E M  ---------------

OS: Windows 10.0 , 64 bit Build 14393 (10.0.14393.0)

CPU:total 4 (2 cores per cpu, 2 threads per core) family 6 model 78 stepping 3, cmov, cx8, fxsr, mmx, sse, sse2, sse3, ssse3, sse4.1, sse4.2, popcnt, avx, avx2, aes, clmul, erms, 3dnowpref, lzcnt, ht, tsc, tscinvbit, bmi1, bmi2, adx

Memory: 4k page, physical 4050848k(270224k free), swap 8146848k(3120k free)

vm_info: Java HotSpot(TM) 64-Bit Server VM (25.92-b14) for windows-amd64 JRE (1.8.0_92-b14), built on Mar 31 2016 21:03:04 by "java_re" with MS VC++ 10.0 (VS2010)

time: Wed Feb 08 21:39:46 2017
elapsed time: 6 seconds (0d 0h 0m 6s)

