#
# There is insufficient memory for the Java Runtime Environment to continue.
# Native memory allocation (malloc) failed to allocate 1025216 bytes for Chunk::new
# Possible reasons:
#   The system is out of physical RAM or swap space
#   In 32 bit mode, the process size limit was hit
# Possible solutions:
#   Reduce memory load on the system
#   Increase physical memory or swap space
#   Check if swap backing store is full
#   Use 64 bit Java on a 64 bit OS
#   Decrease Java heap size (-Xmx/-Xms)
#   Decrease number of Java threads
#   Decrease Java thread stack sizes (-Xss)
#   Set larger code cache with -XX:ReservedCodeCacheSize=
# This output file may be truncated or incomplete.
#
#  Out of Memory Error (allocation.cpp:390), pid=11408, tid=0x0000000000003b00
#
# JRE version: Java(TM) SE Runtime Environment (8.0_92-b14) (build 1.8.0_92-b14)
# Java VM: Java HotSpot(TM) 64-Bit Server VM (25.92-b14 mixed mode windows-amd64 compressed oops)
# Failed to write core dump. Minidumps are not enabled by default on client versions of Windows
#

---------------  T H R E A D  ---------------

Current thread (0x00000000150df000):  JavaThread "C2 CompilerThread0" daemon [_thread_in_native, id=15104, stack(0x0000000016730000,0x0000000016830000)]

Stack: [0x0000000016730000,0x0000000016830000]
[error occurred during error reporting (printing stack bounds), id 0xc0000005]

Native frames: (J=compiled Java code, j=interpreted, Vv=VM code, C=native code)


Current CompileTask:
C2:   4706 1402   !   4       com.android.dx.cf.cst.ConstantPoolParser::parse0 (731 bytes)


---------------  P R O C E S S  ---------------

Java Threads: ( => current thread )
  0x0000000016c1b800 JavaThread "pool-2-thread-4" [_thread_blocked, id=11216, stack(0x0000000017430000,0x0000000017530000)]
  0x0000000016c1a800 JavaThread "pool-2-thread-3" [_thread_in_Java, id=14064, stack(0x0000000017330000,0x0000000017430000)]
  0x0000000016c1a000 JavaThread "pool-2-thread-2" [_thread_in_Java, id=13376, stack(0x0000000017230000,0x0000000017330000)]
  0x0000000016c17000 JavaThread "pool-3-thread-1" [_thread_blocked, id=492, stack(0x0000000017130000,0x0000000017230000)]
  0x0000000016c16800 JavaThread "pool-2-thread-1" [_thread_in_Java, id=7448, stack(0x0000000017030000,0x0000000017130000)]
  0x000000001693d000 JavaThread "Service Thread" daemon [_thread_blocked, id=4064, stack(0x0000000016e30000,0x0000000016f30000)]
  0x0000000016938800 JavaThread "C1 CompilerThread2" daemon [_thread_blocked, id=11060, stack(0x0000000016d30000,0x0000000016e30000)]
  0x00000000150e2000 JavaThread "C2 CompilerThread1" daemon [_thread_in_native, id=5552, stack(0x0000000016830000,0x0000000016930000)]
=>0x00000000150df000 JavaThread "C2 CompilerThread0" daemon [_thread_in_native, id=15104, stack(0x0000000016730000,0x0000000016830000)]
  0x00000000150db000 JavaThread "Attach Listener" daemon [_thread_blocked, id=14084, stack(0x0000000016630000,0x0000000016730000)]
  0x00000000150d9800 JavaThread "Signal Dispatcher" daemon [_thread_blocked, id=13332, stack(0x0000000016530000,0x0000000016630000)]
  0x0000000002a05000 JavaThread "Finalizer" daemon [_thread_blocked, id=868, stack(0x0000000016340000,0x0000000016440000)]
  0x0000000002a00000 JavaThread "Reference Handler" daemon [_thread_blocked, id=14988, stack(0x0000000016240000,0x0000000016340000)]
  0x000000000263e000 JavaThread "main" [_thread_in_Java, id=13964, stack(0x0000000002710000,0x0000000002810000)]

Other Threads:
  0x00000000150a7800 VMThread [stack: 0x0000000016140000,0x0000000016240000] [id=9904]
  0x000000001694a800 WatcherThread [stack: 0x0000000016f30000,0x0000000017030000] [id=10192]

VM state:not at safepoint (normal execution)

VM Mutex/Monitor currently owned by a thread: None

Heap:
 PSYoungGen      total 34304K, used 30438K [0x00000000eab00000, 0x00000000ecf00000, 0x0000000100000000)
  eden space 31744K, 87% used [0x00000000eab00000,0x00000000ec63ff88,0x00000000eca00000)
  from space 2560K, 99% used [0x00000000ecc80000,0x00000000ecef9c50,0x00000000ecf00000)
  to   space 2560K, 0% used [0x00000000eca00000,0x00000000eca00000,0x00000000ecc80000)
 ParOldGen       total 42496K, used 2634K [0x00000000c0000000, 0x00000000c2980000, 0x00000000eab00000)
  object space 42496K, 6% used [0x00000000c0000000,0x00000000c0292bf8,0x00000000c2980000)
 Metaspace       used 6188K, capacity 7090K, committed 7296K, reserved 1056768K
  class space    used 604K, capacity 618K, committed 640K, reserved 1048576K

Card table byte_map: [0x0000000011dd0000,0x0000000011fe0000] byte_map_base: 0x00000000117d0000

Marking Bits: (ParMarkBitMap*) 0x0000000077a864f0
 Begin Bits: [0x0000000012540000, 0x0000000013540000)
 End Bits:   [0x0000000013540000, 0x0000000014540000)

Polling page: 0x0000000000d90000

CodeCache: size=245760Kb used=6050Kb max_used=6050Kb free=239709Kb
 bounds [0x0000000002a10000, 0x0000000003000000, 0x0000000011a10000]
 total_blobs=1749 nmethods=1479 adapters=182
 compilation: enabled

Compilation events (10 events):
Event: 4.622 Thread 0x0000000016938800 1486       3       com.android.dx.rop.code.ThrowingInsn::<init> (49 bytes)
Event: 4.622 Thread 0x0000000016938800 nmethod 1486 0x0000000002ff9410 code [0x0000000002ff95a0, 0x0000000002ff9a08]
Event: 4.625 Thread 0x0000000016938800 1487       3       com.android.dx.ssa.back.FirstFitLocalCombiningAllocator::getLocalItemForReg (97 bytes)
Event: 4.626 Thread 0x0000000016938800 nmethod 1487 0x0000000002ff9bd0 code [0x0000000002ff9e20, 0x0000000002ffad98]
Event: 4.632 Thread 0x0000000016938800 1489       3       com.android.dx.rop.annotation.Annotations::<init> (16 bytes)
Event: 4.632 Thread 0x0000000016938800 nmethod 1489 0x0000000002ffb310 code [0x0000000002ffb4a0, 0x0000000002ffb850]
Event: 4.640 Thread 0x0000000016938800 1491       3       com.android.dx.rop.code.RegisterSpec::withLocalItem (41 bytes)
Event: 4.641 Thread 0x0000000016938800 nmethod 1491 0x0000000002ffba10 code [0x0000000002ffbba0, 0x0000000002ffc0b8]
Event: 4.699 Thread 0x0000000016938800 1492       3       com.android.dx.ssa.back.FirstFitLocalCombiningAllocator$Multiset::add (68 bytes)
Event: 4.699 Thread 0x0000000016938800 nmethod 1492 0x0000000002ffc210 code [0x0000000002ffc3a0, 0x0000000002ffc690]

GC Heap History (4 events):
Event: 3.068 GC heap before
{Heap before GC invocations=1 (full 0):
 PSYoungGen      total 18432K, used 15872K [0x00000000eab00000, 0x00000000ebf80000, 0x0000000100000000)
  eden space 15872K, 100% used [0x00000000eab00000,0x00000000eba80000,0x00000000eba80000)
  from space 2560K, 0% used [0x00000000ebd00000,0x00000000ebd00000,0x00000000ebf80000)
  to   space 2560K, 0% used [0x00000000eba80000,0x00000000eba80000,0x00000000ebd00000)
 ParOldGen       total 42496K, used 0K [0x00000000c0000000, 0x00000000c2980000, 0x00000000eab00000)
  object space 42496K, 0% used [0x00000000c0000000,0x00000000c0000000,0x00000000c2980000)
 Metaspace       used 5551K, capacity 6512K, committed 6784K, reserved 1056768K
  class space    used 597K, capacity 616K, committed 640K, reserved 1048576K
Event: 3.281 GC heap after
Heap after GC invocations=1 (full 0):
 PSYoungGen      total 18432K, used 2553K [0x00000000eab00000, 0x00000000ecf00000, 0x0000000100000000)
  eden space 15872K, 0% used [0x00000000eab00000,0x00000000eab00000,0x00000000eba80000)
  from space 2560K, 99% used [0x00000000eba80000,0x00000000ebcfe708,0x00000000ebd00000)
  to   space 2560K, 0% used [0x00000000ecc80000,0x00000000ecc80000,0x00000000ecf00000)
 ParOldGen       total 42496K, used 838K [0x00000000c0000000, 0x00000000c2980000, 0x00000000eab00000)
  object space 42496K, 1% used [0x00000000c0000000,0x00000000c00d1b30,0x00000000c2980000)
 Metaspace       used 5551K, capacity 6512K, committed 6784K, reserved 1056768K
  class space    used 597K, capacity 616K, committed 640K, reserved 1048576K
}
Event: 4.298 GC heap before
{Heap before GC invocations=2 (full 0):
 PSYoungGen      total 18432K, used 18425K [0x00000000eab00000, 0x00000000ecf00000, 0x0000000100000000)
  eden space 15872K, 100% used [0x00000000eab00000,0x00000000eba80000,0x00000000eba80000)
  from space 2560K, 99% used [0x00000000eba80000,0x00000000ebcfe708,0x00000000ebd00000)
  to   space 2560K, 0% used [0x00000000ecc80000,0x00000000ecc80000,0x00000000ecf00000)
 ParOldGen       total 42496K, used 838K [0x00000000c0000000, 0x00000000c2980000, 0x00000000eab00000)
  object space 42496K, 1% used [0x00000000c0000000,0x00000000c00d1b30,0x00000000c2980000)
 Metaspace       used 6020K, capacity 6898K, committed 7040K, reserved 1056768K
  class space    used 604K, capacity 618K, committed 640K, reserved 1048576K
Event: 4.307 GC heap after
Heap after GC invocations=2 (full 0):
 PSYoungGen      total 34304K, used 2535K [0x00000000eab00000, 0x00000000ecf00000, 0x0000000100000000)
  eden space 31744K, 0% used [0x00000000eab00000,0x00000000eab00000,0x00000000eca00000)
  from space 2560K, 99% used [0x00000000ecc80000,0x00000000ecef9c50,0x00000000ecf00000)
  to   space 2560K, 0% used [0x00000000eca00000,0x00000000eca00000,0x00000000ecc80000)
 ParOldGen       total 42496K, used 2634K [0x00000000c0000000, 0x00000000c2980000, 0x00000000eab00000)
  object space 42496K, 6% used [0x00000000c0000000,0x00000000c0292bf8,0x00000000c2980000)
 Metaspace       used 6020K, capacity 6898K, committed 7040K, reserved 1056768K
  class space    used 604K, capacity 618K, committed 640K, reserved 1048576K
}

Deoptimization events (7 events):
Event: 1.986 Thread 0x000000000263e000 Uncommon trap: reason=unstable_if action=reinterpret pc=0x0000000002b64e14 method=java.lang.String.compareTo(Ljava/lang/String;)I @ 38
Event: 3.300 Thread 0x0000000016c16800 Uncommon trap: reason=unstable_if action=reinterpret pc=0x0000000002c5bfb0 method=java.util.BitSet.nextSetBit(I)I @ 87
Event: 4.099 Thread 0x0000000016c1b800 Uncommon trap: reason=unstable_if action=reinterpret pc=0x0000000002d14a84 method=com.android.dx.rop.code.RegisterSpec.equals(ILcom/android/dx/rop/type/TypeBearer;Lcom/android/dx/rop/code/LocalItem;)Z @ 42
Event: 4.414 Thread 0x0000000016c1a800 Uncommon trap: reason=bimorphic action=maybe_recompile pc=0x0000000002e9fb38 method=com.android.dx.cf.code.BytecodeArray.parseInstruction(ILcom/android/dx/cf/code/BytecodeArray$Visitor;)I @ 2484
Event: 4.414 Thread 0x0000000016c1a800 Uncommon trap: reason=bimorphic action=maybe_recompile pc=0x0000000002e9fb38 method=com.android.dx.cf.code.BytecodeArray.parseInstruction(ILcom/android/dx/cf/code/BytecodeArray$Visitor;)I @ 2484
Event: 4.587 Thread 0x0000000016c1a000 Uncommon trap: reason=unstable_if action=reinterpret pc=0x0000000002fcfa64 method=com.android.dx.ssa.SCCP.simulateBranch(Lcom/android/dx/ssa/SsaInsn;)V @ 64
Event: 4.630 Thread 0x0000000016c1a800 Uncommon trap: reason=unstable_if action=reinterpret pc=0x0000000002d111dc method=com.android.dx.rop.cst.Constant.compareTo(Lcom/android/dx/rop/cst/Constant;)I @ 12

Internal exceptions (2 events):
Event: 1.060 Thread 0x000000000263e000 Exception <a 'java/lang/NoSuchMethodError': Method sun.misc.Unsafe.defineClass(Ljava/lang/String;[BII)Ljava/lang/Class; name or signature does not match> (0x00000000eab07cc0) thrown at [D:\re\workspace\8-2-build-windows-amd64-cygwin\jdk8u92\6642\hotspot\sr?μ¤€υπ?
Event: 1.060 Thread 0x000000000263e000 Exception <a 'java/lang/NoSuchMethodError': Method sun.misc.Unsafe.prefetchRead(Ljava/lang/Object;J)V name or signature does not match> (0x00000000eab07fa8) thrown at [D:\re\workspace\8-2-build-windows-amd64-cygwin\jdk8u92\6642\hotspot\src\share\vm\prims\j

Events (10 events):
Event: 4.414 Thread 0x0000000016c1a800 DEOPT PACKING pc=0x0000000002e9fb38 sp=0x000000001742e6a0
Event: 4.414 Thread 0x0000000016c1a800 DEOPT UNPACKING pc=0x0000000002a5582a sp=0x000000001742e628 mode 2
Event: 4.568 loading class com/android/dx/cf/attrib/AttExceptions
Event: 4.568 loading class com/android/dx/cf/attrib/AttExceptions done
Event: 4.587 Thread 0x0000000016c1a000 Uncommon trap: trap_request=0xffffff65 fr.pc=0x0000000002fcfa64
Event: 4.587 Thread 0x0000000016c1a000 DEOPT PACKING pc=0x0000000002fcfa64 sp=0x000000001732ead0
Event: 4.587 Thread 0x0000000016c1a000 DEOPT UNPACKING pc=0x0000000002a5582a sp=0x000000001732ea90 mode 2
Event: 4.630 Thread 0x0000000016c1a800 Uncommon trap: trap_request=0xffffff65 fr.pc=0x0000000002d111dc
Event: 4.630 Thread 0x0000000016c1a800 DEOPT PACKING pc=0x0000000002d111dc sp=0x000000001742e3c0
Event: 4.630 Thread 0x0000000016c1a800 DEOPT UNPACKING pc=0x0000000002a5582a sp=0x000000001742e360 mode 2


Dynamic libraries:
0x00007ff7acd50000 - 0x00007ff7acd87000 	C:\Program Files\Java\jdk1.8.0_92\bin\java.exe
0x00007ffb23a50000 - 0x00007ffb23c21000 	C:\WINDOWS\SYSTEM32\ntdll.dll
0x00007ffb21200000 - 0x00007ffb212ab000 	C:\WINDOWS\System32\KERNEL32.DLL
0x00007ffb20400000 - 0x00007ffb2061d000 	C:\WINDOWS\System32\KERNELBASE.dll
0x00007ffb237d0000 - 0x00007ffb23872000 	C:\WINDOWS\System32\ADVAPI32.dll
0x00007ffb23730000 - 0x00007ffb237ce000 	C:\WINDOWS\System32\msvcrt.dll
0x00007ffb21190000 - 0x00007ffb211e9000 	C:\WINDOWS\System32\sechost.dll
0x00007ffb22a10000 - 0x00007ffb22b31000 	C:\WINDOWS\System32\RPCRT4.dll
0x00007ffb22b40000 - 0x00007ffb22ca5000 	C:\WINDOWS\System32\USER32.dll
0x00007ffb1ff40000 - 0x00007ffb1ff5e000 	C:\WINDOWS\System32\win32u.dll
0x00007ffb23910000 - 0x00007ffb23944000 	C:\WINDOWS\System32\GDI32.dll
0x00007ffb1ff60000 - 0x00007ffb200e2000 	C:\WINDOWS\System32\gdi32full.dll
0x00007ffb132e0000 - 0x00007ffb1355a000 	C:\WINDOWS\WinSxS\amd64_microsoft.windows.common-controls_6595b64144ccf1df_6.0.14393.953_none_42151e83c686086b\COMCTL32.dll
0x00007ffb233d0000 - 0x00007ffb23698000 	C:\WINDOWS\System32\combase.dll
0x00007ffb20140000 - 0x00007ffb20235000 	C:\WINDOWS\System32\ucrtbase.dll
0x00007ffb20240000 - 0x00007ffb202aa000 	C:\WINDOWS\System32\bcryptPrimitives.dll
0x00007ffb23880000 - 0x00007ffb238ae000 	C:\WINDOWS\System32\IMM32.DLL
0x0000000076900000 - 0x00000000769d2000 	C:\Program Files\Java\jdk1.8.0_92\jre\bin\msvcr100.dll
0x0000000077270000 - 0x0000000077b06000 	C:\Program Files\Java\jdk1.8.0_92\jre\bin\server\jvm.dll
0x00007ffb227c0000 - 0x00007ffb227c8000 	C:\WINDOWS\System32\PSAPI.DLL
0x00007ffb1b720000 - 0x00007ffb1b729000 	C:\WINDOWS\SYSTEM32\WSOCK32.dll
0x00007ffb22e70000 - 0x00007ffb22eda000 	C:\WINDOWS\System32\WS2_32.dll
0x00007ffb1db40000 - 0x00007ffb1db63000 	C:\WINDOWS\SYSTEM32\WINMM.dll
0x00007ffb16970000 - 0x00007ffb1697a000 	C:\WINDOWS\SYSTEM32\VERSION.dll
0x00007ffb1d940000 - 0x00007ffb1d96b000 	C:\WINDOWS\SYSTEM32\WINMMBASE.dll
0x00007ffb200f0000 - 0x00007ffb20132000 	C:\WINDOWS\System32\cfgmgr32.dll
0x00000000507c0000 - 0x00000000507cf000 	C:\Program Files\Java\jdk1.8.0_92\jre\bin\verify.dll
0x0000000050000000 - 0x0000000050029000 	C:\Program Files\Java\jdk1.8.0_92\jre\bin\java.dll
0x0000000077170000 - 0x0000000077186000 	C:\Program Files\Java\jdk1.8.0_92\jre\bin\zip.dll
0x00007ffb212b0000 - 0x00007ffb227b9000 	C:\WINDOWS\System32\SHELL32.dll
0x00007ffb207f0000 - 0x00007ffb20eca000 	C:\WINDOWS\System32\windows.storage.dll
0x00007ffb1fed0000 - 0x00007ffb1ff1c000 	C:\WINDOWS\System32\powrprof.dll
0x00007ffb236a0000 - 0x00007ffb236f2000 	C:\WINDOWS\System32\shlwapi.dll
0x00007ffb1fec0000 - 0x00007ffb1fecf000 	C:\WINDOWS\System32\kernel.appcore.dll
0x00007ffb20ed0000 - 0x00007ffb20f79000 	C:\WINDOWS\System32\shcore.dll
0x00007ffb1ff20000 - 0x00007ffb1ff34000 	C:\WINDOWS\System32\profapi.dll

VM Arguments:
jvm_args: -Djava.awt.headless=true -Xmx1024M -Dfile.encoding=windows-1252 -Duser.country=AU -Duser.language=en -Duser.variant 
java_command: com.android.dx.command.Main --dex --force-jumbo --num-threads=4 --multi-dex --output C:\Users\Jagadish\AndroidStudioProjects\Libraryapp\app\build\intermediates\transforms\dex\debug\folders\1000\10\com.android.support-appcompat-v7-23.4.0_7ec51054ad225c9926fca498c7a74a138c07a355 C:\Users\Jagadish\AndroidStudioProjects\Libraryapp\app\build\intermediates\exploded-aar\com.android.support\appcompat-v7\23.4.0\jars\classes.jar
java_class_path (initial): C:\Users\Jagadish\AppData\Local\Android\sdk\build-tools\24.0.0\lib\dx.jar
Launcher Type: SUN_STANDARD

Environment Variables:
JAVA_HOME=C:\Program Files\Java\jdk1.8.0_92
PATH=C:\ProgramData\Oracle\Java\javapath;C:\Program Files (x86)\Lenovo\FusionEngine;C:\WINDOWS\system32;C:\WINDOWS;C:\WINDOWS\System32\Wbem;C:\WINDOWS\System32\WindowsPowerShell\v1.0\;C:\Program Files (x86)\GtkSharp\2.12\bin;C:\Program Files (x86)\Skype\Phone\;C:\Program Files\Microsoft SQL Server\130\Tools\Binn\;C:\Program Files (x86)\Windows Kits\10\Windows Performance Toolkit\;C:\Program Files\Microsoft SQL Server\120\Tools\Binn\;C:\Program Files\Git\cmd;C:\Program Files\nodejs\;C:\Program Files (x86)\Rational\ClearQuest;C:\Users\Jagadish\AppData\Local\Microsoft\WindowsApps;C:\Users\Jagadish\AppData\Roaming\npm
USERNAME=Jagadish
OS=Windows_NT
PROCESSOR_IDENTIFIER=Intel64 Family 6 Model 78 Stepping 3, GenuineIntel



---------------  S Y S T E M  ---------------

OS: Windows 10.0 , 64 bit Build 14393 (10.0.14393.0)

CPU:total 4 (2 cores per cpu, 2 threads per core) family 6 model 78 stepping 3, cmov, cx8, fxsr, mmx, sse, sse2, sse3, ssse3, sse4.1, sse4.2, popcnt, avx, avx2, aes, clmul, erms, 3dnowpref, lzcnt, ht, tsc, tscinvbit, bmi1, bmi2, adx

Memory: 4k page, physical 4050848k(318280k free), swap 8146848k(5832k free)

vm_info: Java HotSpot(TM) 64-Bit Server VM (25.92-b14) for windows-amd64 JRE (1.8.0_92-b14), built on Mar 31 2016 21:03:04 by "java_re" with MS VC++ 10.0 (VS2010)

time: Mon Apr 10 16:53:57 2017
elapsed time: 4 seconds (0d 0h 0m 4s)

