#
# There is insufficient memory for the Java Runtime Environment to continue.
# Native memory allocation (malloc) failed to allocate 704736 bytes for Chunk::new
# Possible reasons:
#   The system is out of physical RAM or swap space
#   In 32 bit mode, the process size limit was hit
# Possible solutions:
#   Reduce memory load on the system
#   Increase physical memory or swap space
#   Check if swap backing store is full
#   Use 64 bit Java on a 64 bit OS
#   Decrease Java heap size (-Xmx/-Xms)
#   Decrease number of Java threads
#   Decrease Java thread stack sizes (-Xss)
#   Set larger code cache with -XX:ReservedCodeCacheSize=
# This output file may be truncated or incomplete.
#
#  Out of Memory Error (allocation.cpp:390), pid=14148, tid=0x0000000000002bbc
#
# JRE version: Java(TM) SE Runtime Environment (8.0_92-b14) (build 1.8.0_92-b14)
# Java VM: Java HotSpot(TM) 64-Bit Server VM (25.92-b14 mixed mode windows-amd64 compressed oops)
# Failed to write core dump. Minidumps are not enabled by default on client versions of Windows
#

---------------  T H R E A D  ---------------

Current thread (0x00000000152c2000):  JavaThread "C2 CompilerThread1" daemon [_thread_in_native, id=11196, stack(0x0000000016a10000,0x0000000016b10000)]

Stack: [0x0000000016a10000,0x0000000016b10000]
[error occurred during error reporting (printing stack bounds), id 0xc0000005]

Native frames: (J=compiled Java code, j=interpreted, Vv=VM code, C=native code)


Current CompileTask:
C2:   7434 1559       4       com.android.dx.rop.code.Rops::ropFor (771 bytes)


---------------  P R O C E S S  ---------------

Java Threads: ( => current thread )
  0x0000000016e0f800 JavaThread "pool-1-thread-1" [_thread_in_Java, id=8752, stack(0x000000001ae80000,0x000000001af80000)]
  0x0000000016b1f000 JavaThread "Service Thread" daemon [_thread_blocked, id=11380, stack(0x0000000017010000,0x0000000017110000)]
  0x000000001531e000 JavaThread "C1 CompilerThread2" daemon [_thread_blocked, id=1076, stack(0x0000000016f10000,0x0000000017010000)]
=>0x00000000152c2000 JavaThread "C2 CompilerThread1" daemon [_thread_in_native, id=11196, stack(0x0000000016a10000,0x0000000016b10000)]
  0x00000000152bf000 JavaThread "C2 CompilerThread0" daemon [_thread_in_native, id=8388, stack(0x0000000016910000,0x0000000016a10000)]
  0x00000000152bb000 JavaThread "Attach Listener" daemon [_thread_blocked, id=2260, stack(0x0000000016810000,0x0000000016910000)]
  0x00000000152b9800 JavaThread "Signal Dispatcher" daemon [_thread_blocked, id=13412, stack(0x0000000016710000,0x0000000016810000)]
  0x0000000002beb000 JavaThread "Finalizer" daemon [_thread_blocked, id=4816, stack(0x0000000016520000,0x0000000016620000)]
  0x0000000002be0000 JavaThread "Reference Handler" daemon [_thread_blocked, id=3876, stack(0x0000000016420000,0x0000000016520000)]
  0x0000000002aee000 JavaThread "main" [_thread_blocked, id=7704, stack(0x0000000002910000,0x0000000002a10000)]

Other Threads:
  0x0000000015287800 VMThread [stack: 0x0000000016320000,0x0000000016420000] [id=12188]
  0x0000000016b34000 WatcherThread [stack: 0x0000000017110000,0x0000000017210000] [id=14420]

VM state:not at safepoint (normal execution)

VM Mutex/Monitor currently owned by a thread: None

Heap:
 PSYoungGen      total 196608K, used 93980K [0x00000000eab00000, 0x00000000fd180000, 0x0000000100000000)
  eden space 171008K, 40% used [0x00000000eab00000,0x00000000eee05178,0x00000000f5200000)
  from space 25600K, 99% used [0x00000000fb880000,0x00000000fd141fc0,0x00000000fd180000)
  to   space 31744K, 0% used [0x00000000f9380000,0x00000000f9380000,0x00000000fb280000)
 ParOldGen       total 83456K, used 42284K [0x00000000c0000000, 0x00000000c5180000, 0x00000000eab00000)
  object space 83456K, 50% used [0x00000000c0000000,0x00000000c294b290,0x00000000c5180000)
 Metaspace       used 6886K, capacity 7544K, committed 7680K, reserved 1056768K
  class space    used 642K, capacity 688K, committed 768K, reserved 1048576K

Card table byte_map: [0x0000000011fb0000,0x00000000121c0000] byte_map_base: 0x00000000119b0000

Marking Bits: (ParMarkBitMap*) 0x0000000077a864f0
 Begin Bits: [0x0000000012720000, 0x0000000013720000)
 End Bits:   [0x0000000013720000, 0x0000000014720000)

Polling page: 0x00000000012f0000

CodeCache: size=245760Kb used=9815Kb max_used=9828Kb free=235944Kb
 bounds [0x0000000002bf0000, 0x00000000035a0000, 0x0000000011bf0000]
 total_blobs=2755 nmethods=2485 adapters=182
 compilation: enabled

Compilation events (10 events):
Event: 7.262 Thread 0x00000000152c2000 nmethod 2496 0x000000000358ddd0 code [0x000000000358e100, 0x000000000358f990]
Event: 7.262 Thread 0x00000000152c2000 2548       4       com.android.dx.dex.code.CstInsn::<init> (39 bytes)
Event: 7.264 Thread 0x00000000152c2000 nmethod 2548 0x0000000003572750 code [0x00000000035728a0, 0x00000000035729f8]
Event: 7.264 Thread 0x00000000152c2000 1749       4       com.android.dx.ssa.SsaConverter::needsNewSuccessor (53 bytes)
Event: 7.267 Thread 0x00000000152c2000 nmethod 1749 0x0000000003573cd0 code [0x0000000003573e20, 0x0000000003574018]
Event: 7.267 Thread 0x00000000152c2000 2275       4       java.util.TreeMap$ValueIterator::next (8 bytes)
Event: 7.270 Thread 0x00000000152c2000 nmethod 2275 0x0000000003573850 code [0x00000000035739a0, 0x0000000003573af8]
Event: 7.270 Thread 0x00000000152c2000 2256       4       java.util.HashMap::newNode (13 bytes)
Event: 7.271 Thread 0x00000000152c2000 nmethod 2256 0x0000000003573550 code [0x00000000035736a0, 0x00000000035737b8]
Event: 7.271 Thread 0x00000000152c2000 1559       4       com.android.dx.rop.code.Rops::ropFor (771 bytes)

GC Heap History (10 events):
Event: 3.280 GC heap before
{Heap before GC invocations=5 (full 0):
 PSYoungGen      total 66048K, used 66028K [0x00000000eab00000, 0x00000000eee00000, 0x0000000100000000)
  eden space 63488K, 100% used [0x00000000eab00000,0x00000000ee900000,0x00000000ee900000)
  from space 2560K, 99% used [0x00000000eeb80000,0x00000000eedfb350,0x00000000eee00000)
  to   space 2560K, 0% used [0x00000000ee900000,0x00000000ee900000,0x00000000eeb80000)
 ParOldGen       total 42496K, used 11403K [0x00000000c0000000, 0x00000000c2980000, 0x00000000eab00000)
  object space 42496K, 26% used [0x00000000c0000000,0x00000000c0b22ca0,0x00000000c2980000)
 Metaspace       used 6311K, capacity 7154K, committed 7296K, reserved 1056768K
  class space    used 604K, capacity 618K, committed 640K, reserved 1048576K
Event: 3.317 GC heap after
Heap after GC invocations=5 (full 0):
 PSYoungGen      total 66048K, used 2556K [0x00000000eab00000, 0x00000000f4300000, 0x0000000100000000)
  eden space 63488K, 0% used [0x00000000eab00000,0x00000000eab00000,0x00000000ee900000)
  from space 2560K, 99% used [0x00000000ee900000,0x00000000eeb7f360,0x00000000eeb80000)
  to   space 14336K, 0% used [0x00000000f3500000,0x00000000f3500000,0x00000000f4300000)
 ParOldGen       total 42496K, used 21888K [0x00000000c0000000, 0x00000000c2980000, 0x00000000eab00000)
  object space 42496K, 51% used [0x00000000c0000000,0x00000000c15602b0,0x00000000c2980000)
 Metaspace       used 6311K, capacity 7154K, committed 7296K, reserved 1056768K
  class space    used 604K, capacity 618K, committed 640K, reserved 1048576K
}
Event: 3.757 GC heap before
{Heap before GC invocations=6 (full 0):
 PSYoungGen      total 66048K, used 66044K [0x00000000eab00000, 0x00000000f4300000, 0x0000000100000000)
  eden space 63488K, 100% used [0x00000000eab00000,0x00000000ee900000,0x00000000ee900000)
  from space 2560K, 99% used [0x00000000ee900000,0x00000000eeb7f360,0x00000000eeb80000)
  to   space 14336K, 0% used [0x00000000f3500000,0x00000000f3500000,0x00000000f4300000)
 ParOldGen       total 42496K, used 21888K [0x00000000c0000000, 0x00000000c2980000, 0x00000000eab00000)
  object space 42496K, 51% used [0x00000000c0000000,0x00000000c15602b0,0x00000000c2980000)
 Metaspace       used 6425K, capacity 7218K, committed 7296K, reserved 1056768K
  class space    used 604K, capacity 618K, committed 640K, reserved 1048576K
Event: 3.780 GC heap after
Heap after GC invocations=6 (full 0):
 PSYoungGen      total 138752K, used 12993K [0x00000000eab00000, 0x00000000f4800000, 0x0000000100000000)
  eden space 124416K, 0% used [0x00000000eab00000,0x00000000eab00000,0x00000000f2480000)
  from space 14336K, 90% used [0x00000000f3500000,0x00000000f41b05e8,0x00000000f4300000)
  to   space 16896K, 0% used [0x00000000f2480000,0x00000000f2480000,0x00000000f3500000)
 ParOldGen       total 42496K, used 21888K [0x00000000c0000000, 0x00000000c2980000, 0x00000000eab00000)
  object space 42496K, 51% used [0x00000000c0000000,0x00000000c15602b0,0x00000000c2980000)
 Metaspace       used 6425K, capacity 7218K, committed 7296K, reserved 1056768K
  class space    used 604K, capacity 618K, committed 640K, reserved 1048576K
}
Event: 4.391 GC heap before
{Heap before GC invocations=7 (full 0):
 PSYoungGen      total 138752K, used 137409K [0x00000000eab00000, 0x00000000f4800000, 0x0000000100000000)
  eden space 124416K, 100% used [0x00000000eab00000,0x00000000f2480000,0x00000000f2480000)
  from space 14336K, 90% used [0x00000000f3500000,0x00000000f41b05e8,0x00000000f4300000)
  to   space 16896K, 0% used [0x00000000f2480000,0x00000000f2480000,0x00000000f3500000)
 ParOldGen       total 42496K, used 21888K [0x00000000c0000000, 0x00000000c2980000, 0x00000000eab00000)
  object space 42496K, 51% used [0x00000000c0000000,0x00000000c15602b0,0x00000000c2980000)
 Metaspace       used 6549K, capacity 7256K, committed 7424K, reserved 1056768K
  class space    used 624K, capacity 656K, committed 768K, reserved 1048576K
Event: 4.462 GC heap after
Heap after GC invocations=7 (full 0):
 PSYoungGen      total 141312K, used 16894K [0x00000000eab00000, 0x00000000fd300000, 0x0000000100000000)
  eden space 124416K, 0% used [0x00000000eab00000,0x00000000eab00000,0x00000000f2480000)
  from space 16896K, 99% used [0x00000000f2480000,0x00000000f34ff858,0x00000000f3500000)
  to   space 27136K, 0% used [0x00000000fb880000,0x00000000fb880000,0x00000000fd300000)
 ParOldGen       total 42496K, used 36154K [0x00000000c0000000, 0x00000000c2980000, 0x00000000eab00000)
  object space 42496K, 85% used [0x00000000c0000000,0x00000000c234ea60,0x00000000c2980000)
 Metaspace       used 6549K, capacity 7256K, committed 7424K, reserved 1056768K
  class space    used 624K, capacity 656K, committed 768K, reserved 1048576K
}
Event: 4.462 GC heap before
{Heap before GC invocations=8 (full 1):
 PSYoungGen      total 141312K, used 16894K [0x00000000eab00000, 0x00000000fd300000, 0x0000000100000000)
  eden space 124416K, 0% used [0x00000000eab00000,0x00000000eab00000,0x00000000f2480000)
  from space 16896K, 99% used [0x00000000f2480000,0x00000000f34ff858,0x00000000f3500000)
  to   space 27136K, 0% used [0x00000000fb880000,0x00000000fb880000,0x00000000fd300000)
 ParOldGen       total 42496K, used 36154K [0x00000000c0000000, 0x00000000c2980000, 0x00000000eab00000)
  object space 42496K, 85% used [0x00000000c0000000,0x00000000c234ea60,0x00000000c2980000)
 Metaspace       used 6549K, capacity 7256K, committed 7424K, reserved 1056768K
  class space    used 624K, capacity 656K, committed 768K, reserved 1048576K
Event: 4.956 GC heap after
Heap after GC invocations=8 (full 1):
 PSYoungGen      total 141312K, used 7150K [0x00000000eab00000, 0x00000000fd300000, 0x0000000100000000)
  eden space 124416K, 0% used [0x00000000eab00000,0x00000000eab00000,0x00000000f2480000)
  from space 16896K, 42% used [0x00000000f2480000,0x00000000f2b7bbe0,0x00000000f3500000)
  to   space 27136K, 0% used [0x00000000fb880000,0x00000000fb880000,0x00000000fd300000)
 ParOldGen       total 83456K, used 42284K [0x00000000c0000000, 0x00000000c5180000, 0x00000000eab00000)
  object space 83456K, 50% used [0x00000000c0000000,0x00000000c294b290,0x00000000c5180000)
 Metaspace       used 6549K, capacity 7256K, committed 7424K, reserved 1056768K
  class space    used 624K, capacity 656K, committed 768K, reserved 1048576K
}
Event: 6.146 GC heap before
{Heap before GC invocations=9 (full 1):
 PSYoungGen      total 141312K, used 131566K [0x00000000eab00000, 0x00000000fd300000, 0x0000000100000000)
  eden space 124416K, 100% used [0x00000000eab00000,0x00000000f2480000,0x00000000f2480000)
  from space 16896K, 42% used [0x00000000f2480000,0x00000000f2b7bbe0,0x00000000f3500000)
  to   space 27136K, 0% used [0x00000000fb880000,0x00000000fb880000,0x00000000fd300000)
 ParOldGen       total 83456K, used 42284K [0x00000000c0000000, 0x00000000c5180000, 0x00000000eab00000)
  object space 83456K, 50% used [0x00000000c0000000,0x00000000c294b290,0x00000000c5180000)
 Metaspace       used 6559K, capacity 7256K, committed 7424K, reserved 1056768K
  class space    used 624K, capacity 656K, committed 768K, reserved 1048576K
Event: 6.269 GC heap after
Heap after GC invocations=9 (full 1):
 PSYoungGen      total 196608K, used 25351K [0x00000000eab00000, 0x00000000fd180000, 0x0000000100000000)
  eden space 171008K, 0% used [0x00000000eab00000,0x00000000eab00000,0x00000000f5200000)
  from space 25600K, 99% used [0x00000000fb880000,0x00000000fd141fc0,0x00000000fd180000)
  to   space 31744K, 0% used [0x00000000f9380000,0x00000000f9380000,0x00000000fb280000)
 ParOldGen       total 83456K, used 42284K [0x00000000c0000000, 0x00000000c5180000, 0x00000000eab00000)
  object space 83456K, 50% used [0x00000000c0000000,0x00000000c294b290,0x00000000c5180000)
 Metaspace       used 6559K, capacity 7256K, committed 7424K, reserved 1056768K
  class space    used 624K, capacity 656K, committed 768K, reserved 1048576K
}

Deoptimization events (10 events):
Event: 6.529 Thread 0x0000000016e0f800 Uncommon trap: reason=class_check action=maybe_recompile pc=0x00000000030e1c88 method=java.util.Arrays.hashCode([Ljava/lang/Object;)I @ 43
Event: 6.557 Thread 0x0000000016e0f800 Uncommon trap: reason=class_check action=maybe_recompile pc=0x0000000003132280 method=java.util.HashMap.putVal(ILjava/lang/Object;Ljava/lang/Object;ZZ)Ljava/lang/Object; @ 203
Event: 6.819 Thread 0x0000000016e0f800 Uncommon trap: reason=speculate_class_check action=maybe_recompile pc=0x0000000002f81350 method=com.android.dx.util.FixedSizeList.equals(Ljava/lang/Object;)Z @ 25
Event: 6.819 Thread 0x0000000016e0f800 Uncommon trap: reason=class_check action=maybe_recompile pc=0x0000000002f71b4c method=java.util.Arrays.equals([Ljava/lang/Object;[Ljava/lang/Object;)Z @ 62
Event: 6.820 Thread 0x0000000016e0f800 Uncommon trap: reason=speculate_class_check action=maybe_recompile pc=0x0000000002f81350 method=com.android.dx.util.FixedSizeList.equals(Ljava/lang/Object;)Z @ 25
Event: 6.820 Thread 0x0000000016e0f800 Uncommon trap: reason=class_check action=maybe_recompile pc=0x0000000002f71b4c method=java.util.Arrays.equals([Ljava/lang/Object;[Ljava/lang/Object;)Z @ 62
Event: 6.820 Thread 0x0000000016e0f800 Uncommon trap: reason=speculate_class_check action=maybe_recompile pc=0x0000000002f81350 method=com.android.dx.util.FixedSizeList.equals(Ljava/lang/Object;)Z @ 25
Event: 6.820 Thread 0x0000000016e0f800 Uncommon trap: reason=unstable_if action=reinterpret pc=0x0000000002f71b24 method=java.util.Arrays.equals([Ljava/lang/Object;[Ljava/lang/Object;)Z @ 23
Event: 6.820 Thread 0x0000000016e0f800 Uncommon trap: reason=speculate_class_check action=maybe_recompile pc=0x0000000002f81350 method=com.android.dx.util.FixedSizeList.equals(Ljava/lang/Object;)Z @ 25
Event: 6.820 Thread 0x0000000016e0f800 Uncommon trap: reason=unstable_if action=reinterpret pc=0x00000000034b08ec method=java.util.TreeMap.put(Ljava/lang/Object;Ljava/lang/Object;)Ljava/lang/Object; @ 163

Internal exceptions (7 events):
Event: 0.086 Thread 0x0000000002aee000 Exception <a 'java/lang/NoSuchMethodError': Method sun.misc.Unsafe.defineClass(Ljava/lang/String;[BII)Ljava/lang/Class; name or signature does not match> (0x00000000eab07cc0) thrown at [D:\re\workspace\8-2-build-windows-amd64-cygwin\jdk8u92\6642\hotspot\srëå~üµ?
Event: 0.086 Thread 0x0000000002aee000 Exception <a 'java/lang/NoSuchMethodError': Method sun.misc.Unsafe.prefetchRead(Ljava/lang/Object;J)V name or signature does not match> (0x00000000eab07fa8) thrown at [D:\re\workspace\8-2-build-windows-amd64-cygwin\jdk8u92\6642\hotspot\src\share\vm\prims\jwæ´¬‚N@
Event: 3.788 Thread 0x0000000016dee000 Implicit null exception at 0x00000000031bd53a to 0x00000000031be72d
Event: 3.812 Thread 0x0000000016ded000 Implicit null exception at 0x00000000031d9010 to 0x00000000031da609
Event: 4.043 Thread 0x0000000016ded000 Exception <a 'java/lang/ArrayIndexOutOfBoundsException': 18> (0x00000000ee5f8810) thrown at [D:\re\workspace\8-2-build-windows-amd64-cygwin\jdk8u92\6642\hotspot\src\share\vm\interpreter\interpreterRuntime.cpp, line 366]
Event: 4.043 Thread 0x0000000016ded000 Exception <a 'java/lang/ArrayIndexOutOfBoundsException': 145> (0x00000000ee5fa390) thrown at [D:\re\workspace\8-2-build-windows-amd64-cygwin\jdk8u92\6642\hotspot\src\share\vm\interpreter\interpreterRuntime.cpp, line 366]
Event: 4.044 Thread 0x0000000016ded000 Exception <a 'java/lang/ArrayIndexOutOfBoundsException'> (0x00000000ee5fb678) thrown at [D:\re\workspace\8-2-build-windows-amd64-cygwin\jdk8u92\6642\hotspot\src\share\vm\runtime\sharedRuntime.cpp, line 605]

Events (10 events):
Event: 6.891 Thread 0x0000000016e0f800 DEOPT PACKING pc=0x00000000035015d1 sp=0x000000001af7eb40
Event: 6.891 Thread 0x0000000016e0f800 DEOPT UNPACKING pc=0x0000000002c3787f sp=0x000000001af7e8c8 mode 0
Event: 6.993 Thread 0x0000000016e0f800 DEOPT PACKING pc=0x0000000003525309 sp=0x000000001af7eae0
Event: 6.994 Thread 0x0000000016e0f800 DEOPT UNPACKING pc=0x0000000002c3787f sp=0x000000001af7e8e8 mode 0
Event: 6.996 Thread 0x0000000016e0f800 DEOPT PACKING pc=0x00000000034e9a40 sp=0x000000001af7ea30
Event: 6.996 Thread 0x0000000016e0f800 DEOPT UNPACKING pc=0x0000000002c3787f sp=0x000000001af7e758 mode 0
Event: 7.090 Thread 0x0000000016e0f800 DEOPT PACKING pc=0x0000000003504c38 sp=0x000000001af7e9c0
Event: 7.090 Thread 0x0000000016e0f800 DEOPT UNPACKING pc=0x0000000002c3787f sp=0x000000001af7e740 mode 0
Event: 7.159 Thread 0x0000000016e0f800 DEOPT PACKING pc=0x00000000034ff01a sp=0x000000001af7e910
Event: 7.159 Thread 0x0000000016e0f800 DEOPT UNPACKING pc=0x0000000002c3787f sp=0x000000001af7e658 mode 0


Dynamic libraries:
0x00007ff7acd50000 - 0x00007ff7acd87000 	C:\Program Files\Java\jdk1.8.0_92\bin\java.exe
0x00007ffb23a50000 - 0x00007ffb23c21000 	C:\WINDOWS\SYSTEM32\ntdll.dll
0x00007ffb21200000 - 0x00007ffb212ab000 	C:\WINDOWS\System32\KERNEL32.DLL
0x00007ffb20400000 - 0x00007ffb2061d000 	C:\WINDOWS\System32\KERNELBASE.dll
0x00007ffb237d0000 - 0x00007ffb23872000 	C:\WINDOWS\System32\ADVAPI32.dll
0x00007ffb23730000 - 0x00007ffb237ce000 	C:\WINDOWS\System32\msvcrt.dll
0x00007ffb21190000 - 0x00007ffb211e9000 	C:\WINDOWS\System32\sechost.dll
0x00007ffb22a10000 - 0x00007ffb22b31000 	C:\WINDOWS\System32\RPCRT4.dll
0x00007ffb22b40000 - 0x00007ffb22ca5000 	C:\WINDOWS\System32\USER32.dll
0x00007ffb1ff40000 - 0x00007ffb1ff5e000 	C:\WINDOWS\System32\win32u.dll
0x00007ffb23910000 - 0x00007ffb23944000 	C:\WINDOWS\System32\GDI32.dll
0x00007ffb1ff60000 - 0x00007ffb200e2000 	C:\WINDOWS\System32\gdi32full.dll
0x00007ffb132e0000 - 0x00007ffb1355a000 	C:\WINDOWS\WinSxS\amd64_microsoft.windows.common-controls_6595b64144ccf1df_6.0.14393.953_none_42151e83c686086b\COMCTL32.dll
0x00007ffb233d0000 - 0x00007ffb23698000 	C:\WINDOWS\System32\combase.dll
0x00007ffb20140000 - 0x00007ffb20235000 	C:\WINDOWS\System32\ucrtbase.dll
0x00007ffb20240000 - 0x00007ffb202aa000 	C:\WINDOWS\System32\bcryptPrimitives.dll
0x00007ffb23880000 - 0x00007ffb238ae000 	C:\WINDOWS\System32\IMM32.DLL
0x0000000076900000 - 0x00000000769d2000 	C:\Program Files\Java\jdk1.8.0_92\jre\bin\msvcr100.dll
0x0000000077270000 - 0x0000000077b06000 	C:\Program Files\Java\jdk1.8.0_92\jre\bin\server\jvm.dll
0x00007ffb227c0000 - 0x00007ffb227c8000 	C:\WINDOWS\System32\PSAPI.DLL
0x00007ffb1b720000 - 0x00007ffb1b729000 	C:\WINDOWS\SYSTEM32\WSOCK32.dll
0x00007ffb22e70000 - 0x00007ffb22eda000 	C:\WINDOWS\System32\WS2_32.dll
0x00007ffb1db40000 - 0x00007ffb1db63000 	C:\WINDOWS\SYSTEM32\WINMM.dll
0x00007ffb16970000 - 0x00007ffb1697a000 	C:\WINDOWS\SYSTEM32\VERSION.dll
0x00007ffb1d940000 - 0x00007ffb1d96b000 	C:\WINDOWS\SYSTEM32\WINMMBASE.dll
0x00007ffb200f0000 - 0x00007ffb20132000 	C:\WINDOWS\System32\cfgmgr32.dll
0x00000000507c0000 - 0x00000000507cf000 	C:\Program Files\Java\jdk1.8.0_92\jre\bin\verify.dll
0x0000000050000000 - 0x0000000050029000 	C:\Program Files\Java\jdk1.8.0_92\jre\bin\java.dll
0x0000000077170000 - 0x0000000077186000 	C:\Program Files\Java\jdk1.8.0_92\jre\bin\zip.dll
0x00007ffb212b0000 - 0x00007ffb227b9000 	C:\WINDOWS\System32\SHELL32.dll
0x00007ffb207f0000 - 0x00007ffb20eca000 	C:\WINDOWS\System32\windows.storage.dll
0x00007ffb1fed0000 - 0x00007ffb1ff1c000 	C:\WINDOWS\System32\powrprof.dll
0x00007ffb236a0000 - 0x00007ffb236f2000 	C:\WINDOWS\System32\shlwapi.dll
0x00007ffb1fec0000 - 0x00007ffb1fecf000 	C:\WINDOWS\System32\kernel.appcore.dll
0x00007ffb20ed0000 - 0x00007ffb20f79000 	C:\WINDOWS\System32\shcore.dll
0x00007ffb1ff20000 - 0x00007ffb1ff34000 	C:\WINDOWS\System32\profapi.dll

VM Arguments:
jvm_args: -Djava.awt.headless=true -Xmx1024M -Dfile.encoding=windows-1252 -Duser.country=AU -Duser.language=en -Duser.variant 
java_command: com.android.dx.command.Main --dex --force-jumbo --num-threads=4 --multi-dex --output C:\Users\Jagadish\AndroidStudioProjects\Libraryapp\app\build\intermediates\transforms\dex\debug\folders\1000\10\com.android.support-support-v4-23.4.0_f46190e33c9e48a8f9ce425dbd38ceccfab49d1c C:\Users\Jagadish\AndroidStudioProjects\Libraryapp\app\build\intermediates\exploded-aar\com.android.support\support-v4\23.4.0\jars\classes.jar
java_class_path (initial): C:\Users\Jagadish\AppData\Local\Android\sdk\build-tools\24.0.0\lib\dx.jar
Launcher Type: SUN_STANDARD

Environment Variables:
JAVA_HOME=C:\Program Files\Java\jdk1.8.0_92
PATH=C:\ProgramData\Oracle\Java\javapath;C:\Program Files (x86)\Lenovo\FusionEngine;C:\WINDOWS\system32;C:\WINDOWS;C:\WINDOWS\System32\Wbem;C:\WINDOWS\System32\WindowsPowerShell\v1.0\;C:\Program Files (x86)\GtkSharp\2.12\bin;C:\Program Files (x86)\Skype\Phone\;C:\Program Files\Microsoft SQL Server\130\Tools\Binn\;C:\Program Files (x86)\Windows Kits\10\Windows Performance Toolkit\;C:\Program Files\Microsoft SQL Server\120\Tools\Binn\;C:\Program Files\Git\cmd;C:\Program Files\nodejs\;C:\Program Files (x86)\Rational\ClearQuest;C:\Users\Jagadish\AppData\Local\Microsoft\WindowsApps;C:\Users\Jagadish\AppData\Roaming\npm
USERNAME=Jagadish
OS=Windows_NT
PROCESSOR_IDENTIFIER=Intel64 Family 6 Model 78 Stepping 3, GenuineIntel



---------------  S Y S T E M  ---------------

OS: Windows 10.0 , 64 bit Build 14393 (10.0.14393.0)

CPU:total 4 (2 cores per cpu, 2 threads per core) family 6 model 78 stepping 3, cmov, cx8, fxsr, mmx, sse, sse2, sse3, ssse3, sse4.1, sse4.2, popcnt, avx, avx2, aes, clmul, erms, 3dnowpref, lzcnt, ht, tsc, tscinvbit, bmi1, bmi2, adx

Memory: 4k page, physical 4050848k(455732k free), swap 8146848k(1332k free)

vm_info: Java HotSpot(TM) 64-Bit Server VM (25.92-b14) for windows-amd64 JRE (1.8.0_92-b14), built on Mar 31 2016 21:03:04 by "java_re" with MS VC++ 10.0 (VS2010)

time: Mon Apr 10 16:53:43 2017
elapsed time: 7 seconds (0d 0h 0m 7s)

