#
# There is insufficient memory for the Java Runtime Environment to continue.
# Native memory allocation (malloc) failed to allocate 702496 bytes for Chunk::new
# Possible reasons:
#   The system is out of physical RAM or swap space
#   In 32 bit mode, the process size limit was hit
# Possible solutions:
#   Reduce memory load on the system
#   Increase physical memory or swap space
#   Check if swap backing store is full
#   Use 64 bit Java on a 64 bit OS
#   Decrease Java heap size (-Xmx/-Xms)
#   Decrease number of Java threads
#   Decrease Java thread stack sizes (-Xss)
#   Set larger code cache with -XX:ReservedCodeCacheSize=
# This output file may be truncated or incomplete.
#
#  Out of Memory Error (allocation.cpp:390), pid=10344, tid=0x0000000000000974
#
# JRE version: Java(TM) SE Runtime Environment (8.0_92-b14) (build 1.8.0_92-b14)
# Java VM: Java HotSpot(TM) 64-Bit Server VM (25.92-b14 mixed mode windows-amd64 compressed oops)
# Failed to write core dump. Minidumps are not enabled by default on client versions of Windows
#

---------------  T H R E A D  ---------------

Current thread (0x0000000014a9f000):  JavaThread "C2 CompilerThread0" daemon [_thread_in_native, id=2420, stack(0x0000000016100000,0x0000000016200000)]

Stack: [0x0000000016100000,0x0000000016200000]
[error occurred during error reporting (printing stack bounds), id 0xc0000005]

Native frames: (J=compiled Java code, j=interpreted, Vv=VM code, C=native code)


Current CompileTask:
C2:   2558 1147   !   4       com.android.dx.cf.code.BytecodeArray::parseInstruction (2764 bytes)


---------------  P R O C E S S  ---------------

Java Threads: ( => current thread )
  0x000000001656d000 JavaThread "pool-1-thread-4" [_thread_blocked, id=4036, stack(0x0000000016e00000,0x0000000016f00000)]
  0x000000001656c000 JavaThread "pool-1-thread-3" [_thread_blocked, id=4460, stack(0x0000000016d00000,0x0000000016e00000)]
  0x0000000016568000 JavaThread "pool-1-thread-2" [_thread_in_Java, id=6180, stack(0x0000000016c00000,0x0000000016d00000)]
  0x0000000016565800 JavaThread "pool-2-thread-1" [_thread_blocked, id=14188, stack(0x0000000016b00000,0x0000000016c00000)]
  0x0000000016564800 JavaThread "pool-1-thread-1" [_thread_in_vm, id=11872, stack(0x0000000016a00000,0x0000000016b00000)]
  0x0000000016305800 JavaThread "Service Thread" daemon [_thread_blocked, id=6520, stack(0x0000000016800000,0x0000000016900000)]
  0x0000000014afe800 JavaThread "C1 CompilerThread2" daemon [_thread_blocked, id=4796, stack(0x0000000016700000,0x0000000016800000)]
  0x0000000014af8000 JavaThread "C2 CompilerThread1" daemon [_thread_in_native, id=6316, stack(0x0000000016200000,0x0000000016300000)]
=>0x0000000014a9f000 JavaThread "C2 CompilerThread0" daemon [_thread_in_native, id=2420, stack(0x0000000016100000,0x0000000016200000)]
  0x0000000014a9b000 JavaThread "Attach Listener" daemon [_thread_blocked, id=5528, stack(0x0000000016000000,0x0000000016100000)]
  0x0000000014a9a000 JavaThread "Signal Dispatcher" daemon [_thread_blocked, id=14184, stack(0x0000000015f00000,0x0000000016000000)]
  0x00000000023c5000 JavaThread "Finalizer" daemon [_thread_blocked, id=10588, stack(0x0000000015d10000,0x0000000015e10000)]
  0x00000000023c0000 JavaThread "Reference Handler" daemon [_thread_blocked, id=9008, stack(0x0000000015c10000,0x0000000015d10000)]
  0x00000000022ce000 JavaThread "main" [_thread_in_Java, id=12604, stack(0x0000000002180000,0x0000000002280000)]

Other Threads:
  0x0000000014a68000 VMThread [stack: 0x0000000015b10000,0x0000000015c10000] [id=8720]
  0x000000001631c800 WatcherThread [stack: 0x0000000016900000,0x0000000016a00000] [id=488]

VM state:not at safepoint (normal execution)

VM Mutex/Monitor currently owned by a thread: None

Heap:
 PSYoungGen      total 34304K, used 13823K [0x00000000eab00000, 0x00000000ecf00000, 0x0000000100000000)
  eden space 31744K, 35% used [0x00000000eab00000,0x00000000eb607f70,0x00000000eca00000)
  from space 2560K, 98% used [0x00000000ecc80000,0x00000000ecef8038,0x00000000ecf00000)
  to   space 2560K, 0% used [0x00000000eca00000,0x00000000eca00000,0x00000000ecc80000)
 ParOldGen       total 42496K, used 3710K [0x00000000c0000000, 0x00000000c2980000, 0x00000000eab00000)
  object space 42496K, 8% used [0x00000000c0000000,0x00000000c039f828,0x00000000c2980000)
 Metaspace       used 6004K, capacity 6898K, committed 7040K, reserved 1056768K
  class space    used 599K, capacity 618K, committed 640K, reserved 1048576K

Card table byte_map: [0x0000000011790000,0x00000000119a0000] byte_map_base: 0x0000000011190000

Marking Bits: (ParMarkBitMap*) 0x0000000077a864f0
 Begin Bits: [0x0000000011f00000, 0x0000000012f00000)
 End Bits:   [0x0000000012f00000, 0x0000000013f00000)

Polling page: 0x0000000000810000

CodeCache: size=245760Kb used=4732Kb max_used=4732Kb free=241027Kb
 bounds [0x00000000023d0000, 0x0000000002880000, 0x00000000113d0000]
 total_blobs=1441 nmethods=1173 adapters=181
 compilation: enabled

Compilation events (10 events):
Event: 2.548 Thread 0x0000000014afe800 1175       3       java.util.Vector::<init> (49 bytes)
Event: 2.549 Thread 0x0000000014afe800 nmethod 1175 0x000000000283c0d0 code [0x000000000283c2c0, 0x000000000283ccb8]
Event: 2.550 Thread 0x0000000014afe800 1176       3       java.util.Stack::<init> (5 bytes)
Event: 2.550 Thread 0x0000000014afe800 nmethod 1176 0x0000000002870b50 code [0x0000000002870cc0, 0x0000000002870f28]
Event: 2.551 Thread 0x0000000014afe800 1177       3       com.android.dx.ssa.back.SsaToRop::removePhiFunctions (83 bytes)
Event: 2.552 Thread 0x0000000014afe800 nmethod 1177 0x0000000002871b90 code [0x0000000002871e60, 0x0000000002873188]
Event: 2.553 Thread 0x0000000014afe800 1178       3       com.android.dx.rop.code.RopMethod::<init> (53 bytes)
Event: 2.553 Thread 0x0000000014afe800 nmethod 1178 0x0000000002870490 code [0x0000000002870620, 0x00000000028709f8]
Event: 2.554 Thread 0x0000000014afe800 1179       3       com.android.dx.ssa.DeadCodeRemover::process (14 bytes)
Event: 2.554 Thread 0x0000000014afe800 nmethod 1179 0x0000000002870050 code [0x00000000028701c0, 0x00000000028703b8]

GC Heap History (4 events):
Event: 1.087 GC heap before
{Heap before GC invocations=1 (full 0):
 PSYoungGen      total 18432K, used 15872K [0x00000000eab00000, 0x00000000ebf80000, 0x0000000100000000)
  eden space 15872K, 100% used [0x00000000eab00000,0x00000000eba80000,0x00000000eba80000)
  from space 2560K, 0% used [0x00000000ebd00000,0x00000000ebd00000,0x00000000ebf80000)
  to   space 2560K, 0% used [0x00000000eba80000,0x00000000eba80000,0x00000000ebd00000)
 ParOldGen       total 42496K, used 0K [0x00000000c0000000, 0x00000000c2980000, 0x00000000eab00000)
  object space 42496K, 0% used [0x00000000c0000000,0x00000000c0000000,0x00000000c2980000)
 Metaspace       used 5765K, capacity 6704K, committed 6784K, reserved 1056768K
  class space    used 596K, capacity 616K, committed 640K, reserved 1048576K
Event: 1.237 GC heap after
Heap after GC invocations=1 (full 0):
 PSYoungGen      total 18432K, used 2554K [0x00000000eab00000, 0x00000000ecf00000, 0x0000000100000000)
  eden space 15872K, 0% used [0x00000000eab00000,0x00000000eab00000,0x00000000eba80000)
  from space 2560K, 99% used [0x00000000eba80000,0x00000000ebcfeab8,0x00000000ebd00000)
  to   space 2560K, 0% used [0x00000000ecc80000,0x00000000ecc80000,0x00000000ecf00000)
 ParOldGen       total 42496K, used 1459K [0x00000000c0000000, 0x00000000c2980000, 0x00000000eab00000)
  object space 42496K, 3% used [0x00000000c0000000,0x00000000c016cde8,0x00000000c2980000)
 Metaspace       used 5765K, capacity 6704K, committed 6784K, reserved 1056768K
  class space    used 596K, capacity 616K, committed 640K, reserved 1048576K
}
Event: 1.816 GC heap before
{Heap before GC invocations=2 (full 0):
 PSYoungGen      total 18432K, used 18426K [0x00000000eab00000, 0x00000000ecf00000, 0x0000000100000000)
  eden space 15872K, 100% used [0x00000000eab00000,0x00000000eba80000,0x00000000eba80000)
  from space 2560K, 99% used [0x00000000eba80000,0x00000000ebcfeab8,0x00000000ebd00000)
  to   space 2560K, 0% used [0x00000000ecc80000,0x00000000ecc80000,0x00000000ecf00000)
 ParOldGen       total 42496K, used 1459K [0x00000000c0000000, 0x00000000c2980000, 0x00000000eab00000)
  object space 42496K, 3% used [0x00000000c0000000,0x00000000c016cde8,0x00000000c2980000)
 Metaspace       used 5962K, capacity 6898K, committed 7040K, reserved 1056768K
  class space    used 599K, capacity 618K, committed 640K, reserved 1048576K
Event: 2.196 GC heap after
Heap after GC invocations=2 (full 0):
 PSYoungGen      total 34304K, used 2528K [0x00000000eab00000, 0x00000000ecf00000, 0x0000000100000000)
  eden space 31744K, 0% used [0x00000000eab00000,0x00000000eab00000,0x00000000eca00000)
  from space 2560K, 98% used [0x00000000ecc80000,0x00000000ecef8038,0x00000000ecf00000)
  to   space 2560K, 0% used [0x00000000eca00000,0x00000000eca00000,0x00000000ecc80000)
 ParOldGen       total 42496K, used 3710K [0x00000000c0000000, 0x00000000c2980000, 0x00000000eab00000)
  object space 42496K, 8% used [0x00000000c0000000,0x00000000c039f828,0x00000000c2980000)
 Metaspace       used 5962K, capacity 6898K, committed 7040K, reserved 1056768K
  class space    used 599K, capacity 618K, committed 640K, reserved 1048576K
}

Deoptimization events (9 events):
Event: 0.772 Thread 0x0000000016568000 Uncommon trap: reason=unstable_if action=reinterpret pc=0x00000000025e048c method=java.util.HashMap.getNode(ILjava/lang/Object;)Ljava/util/HashMap$Node; @ 129
Event: 0.854 Thread 0x0000000016564800 Uncommon trap: reason=class_check action=maybe_recompile pc=0x00000000026756dc method=com.android.dx.ssa.NormalSsaInsn.accept(Lcom/android/dx/ssa/SsaInsn$Visitor;)V @ 9
Event: 0.854 Thread 0x0000000016564800 Uncommon trap: reason=class_check action=maybe_recompile pc=0x00000000026367ac method=com.android.dx.ssa.NormalSsaInsn.accept(Lcom/android/dx/ssa/SsaInsn$Visitor;)V @ 9
Event: 0.854 Thread 0x0000000016564800 Uncommon trap: reason=class_check action=maybe_recompile pc=0x00000000026367ac method=com.android.dx.ssa.NormalSsaInsn.accept(Lcom/android/dx/ssa/SsaInsn$Visitor;)V @ 9
Event: 0.863 Thread 0x000000001656d000 Uncommon trap: reason=class_check action=maybe_recompile pc=0x00000000026756dc method=com.android.dx.ssa.NormalSsaInsn.accept(Lcom/android/dx/ssa/SsaInsn$Visitor;)V @ 9
Event: 1.265 Thread 0x00000000022ce000 Uncommon trap: reason=unstable_if action=reinterpret pc=0x00000000026e1fdc method=com.android.dx.rop.code.RegisterSpec.equals(ILcom/android/dx/rop/type/TypeBearer;Lcom/android/dx/rop/code/LocalItem;)Z @ 16
Event: 1.265 Thread 0x00000000022ce000 Uncommon trap: reason=unstable_if action=reinterpret pc=0x000000000266c040 method=com.android.dx.rop.code.RegisterSpec.equals(ILcom/android/dx/rop/type/TypeBearer;Lcom/android/dx/rop/code/LocalItem;)Z @ 16
Event: 2.273 Thread 0x00000000022ce000 Uncommon trap: reason=unstable_if action=reinterpret pc=0x0000000002725850 method=java.lang.String.<init>([CII)V @ 18
Event: 2.470 Thread 0x00000000022ce000 Uncommon trap: reason=unstable_if action=reinterpret pc=0x0000000002842b8c method=com.android.dx.ssa.SCCP.simulateStmt(Lcom/android/dx/ssa/SsaInsn;)V @ 418

Internal exceptions (2 events):
Event: 0.098 Thread 0x00000000022ce000 Exception <a 'java/lang/NoSuchMethodError': Method sun.misc.Unsafe.defineClass(Ljava/lang/String;[BII)Ljava/lang/Class; name or signature does not match> (0x00000000eab07cc0) thrown at [D:\re\workspace\8-2-build-windows-amd64-cygwin\jdk8u92\6642\hotspot\srvM!¹?
Event: 0.098 Thread 0x00000000022ce000 Exception <a 'java/lang/NoSuchMethodError': Method sun.misc.Unsafe.prefetchRead(Ljava/lang/Object;J)V name or signature does not match> (0x00000000eab07fa8) thrown at [D:\re\workspace\8-2-build-windows-amd64-cygwin\jdk8u92\6642\hotspot\src\share\vm\prims\j

Events (10 events):
Event: 1.793 loading class com/android/dx/cf/code/SwitchList
Event: 1.793 loading class com/android/dx/cf/code/SwitchList done
Event: 1.816 Executing VM operation: ParallelGCFailedAllocation
Event: 2.196 Executing VM operation: ParallelGCFailedAllocation done
Event: 2.273 Thread 0x00000000022ce000 Uncommon trap: trap_request=0xffffff65 fr.pc=0x0000000002725850
Event: 2.273 Thread 0x00000000022ce000 DEOPT PACKING pc=0x0000000002725850 sp=0x000000000227e360
Event: 2.273 Thread 0x00000000022ce000 DEOPT UNPACKING pc=0x000000000241582a sp=0x000000000227e290 mode 2
Event: 2.470 Thread 0x00000000022ce000 Uncommon trap: trap_request=0xffffff65 fr.pc=0x0000000002842b8c
Event: 2.470 Thread 0x00000000022ce000 DEOPT PACKING pc=0x0000000002842b8c sp=0x000000000227e270
Event: 2.470 Thread 0x00000000022ce000 DEOPT UNPACKING pc=0x000000000241582a sp=0x000000000227e250 mode 2


Dynamic libraries:
0x00007ff7acd50000 - 0x00007ff7acd87000 	C:\Program Files\Java\jdk1.8.0_92\bin\java.exe
0x00007ffb23a50000 - 0x00007ffb23c21000 	C:\WINDOWS\SYSTEM32\ntdll.dll
0x00007ffb21200000 - 0x00007ffb212ab000 	C:\WINDOWS\System32\KERNEL32.DLL
0x00007ffb20400000 - 0x00007ffb2061d000 	C:\WINDOWS\System32\KERNELBASE.dll
0x00007ffb237d0000 - 0x00007ffb23872000 	C:\WINDOWS\System32\ADVAPI32.dll
0x00007ffb23730000 - 0x00007ffb237ce000 	C:\WINDOWS\System32\msvcrt.dll
0x00007ffb21190000 - 0x00007ffb211e9000 	C:\WINDOWS\System32\sechost.dll
0x00007ffb22a10000 - 0x00007ffb22b31000 	C:\WINDOWS\System32\RPCRT4.dll
0x00007ffb22b40000 - 0x00007ffb22ca5000 	C:\WINDOWS\System32\USER32.dll
0x00007ffb1ff40000 - 0x00007ffb1ff5e000 	C:\WINDOWS\System32\win32u.dll
0x00007ffb23910000 - 0x00007ffb23944000 	C:\WINDOWS\System32\GDI32.dll
0x00007ffb1ff60000 - 0x00007ffb200e2000 	C:\WINDOWS\System32\gdi32full.dll
0x00007ffb132e0000 - 0x00007ffb1355a000 	C:\WINDOWS\WinSxS\amd64_microsoft.windows.common-controls_6595b64144ccf1df_6.0.14393.953_none_42151e83c686086b\COMCTL32.dll
0x00007ffb233d0000 - 0x00007ffb23698000 	C:\WINDOWS\System32\combase.dll
0x00007ffb20140000 - 0x00007ffb20235000 	C:\WINDOWS\System32\ucrtbase.dll
0x00007ffb20240000 - 0x00007ffb202aa000 	C:\WINDOWS\System32\bcryptPrimitives.dll
0x00007ffb23880000 - 0x00007ffb238ae000 	C:\WINDOWS\System32\IMM32.DLL
0x0000000076900000 - 0x00000000769d2000 	C:\Program Files\Java\jdk1.8.0_92\jre\bin\msvcr100.dll
0x0000000077270000 - 0x0000000077b06000 	C:\Program Files\Java\jdk1.8.0_92\jre\bin\server\jvm.dll
0x00007ffb227c0000 - 0x00007ffb227c8000 	C:\WINDOWS\System32\PSAPI.DLL
0x00007ffb1b720000 - 0x00007ffb1b729000 	C:\WINDOWS\SYSTEM32\WSOCK32.dll
0x00007ffb22e70000 - 0x00007ffb22eda000 	C:\WINDOWS\System32\WS2_32.dll
0x00007ffb1db40000 - 0x00007ffb1db63000 	C:\WINDOWS\SYSTEM32\WINMM.dll
0x00007ffb16970000 - 0x00007ffb1697a000 	C:\WINDOWS\SYSTEM32\VERSION.dll
0x00007ffb1d940000 - 0x00007ffb1d96b000 	C:\WINDOWS\SYSTEM32\WINMMBASE.dll
0x00007ffb200f0000 - 0x00007ffb20132000 	C:\WINDOWS\System32\cfgmgr32.dll
0x00000000507c0000 - 0x00000000507cf000 	C:\Program Files\Java\jdk1.8.0_92\jre\bin\verify.dll
0x0000000050000000 - 0x0000000050029000 	C:\Program Files\Java\jdk1.8.0_92\jre\bin\java.dll
0x0000000077170000 - 0x0000000077186000 	C:\Program Files\Java\jdk1.8.0_92\jre\bin\zip.dll
0x00007ffb212b0000 - 0x00007ffb227b9000 	C:\WINDOWS\System32\SHELL32.dll
0x00007ffb207f0000 - 0x00007ffb20eca000 	C:\WINDOWS\System32\windows.storage.dll
0x00007ffb1fed0000 - 0x00007ffb1ff1c000 	C:\WINDOWS\System32\powrprof.dll
0x00007ffb236a0000 - 0x00007ffb236f2000 	C:\WINDOWS\System32\shlwapi.dll
0x00007ffb1fec0000 - 0x00007ffb1fecf000 	C:\WINDOWS\System32\kernel.appcore.dll
0x00007ffb20ed0000 - 0x00007ffb20f79000 	C:\WINDOWS\System32\shcore.dll
0x00007ffb1ff20000 - 0x00007ffb1ff34000 	C:\WINDOWS\System32\profapi.dll

VM Arguments:
jvm_args: -Djava.awt.headless=true -Xmx1024M -Dfile.encoding=windows-1252 -Duser.country=AU -Duser.language=en -Duser.variant 
java_command: com.android.dx.command.Main --dex --force-jumbo --num-threads=4 --output C:\Users\Jagadish\AndroidStudioProjects\Libraryapp\app\build\intermediates\pre-dexed\debug\com.google.firebase-firebase-analytics-impl-9.4.0_768ccdf3e8be99e29688078397fa2ccbf26513bd.jar C:\Users\Jagadish\AndroidStudioProjects\Libraryapp\app\build\intermediates\exploded-aar\com.google.firebase\firebase-analytics-impl\9.4.0\jars\classes.jar
java_class_path (initial): C:\Users\Jagadish\AppData\Local\Android\sdk\build-tools\24.0.0\lib\dx.jar
Launcher Type: SUN_STANDARD

Environment Variables:
JAVA_HOME=C:\Program Files\Java\jdk1.8.0_92
PATH=C:\ProgramData\Oracle\Java\javapath;C:\Program Files (x86)\Lenovo\FusionEngine;C:\WINDOWS\system32;C:\WINDOWS;C:\WINDOWS\System32\Wbem;C:\WINDOWS\System32\WindowsPowerShell\v1.0\;C:\Program Files (x86)\GtkSharp\2.12\bin;C:\Program Files (x86)\Skype\Phone\;C:\Program Files\Microsoft SQL Server\130\Tools\Binn\;C:\Program Files (x86)\Windows Kits\10\Windows Performance Toolkit\;C:\Program Files\Microsoft SQL Server\120\Tools\Binn\;C:\Program Files\Git\cmd;C:\Program Files\nodejs\;C:\Program Files (x86)\Rational\ClearQuest;C:\Users\Jagadish\AppData\Local\Microsoft\WindowsApps;C:\Users\Jagadish\AppData\Roaming\npm
USERNAME=Jagadish
OS=Windows_NT
PROCESSOR_IDENTIFIER=Intel64 Family 6 Model 78 Stepping 3, GenuineIntel



---------------  S Y S T E M  ---------------

OS: Windows 10.0 , 64 bit Build 14393 (10.0.14393.0)

CPU:total 4 (2 cores per cpu, 2 threads per core) family 6 model 78 stepping 3, cmov, cx8, fxsr, mmx, sse, sse2, sse3, ssse3, sse4.1, sse4.2, popcnt, avx, avx2, aes, clmul, erms, 3dnowpref, lzcnt, ht, tsc, tscinvbit, bmi1, bmi2, adx

Memory: 4k page, physical 4050848k(259776k free), swap 8146848k(4408k free)

vm_info: Java HotSpot(TM) 64-Bit Server VM (25.92-b14) for windows-amd64 JRE (1.8.0_92-b14), built on Mar 31 2016 21:03:04 by "java_re" with MS VC++ 10.0 (VS2010)

time: Mon Apr 10 16:47:22 2017
elapsed time: 2 seconds (0d 0h 0m 2s)

