#
# There is insufficient memory for the Java Runtime Environment to continue.
# Native memory allocation (malloc) failed to allocate 32744 bytes for ChunkPool::allocate
# Possible reasons:
#   The system is out of physical RAM or swap space
#   In 32 bit mode, the process size limit was hit
# Possible solutions:
#   Reduce memory load on the system
#   Increase physical memory or swap space
#   Check if swap backing store is full
#   Use 64 bit Java on a 64 bit OS
#   Decrease Java heap size (-Xmx/-Xms)
#   Decrease number of Java threads
#   Decrease Java thread stack sizes (-Xss)
#   Set larger code cache with -XX:ReservedCodeCacheSize=
# This output file may be truncated or incomplete.
#
#  Out of Memory Error (allocation.cpp:273), pid=13584, tid=0x00000000000027cc
#
# JRE version: Java(TM) SE Runtime Environment (8.0_92-b14) (build 1.8.0_92-b14)
# Java VM: Java HotSpot(TM) 64-Bit Server VM (25.92-b14 mixed mode windows-amd64 compressed oops)
# Failed to write core dump. Minidumps are not enabled by default on client versions of Windows
#

---------------  T H R E A D  ---------------

Current thread (0x0000000014d7c000):  JavaThread "C1 CompilerThread2" daemon [_thread_in_native, id=10188, stack(0x0000000016590000,0x0000000016690000)]

Stack: [0x0000000016590000,0x0000000016690000]
[error occurred during error reporting (printing stack bounds), id 0xc0000005]

Native frames: (J=compiled Java code, j=interpreted, Vv=VM code, C=native code)


Current CompileTask:
C1:   1790  558   !   3       com.android.dx.cf.code.BytecodeArray::parseInstruction (2764 bytes)


---------------  P R O C E S S  ---------------

Java Threads: ( => current thread )
  0x00000000169c0000 JavaThread "pool-1-thread-4" [_thread_new, id=4292, stack(0x0000000000000000,0x0000000000000000)]
  0x00000000169bf800 JavaThread "pool-1-thread-3" [_thread_new, id=4496, stack(0x0000000000000000,0x0000000000000000)]
  0x00000000169be800 JavaThread "pool-1-thread-2" [_thread_blocked, id=336, stack(0x0000000016e90000,0x0000000016f90000)]
  0x00000000169bb000 JavaThread "pool-2-thread-1" [_thread_blocked, id=7904, stack(0x0000000016d90000,0x0000000016e90000)]
  0x00000000169ba800 JavaThread "pool-1-thread-1" [_thread_in_vm, id=7724, stack(0x0000000016c90000,0x0000000016d90000)]
  0x0000000016693800 JavaThread "Service Thread" daemon [_thread_blocked, id=5160, stack(0x0000000016a90000,0x0000000016b90000)]
=>0x0000000014d7c000 JavaThread "C1 CompilerThread2" daemon [_thread_in_native, id=10188, stack(0x0000000016590000,0x0000000016690000)]
  0x0000000014d23800 JavaThread "C2 CompilerThread1" daemon [_thread_blocked, id=14912, stack(0x0000000016490000,0x0000000016590000)]
  0x0000000014d20000 JavaThread "C2 CompilerThread0" daemon [_thread_blocked, id=10416, stack(0x0000000016390000,0x0000000016490000)]
  0x0000000014d1c000 JavaThread "Attach Listener" daemon [_thread_blocked, id=1212, stack(0x0000000016290000,0x0000000016390000)]
  0x0000000014d1a800 JavaThread "Signal Dispatcher" daemon [_thread_blocked, id=6712, stack(0x0000000016190000,0x0000000016290000)]
  0x00000000025e5000 JavaThread "Finalizer" daemon [_thread_blocked, id=7816, stack(0x0000000015fa0000,0x00000000160a0000)]
  0x00000000025e0000 JavaThread "Reference Handler" daemon [_thread_blocked, id=13176, stack(0x0000000015ea0000,0x0000000015fa0000)]
  0x000000000264e000 JavaThread "main" [_thread_in_Java, id=12420, stack(0x00000000023c0000,0x00000000024c0000)]

Other Threads:
  0x0000000014ce8000 VMThread [stack: 0x0000000015da0000,0x0000000015ea0000] [id=13976]
  0x0000000016697800 WatcherThread [stack: 0x0000000016b90000,0x0000000016c90000] [id=10464]

VM state:not at safepoint (normal execution)

VM Mutex/Monitor currently owned by a thread: None

Heap:
 PSYoungGen      total 18432K, used 15527K [0x00000000eab00000, 0x00000000ebf80000, 0x0000000100000000)
  eden space 15872K, 97% used [0x00000000eab00000,0x00000000eba29ec8,0x00000000eba80000)
  from space 2560K, 0% used [0x00000000ebd00000,0x00000000ebd00000,0x00000000ebf80000)
  to   space 2560K, 0% used [0x00000000eba80000,0x00000000eba80000,0x00000000ebd00000)
 ParOldGen       total 42496K, used 0K [0x00000000c0000000, 0x00000000c2980000, 0x00000000eab00000)
  object space 42496K, 0% used [0x00000000c0000000,0x00000000c0000000,0x00000000c2980000)
 Metaspace       used 5536K, capacity 6512K, committed 6784K, reserved 1056768K
  class space    used 598K, capacity 616K, committed 640K, reserved 1048576K

Card table byte_map: [0x0000000011a10000,0x0000000011c20000] byte_map_base: 0x0000000011410000

Marking Bits: (ParMarkBitMap*) 0x0000000077a864f0
 Begin Bits: [0x0000000012180000, 0x0000000013180000)
 End Bits:   [0x0000000013180000, 0x0000000014180000)

Polling page: 0x0000000000950000

CodeCache: size=245760Kb used=2265Kb max_used=2276Kb free=243494Kb
 bounds [0x0000000002650000, 0x00000000028c0000, 0x0000000011650000]
 total_blobs=827 nmethods=558 adapters=182
 compilation: enabled

Compilation events (10 events):
Event: 1.780 Thread 0x0000000014d7c000 nmethod 554 0x00000000028838d0 code [0x0000000002883d40, 0x00000000028869b8]
Event: 1.780 Thread 0x0000000014d7c000  555       3       com.android.dx.rop.code.Rop::canThrow (18 bytes)
Event: 1.780 Thread 0x0000000014d7c000 nmethod 555 0x0000000002881c10 code [0x0000000002881d80, 0x0000000002881fe8]
Event: 1.780 Thread 0x0000000014d7c000  559       3       com.android.dx.cf.code.ByteOps::opInfo (6 bytes)
Event: 1.780 Thread 0x0000000014d7c000 nmethod 559 0x0000000002881890 code [0x00000000028819e0, 0x0000000002881b30]
Event: 1.780 Thread 0x0000000014d7c000  557       3       com.android.dx.rop.code.RegisterSpec::make (7 bytes)
Event: 1.781 Thread 0x0000000014d7c000 nmethod 557 0x0000000002881510 code [0x0000000002881680, 0x00000000028817e8]
Event: 1.781 Thread 0x0000000014d7c000  558   !   3       com.android.dx.cf.code.BytecodeArray::parseInstruction (2764 bytes)
Event: 1.781 Thread 0x0000000014d23800  564       4       com.android.dx.util.MutabilityControl::throwIfImmutable (18 bytes)
Event: 1.782 Thread 0x0000000014d23800 nmethod 564 0x000000000283d110 code [0x000000000283d240, 0x000000000283d2b8]

GC Heap History (0 events):
No events

Deoptimization events (1 events):
Event: 0.890 Thread 0x000000000264e000 Uncommon trap: reason=unstable_if action=reinterpret pc=0x000000000278a694 method=java.lang.String.compareTo(Ljava/lang/String;)I @ 38

Internal exceptions (2 events):
Event: 0.151 Thread 0x000000000264e000 Exception <a 'java/lang/NoSuchMethodError': Method sun.misc.Unsafe.defineClass(Ljava/lang/String;[BII)Ljava/lang/Class; name or signature does not match> (0x00000000eab07cc0) thrown at [D:\re\workspace\8-2-build-windows-amd64-cygwin\jdk8u92\6642\hotspot\srØo†*Å\Ã?
Event: 0.151 Thread 0x000000000264e000 Exception <a 'java/lang/NoSuchMethodError': Method sun.misc.Unsafe.prefetchRead(Ljava/lang/Object;J)V name or signature does not match> (0x00000000eab07fa8) thrown at [D:\re\workspace\8-2-build-windows-amd64-cygwin\jdk8u92\6642\hotspot\src\share\vm\prims\j

Events (10 events):
Event: 1.546 loading class com/android/dx/dex/file/UniformListItem
Event: 1.546 loading class com/android/dx/dex/file/UniformListItem done
Event: 1.547 loading class com/android/dx/dex/file/AnnotationSetRefItem
Event: 1.547 loading class com/android/dx/dex/file/AnnotationSetRefItem done
Event: 1.549 loading class com/android/dx/ssa/PhiInsn$Operand
Event: 1.549 loading class com/android/dx/ssa/PhiInsn$Operand done
Event: 1.769 loading class java/util/TreeMap$EntrySet
Event: 1.769 loading class java/util/TreeMap$EntrySet done
Event: 1.769 loading class java/util/TreeMap$EntryIterator
Event: 1.769 loading class java/util/TreeMap$EntryIterator done


Dynamic libraries:
0x00007ff7acd50000 - 0x00007ff7acd87000 	C:\Program Files\Java\jdk1.8.0_92\bin\java.exe
0x00007ffb23a50000 - 0x00007ffb23c21000 	C:\WINDOWS\SYSTEM32\ntdll.dll
0x00007ffb21200000 - 0x00007ffb212ab000 	C:\WINDOWS\System32\KERNEL32.DLL
0x00007ffb20400000 - 0x00007ffb2061d000 	C:\WINDOWS\System32\KERNELBASE.dll
0x00007ffb237d0000 - 0x00007ffb23872000 	C:\WINDOWS\System32\ADVAPI32.dll
0x00007ffb23730000 - 0x00007ffb237ce000 	C:\WINDOWS\System32\msvcrt.dll
0x00007ffb21190000 - 0x00007ffb211e9000 	C:\WINDOWS\System32\sechost.dll
0x00007ffb22a10000 - 0x00007ffb22b31000 	C:\WINDOWS\System32\RPCRT4.dll
0x00007ffb22b40000 - 0x00007ffb22ca5000 	C:\WINDOWS\System32\USER32.dll
0x00007ffb1ff40000 - 0x00007ffb1ff5e000 	C:\WINDOWS\System32\win32u.dll
0x00007ffb23910000 - 0x00007ffb23944000 	C:\WINDOWS\System32\GDI32.dll
0x00007ffb1ff60000 - 0x00007ffb200e2000 	C:\WINDOWS\System32\gdi32full.dll
0x00007ffb132e0000 - 0x00007ffb1355a000 	C:\WINDOWS\WinSxS\amd64_microsoft.windows.common-controls_6595b64144ccf1df_6.0.14393.953_none_42151e83c686086b\COMCTL32.dll
0x00007ffb233d0000 - 0x00007ffb23698000 	C:\WINDOWS\System32\combase.dll
0x00007ffb20140000 - 0x00007ffb20235000 	C:\WINDOWS\System32\ucrtbase.dll
0x00007ffb20240000 - 0x00007ffb202aa000 	C:\WINDOWS\System32\bcryptPrimitives.dll
0x00007ffb23880000 - 0x00007ffb238ae000 	C:\WINDOWS\System32\IMM32.DLL
0x0000000076900000 - 0x00000000769d2000 	C:\Program Files\Java\jdk1.8.0_92\jre\bin\msvcr100.dll
0x0000000077270000 - 0x0000000077b06000 	C:\Program Files\Java\jdk1.8.0_92\jre\bin\server\jvm.dll
0x00007ffb227c0000 - 0x00007ffb227c8000 	C:\WINDOWS\System32\PSAPI.DLL
0x00007ffb1b720000 - 0x00007ffb1b729000 	C:\WINDOWS\SYSTEM32\WSOCK32.dll
0x00007ffb22e70000 - 0x00007ffb22eda000 	C:\WINDOWS\System32\WS2_32.dll
0x00007ffb1db40000 - 0x00007ffb1db63000 	C:\WINDOWS\SYSTEM32\WINMM.dll
0x00007ffb16970000 - 0x00007ffb1697a000 	C:\WINDOWS\SYSTEM32\VERSION.dll
0x00007ffb1d940000 - 0x00007ffb1d96b000 	C:\WINDOWS\SYSTEM32\WINMMBASE.dll
0x00007ffb200f0000 - 0x00007ffb20132000 	C:\WINDOWS\System32\cfgmgr32.dll
0x00000000507c0000 - 0x00000000507cf000 	C:\Program Files\Java\jdk1.8.0_92\jre\bin\verify.dll
0x0000000050000000 - 0x0000000050029000 	C:\Program Files\Java\jdk1.8.0_92\jre\bin\java.dll
0x0000000077170000 - 0x0000000077186000 	C:\Program Files\Java\jdk1.8.0_92\jre\bin\zip.dll
0x00007ffb212b0000 - 0x00007ffb227b9000 	C:\WINDOWS\System32\SHELL32.dll
0x00007ffb207f0000 - 0x00007ffb20eca000 	C:\WINDOWS\System32\windows.storage.dll
0x00007ffb1fed0000 - 0x00007ffb1ff1c000 	C:\WINDOWS\System32\powrprof.dll
0x00007ffb236a0000 - 0x00007ffb236f2000 	C:\WINDOWS\System32\shlwapi.dll
0x00007ffb1fec0000 - 0x00007ffb1fecf000 	C:\WINDOWS\System32\kernel.appcore.dll
0x00007ffb20ed0000 - 0x00007ffb20f79000 	C:\WINDOWS\System32\shcore.dll
0x00007ffb1ff20000 - 0x00007ffb1ff34000 	C:\WINDOWS\System32\profapi.dll

VM Arguments:
jvm_args: -Djava.awt.headless=true -Xmx1024M -Dfile.encoding=windows-1252 -Duser.country=AU -Duser.language=en -Duser.variant 
java_command: com.android.dx.command.Main --dex --force-jumbo --num-threads=4 --output C:\Users\Jagadish\AndroidStudioProjects\Libraryapp\app\build\intermediates\pre-dexed\debug\com.android.support-appcompat-v7-23.4.0_7ec51054ad225c9926fca498c7a74a138c07a355.jar C:\Users\Jagadish\AndroidStudioProjects\Libraryapp\app\build\intermediates\exploded-aar\com.android.support\appcompat-v7\23.4.0\jars\classes.jar
java_class_path (initial): C:\Users\Jagadish\AppData\Local\Android\sdk\build-tools\24.0.0\lib\dx.jar
Launcher Type: SUN_STANDARD

Environment Variables:
JAVA_HOME=C:\Program Files\Java\jdk1.8.0_92
PATH=C:\ProgramData\Oracle\Java\javapath;C:\Program Files (x86)\Lenovo\FusionEngine;C:\WINDOWS\system32;C:\WINDOWS;C:\WINDOWS\System32\Wbem;C:\WINDOWS\System32\WindowsPowerShell\v1.0\;C:\Program Files (x86)\GtkSharp\2.12\bin;C:\Program Files (x86)\Skype\Phone\;C:\Program Files\Microsoft SQL Server\130\Tools\Binn\;C:\Program Files (x86)\Windows Kits\10\Windows Performance Toolkit\;C:\Program Files\Microsoft SQL Server\120\Tools\Binn\;C:\Program Files\Git\cmd;C:\Program Files\nodejs\;C:\Program Files (x86)\Rational\ClearQuest;C:\Users\Jagadish\AppData\Local\Microsoft\WindowsApps;C:\Users\Jagadish\AppData\Roaming\npm
USERNAME=Jagadish
OS=Windows_NT
PROCESSOR_IDENTIFIER=Intel64 Family 6 Model 78 Stepping 3, GenuineIntel



---------------  S Y S T E M  ---------------

OS: Windows 10.0 , 64 bit Build 14393 (10.0.14393.0)

CPU:total 4 (2 cores per cpu, 2 threads per core) family 6 model 78 stepping 3, cmov, cx8, fxsr, mmx, sse, sse2, sse3, ssse3, sse4.1, sse4.2, popcnt, avx, avx2, aes, clmul, erms, 3dnowpref, lzcnt, ht, tsc, tscinvbit, bmi1, bmi2, adx

Memory: 4k page, physical 4050848k(214432k free), swap 8146848k(2464k free)

vm_info: Java HotSpot(TM) 64-Bit Server VM (25.92-b14) for windows-amd64 JRE (1.8.0_92-b14), built on Mar 31 2016 21:03:04 by "java_re" with MS VC++ 10.0 (VS2010)

time: Mon Apr 10 16:47:44 2017
elapsed time: 1 seconds (0d 0h 0m 1s)

