#
# There is insufficient memory for the Java Runtime Environment to continue.
# Native memory allocation (malloc) failed to allocate 32744 bytes for ChunkPool::allocate
# Possible reasons:
#   The system is out of physical RAM or swap space
#   In 32 bit mode, the process size limit was hit
# Possible solutions:
#   Reduce memory load on the system
#   Increase physical memory or swap space
#   Check if swap backing store is full
#   Use 64 bit Java on a 64 bit OS
#   Decrease Java heap size (-Xmx/-Xms)
#   Decrease number of Java threads
#   Decrease Java thread stack sizes (-Xss)
#   Set larger code cache with -XX:ReservedCodeCacheSize=
# This output file may be truncated or incomplete.
#
#  Out of Memory Error (allocation.cpp:273), pid=12572, tid=0x000000000000245c
#
# JRE version: Java(TM) SE Runtime Environment (8.0_92-b14) (build 1.8.0_92-b14)
# Java VM: Java HotSpot(TM) 64-Bit Server VM (25.92-b14 mixed mode windows-amd64 compressed oops)
# Failed to write core dump. Minidumps are not enabled by default on client versions of Windows
#

---------------  T H R E A D  ---------------

Current thread (0x0000000016d58800):  JavaThread "C1 CompilerThread2" daemon [_thread_in_native, id=9308, stack(0x0000000017150000,0x0000000017250000)]

Stack: [0x0000000017150000,0x0000000017250000]
[error occurred during error reporting (printing stack bounds), id 0xc0000005]

Native frames: (J=compiled Java code, j=interpreted, Vv=VM code, C=native code)


Current CompileTask:
C1:   1052   51  s!   3       sun.misc.URLClassPath::getLoader (197 bytes)


---------------  P R O C E S S  ---------------

Java Threads: ( => current thread )
  0x000000001545d800 JavaThread "Service Thread" daemon [_thread_blocked, id=18212, stack(0x0000000017250000,0x0000000017350000)]
=>0x0000000016d58800 JavaThread "C1 CompilerThread2" daemon [_thread_in_native, id=9308, stack(0x0000000017150000,0x0000000017250000)]
  0x0000000015404800 JavaThread "C2 CompilerThread1" daemon [_thread_blocked, id=7812, stack(0x0000000016c50000,0x0000000016d50000)]
  0x0000000015401800 JavaThread "C2 CompilerThread0" daemon [_thread_blocked, id=8292, stack(0x0000000016b50000,0x0000000016c50000)]
  0x00000000153fd800 JavaThread "Attach Listener" daemon [_thread_blocked, id=14876, stack(0x0000000016a50000,0x0000000016b50000)]
  0x00000000153fa800 JavaThread "Signal Dispatcher" daemon [_thread_blocked, id=7344, stack(0x0000000016950000,0x0000000016a50000)]
  0x0000000002d2b000 JavaThread "Finalizer" daemon [_thread_blocked, id=16776, stack(0x0000000016660000,0x0000000016760000)]
  0x0000000002d20000 JavaThread "Reference Handler" daemon [_thread_blocked, id=7052, stack(0x0000000016560000,0x0000000016660000)]

Other Threads:
  0x00000000153c7800 VMThread [stack: 0x0000000016460000,0x0000000016560000] [id=17964]
  0x0000000016d74800 WatcherThread [stack: 0x0000000017350000,0x0000000017450000] [id=11976]

VM state:not at safepoint (normal execution)

VM Mutex/Monitor currently owned by a thread: None

Heap:
 PSYoungGen      total 18432K, used 4456K [0x00000000eab00000, 0x00000000ebf80000, 0x0000000100000000)
  eden space 15872K, 28% used [0x00000000eab00000,0x00000000eaf5a158,0x00000000eba80000)
  from space 2560K, 0% used [0x00000000ebd00000,0x00000000ebd00000,0x00000000ebf80000)
  to   space 2560K, 0% used [0x00000000eba80000,0x00000000eba80000,0x00000000ebd00000)
 ParOldGen       total 42496K, used 0K [0x00000000c0000000, 0x00000000c2980000, 0x00000000eab00000)
  object space 42496K, 0% used [0x00000000c0000000,0x00000000c0000000,0x00000000c2980000)
 Metaspace       used 3939K, capacity 5104K, committed 5376K, reserved 1056768K
  class space    used 457K, capacity 488K, committed 512K, reserved 1048576K

Card table byte_map: [0x00000000120f0000,0x0000000012300000] byte_map_base: 0x0000000011af0000

Marking Bits: (ParMarkBitMap*) 0x00000000756564f0
 Begin Bits: [0x0000000012860000, 0x0000000013860000)
 End Bits:   [0x0000000013860000, 0x0000000014860000)

Polling page: 0x0000000001270000

CodeCache: size=245760Kb used=1149Kb max_used=1159Kb free=244610Kb
 bounds [0x0000000002d30000, 0x0000000002fa0000, 0x0000000011d30000]
 total_blobs=312 nmethods=57 adapters=168
 compilation: enabled

Compilation events (10 events):
Event: 0.922 Thread 0x0000000016d58800 nmethod 44 0x0000000002e49210 code [0x0000000002e49360, 0x0000000002e494d0]
Event: 0.923 Thread 0x0000000016d58800   46       3       java.lang.String::substring (79 bytes)
Event: 0.923 Thread 0x0000000016d58800 nmethod 46 0x0000000002e49550 code [0x0000000002e49700, 0x0000000002e49b98]
Event: 0.923 Thread 0x0000000016d58800   47       1       java.net.URL::getHost (5 bytes)
Event: 0.924 Thread 0x0000000016d58800 nmethod 47 0x0000000002e49dd0 code [0x0000000002e49f20, 0x0000000002e4a030]
Event: 0.924 Thread 0x0000000016d58800   48       1       java.net.URL::getProtocol (5 bytes)
Event: 0.924 Thread 0x0000000016d58800 nmethod 48 0x0000000002e4a090 code [0x0000000002e4a1e0, 0x0000000002e4a2f0]
Event: 0.931 Thread 0x0000000016d58800   49       3       java.util.HashMap::getNode (148 bytes)
Event: 0.932 Thread 0x0000000016d58800 nmethod 49 0x0000000002e4abd0 code [0x0000000002e4ada0, 0x0000000002e4b748]
Event: 0.932 Thread 0x0000000016d58800   51  s!   3       sun.misc.URLClassPath::getLoader (197 bytes)

GC Heap History (0 events):
No events

Deoptimization events (0 events):
No events

Internal exceptions (2 events):
Event: 0.601 Thread 0x0000000002a3e000 Exception <a 'java/lang/NoSuchMethodError': Method sun.misc.Unsafe.defineClass(Ljava/lang/String;[BII)Ljava/lang/Class; name or signature does not match> (0x00000000eab07cc0) thrown at [D:\re\workspace\8-2-build-windows-amd64-cygwin\jdk8u92\6642\hotspot\sr¡
Event: 0.601 Thread 0x0000000002a3e000 Exception <a 'java/lang/NoSuchMethodError': Method sun.misc.Unsafe.prefetchRead(Ljava/lang/Object;J)V name or signature does not match> (0x00000000eab07fa8) thrown at [D:\re\workspace\8-2-build-windows-amd64-cygwin\jdk8u92\6642\hotspot\src\share\vm\prims\j

Events (10 events):
Event: 0.930 loading class java/util/concurrent/Executors$DefaultThreadFactory
Event: 0.930 loading class java/util/concurrent/ThreadFactory
Event: 0.930 loading class java/util/concurrent/ThreadFactory done
Event: 0.930 loading class java/util/concurrent/Executors$DefaultThreadFactory done
Event: 0.930 loading class com/android/dx/dex/file/DexFile
Event: 0.930 loading class com/android/dx/dex/file/DexFile done
Event: 0.932 loading class com/android/dx/dex/file/Section
Event: 0.932 loading class com/android/dx/dex/file/Section done
Event: 0.933 loading class com/android/dx/dex/file/MixedItemSection
Event: 0.933 loading class com/android/dx/dex/file/MixedItemSection done


Dynamic libraries:
0x00007ff68e020000 - 0x00007ff68e057000 	C:\Program Files\Java\jdk1.8.0_92\bin\java.exe
0x00007ffc1c3e0000 - 0x00007ffc1c5b1000 	C:\WINDOWS\SYSTEM32\ntdll.dll
0x00007ffc19970000 - 0x00007ffc19a1b000 	C:\WINDOWS\System32\KERNEL32.DLL
0x00007ffc18ae0000 - 0x00007ffc18cfd000 	C:\WINDOWS\System32\KERNELBASE.dll
0x00007ffc19c80000 - 0x00007ffc19d22000 	C:\WINDOWS\System32\ADVAPI32.dll
0x00007ffc1a200000 - 0x00007ffc1a29e000 	C:\WINDOWS\System32\msvcrt.dll
0x00007ffc19a20000 - 0x00007ffc19a79000 	C:\WINDOWS\System32\sechost.dll
0x00007ffc1a2a0000 - 0x00007ffc1a3c1000 	C:\WINDOWS\System32\RPCRT4.dll
0x00007ffc1a4a0000 - 0x00007ffc1a605000 	C:\WINDOWS\System32\USER32.dll
0x00007ffc19860000 - 0x00007ffc1987e000 	C:\WINDOWS\System32\win32u.dll
0x00007ffc19a80000 - 0x00007ffc19ab4000 	C:\WINDOWS\System32\GDI32.dll
0x00007ffc18d00000 - 0x00007ffc18e82000 	C:\WINDOWS\System32\gdi32full.dll
0x00007ffc11260000 - 0x00007ffc114d9000 	C:\WINDOWS\WinSxS\amd64_microsoft.windows.common-controls_6595b64144ccf1df_6.0.14393.447_none_42191651c6827bb3\COMCTL32.dll
0x00007ffc1a680000 - 0x00007ffc1a948000 	C:\WINDOWS\System32\combase.dll
0x00007ffc188d0000 - 0x00007ffc189c5000 	C:\WINDOWS\System32\ucrtbase.dll
0x00007ffc18e90000 - 0x00007ffc18efa000 	C:\WINDOWS\System32\bcryptPrimitives.dll
0x00007ffc1c390000 - 0x00007ffc1c3be000 	C:\WINDOWS\System32\IMM32.DLL
0x00000000748d0000 - 0x00000000749a2000 	C:\Program Files\Java\jdk1.8.0_92\jre\bin\msvcr100.dll
0x0000000074e40000 - 0x00000000756d6000 	C:\Program Files\Java\jdk1.8.0_92\jre\bin\server\jvm.dll
0x00007ffc1c3d0000 - 0x00007ffc1c3d8000 	C:\WINDOWS\System32\PSAPI.DLL
0x00007ffc16930000 - 0x00007ffc16939000 	C:\WINDOWS\SYSTEM32\WSOCK32.dll
0x00007ffc19e30000 - 0x00007ffc19e9a000 	C:\WINDOWS\System32\WS2_32.dll
0x00007ffc11780000 - 0x00007ffc1178a000 	C:\WINDOWS\SYSTEM32\VERSION.dll
0x00007ffc16430000 - 0x00007ffc16453000 	C:\WINDOWS\SYSTEM32\WINMM.dll
0x00007ffc163d0000 - 0x00007ffc163fb000 	C:\WINDOWS\SYSTEM32\WINMMBASE.dll
0x00007ffc19880000 - 0x00007ffc198c2000 	C:\WINDOWS\System32\cfgmgr32.dll
0x0000000074d50000 - 0x0000000074d5f000 	C:\Program Files\Java\jdk1.8.0_92\jre\bin\verify.dll
0x0000000074d20000 - 0x0000000074d49000 	C:\Program Files\Java\jdk1.8.0_92\jre\bin\java.dll
0x0000000074d00000 - 0x0000000074d16000 	C:\Program Files\Java\jdk1.8.0_92\jre\bin\zip.dll
0x00007ffc1ae20000 - 0x00007ffc1c329000 	C:\WINDOWS\System32\SHELL32.dll
0x00007ffc18fb0000 - 0x00007ffc1968a000 	C:\WINDOWS\System32\windows.storage.dll
0x00007ffc18840000 - 0x00007ffc1888c000 	C:\WINDOWS\System32\powrprof.dll
0x00007ffc19ea0000 - 0x00007ffc19ef2000 	C:\WINDOWS\System32\shlwapi.dll
0x00007ffc188a0000 - 0x00007ffc188af000 	C:\WINDOWS\System32\kernel.appcore.dll
0x00007ffc18f00000 - 0x00007ffc18fa9000 	C:\WINDOWS\System32\shcore.dll
0x00007ffc188b0000 - 0x00007ffc188c4000 	C:\WINDOWS\System32\profapi.dll

VM Arguments:
jvm_args: -Djava.awt.headless=true -Xmx1024M -Dfile.encoding=windows-1252 -Duser.country=AU -Duser.language=en -Duser.variant 
java_command: com.android.dx.command.Main --dex --force-jumbo --num-threads=4 --multi-dex --output C:\Users\Jagadish\AndroidStudioProjects\Libraryapp\app\build\intermediates\transforms\dex\debug\folders\1000\5\slice_9 C:\Users\Jagadish\AndroidStudioProjects\Libraryapp\app\build\intermediates\transforms\instantRunSlicer\debug\folders\1\5\slice_9
java_class_path (initial): C:\Users\Jagadish\AppData\Local\Android\sdk\build-tools\24.0.0\lib\dx.jar
Launcher Type: SUN_STANDARD

Environment Variables:
JAVA_HOME=C:\Program Files\Java\jdk1.8.0_92
PATH=C:\ProgramData\Oracle\Java\javapath;C:\Program Files (x86)\Lenovo\FusionEngine;C:\WINDOWS\system32;C:\WINDOWS;C:\WINDOWS\System32\Wbem;C:\WINDOWS\System32\WindowsPowerShell\v1.0\;C:\Program Files (x86)\GtkSharp\2.12\bin;C:\Program Files (x86)\Skype\Phone\;C:\Program Files\Microsoft SQL Server\130\Tools\Binn\;C:\Program Files (x86)\Windows Kits\10\Windows Performance Toolkit\;C:\Program Files\Microsoft SQL Server\120\Tools\Binn\;C:\Program Files\Git\cmd;C:\Program Files\nodejs\;C:\Program Files (x86)\Rational\ClearQuest;C:\Users\Jagadish\AppData\Local\Microsoft\WindowsApps;C:\Users\Jagadish\AppData\Roaming\npm
USERNAME=Jagadish
OS=Windows_NT
PROCESSOR_IDENTIFIER=Intel64 Family 6 Model 78 Stepping 3, GenuineIntel



---------------  S Y S T E M  ---------------

OS: Windows 10.0 , 64 bit Build 14393 (10.0.14393.0)

CPU:total 4 (2 cores per cpu, 2 threads per core) family 6 model 78 stepping 3, cmov, cx8, fxsr, mmx, sse, sse2, sse3, ssse3, sse4.1, sse4.2, popcnt, avx, avx2, aes, clmul, erms, 3dnowpref, lzcnt, ht, tsc, tscinvbit, bmi1, bmi2, adx

Memory: 4k page, physical 4050848k(193720k free), swap 8146848k(2576k free)

vm_info: Java HotSpot(TM) 64-Bit Server VM (25.92-b14) for windows-amd64 JRE (1.8.0_92-b14), built on Mar 31 2016 21:03:04 by "java_re" with MS VC++ 10.0 (VS2010)

time: Sun Feb 26 10:04:55 2017
elapsed time: 1 seconds (0d 0h 0m 1s)

