#
# There is insufficient memory for the Java Runtime Environment to continue.
# Native memory allocation (malloc) failed to allocate 32744 bytes for ChunkPool::allocate
# Possible reasons:
#   The system is out of physical RAM or swap space
#   In 32 bit mode, the process size limit was hit
# Possible solutions:
#   Reduce memory load on the system
#   Increase physical memory or swap space
#   Check if swap backing store is full
#   Use 64 bit Java on a 64 bit OS
#   Decrease Java heap size (-Xmx/-Xms)
#   Decrease number of Java threads
#   Decrease Java thread stack sizes (-Xss)
#   Set larger code cache with -XX:ReservedCodeCacheSize=
# This output file may be truncated or incomplete.
#
#  Out of Memory Error (allocation.cpp:273), pid=14608, tid=0x0000000000001a74
#
# JRE version: Java(TM) SE Runtime Environment (8.0_92-b14) (build 1.8.0_92-b14)
# Java VM: Java HotSpot(TM) 64-Bit Server VM (25.92-b14 mixed mode windows-amd64 compressed oops)
# Failed to write core dump. Minidumps are not enabled by default on client versions of Windows
#

---------------  T H R E A D  ---------------

Current thread (0x0000000014dfb000):  JavaThread "C1 CompilerThread2" daemon [_thread_in_native, id=6772, stack(0x00000000165e0000,0x00000000166e0000)]

Stack: [0x00000000165e0000,0x00000000166e0000]
[error occurred during error reporting (printing stack bounds), id 0xc0000005]

Native frames: (J=compiled Java code, j=interpreted, Vv=VM code, C=native code)


Current CompileTask:
C1:   1887  188   !   3       com.android.dx.cf.cst.ConstantPoolParser::parse0 (731 bytes)


---------------  P R O C E S S  ---------------

Java Threads: ( => current thread )
  0x0000000016882800 JavaThread "pool-1-thread-4" [_thread_new, id=9856, stack(0x0000000000000000,0x0000000000000000)]
  0x0000000016881800 JavaThread "pool-1-thread-3" [_thread_new, id=6812, stack(0x0000000000000000,0x0000000000000000)]
  0x0000000016881000 JavaThread "pool-1-thread-2" [_thread_in_vm, id=5532, stack(0x00000000170e0000,0x00000000171e0000)]
  0x0000000016871800 JavaThread "pool-2-thread-1" [_thread_blocked, id=5504, stack(0x0000000016de0000,0x0000000016ee0000)]
  0x0000000016869800 JavaThread "pool-1-thread-1" [_thread_in_vm, id=12496, stack(0x0000000016ce0000,0x0000000016de0000)]
  0x00000000166e2000 JavaThread "Service Thread" daemon [_thread_blocked, id=14392, stack(0x0000000016ae0000,0x0000000016be0000)]
=>0x0000000014dfb000 JavaThread "C1 CompilerThread2" daemon [_thread_in_native, id=6772, stack(0x00000000165e0000,0x00000000166e0000)]
  0x0000000014df8000 JavaThread "C2 CompilerThread1" daemon [_thread_blocked, id=15120, stack(0x00000000164e0000,0x00000000165e0000)]
  0x0000000014d9e800 JavaThread "C2 CompilerThread0" daemon [_thread_blocked, id=5704, stack(0x00000000163e0000,0x00000000164e0000)]
  0x0000000014d9b000 JavaThread "Attach Listener" daemon [_thread_blocked, id=3284, stack(0x00000000162e0000,0x00000000163e0000)]
  0x0000000014d99800 JavaThread "Signal Dispatcher" daemon [_thread_blocked, id=4600, stack(0x00000000161e0000,0x00000000162e0000)]
  0x00000000026c5000 JavaThread "Finalizer" daemon [_thread_blocked, id=10292, stack(0x0000000015ff0000,0x00000000160f0000)]
  0x00000000026c0000 JavaThread "Reference Handler" daemon [_thread_blocked, id=12232, stack(0x0000000015ef0000,0x0000000015ff0000)]
  0x00000000025ce000 JavaThread "main" [_thread_blocked, id=12212, stack(0x0000000002410000,0x0000000002510000)]

Other Threads:
  0x0000000014d67800 VMThread [stack: 0x0000000015df0000,0x0000000015ef0000] [id=13940]
  0x00000000166e6800 WatcherThread [stack: 0x0000000016be0000,0x0000000016ce0000] [id=11960]

VM state:not at safepoint (normal execution)

VM Mutex/Monitor currently owned by a thread: None

Heap:
 PSYoungGen      total 18432K, used 5156K [0x00000000eab00000, 0x00000000ebf80000, 0x0000000100000000)
  eden space 15872K, 32% used [0x00000000eab00000,0x00000000eb009330,0x00000000eba80000)
  from space 2560K, 0% used [0x00000000eba80000,0x00000000eba80000,0x00000000ebd00000)
  to   space 2560K, 0% used [0x00000000ebd00000,0x00000000ebd00000,0x00000000ebf80000)
 ParOldGen       total 25088K, used 825K [0x00000000c0000000, 0x00000000c1880000, 0x00000000eab00000)
  object space 25088K, 3% used [0x00000000c0000000,0x00000000c00ce728,0x00000000c1880000)
 Metaspace       used 4795K, capacity 5872K, committed 6016K, reserved 1058816K
  class space    used 540K, capacity 552K, committed 640K, reserved 1048576K

Card table byte_map: [0x0000000011a90000,0x0000000011ca0000] byte_map_base: 0x0000000011490000

Marking Bits: (ParMarkBitMap*) 0x0000000077a864f0
 Begin Bits: [0x0000000012200000, 0x0000000013200000)
 End Bits:   [0x0000000013200000, 0x0000000014200000)

Polling page: 0x0000000000b20000

CodeCache: size=245760Kb used=1425Kb max_used=1437Kb free=244334Kb
 bounds [0x00000000026d0000, 0x0000000002940000, 0x00000000116d0000]
 total_blobs=455 nmethods=191 adapters=177
 compilation: enabled

Compilation events (10 events):
Event: 1.735 Thread 0x0000000014dfb000 nmethod 176 0x0000000002833dd0 code [0x0000000002833f20, 0x0000000002834030]
Event: 1.735 Thread 0x0000000014dfb000  177       1       java.util.jar.JarFile::access$300 (5 bytes)
Event: 1.735 Thread 0x0000000014dfb000 nmethod 177 0x0000000002833b10 code [0x0000000002833c60, 0x0000000002833d50]
Event: 1.735 Thread 0x0000000014dfb000  186       1       com.android.dx.rop.cst.CstMemberRef::isCategory2 (2 bytes)
Event: 1.735 Thread 0x0000000014dfb000 nmethod 186 0x0000000002833850 code [0x00000000028339a0, 0x0000000002833ab0]
Event: 1.735 Thread 0x0000000014dfb000  187       3       com.android.dx.rop.cst.StdConstantPool::set (123 bytes)
Event: 1.736 Thread 0x0000000014dfb000 nmethod 187 0x0000000002832350 code [0x0000000002832580, 0x0000000002833288]
Event: 1.736 Thread 0x0000000014dfb000  188   !   3       com.android.dx.cf.cst.ConstantPoolParser::parse0 (731 bytes)
Event: 1.738 Thread 0x0000000014d9e800  193       4       com.android.dx.util.ByteArray::getUnsignedByte (14 bytes)
Event: 1.740 Thread 0x0000000014d9e800 nmethod 193 0x0000000002830a90 code [0x0000000002830be0, 0x0000000002830cf8]

GC Heap History (4 events):
Event: 0.841 GC heap before
{Heap before GC invocations=1 (full 0):
 PSYoungGen      total 18432K, used 2233K [0x00000000eab00000, 0x00000000ebf80000, 0x0000000100000000)
  eden space 15872K, 14% used [0x00000000eab00000,0x00000000ead2e618,0x00000000eba80000)
  from space 2560K, 0% used [0x00000000ebd00000,0x00000000ebd00000,0x00000000ebf80000)
  to   space 2560K, 0% used [0x00000000eba80000,0x00000000eba80000,0x00000000ebd00000)
 ParOldGen       total 42496K, used 0K [0x00000000c0000000, 0x00000000c2980000, 0x00000000eab00000)
  object space 42496K, 0% used [0x00000000c0000000,0x00000000c0000000,0x00000000c2980000)
 Metaspace       used 3536K, capacity 4720K, committed 4864K, reserved 1060864K
  class space    used 390K, capacity 424K, committed 512K, reserved 1048576K
Event: 0.960 GC heap after
Heap after GC invocations=1 (full 0):
 PSYoungGen      total 18432K, used 884K [0x00000000eab00000, 0x00000000ebf80000, 0x0000000100000000)
  eden space 15872K, 0% used [0x00000000eab00000,0x00000000eab00000,0x00000000eba80000)
  from space 2560K, 34% used [0x00000000eba80000,0x00000000ebb5d230,0x00000000ebd00000)
  to   space 2560K, 0% used [0x00000000ebd00000,0x00000000ebd00000,0x00000000ebf80000)
 ParOldGen       total 42496K, used 8K [0x00000000c0000000, 0x00000000c2980000, 0x00000000eab00000)
  object space 42496K, 0% used [0x00000000c0000000,0x00000000c0002000,0x00000000c2980000)
 Metaspace       used 3536K, capacity 4720K, committed 4864K, reserved 1060864K
  class space    used 390K, capacity 424K, committed 512K, reserved 1048576K
}
Event: 0.960 GC heap before
{Heap before GC invocations=2 (full 1):
 PSYoungGen      total 18432K, used 884K [0x00000000eab00000, 0x00000000ebf80000, 0x0000000100000000)
  eden space 15872K, 0% used [0x00000000eab00000,0x00000000eab00000,0x00000000eba80000)
  from space 2560K, 34% used [0x00000000eba80000,0x00000000ebb5d230,0x00000000ebd00000)
  to   space 2560K, 0% used [0x00000000ebd00000,0x00000000ebd00000,0x00000000ebf80000)
 ParOldGen       total 42496K, used 8K [0x00000000c0000000, 0x00000000c2980000, 0x00000000eab00000)
  object space 42496K, 0% used [0x00000000c0000000,0x00000000c0002000,0x00000000c2980000)
 Metaspace       used 3536K, capacity 4720K, committed 4864K, reserved 1060864K
  class space    used 390K, capacity 424K, committed 512K, reserved 1048576K
Event: 1.099 GC heap after
Heap after GC invocations=2 (full 1):
 PSYoungGen      total 18432K, used 0K [0x00000000eab00000, 0x00000000ebf80000, 0x0000000100000000)
  eden space 15872K, 0% used [0x00000000eab00000,0x00000000eab00000,0x00000000eba80000)
  from space 2560K, 0% used [0x00000000eba80000,0x00000000eba80000,0x00000000ebd00000)
  to   space 2560K, 0% used [0x00000000ebd00000,0x00000000ebd00000,0x00000000ebf80000)
 ParOldGen       total 25088K, used 825K [0x00000000c0000000, 0x00000000c1880000, 0x00000000eab00000)
  object space 25088K, 3% used [0x00000000c0000000,0x00000000c00ce728,0x00000000c1880000)
 Metaspace       used 3536K, capacity 4720K, committed 4864K, reserved 1058816K
  class space    used 390K, capacity 424K, committed 512K, reserved 1048576K
}

Deoptimization events (0 events):
No events

Internal exceptions (2 events):
Event: 0.104 Thread 0x00000000025ce000 Exception <a 'java/lang/NoSuchMethodError': Method sun.misc.Unsafe.defineClass(Ljava/lang/String;[BII)Ljava/lang/Class; name or signature does not match> (0x00000000eab07cc0) thrown at [D:\re\workspace\8-2-build-windows-amd64-cygwin\jdk8u92\6642\hotspot\sr1C3¯žÀº?
Event: 0.105 Thread 0x00000000025ce000 Exception <a 'java/lang/NoSuchMethodError': Method sun.misc.Unsafe.prefetchRead(Ljava/lang/Object;J)V name or signature does not match> (0x00000000eab07fa8) thrown at [D:\re\workspace\8-2-build-windows-amd64-cygwin\jdk8u92\6642\hotspot\src\share\vm\prims\j

Events (10 events):
Event: 1.731 loading class com/android/dx/cf/attrib/BaseAnnotations done
Event: 1.732 Thread 0x0000000016882800 Thread added: 0x0000000016882800
Event: 1.735 loading class com/android/dx/dex/cf/OptimizerOptions
Event: 1.735 loading class com/android/dx/dex/cf/OptimizerOptions done
Event: 1.735 loading class com/android/dx/dex/file/ClassDefItem
Event: 1.735 loading class com/android/dx/dex/file/ClassDefItem done
Event: 1.738 loading class com/android/dx/dex/file/OffsettedItem
Event: 1.738 loading class com/android/dx/dex/file/OffsettedItem done
Event: 1.740 loading class com/android/dx/dex/file/TypeListItem
Event: 1.740 loading class com/android/dx/dex/file/TypeListItem done


Dynamic libraries:
0x00007ff7acd50000 - 0x00007ff7acd87000 	C:\Program Files\Java\jdk1.8.0_92\bin\java.exe
0x00007ffb23a50000 - 0x00007ffb23c21000 	C:\WINDOWS\SYSTEM32\ntdll.dll
0x00007ffb21200000 - 0x00007ffb212ab000 	C:\WINDOWS\System32\KERNEL32.DLL
0x00007ffb20400000 - 0x00007ffb2061d000 	C:\WINDOWS\System32\KERNELBASE.dll
0x00007ffb237d0000 - 0x00007ffb23872000 	C:\WINDOWS\System32\ADVAPI32.dll
0x00007ffb23730000 - 0x00007ffb237ce000 	C:\WINDOWS\System32\msvcrt.dll
0x00007ffb21190000 - 0x00007ffb211e9000 	C:\WINDOWS\System32\sechost.dll
0x00007ffb22a10000 - 0x00007ffb22b31000 	C:\WINDOWS\System32\RPCRT4.dll
0x00007ffb22b40000 - 0x00007ffb22ca5000 	C:\WINDOWS\System32\USER32.dll
0x00007ffb1ff40000 - 0x00007ffb1ff5e000 	C:\WINDOWS\System32\win32u.dll
0x00007ffb23910000 - 0x00007ffb23944000 	C:\WINDOWS\System32\GDI32.dll
0x00007ffb1ff60000 - 0x00007ffb200e2000 	C:\WINDOWS\System32\gdi32full.dll
0x00007ffb132e0000 - 0x00007ffb1355a000 	C:\WINDOWS\WinSxS\amd64_microsoft.windows.common-controls_6595b64144ccf1df_6.0.14393.953_none_42151e83c686086b\COMCTL32.dll
0x00007ffb233d0000 - 0x00007ffb23698000 	C:\WINDOWS\System32\combase.dll
0x00007ffb20140000 - 0x00007ffb20235000 	C:\WINDOWS\System32\ucrtbase.dll
0x00007ffb20240000 - 0x00007ffb202aa000 	C:\WINDOWS\System32\bcryptPrimitives.dll
0x00007ffb23880000 - 0x00007ffb238ae000 	C:\WINDOWS\System32\IMM32.DLL
0x0000000076900000 - 0x00000000769d2000 	C:\Program Files\Java\jdk1.8.0_92\jre\bin\msvcr100.dll
0x0000000077270000 - 0x0000000077b06000 	C:\Program Files\Java\jdk1.8.0_92\jre\bin\server\jvm.dll
0x00007ffb227c0000 - 0x00007ffb227c8000 	C:\WINDOWS\System32\PSAPI.DLL
0x00007ffb1b720000 - 0x00007ffb1b729000 	C:\WINDOWS\SYSTEM32\WSOCK32.dll
0x00007ffb22e70000 - 0x00007ffb22eda000 	C:\WINDOWS\System32\WS2_32.dll
0x00007ffb1db40000 - 0x00007ffb1db63000 	C:\WINDOWS\SYSTEM32\WINMM.dll
0x00007ffb16970000 - 0x00007ffb1697a000 	C:\WINDOWS\SYSTEM32\VERSION.dll
0x00007ffb1d940000 - 0x00007ffb1d96b000 	C:\WINDOWS\SYSTEM32\WINMMBASE.dll
0x00007ffb200f0000 - 0x00007ffb20132000 	C:\WINDOWS\System32\cfgmgr32.dll
0x00000000507c0000 - 0x00000000507cf000 	C:\Program Files\Java\jdk1.8.0_92\jre\bin\verify.dll
0x0000000050000000 - 0x0000000050029000 	C:\Program Files\Java\jdk1.8.0_92\jre\bin\java.dll
0x0000000077170000 - 0x0000000077186000 	C:\Program Files\Java\jdk1.8.0_92\jre\bin\zip.dll
0x00007ffb212b0000 - 0x00007ffb227b9000 	C:\WINDOWS\System32\SHELL32.dll
0x00007ffb207f0000 - 0x00007ffb20eca000 	C:\WINDOWS\System32\windows.storage.dll
0x00007ffb1fed0000 - 0x00007ffb1ff1c000 	C:\WINDOWS\System32\powrprof.dll
0x00007ffb236a0000 - 0x00007ffb236f2000 	C:\WINDOWS\System32\shlwapi.dll
0x00007ffb1fec0000 - 0x00007ffb1fecf000 	C:\WINDOWS\System32\kernel.appcore.dll
0x00007ffb20ed0000 - 0x00007ffb20f79000 	C:\WINDOWS\System32\shcore.dll
0x00007ffb1ff20000 - 0x00007ffb1ff34000 	C:\WINDOWS\System32\profapi.dll

VM Arguments:
jvm_args: -Djava.awt.headless=true -Xmx1024M -Dfile.encoding=windows-1252 -Duser.country=AU -Duser.language=en -Duser.variant 
java_command: com.android.dx.command.Main --dex --force-jumbo --num-threads=4 --output C:\Users\Jagadish\AndroidStudioProjects\Libraryapp\app\build\intermediates\pre-dexed\debug\com.google.firebase-firebase-auth-module-9.4.0_76a880a19794a5534720d92c9ca0de7cf0eb93bf.jar C:\Users\Jagadish\AndroidStudioProjects\Libraryapp\app\build\intermediates\exploded-aar\com.google.firebase\firebase-auth-module\9.4.0\jars\classes.jar
java_class_path (initial): C:\Users\Jagadish\AppData\Local\Android\sdk\build-tools\24.0.0\lib\dx.jar
Launcher Type: SUN_STANDARD

Environment Variables:
JAVA_HOME=C:\Program Files\Java\jdk1.8.0_92
PATH=C:\ProgramData\Oracle\Java\javapath;C:\Program Files (x86)\Lenovo\FusionEngine;C:\WINDOWS\system32;C:\WINDOWS;C:\WINDOWS\System32\Wbem;C:\WINDOWS\System32\WindowsPowerShell\v1.0\;C:\Program Files (x86)\GtkSharp\2.12\bin;C:\Program Files (x86)\Skype\Phone\;C:\Program Files\Microsoft SQL Server\130\Tools\Binn\;C:\Program Files (x86)\Windows Kits\10\Windows Performance Toolkit\;C:\Program Files\Microsoft SQL Server\120\Tools\Binn\;C:\Program Files\Git\cmd;C:\Program Files\nodejs\;C:\Program Files (x86)\Rational\ClearQuest;C:\Users\Jagadish\AppData\Local\Microsoft\WindowsApps;C:\Users\Jagadish\AppData\Roaming\npm
USERNAME=Jagadish
OS=Windows_NT
PROCESSOR_IDENTIFIER=Intel64 Family 6 Model 78 Stepping 3, GenuineIntel



---------------  S Y S T E M  ---------------

OS: Windows 10.0 , 64 bit Build 14393 (10.0.14393.0)

CPU:total 4 (2 cores per cpu, 2 threads per core) family 6 model 78 stepping 3, cmov, cx8, fxsr, mmx, sse, sse2, sse3, ssse3, sse4.1, sse4.2, popcnt, avx, avx2, aes, clmul, erms, 3dnowpref, lzcnt, ht, tsc, tscinvbit, bmi1, bmi2, adx

Memory: 4k page, physical 4050848k(332704k free), swap 8146848k(38124k free)

vm_info: Java HotSpot(TM) 64-Bit Server VM (25.92-b14) for windows-amd64 JRE (1.8.0_92-b14), built on Mar 31 2016 21:03:04 by "java_re" with MS VC++ 10.0 (VS2010)

time: Mon Apr 10 16:47:44 2017
elapsed time: 1 seconds (0d 0h 0m 1s)

