#
# There is insufficient memory for the Java Runtime Environment to continue.
# Native memory allocation (malloc) failed to allocate 1725936 bytes for Chunk::new
# Possible reasons:
#   The system is out of physical RAM or swap space
#   In 32 bit mode, the process size limit was hit
# Possible solutions:
#   Reduce memory load on the system
#   Increase physical memory or swap space
#   Check if swap backing store is full
#   Use 64 bit Java on a 64 bit OS
#   Decrease Java heap size (-Xmx/-Xms)
#   Decrease number of Java threads
#   Decrease Java thread stack sizes (-Xss)
#   Set larger code cache with -XX:ReservedCodeCacheSize=
# This output file may be truncated or incomplete.
#
#  Out of Memory Error (allocation.cpp:390), pid=13800, tid=0x0000000000001420
#
# JRE version: Java(TM) SE Runtime Environment (8.0_92-b14) (build 1.8.0_92-b14)
# Java VM: Java HotSpot(TM) 64-Bit Server VM (25.92-b14 mixed mode windows-amd64 compressed oops)
# Failed to write core dump. Minidumps are not enabled by default on client versions of Windows
#

---------------  T H R E A D  ---------------

Current thread (0x0000000014f9f000):  JavaThread "C2 CompilerThread0" daemon [_thread_in_native, id=5152, stack(0x00000000165f0000,0x00000000166f0000)]

Stack: [0x00000000165f0000,0x00000000166f0000]
[error occurred during error reporting (printing stack bounds), id 0xc0000005]

Native frames: (J=compiled Java code, j=interpreted, Vv=VM code, C=native code)


Current CompileTask:
C2:  14035 1981   !   4       com.android.dx.cf.cst.ConstantPoolParser::parse0 (731 bytes)


---------------  P R O C E S S  ---------------

Java Threads: ( => current thread )
  0x0000000016b79000 JavaThread "pool-1-thread-4" [_thread_blocked, id=6740, stack(0x00000000172f0000,0x00000000173f0000)]
  0x0000000016b78800 JavaThread "pool-1-thread-3" [_thread_blocked, id=8216, stack(0x00000000171f0000,0x00000000172f0000)]
  0x0000000016b77800 JavaThread "pool-1-thread-2" [_thread_blocked, id=5820, stack(0x00000000170f0000,0x00000000171f0000)]
  0x0000000016b6a800 JavaThread "pool-2-thread-1" [_thread_blocked, id=5724, stack(0x0000000016ff0000,0x00000000170f0000)]
  0x0000000016b67800 JavaThread "pool-1-thread-1" [_thread_in_Java, id=5912, stack(0x0000000016ef0000,0x0000000016ff0000)]
  0x0000000016918800 JavaThread "Service Thread" daemon [_thread_blocked, id=5056, stack(0x0000000016cf0000,0x0000000016df0000)]
  0x0000000014fa9000 JavaThread "C1 CompilerThread2" daemon [_thread_blocked, id=9976, stack(0x00000000167f0000,0x00000000168f0000)]
  0x0000000014fa2000 JavaThread "C2 CompilerThread1" daemon [_thread_in_native, id=12292, stack(0x00000000166f0000,0x00000000167f0000)]
=>0x0000000014f9f000 JavaThread "C2 CompilerThread0" daemon [_thread_in_native, id=5152, stack(0x00000000165f0000,0x00000000166f0000)]
  0x0000000014f9b000 JavaThread "Attach Listener" daemon [_thread_blocked, id=8632, stack(0x00000000164f0000,0x00000000165f0000)]
  0x00000000028ce000 JavaThread "Signal Dispatcher" daemon [_thread_blocked, id=904, stack(0x00000000163f0000,0x00000000164f0000)]
  0x00000000028c7800 JavaThread "Finalizer" daemon [_thread_blocked, id=13708, stack(0x0000000016200000,0x0000000016300000)]
  0x00000000028c1800 JavaThread "Reference Handler" daemon [_thread_blocked, id=14412, stack(0x0000000016100000,0x0000000016200000)]
  0x00000000026ce000 JavaThread "main" [_thread_blocked, id=10376, stack(0x0000000002510000,0x0000000002610000)]

Other Threads:
  0x0000000014f66800 VMThread [stack: 0x0000000016000000,0x0000000016100000] [id=14660]
  0x0000000016944800 WatcherThread [stack: 0x0000000016df0000,0x0000000016ef0000] [id=10552]

VM state:not at safepoint (normal execution)

VM Mutex/Monitor currently owned by a thread: None

Heap:
 PSYoungGen      total 141824K, used 25163K [0x00000000eab00000, 0x00000000fd700000, 0x0000000100000000)
  eden space 123392K, 13% used [0x00000000eab00000,0x00000000ebb03400,0x00000000f2380000)
  from space 18432K, 47% used [0x00000000f2380000,0x00000000f2c0fa68,0x00000000f3580000)
  to   space 30208K, 0% used [0x00000000fb980000,0x00000000fb980000,0x00000000fd700000)
 ParOldGen       total 42496K, used 42086K [0x00000000c0000000, 0x00000000c2980000, 0x00000000eab00000)
  object space 42496K, 99% used [0x00000000c0000000,0x00000000c2919a50,0x00000000c2980000)
 Metaspace       used 6509K, capacity 7192K, committed 7424K, reserved 1056768K
  class space    used 623K, capacity 656K, committed 768K, reserved 1048576K

Card table byte_map: [0x0000000011c90000,0x0000000011ea0000] byte_map_base: 0x0000000011690000

Marking Bits: (ParMarkBitMap*) 0x0000000077a864f0
 Begin Bits: [0x0000000012400000, 0x0000000013400000)
 End Bits:   [0x0000000013400000, 0x0000000014400000)

Polling page: 0x0000000000cb0000

CodeCache: size=245760Kb used=8722Kb max_used=8730Kb free=237037Kb
 bounds [0x00000000028d0000, 0x0000000003160000, 0x00000000118d0000]
 total_blobs=2253 nmethods=1984 adapters=181
 compilation: enabled

Compilation events (10 events):
Event: 13.789 Thread 0x0000000014fa9000 2033       2       java.util.HashMap$ValueIterator::next (8 bytes)
Event: 13.790 Thread 0x0000000014fa9000 nmethod 2033 0x0000000003149ad0 code [0x0000000003149c40, 0x0000000003149dc8]
Event: 13.790 Thread 0x0000000014fa9000 2034       2       java.util.HashMap$Values::iterator (12 bytes)
Event: 13.790 Thread 0x0000000014fa9000 nmethod 2034 0x00000000031496d0 code [0x0000000003149840, 0x0000000003149a28]
Event: 13.790 Thread 0x0000000014fa9000 2035       2       java.util.HashMap$ValueIterator::<init> (11 bytes)
Event: 13.790 Thread 0x0000000014fa9000 nmethod 2035 0x0000000003149350 code [0x00000000031494c0, 0x0000000003149648]
Event: 13.796 Thread 0x0000000014fa9000 2036       2       com.android.dx.rop.type.StdTypeList::withAddedType (55 bytes)
Event: 13.797 Thread 0x0000000014fa9000 nmethod 2036 0x0000000003147d10 code [0x0000000003147f20, 0x00000000031487f8]
Event: 13.799 Thread 0x0000000014fa9000 2037       2       com.android.dx.rop.code.ThrowingCstInsn::withAddedCatch (34 bytes)
Event: 13.799 Thread 0x0000000014fa9000 nmethod 2037 0x0000000003147890 code [0x0000000003147a00, 0x0000000003147c38]

GC Heap History (10 events):
Event: 9.869 GC heap before
{Heap before GC invocations=4 (full 0):
 PSYoungGen      total 34304K, used 34272K [0x00000000eab00000, 0x00000000eee00000, 0x0000000100000000)
  eden space 31744K, 100% used [0x00000000eab00000,0x00000000eca00000,0x00000000eca00000)
  from space 2560K, 98% used [0x00000000eca00000,0x00000000ecc78028,0x00000000ecc80000)
  to   space 2560K, 0% used [0x00000000eeb80000,0x00000000eeb80000,0x00000000eee00000)
 ParOldGen       total 42496K, used 7235K [0x00000000c0000000, 0x00000000c2980000, 0x00000000eab00000)
  object space 42496K, 17% used [0x00000000c0000000,0x00000000c0710c08,0x00000000c2980000)
 Metaspace       used 6261K, capacity 7090K, committed 7296K, reserved 1056768K
  class space    used 601K, capacity 618K, committed 640K, reserved 1048576K
Event: 10.070 GC heap after
Heap after GC invocations=4 (full 0):
 PSYoungGen      total 66048K, used 2528K [0x00000000eab00000, 0x00000000eee00000, 0x0000000100000000)
  eden space 63488K, 0% used [0x00000000eab00000,0x00000000eab00000,0x00000000ee900000)
  from space 2560K, 98% used [0x00000000eeb80000,0x00000000eedf8028,0x00000000eee00000)
  to   space 2560K, 0% used [0x00000000ee900000,0x00000000ee900000,0x00000000eeb80000)
 ParOldGen       total 42496K, used 12551K [0x00000000c0000000, 0x00000000c2980000, 0x00000000eab00000)
  object space 42496K, 29% used [0x00000000c0000000,0x00000000c0c41ff8,0x00000000c2980000)
 Metaspace       used 6261K, capacity 7090K, committed 7296K, reserved 1056768K
  class space    used 601K, capacity 618K, committed 640K, reserved 1048576K
}
Event: 11.240 GC heap before
{Heap before GC invocations=5 (full 0):
 PSYoungGen      total 66048K, used 66016K [0x00000000eab00000, 0x00000000eee00000, 0x0000000100000000)
  eden space 63488K, 100% used [0x00000000eab00000,0x00000000ee900000,0x00000000ee900000)
  from space 2560K, 98% used [0x00000000eeb80000,0x00000000eedf8028,0x00000000eee00000)
  to   space 2560K, 0% used [0x00000000ee900000,0x00000000ee900000,0x00000000eeb80000)
 ParOldGen       total 42496K, used 12551K [0x00000000c0000000, 0x00000000c2980000, 0x00000000eab00000)
  object space 42496K, 29% used [0x00000000c0000000,0x00000000c0c41ff8,0x00000000c2980000)
 Metaspace       used 6339K, capacity 7090K, committed 7296K, reserved 1056768K
  class space    used 602K, capacity 618K, committed 640K, reserved 1048576K
Event: 11.317 GC heap after
Heap after GC invocations=5 (full 0):
 PSYoungGen      total 66048K, used 2550K [0x00000000eab00000, 0x00000000f4400000, 0x0000000100000000)
  eden space 63488K, 0% used [0x00000000eab00000,0x00000000eab00000,0x00000000ee900000)
  from space 2560K, 99% used [0x00000000ee900000,0x00000000eeb7d8b0,0x00000000eeb80000)
  to   space 14848K, 0% used [0x00000000f3580000,0x00000000f3580000,0x00000000f4400000)
 ParOldGen       total 42496K, used 24224K [0x00000000c0000000, 0x00000000c2980000, 0x00000000eab00000)
  object space 42496K, 57% used [0x00000000c0000000,0x00000000c17a8240,0x00000000c2980000)
 Metaspace       used 6339K, capacity 7090K, committed 7296K, reserved 1056768K
  class space    used 602K, capacity 618K, committed 640K, reserved 1048576K
}
Event: 11.905 GC heap before
{Heap before GC invocations=6 (full 0):
 PSYoungGen      total 66048K, used 66038K [0x00000000eab00000, 0x00000000f4400000, 0x0000000100000000)
  eden space 63488K, 100% used [0x00000000eab00000,0x00000000ee900000,0x00000000ee900000)
  from space 2560K, 99% used [0x00000000ee900000,0x00000000eeb7d8b0,0x00000000eeb80000)
  to   space 14848K, 0% used [0x00000000f3580000,0x00000000f3580000,0x00000000f4400000)
 ParOldGen       total 42496K, used 24224K [0x00000000c0000000, 0x00000000c2980000, 0x00000000eab00000)
  object space 42496K, 57% used [0x00000000c0000000,0x00000000c17a8240,0x00000000c2980000)
 Metaspace       used 6471K, capacity 7192K, committed 7424K, reserved 1056768K
  class space    used 623K, capacity 656K, committed 768K, reserved 1048576K
Event: 11.943 GC heap after
Heap after GC invocations=6 (full 0):
 PSYoungGen      total 138240K, used 14833K [0x00000000eab00000, 0x00000000f4b00000, 0x0000000100000000)
  eden space 123392K, 0% used [0x00000000eab00000,0x00000000eab00000,0x00000000f2380000)
  from space 14848K, 99% used [0x00000000f3580000,0x00000000f43fc478,0x00000000f4400000)
  to   space 18432K, 0% used [0x00000000f2380000,0x00000000f2380000,0x00000000f3580000)
 ParOldGen       total 42496K, used 24977K [0x00000000c0000000, 0x00000000c2980000, 0x00000000eab00000)
  object space 42496K, 58% used [0x00000000c0000000,0x00000000c1864790,0x00000000c2980000)
 Metaspace       used 6471K, capacity 7192K, committed 7424K, reserved 1056768K
  class space    used 623K, capacity 656K, committed 768K, reserved 1048576K
}
Event: 12.679 GC heap before
{Heap before GC invocations=7 (full 0):
 PSYoungGen      total 138240K, used 138225K [0x00000000eab00000, 0x00000000f4b00000, 0x0000000100000000)
  eden space 123392K, 100% used [0x00000000eab00000,0x00000000f2380000,0x00000000f2380000)
  from space 14848K, 99% used [0x00000000f3580000,0x00000000f43fc478,0x00000000f4400000)
  to   space 18432K, 0% used [0x00000000f2380000,0x00000000f2380000,0x00000000f3580000)
 ParOldGen       total 42496K, used 24977K [0x00000000c0000000, 0x00000000c2980000, 0x00000000eab00000)
  object space 42496K, 58% used [0x00000000c0000000,0x00000000c1864790,0x00000000c2980000)
 Metaspace       used 6507K, capacity 7192K, committed 7424K, reserved 1056768K
  class space    used 623K, capacity 656K, committed 768K, reserved 1048576K
Event: 12.749 GC heap after
Heap after GC invocations=7 (full 0):
 PSYoungGen      total 141824K, used 18410K [0x00000000eab00000, 0x00000000fd700000, 0x0000000100000000)
  eden space 123392K, 0% used [0x00000000eab00000,0x00000000eab00000,0x00000000f2380000)
  from space 18432K, 99% used [0x00000000f2380000,0x00000000f357abe8,0x00000000f3580000)
  to   space 30208K, 0% used [0x00000000fb980000,0x00000000fb980000,0x00000000fd700000)
 ParOldGen       total 42496K, used 40899K [0x00000000c0000000, 0x00000000c2980000, 0x00000000eab00000)
  object space 42496K, 96% used [0x00000000c0000000,0x00000000c27f0ec8,0x00000000c2980000)
 Metaspace       used 6507K, capacity 7192K, committed 7424K, reserved 1056768K
  class space    used 623K, capacity 656K, committed 768K, reserved 1048576K
}
Event: 12.749 GC heap before
{Heap before GC invocations=8 (full 1):
 PSYoungGen      total 141824K, used 18410K [0x00000000eab00000, 0x00000000fd700000, 0x0000000100000000)
  eden space 123392K, 0% used [0x00000000eab00000,0x00000000eab00000,0x00000000f2380000)
  from space 18432K, 99% used [0x00000000f2380000,0x00000000f357abe8,0x00000000f3580000)
  to   space 30208K, 0% used [0x00000000fb980000,0x00000000fb980000,0x00000000fd700000)
 ParOldGen       total 42496K, used 40899K [0x00000000c0000000, 0x00000000c2980000, 0x00000000eab00000)
  object space 42496K, 96% used [0x00000000c0000000,0x00000000c27f0ec8,0x00000000c2980000)
 Metaspace       used 6507K, capacity 7192K, committed 7424K, reserved 1056768K
  class space    used 623K, capacity 656K, committed 768K, reserved 1048576K
Event: 13.759 GC heap after
Heap after GC invocations=8 (full 1):
 PSYoungGen      total 141824K, used 8766K [0x00000000eab00000, 0x00000000fd700000, 0x0000000100000000)
  eden space 123392K, 0% used [0x00000000eab00000,0x00000000eab00000,0x00000000f2380000)
  from space 18432K, 47% used [0x00000000f2380000,0x00000000f2c0fa68,0x00000000f3580000)
  to   space 30208K, 0% used [0x00000000fb980000,0x00000000fb980000,0x00000000fd700000)
 ParOldGen       total 42496K, used 42086K [0x00000000c0000000, 0x00000000c2980000, 0x00000000eab00000)
  object space 42496K, 99% used [0x00000000c0000000,0x00000000c2919a50,0x00000000c2980000)
 Metaspace       used 6507K, capacity 7192K, committed 7424K, reserved 1056768K
  class space    used 623K, capacity 656K, committed 768K, reserved 1048576K
}

Deoptimization events (10 events):
Event: 10.504 Thread 0x0000000016b67800 Uncommon trap: reason=bimorphic action=maybe_recompile pc=0x0000000002e74398 method=com.android.dx.ssa.LiteralOpUpgrader.tryReplacingWithConstant(Lcom/android/dx/ssa/NormalSsaInsn;)Z @ 52
Event: 10.589 Thread 0x0000000016b67800 Uncommon trap: reason=bimorphic action=maybe_recompile pc=0x0000000002e74398 method=com.android.dx.ssa.LiteralOpUpgrader.tryReplacingWithConstant(Lcom/android/dx/ssa/NormalSsaInsn;)Z @ 52
Event: 10.590 Thread 0x0000000016b67800 Uncommon trap: reason=bimorphic action=maybe_recompile pc=0x0000000002e74398 method=com.android.dx.ssa.LiteralOpUpgrader.tryReplacingWithConstant(Lcom/android/dx/ssa/NormalSsaInsn;)Z @ 52
Event: 10.809 Thread 0x0000000016b78800 Uncommon trap: reason=unstable_if action=reinterpret pc=0x0000000002e519cc method=com.android.dx.ssa.MoveParamCombiner$1.visitNonMoveInsn(Lcom/android/dx/ssa/NormalSsaInsn;)V @ 27
Event: 11.416 Thread 0x0000000016b67800 Uncommon trap: reason=unstable_if action=reinterpret pc=0x0000000002b90168 method=java.util.HashMap.putVal(ILjava/lang/Object;Ljava/lang/Object;ZZ)Ljava/lang/Object; @ 162
Event: 12.235 Thread 0x0000000016b67800 Uncommon trap: reason=bimorphic action=maybe_recompile pc=0x00000000030eceb0 method=com.android.dx.cf.code.BytecodeArray.parseInstruction(ILcom/android/dx/cf/code/BytecodeArray$Visitor;)I @ 2281
Event: 12.235 Thread 0x0000000016b67800 Uncommon trap: reason=bimorphic action=maybe_recompile pc=0x00000000030eceb0 method=com.android.dx.cf.code.BytecodeArray.parseInstruction(ILcom/android/dx/cf/code/BytecodeArray$Visitor;)I @ 2281
Event: 12.269 Thread 0x00000000026ce000 Uncommon trap: reason=bimorphic action=maybe_recompile pc=0x00000000030eceb0 method=com.android.dx.cf.code.BytecodeArray.parseInstruction(ILcom/android/dx/cf/code/BytecodeArray$Visitor;)I @ 2281
Event: 12.269 Thread 0x00000000026ce000 Uncommon trap: reason=bimorphic action=maybe_recompile pc=0x00000000030eceb0 method=com.android.dx.cf.code.BytecodeArray.parseInstruction(ILcom/android/dx/cf/code/BytecodeArray$Visitor;)I @ 2281
Event: 12.575 Thread 0x0000000016b78800 Uncommon trap: reason=unstable_if action=reinterpret pc=0x0000000003031934 method=com.android.dx.ssa.PhiTypeResolver.resolveResultType(Lcom/android/dx/ssa/PhiInsn;)Z @ 64

Internal exceptions (7 events):
Event: 1.443 Thread 0x00000000026ce000 Exception <a 'java/lang/NoSuchMethodError': Method sun.misc.Unsafe.defineClass(Ljava/lang/String;[BII)Ljava/lang/Class; name or signature does not match> (0x00000000eab07cc0) thrown at [D:\re\workspace\8-2-build-windows-amd64-cygwin\jdk8u92\6642\hotspot\srå†s"Ó÷?
Event: 1.443 Thread 0x00000000026ce000 Exception <a 'java/lang/NoSuchMethodError': Method sun.misc.Unsafe.prefetchRead(Ljava/lang/Object;J)V name or signature does not match> (0x00000000eab07fa8) thrown at [D:\re\workspace\8-2-build-windows-amd64-cygwin\jdk8u92\6642\hotspot\src\share\vm\prims\j²Á¦F—M@
Event: 6.576 Thread 0x0000000016b79000 Implicit null exception at 0x0000000002bf10a2 to 0x0000000002bf119a
Event: 11.608 Thread 0x0000000016b67800 Exception <a 'java/lang/ArrayIndexOutOfBoundsException': 18> (0x00000000ec9090a8) thrown at [D:\re\workspace\8-2-build-windows-amd64-cygwin\jdk8u92\6642\hotspot\src\share\vm\interpreter\interpreterRuntime.cpp, line 366]
Event: 11.608 Thread 0x0000000016b67800 Exception <a 'java/lang/ArrayIndexOutOfBoundsException': 145> (0x00000000ec90ac28) thrown at [D:\re\workspace\8-2-build-windows-amd64-cygwin\jdk8u92\6642\hotspot\src\share\vm\interpreter\interpreterRuntime.cpp, line 366]
Event: 11.628 Thread 0x0000000016b67800 Exception <a 'java/lang/ArrayIndexOutOfBoundsException'> (0x00000000ec90bf10) thrown at [D:\re\workspace\8-2-build-windows-amd64-cygwin\jdk8u92\6642\hotspot\src\share\vm\runtime\sharedRuntime.cpp, line 605]
Event: 12.575 Thread 0x0000000016b78800 Implicit null exception at 0x0000000003030434 to 0x00000000030318e3

Events (10 events):
Event: 12.575 Thread 0x0000000016b78800 DEOPT PACKING pc=0x0000000003031934 sp=0x00000000172eeb50
Event: 12.575 Thread 0x0000000016b78800 DEOPT UNPACKING pc=0x000000000291582a sp=0x00000000172eea50 mode 2
Event: 12.595 Thread 0x00000000026ce000 DEOPT PACKING pc=0x0000000002cac1b0 sp=0x000000000260dfc0
Event: 12.595 Thread 0x00000000026ce000 DEOPT UNPACKING pc=0x000000000291787f sp=0x000000000260ddf0 mode 0
Event: 12.679 Executing VM operation: ParallelGCFailedAllocation
Event: 13.759 Executing VM operation: ParallelGCFailedAllocation done
Event: 13.777 Thread 0x0000000016b67800 DEOPT PACKING pc=0x0000000002cac1b0 sp=0x0000000016fee6e0
Event: 13.777 Thread 0x0000000016b67800 DEOPT UNPACKING pc=0x000000000291787f sp=0x0000000016fee510 mode 0
Event: 13.781 Thread 0x0000000016b67800 DEOPT PACKING pc=0x00000000030523a1 sp=0x0000000016fee3f0
Event: 13.781 Thread 0x0000000016b67800 DEOPT UNPACKING pc=0x000000000291787f sp=0x0000000016fee230 mode 0


Dynamic libraries:
0x00007ff7acd50000 - 0x00007ff7acd87000 	C:\Program Files\Java\jdk1.8.0_92\bin\java.exe
0x00007ffb23a50000 - 0x00007ffb23c21000 	C:\WINDOWS\SYSTEM32\ntdll.dll
0x00007ffb21200000 - 0x00007ffb212ab000 	C:\WINDOWS\System32\KERNEL32.DLL
0x00007ffb20400000 - 0x00007ffb2061d000 	C:\WINDOWS\System32\KERNELBASE.dll
0x00007ffb237d0000 - 0x00007ffb23872000 	C:\WINDOWS\System32\ADVAPI32.dll
0x00007ffb23730000 - 0x00007ffb237ce000 	C:\WINDOWS\System32\msvcrt.dll
0x00007ffb21190000 - 0x00007ffb211e9000 	C:\WINDOWS\System32\sechost.dll
0x00007ffb22a10000 - 0x00007ffb22b31000 	C:\WINDOWS\System32\RPCRT4.dll
0x00007ffb22b40000 - 0x00007ffb22ca5000 	C:\WINDOWS\System32\USER32.dll
0x00007ffb1ff40000 - 0x00007ffb1ff5e000 	C:\WINDOWS\System32\win32u.dll
0x00007ffb23910000 - 0x00007ffb23944000 	C:\WINDOWS\System32\GDI32.dll
0x00007ffb1ff60000 - 0x00007ffb200e2000 	C:\WINDOWS\System32\gdi32full.dll
0x00007ffb132e0000 - 0x00007ffb1355a000 	C:\WINDOWS\WinSxS\amd64_microsoft.windows.common-controls_6595b64144ccf1df_6.0.14393.953_none_42151e83c686086b\COMCTL32.dll
0x00007ffb233d0000 - 0x00007ffb23698000 	C:\WINDOWS\System32\combase.dll
0x00007ffb20140000 - 0x00007ffb20235000 	C:\WINDOWS\System32\ucrtbase.dll
0x00007ffb20240000 - 0x00007ffb202aa000 	C:\WINDOWS\System32\bcryptPrimitives.dll
0x00007ffb23880000 - 0x00007ffb238ae000 	C:\WINDOWS\System32\IMM32.DLL
0x0000000076900000 - 0x00000000769d2000 	C:\Program Files\Java\jdk1.8.0_92\jre\bin\msvcr100.dll
0x0000000077270000 - 0x0000000077b06000 	C:\Program Files\Java\jdk1.8.0_92\jre\bin\server\jvm.dll
0x00007ffb227c0000 - 0x00007ffb227c8000 	C:\WINDOWS\System32\PSAPI.DLL
0x00007ffb1b720000 - 0x00007ffb1b729000 	C:\WINDOWS\SYSTEM32\WSOCK32.dll
0x00007ffb22e70000 - 0x00007ffb22eda000 	C:\WINDOWS\System32\WS2_32.dll
0x00007ffb1db40000 - 0x00007ffb1db63000 	C:\WINDOWS\SYSTEM32\WINMM.dll
0x00007ffb16970000 - 0x00007ffb1697a000 	C:\WINDOWS\SYSTEM32\VERSION.dll
0x00007ffb1d940000 - 0x00007ffb1d96b000 	C:\WINDOWS\SYSTEM32\WINMMBASE.dll
0x00007ffb200f0000 - 0x00007ffb20132000 	C:\WINDOWS\System32\cfgmgr32.dll
0x00000000507c0000 - 0x00000000507cf000 	C:\Program Files\Java\jdk1.8.0_92\jre\bin\verify.dll
0x0000000050000000 - 0x0000000050029000 	C:\Program Files\Java\jdk1.8.0_92\jre\bin\java.dll
0x0000000077170000 - 0x0000000077186000 	C:\Program Files\Java\jdk1.8.0_92\jre\bin\zip.dll
0x00007ffb212b0000 - 0x00007ffb227b9000 	C:\WINDOWS\System32\SHELL32.dll
0x00007ffb207f0000 - 0x00007ffb20eca000 	C:\WINDOWS\System32\windows.storage.dll
0x00007ffb1fed0000 - 0x00007ffb1ff1c000 	C:\WINDOWS\System32\powrprof.dll
0x00007ffb236a0000 - 0x00007ffb236f2000 	C:\WINDOWS\System32\shlwapi.dll
0x00007ffb1fec0000 - 0x00007ffb1fecf000 	C:\WINDOWS\System32\kernel.appcore.dll
0x00007ffb20ed0000 - 0x00007ffb20f79000 	C:\WINDOWS\System32\shcore.dll
0x00007ffb1ff20000 - 0x00007ffb1ff34000 	C:\WINDOWS\System32\profapi.dll

VM Arguments:
jvm_args: -Djava.awt.headless=true -Xmx1024M -Dfile.encoding=windows-1252 -Duser.country=AU -Duser.language=en -Duser.variant 
java_command: com.android.dx.command.Main --dex --force-jumbo --num-threads=4 --output C:\Users\Jagadish\AndroidStudioProjects\Libraryapp\app\build\intermediates\pre-dexed\debug\com.google.android.gms-play-services-basement-9.4.0_3fff939692a68d6b041799daae6cdadc52963cab.jar C:\Users\Jagadish\AndroidStudioProjects\Libraryapp\app\build\intermediates\exploded-aar\com.google.android.gms\play-services-basement\9.4.0\jars\classes.jar
java_class_path (initial): C:\Users\Jagadish\AppData\Local\Android\sdk\build-tools\24.0.0\lib\dx.jar
Launcher Type: SUN_STANDARD

Environment Variables:
JAVA_HOME=C:\Program Files\Java\jdk1.8.0_92
PATH=C:\ProgramData\Oracle\Java\javapath;C:\Program Files (x86)\Lenovo\FusionEngine;C:\WINDOWS\system32;C:\WINDOWS;C:\WINDOWS\System32\Wbem;C:\WINDOWS\System32\WindowsPowerShell\v1.0\;C:\Program Files (x86)\GtkSharp\2.12\bin;C:\Program Files (x86)\Skype\Phone\;C:\Program Files\Microsoft SQL Server\130\Tools\Binn\;C:\Program Files (x86)\Windows Kits\10\Windows Performance Toolkit\;C:\Program Files\Microsoft SQL Server\120\Tools\Binn\;C:\Program Files\Git\cmd;C:\Program Files\nodejs\;C:\Program Files (x86)\Rational\ClearQuest;C:\Users\Jagadish\AppData\Local\Microsoft\WindowsApps;C:\Users\Jagadish\AppData\Roaming\npm
USERNAME=Jagadish
OS=Windows_NT
PROCESSOR_IDENTIFIER=Intel64 Family 6 Model 78 Stepping 3, GenuineIntel



---------------  S Y S T E M  ---------------

OS: Windows 10.0 , 64 bit Build 14393 (10.0.14393.0)

CPU:total 4 (2 cores per cpu, 2 threads per core) family 6 model 78 stepping 3, cmov, cx8, fxsr, mmx, sse, sse2, sse3, ssse3, sse4.1, sse4.2, popcnt, avx, avx2, aes, clmul, erms, 3dnowpref, lzcnt, ht, tsc, tscinvbit, bmi1, bmi2, adx

Memory: 4k page, physical 4050848k(208200k free), swap 8146848k(5864k free)

vm_info: Java HotSpot(TM) 64-Bit Server VM (25.92-b14) for windows-amd64 JRE (1.8.0_92-b14), built on Mar 31 2016 21:03:04 by "java_re" with MS VC++ 10.0 (VS2010)

time: Mon Apr 10 16:47:44 2017
elapsed time: 14 seconds (0d 0h 0m 14s)

