#
# There is insufficient memory for the Java Runtime Environment to continue.
# Native memory allocation (malloc) failed to allocate 1048576 bytes for AllocateHeap
# Possible reasons:
#   The system is out of physical RAM or swap space
#   In 32 bit mode, the process size limit was hit
# Possible solutions:
#   Reduce memory load on the system
#   Increase physical memory or swap space
#   Check if swap backing store is full
#   Use 64 bit Java on a 64 bit OS
#   Decrease Java heap size (-Xmx/-Xms)
#   Decrease number of Java threads
#   Decrease Java thread stack sizes (-Xss)
#   Set larger code cache with -XX:ReservedCodeCacheSize=
# This output file may be truncated or incomplete.
#
#  Out of Memory Error (memory/allocation.inline.hpp:61), pid=8080, tid=0x0000000000001e38
#
# JRE version:  (8.0_92-b14) (build )
# Java VM: Java HotSpot(TM) 64-Bit Server VM (25.92-b14 mixed mode windows-amd64 compressed oops)
# Failed to write core dump. Minidumps are not enabled by default on client versions of Windows
#

---------------  T H R E A D  ---------------

Current thread (0x0000000002e0e000):  JavaThread "Unknown thread" [_thread_in_vm, id=7736, stack(0x0000000002e10000,0x0000000002f10000)]

Stack: [0x0000000002e10000,0x0000000002f10000]
[error occurred during error reporting (printing stack bounds), id 0xc0000005]

Native frames: (J=compiled Java code, j=interpreted, Vv=VM code, C=native code)


---------------  P R O C E S S  ---------------

Java Threads: ( => current thread )

Other Threads:

=>0x0000000002e0e000 (exited) JavaThread "Unknown thread" [_thread_in_vm, id=7736, stack(0x0000000002e10000,0x0000000002f10000)]

VM state:not at safepoint (normal execution)

VM Mutex/Monitor currently owned by a thread: None

Heap:
 PSYoungGen      total 18432K, used 317K [0x00000000eab00000, 0x00000000ebf80000, 0x0000000100000000)
  eden space 15872K, 2% used [0x00000000eab00000,0x00000000eab4f5d0,0x00000000eba80000)
  from space 2560K, 0% used [0x00000000ebd00000,0x00000000ebd00000,0x00000000ebf80000)
  to   space 2560K, 0% used [0x00000000eba80000,0x00000000eba80000,0x00000000ebd00000)
 ParOldGen       total 42496K, used 0K [0x00000000c0000000, 0x00000000c2980000, 0x00000000eab00000)
  object space 42496K, 0% used [0x00000000c0000000,0x00000000c0000000,0x00000000c2980000)
 Metaspace       used 783K, capacity 1092K, committed 1152K, reserved 1060864K
  class space    used 75K, capacity 384K, committed 384K, reserved 1048576K

Card table byte_map: [0x00000000123d0000,0x00000000125e0000] byte_map_base: 0x0000000011dd0000

Marking Bits: (ParMarkBitMap*) 0x0000000077a864f0
 Begin Bits: [0x0000000012b40000, 0x0000000013b40000)
 End Bits:   [0x0000000013b40000, 0x0000000014b40000)

Polling page: 0x00000000014d0000

CodeCache: size=245760Kb used=328Kb max_used=328Kb free=245431Kb
 bounds [0x0000000003010000, 0x0000000003280000, 0x0000000012010000]
 total_blobs=58 nmethods=0 adapters=38
 compilation: enabled

Compilation events (0 events):
No events

GC Heap History (0 events):
No events

Deoptimization events (0 events):
No events

Internal exceptions (0 events):
No events

Events (10 events):
Event: 0.101 loading class java/lang/Short
Event: 0.101 loading class java/lang/Short done
Event: 0.101 loading class java/lang/Integer
Event: 0.102 loading class java/lang/Integer done
Event: 0.102 loading class java/lang/Long
Event: 0.102 loading class java/lang/Long done
Event: 0.104 loading class java/lang/NullPointerException
Event: 0.104 loading class java/lang/NullPointerException done
Event: 0.104 loading class java/lang/ArithmeticException
Event: 0.104 loading class java/lang/ArithmeticException done


Dynamic libraries:
0x00007ff7acd50000 - 0x00007ff7acd87000 	C:\Program Files\Java\jdk1.8.0_92\bin\java.exe
0x00007ffb23a50000 - 0x00007ffb23c21000 	C:\WINDOWS\SYSTEM32\ntdll.dll
0x00007ffb21200000 - 0x00007ffb212ab000 	C:\WINDOWS\System32\KERNEL32.DLL
0x00007ffb20400000 - 0x00007ffb2061d000 	C:\WINDOWS\System32\KERNELBASE.dll
0x00007ffb237d0000 - 0x00007ffb23872000 	C:\WINDOWS\System32\ADVAPI32.dll
0x00007ffb23730000 - 0x00007ffb237ce000 	C:\WINDOWS\System32\msvcrt.dll
0x00007ffb21190000 - 0x00007ffb211e9000 	C:\WINDOWS\System32\sechost.dll
0x00007ffb22a10000 - 0x00007ffb22b31000 	C:\WINDOWS\System32\RPCRT4.dll
0x00007ffb22b40000 - 0x00007ffb22ca5000 	C:\WINDOWS\System32\USER32.dll
0x00007ffb1ff40000 - 0x00007ffb1ff5e000 	C:\WINDOWS\System32\win32u.dll
0x00007ffb23910000 - 0x00007ffb23944000 	C:\WINDOWS\System32\GDI32.dll
0x00007ffb1ff60000 - 0x00007ffb200e2000 	C:\WINDOWS\System32\gdi32full.dll
0x00007ffb132e0000 - 0x00007ffb1355a000 	C:\WINDOWS\WinSxS\amd64_microsoft.windows.common-controls_6595b64144ccf1df_6.0.14393.953_none_42151e83c686086b\COMCTL32.dll
0x00007ffb233d0000 - 0x00007ffb23698000 	C:\WINDOWS\System32\combase.dll
0x00007ffb20140000 - 0x00007ffb20235000 	C:\WINDOWS\System32\ucrtbase.dll
0x00007ffb20240000 - 0x00007ffb202aa000 	C:\WINDOWS\System32\bcryptPrimitives.dll
0x00007ffb23880000 - 0x00007ffb238ae000 	C:\WINDOWS\System32\IMM32.DLL
0x0000000076900000 - 0x00000000769d2000 	C:\Program Files\Java\jdk1.8.0_92\jre\bin\msvcr100.dll
0x0000000077270000 - 0x0000000077b06000 	C:\Program Files\Java\jdk1.8.0_92\jre\bin\server\jvm.dll
0x00007ffb227c0000 - 0x00007ffb227c8000 	C:\WINDOWS\System32\PSAPI.DLL
0x00007ffb1b720000 - 0x00007ffb1b729000 	C:\WINDOWS\SYSTEM32\WSOCK32.dll
0x00007ffb22e70000 - 0x00007ffb22eda000 	C:\WINDOWS\System32\WS2_32.dll
0x00007ffb1db40000 - 0x00007ffb1db63000 	C:\WINDOWS\SYSTEM32\WINMM.dll
0x00007ffb16970000 - 0x00007ffb1697a000 	C:\WINDOWS\SYSTEM32\VERSION.dll
0x0000000001480000 - 0x00000000014ab000 	C:\WINDOWS\SYSTEM32\WINMMBASE.dll
0x00007ffb200f0000 - 0x00007ffb20132000 	C:\WINDOWS\System32\cfgmgr32.dll
0x00000000507c0000 - 0x00000000507cf000 	C:\Program Files\Java\jdk1.8.0_92\jre\bin\verify.dll
0x0000000050000000 - 0x0000000050029000 	C:\Program Files\Java\jdk1.8.0_92\jre\bin\java.dll
0x0000000077170000 - 0x0000000077186000 	C:\Program Files\Java\jdk1.8.0_92\jre\bin\zip.dll

VM Arguments:
jvm_args: -Djava.awt.headless=true -Xmx1024M -Dfile.encoding=windows-1252 -Duser.country=AU -Duser.language=en -Duser.variant 
java_command: com.android.dx.command.Main --dex --force-jumbo --num-threads=4 --multi-dex --output C:\Users\Jagadish\AndroidStudioProjects\Libraryapp\app\build\intermediates\transforms\dex\debug\folders\1000\10\internal_impl-23.4.0_5245afb7b37add661cc6380fb39281da4be644c2 C:\Users\Jagadish\AndroidStudioProjects\Libraryapp\app\build\intermediates\exploded-aar\com.android.support\support-v4\23.4.0\jars\libs\internal_impl-23.4.0.jar
java_class_path (initial): C:\Users\Jagadish\AppData\Local\Android\sdk\build-tools\24.0.0\lib\dx.jar
Launcher Type: SUN_STANDARD

Environment Variables:
JAVA_HOME=C:\Program Files\Java\jdk1.8.0_92
PATH=C:\ProgramData\Oracle\Java\javapath;C:\Program Files (x86)\Lenovo\FusionEngine;C:\WINDOWS\system32;C:\WINDOWS;C:\WINDOWS\System32\Wbem;C:\WINDOWS\System32\WindowsPowerShell\v1.0\;C:\Program Files (x86)\GtkSharp\2.12\bin;C:\Program Files (x86)\Skype\Phone\;C:\Program Files\Microsoft SQL Server\130\Tools\Binn\;C:\Program Files (x86)\Windows Kits\10\Windows Performance Toolkit\;C:\Program Files\Microsoft SQL Server\120\Tools\Binn\;C:\Program Files\Git\cmd;C:\Program Files\nodejs\;C:\Program Files (x86)\Rational\ClearQuest;C:\Users\Jagadish\AppData\Local\Microsoft\WindowsApps;C:\Users\Jagadish\AppData\Roaming\npm
USERNAME=Jagadish
OS=Windows_NT
PROCESSOR_IDENTIFIER=Intel64 Family 6 Model 78 Stepping 3, GenuineIntel



---------------  S Y S T E M  ---------------

OS: Windows 10.0 , 64 bit Build 14393 (10.0.14393.0)

CPU:total 4 (2 cores per cpu, 2 threads per core) family 6 model 78 stepping 3, cmov, cx8, fxsr, mmx, sse, sse2, sse3, ssse3, sse4.1, sse4.2, popcnt, avx, avx2, aes, clmul, erms, 3dnowpref, lzcnt, ht, tsc, tscinvbit, bmi1, bmi2, adx

Memory: 4k page, physical 4050848k(455756k free), swap 8146848k(1372k free)

vm_info: Java HotSpot(TM) 64-Bit Server VM (25.92-b14) for windows-amd64 JRE (1.8.0_92-b14), built on Mar 31 2016 21:03:04 by "java_re" with MS VC++ 10.0 (VS2010)

time: Mon Apr 10 16:53:43 2017
elapsed time: 0 seconds (0d 0h 0m 0s)

