#
# There is insufficient memory for the Java Runtime Environment to continue.
# Native memory allocation (malloc) failed to allocate 152112 bytes for Chunk::new
# Possible reasons:
#   The system is out of physical RAM or swap space
#   In 32 bit mode, the process size limit was hit
# Possible solutions:
#   Reduce memory load on the system
#   Increase physical memory or swap space
#   Check if swap backing store is full
#   Use 64 bit Java on a 64 bit OS
#   Decrease Java heap size (-Xmx/-Xms)
#   Decrease number of Java threads
#   Decrease Java thread stack sizes (-Xss)
#   Set larger code cache with -XX:ReservedCodeCacheSize=
# This output file may be truncated or incomplete.
#
#  Out of Memory Error (allocation.cpp:390), pid=12280, tid=0x0000000000002bec
#
# JRE version: Java(TM) SE Runtime Environment (8.0_92-b14) (build 1.8.0_92-b14)
# Java VM: Java HotSpot(TM) 64-Bit Server VM (25.92-b14 mixed mode windows-amd64 compressed oops)
# Failed to write core dump. Minidumps are not enabled by default on client versions of Windows
#

---------------  T H R E A D  ---------------

Current thread (0x00000000149d2000):  JavaThread "C2 CompilerThread1" daemon [_thread_in_native, id=11244, stack(0x0000000016120000,0x0000000016220000)]

Stack: [0x0000000016120000,0x0000000016220000]
[error occurred during error reporting (printing stack bounds), id 0xc0000005]

Native frames: (J=compiled Java code, j=interpreted, Vv=VM code, C=native code)


Current CompileTask:
C2:   2547 1239       4       com.android.dx.ssa.SCCP::simulateBranch (666 bytes)


---------------  P R O C E S S  ---------------

Java Threads: ( => current thread )
  0x0000000016522000 JavaThread "pool-1-thread-4" [_thread_in_Java, id=776, stack(0x0000000016d20000,0x0000000016e20000)]
  0x0000000016521000 JavaThread "pool-1-thread-3" [_thread_blocked, id=12012, stack(0x0000000016c20000,0x0000000016d20000)]
  0x0000000016520800 JavaThread "pool-1-thread-2" [_thread_blocked, id=6008, stack(0x0000000016b20000,0x0000000016c20000)]
  0x000000001651b000 JavaThread "pool-2-thread-1" [_thread_blocked, id=8672, stack(0x0000000016a20000,0x0000000016b20000)]
  0x000000001651a800 JavaThread "pool-1-thread-1" [_thread_blocked, id=12028, stack(0x0000000016920000,0x0000000016a20000)]
  0x0000000016234800 JavaThread "Service Thread" daemon [_thread_blocked, id=2176, stack(0x0000000016720000,0x0000000016820000)]
  0x0000000016230800 JavaThread "C1 CompilerThread2" daemon [_thread_blocked, id=13796, stack(0x0000000016620000,0x0000000016720000)]
=>0x00000000149d2000 JavaThread "C2 CompilerThread1" daemon [_thread_in_native, id=11244, stack(0x0000000016120000,0x0000000016220000)]
  0x00000000149cf000 JavaThread "C2 CompilerThread0" daemon [_thread_in_native, id=10768, stack(0x0000000016020000,0x0000000016120000)]
  0x00000000149cb000 JavaThread "Attach Listener" daemon [_thread_blocked, id=13360, stack(0x0000000015f20000,0x0000000016020000)]
  0x00000000149c9800 JavaThread "Signal Dispatcher" daemon [_thread_blocked, id=10084, stack(0x0000000015e20000,0x0000000015f20000)]
  0x00000000022f5000 JavaThread "Finalizer" daemon [_thread_blocked, id=11288, stack(0x0000000015c30000,0x0000000015d30000)]
  0x00000000022f0000 JavaThread "Reference Handler" daemon [_thread_blocked, id=4180, stack(0x0000000015b30000,0x0000000015c30000)]
  0x000000000204e000 JavaThread "main" [_thread_blocked, id=13992, stack(0x0000000002100000,0x0000000002200000)]

Other Threads:
  0x0000000014997800 VMThread [stack: 0x0000000015a30000,0x0000000015b30000] [id=5576]
  0x0000000016239000 WatcherThread [stack: 0x0000000016820000,0x0000000016920000] [id=1332]

VM state:not at safepoint (normal execution)

VM Mutex/Monitor currently owned by a thread: None

Heap:
 PSYoungGen      total 34304K, used 7264K [0x00000000eab00000, 0x00000000ecf00000, 0x0000000100000000)
  eden space 31744K, 14% used [0x00000000eab00000,0x00000000eaf9ed58,0x00000000eca00000)
  from space 2560K, 98% used [0x00000000ecc80000,0x00000000ecef9668,0x00000000ecf00000)
  to   space 2560K, 0% used [0x00000000eca00000,0x00000000eca00000,0x00000000ecc80000)
 ParOldGen       total 42496K, used 3322K [0x00000000c0000000, 0x00000000c2980000, 0x00000000eab00000)
  object space 42496K, 7% used [0x00000000c0000000,0x00000000c033e818,0x00000000c2980000)
 Metaspace       used 6021K, capacity 6898K, committed 7040K, reserved 1056768K
  class space    used 597K, capacity 618K, committed 640K, reserved 1048576K

Card table byte_map: [0x00000000116c0000,0x00000000118d0000] byte_map_base: 0x00000000110c0000

Marking Bits: (ParMarkBitMap*) 0x0000000077a864f0
 Begin Bits: [0x0000000011e30000, 0x0000000012e30000)
 End Bits:   [0x0000000012e30000, 0x0000000013e30000)

Polling page: 0x0000000001fc0000

CodeCache: size=245760Kb used=5080Kb max_used=5108Kb free=240679Kb
 bounds [0x0000000002300000, 0x0000000002810000, 0x0000000011300000]
 total_blobs=1524 nmethods=1256 adapters=181
 compilation: enabled

Compilation events (10 events):
Event: 2.453 Thread 0x0000000016230800 nmethod 1258 0x00000000027e01d0 code [0x00000000027e0380, 0x00000000027e0c08]
Event: 2.501 Thread 0x0000000016230800 1259       3       java.util.HashMap$HashIterator::nextNode (100 bytes)
Event: 2.502 Thread 0x0000000016230800 nmethod 1259 0x00000000027e0f50 code [0x00000000027e1100, 0x00000000027e15d8]
Event: 2.502 Thread 0x0000000016230800 1260       3       com.android.dx.ssa.back.FirstFitLocalCombiningAllocator::access$100 (5 bytes)
Event: 2.503 Thread 0x0000000016230800 nmethod 1260 0x00000000027e1810 code [0x00000000027e1980, 0x00000000027e1b70]
Event: 2.503 Thread 0x0000000016230800 1261       1       com.android.dx.rop.code.Insn$BaseVisitor::visitThrowingCstInsn (1 bytes)
Event: 2.503 Thread 0x0000000016230800 nmethod 1261 0x00000000027a8810 code [0x00000000027a8960, 0x00000000027a8a70]
Event: 2.505 Thread 0x0000000016230800 1262       1       sun.util.calendar.CalendarDate::getMonth (5 bytes)
Event: 2.505 Thread 0x0000000016230800 nmethod 1262 0x00000000027e1c10 code [0x00000000027e1d60, 0x00000000027e1e70]
Event: 2.505 Thread 0x0000000016230800 1263   !   3       com.android.dx.cf.direct.AttributeListParser::parse (323 bytes)

GC Heap History (4 events):
Event: 1.244 GC heap before
{Heap before GC invocations=1 (full 0):
 PSYoungGen      total 18432K, used 15872K [0x00000000eab00000, 0x00000000ebf80000, 0x0000000100000000)
  eden space 15872K, 100% used [0x00000000eab00000,0x00000000eba80000,0x00000000eba80000)
  from space 2560K, 0% used [0x00000000ebd00000,0x00000000ebd00000,0x00000000ebf80000)
  to   space 2560K, 0% used [0x00000000eba80000,0x00000000eba80000,0x00000000ebd00000)
 ParOldGen       total 42496K, used 0K [0x00000000c0000000, 0x00000000c2980000, 0x00000000eab00000)
  object space 42496K, 0% used [0x00000000c0000000,0x00000000c0000000,0x00000000c2980000)
 Metaspace       used 5699K, capacity 6642K, committed 6784K, reserved 1056768K
  class space    used 596K, capacity 618K, committed 640K, reserved 1048576K
Event: 1.496 GC heap after
Heap after GC invocations=1 (full 0):
 PSYoungGen      total 18432K, used 2555K [0x00000000eab00000, 0x00000000ecf00000, 0x0000000100000000)
  eden space 15872K, 0% used [0x00000000eab00000,0x00000000eab00000,0x00000000eba80000)
  from space 2560K, 99% used [0x00000000eba80000,0x00000000ebcfee90,0x00000000ebd00000)
  to   space 2560K, 0% used [0x00000000ecc80000,0x00000000ecc80000,0x00000000ecf00000)
 ParOldGen       total 42496K, used 1382K [0x00000000c0000000, 0x00000000c2980000, 0x00000000eab00000)
  object space 42496K, 3% used [0x00000000c0000000,0x00000000c0159b68,0x00000000c2980000)
 Metaspace       used 5699K, capacity 6642K, committed 6784K, reserved 1056768K
  class space    used 596K, capacity 618K, committed 640K, reserved 1048576K
}
Event: 1.961 GC heap before
{Heap before GC invocations=2 (full 0):
 PSYoungGen      total 18432K, used 18427K [0x00000000eab00000, 0x00000000ecf00000, 0x0000000100000000)
  eden space 15872K, 100% used [0x00000000eab00000,0x00000000eba80000,0x00000000eba80000)
  from space 2560K, 99% used [0x00000000eba80000,0x00000000ebcfee90,0x00000000ebd00000)
  to   space 2560K, 0% used [0x00000000ecc80000,0x00000000ecc80000,0x00000000ecf00000)
 ParOldGen       total 42496K, used 1382K [0x00000000c0000000, 0x00000000c2980000, 0x00000000eab00000)
  object space 42496K, 3% used [0x00000000c0000000,0x00000000c0159b68,0x00000000c2980000)
 Metaspace       used 5968K, capacity 6898K, committed 7040K, reserved 1056768K
  class space    used 597K, capacity 618K, committed 640K, reserved 1048576K
Event: 2.221 GC heap after
Heap after GC invocations=2 (full 0):
 PSYoungGen      total 34304K, used 2533K [0x00000000eab00000, 0x00000000ecf00000, 0x0000000100000000)
  eden space 31744K, 0% used [0x00000000eab00000,0x00000000eab00000,0x00000000eca00000)
  from space 2560K, 98% used [0x00000000ecc80000,0x00000000ecef9668,0x00000000ecf00000)
  to   space 2560K, 0% used [0x00000000eca00000,0x00000000eca00000,0x00000000ecc80000)
 ParOldGen       total 42496K, used 3322K [0x00000000c0000000, 0x00000000c2980000, 0x00000000eab00000)
  object space 42496K, 7% used [0x00000000c0000000,0x00000000c033e818,0x00000000c2980000)
 Metaspace       used 5968K, capacity 6898K, committed 7040K, reserved 1056768K
  class space    used 597K, capacity 618K, committed 640K, reserved 1048576K
}

Deoptimization events (4 events):
Event: 1.002 Thread 0x0000000016522000 Uncommon trap: reason=unstable_if action=reinterpret pc=0x00000000025156ac method=java.util.HashMap.getNode(ILjava/lang/Object;)Ljava/util/HashMap$Node; @ 62
Event: 1.526 Thread 0x000000001651a800 Uncommon trap: reason=unstable_if action=reinterpret pc=0x00000000025160f0 method=java.util.BitSet.nextSetBit(I)I @ 87
Event: 1.866 Thread 0x0000000016521000 Uncommon trap: reason=null_check action=make_not_entrant pc=0x00000000025c3828 method=com.android.dx.rop.type.Type.equals(Ljava/lang/Object;)Z @ 8
Event: 2.430 Thread 0x0000000016522000 Uncommon trap: reason=unstable_if action=reinterpret pc=0x00000000027a8278 method=com.android.dx.util.BitIntSet.has(I)Z @ 8

Internal exceptions (3 events):
Event: 0.111 Thread 0x000000000204e000 Exception <a 'java/lang/NoSuchMethodError': Method sun.misc.Unsafe.defineClass(Ljava/lang/String;[BII)Ljava/lang/Class; name or signature does not match> (0x00000000eab07cc0) thrown at [D:\re\workspace\8-2-build-windows-amd64-cygwin\jdk8u92\6642\hotspot\srEπ(Õtº?
Event: 0.111 Thread 0x000000000204e000 Exception <a 'java/lang/NoSuchMethodError': Method sun.misc.Unsafe.prefetchRead(Ljava/lang/Object;J)V name or signature does not match> (0x00000000eab07fa8) thrown at [D:\re\workspace\8-2-build-windows-amd64-cygwin\jdk8u92\6642\hotspot\src\share\vm\prims\jy Åb⁄˝?
Event: 1.866 Thread 0x0000000016521000 Implicit null exception at 0x00000000025c3722 to 0x00000000025c381a

Events (10 events):
Event: 1.856 Executing VM operation: ForceSafepoint
Event: 1.856 Executing VM operation: ForceSafepoint done
Event: 1.866 Thread 0x0000000016521000 Uncommon trap: trap_request=0xfffffff4 fr.pc=0x00000000025c3828
Event: 1.866 Thread 0x0000000016521000 DEOPT PACKING pc=0x00000000025c3828 sp=0x0000000016d1e530
Event: 1.866 Thread 0x0000000016521000 DEOPT UNPACKING pc=0x000000000234582a sp=0x0000000016d1e4b8 mode 2
Event: 1.960 Executing VM operation: ParallelGCFailedAllocation
Event: 2.221 Executing VM operation: ParallelGCFailedAllocation done
Event: 2.430 Thread 0x0000000016522000 Uncommon trap: trap_request=0xffffff65 fr.pc=0x00000000027a8278
Event: 2.430 Thread 0x0000000016522000 DEOPT PACKING pc=0x00000000027a8278 sp=0x0000000016e1ede0
Event: 2.430 Thread 0x0000000016522000 DEOPT UNPACKING pc=0x000000000234582a sp=0x0000000016e1ed18 mode 2


Dynamic libraries:
0x00007ff7acd50000 - 0x00007ff7acd87000 	C:\Program Files\Java\jdk1.8.0_92\bin\java.exe
0x00007ffb23a50000 - 0x00007ffb23c21000 	C:\WINDOWS\SYSTEM32\ntdll.dll
0x00007ffb21200000 - 0x00007ffb212ab000 	C:\WINDOWS\System32\KERNEL32.DLL
0x00007ffb20400000 - 0x00007ffb2061d000 	C:\WINDOWS\System32\KERNELBASE.dll
0x00007ffb237d0000 - 0x00007ffb23872000 	C:\WINDOWS\System32\ADVAPI32.dll
0x00007ffb23730000 - 0x00007ffb237ce000 	C:\WINDOWS\System32\msvcrt.dll
0x00007ffb21190000 - 0x00007ffb211e9000 	C:\WINDOWS\System32\sechost.dll
0x00007ffb22a10000 - 0x00007ffb22b31000 	C:\WINDOWS\System32\RPCRT4.dll
0x00007ffb22b40000 - 0x00007ffb22ca5000 	C:\WINDOWS\System32\USER32.dll
0x00007ffb1ff40000 - 0x00007ffb1ff5e000 	C:\WINDOWS\System32\win32u.dll
0x00007ffb23910000 - 0x00007ffb23944000 	C:\WINDOWS\System32\GDI32.dll
0x00007ffb1ff60000 - 0x00007ffb200e2000 	C:\WINDOWS\System32\gdi32full.dll
0x00007ffb132e0000 - 0x00007ffb1355a000 	C:\WINDOWS\WinSxS\amd64_microsoft.windows.common-controls_6595b64144ccf1df_6.0.14393.953_none_42151e83c686086b\COMCTL32.dll
0x00007ffb233d0000 - 0x00007ffb23698000 	C:\WINDOWS\System32\combase.dll
0x00007ffb20140000 - 0x00007ffb20235000 	C:\WINDOWS\System32\ucrtbase.dll
0x00007ffb20240000 - 0x00007ffb202aa000 	C:\WINDOWS\System32\bcryptPrimitives.dll
0x00007ffb23880000 - 0x00007ffb238ae000 	C:\WINDOWS\System32\IMM32.DLL
0x0000000076900000 - 0x00000000769d2000 	C:\Program Files\Java\jdk1.8.0_92\jre\bin\msvcr100.dll
0x0000000077270000 - 0x0000000077b06000 	C:\Program Files\Java\jdk1.8.0_92\jre\bin\server\jvm.dll
0x00007ffb227c0000 - 0x00007ffb227c8000 	C:\WINDOWS\System32\PSAPI.DLL
0x00007ffb1b720000 - 0x00007ffb1b729000 	C:\WINDOWS\SYSTEM32\WSOCK32.dll
0x00007ffb22e70000 - 0x00007ffb22eda000 	C:\WINDOWS\System32\WS2_32.dll
0x00007ffb1db40000 - 0x00007ffb1db63000 	C:\WINDOWS\SYSTEM32\WINMM.dll
0x00007ffb16970000 - 0x00007ffb1697a000 	C:\WINDOWS\SYSTEM32\VERSION.dll
0x00007ffb1d940000 - 0x00007ffb1d96b000 	C:\WINDOWS\SYSTEM32\WINMMBASE.dll
0x00007ffb200f0000 - 0x00007ffb20132000 	C:\WINDOWS\System32\cfgmgr32.dll
0x00000000507c0000 - 0x00000000507cf000 	C:\Program Files\Java\jdk1.8.0_92\jre\bin\verify.dll
0x0000000050000000 - 0x0000000050029000 	C:\Program Files\Java\jdk1.8.0_92\jre\bin\java.dll
0x0000000077170000 - 0x0000000077186000 	C:\Program Files\Java\jdk1.8.0_92\jre\bin\zip.dll
0x00007ffb212b0000 - 0x00007ffb227b9000 	C:\WINDOWS\System32\SHELL32.dll
0x00007ffb207f0000 - 0x00007ffb20eca000 	C:\WINDOWS\System32\windows.storage.dll
0x00007ffb1fed0000 - 0x00007ffb1ff1c000 	C:\WINDOWS\System32\powrprof.dll
0x00007ffb236a0000 - 0x00007ffb236f2000 	C:\WINDOWS\System32\shlwapi.dll
0x00007ffb1fec0000 - 0x00007ffb1fecf000 	C:\WINDOWS\System32\kernel.appcore.dll
0x00007ffb20ed0000 - 0x00007ffb20f79000 	C:\WINDOWS\System32\shcore.dll
0x00007ffb1ff20000 - 0x00007ffb1ff34000 	C:\WINDOWS\System32\profapi.dll

VM Arguments:
jvm_args: -Djava.awt.headless=true -Xmx1024M -Dfile.encoding=windows-1252 -Duser.country=AU -Duser.language=en -Duser.variant 
java_command: com.android.dx.command.Main --dex --force-jumbo --num-threads=4 --output C:\Users\Jagadish\AndroidStudioProjects\Libraryapp\app\build\intermediates\pre-dexed\debug\com.google.firebase-firebase-database-9.4.0_ada0995c283c594464b3eb65bd11359b06fad287.jar C:\Users\Jagadish\AndroidStudioProjects\Libraryapp\app\build\intermediates\exploded-aar\com.google.firebase\firebase-database\9.4.0\jars\classes.jar
java_class_path (initial): C:\Users\Jagadish\AppData\Local\Android\sdk\build-tools\24.0.0\lib\dx.jar
Launcher Type: SUN_STANDARD

Environment Variables:
JAVA_HOME=C:\Program Files\Java\jdk1.8.0_92
PATH=C:\ProgramData\Oracle\Java\javapath;C:\Program Files (x86)\Lenovo\FusionEngine;C:\WINDOWS\system32;C:\WINDOWS;C:\WINDOWS\System32\Wbem;C:\WINDOWS\System32\WindowsPowerShell\v1.0\;C:\Program Files (x86)\GtkSharp\2.12\bin;C:\Program Files (x86)\Skype\Phone\;C:\Program Files\Microsoft SQL Server\130\Tools\Binn\;C:\Program Files (x86)\Windows Kits\10\Windows Performance Toolkit\;C:\Program Files\Microsoft SQL Server\120\Tools\Binn\;C:\Program Files\Git\cmd;C:\Program Files\nodejs\;C:\Program Files (x86)\Rational\ClearQuest;C:\Users\Jagadish\AppData\Local\Microsoft\WindowsApps;C:\Users\Jagadish\AppData\Roaming\npm
USERNAME=Jagadish
OS=Windows_NT
PROCESSOR_IDENTIFIER=Intel64 Family 6 Model 78 Stepping 3, GenuineIntel



---------------  S Y S T E M  ---------------

OS: Windows 10.0 , 64 bit Build 14393 (10.0.14393.0)

CPU:total 4 (2 cores per cpu, 2 threads per core) family 6 model 78 stepping 3, cmov, cx8, fxsr, mmx, sse, sse2, sse3, ssse3, sse4.1, sse4.2, popcnt, avx, avx2, aes, clmul, erms, 3dnowpref, lzcnt, ht, tsc, tscinvbit, bmi1, bmi2, adx

Memory: 4k page, physical 4050848k(260036k free), swap 8146848k(5428k free)

vm_info: Java HotSpot(TM) 64-Bit Server VM (25.92-b14) for windows-amd64 JRE (1.8.0_92-b14), built on Mar 31 2016 21:03:04 by "java_re" with MS VC++ 10.0 (VS2010)

time: Mon Apr 10 16:47:22 2017
elapsed time: 2 seconds (0d 0h 0m 2s)

