#
# There is insufficient memory for the Java Runtime Environment to continue.
# Native memory allocation (malloc) failed to allocate 32744 bytes for ChunkPool::allocate
# Possible reasons:
#   The system is out of physical RAM or swap space
#   In 32 bit mode, the process size limit was hit
# Possible solutions:
#   Reduce memory load on the system
#   Increase physical memory or swap space
#   Check if swap backing store is full
#   Use 64 bit Java on a 64 bit OS
#   Decrease Java heap size (-Xmx/-Xms)
#   Decrease number of Java threads
#   Decrease Java thread stack sizes (-Xss)
#   Set larger code cache with -XX:ReservedCodeCacheSize=
# This output file may be truncated or incomplete.
#
#  Out of Memory Error (allocation.cpp:273), pid=16708, tid=0x0000000000003234
#
# JRE version: Java(TM) SE Runtime Environment (8.0_92-b14) (build 1.8.0_92-b14)
# Java VM: Java HotSpot(TM) 64-Bit Server VM (25.92-b14 mixed mode windows-amd64 compressed oops)
# Failed to write core dump. Minidumps are not enabled by default on client versions of Windows
#

---------------  T H R E A D  ---------------

Current thread (0x00000000166a8800):  JavaThread "C1 CompilerThread2" daemon [_thread_in_vm, id=12852, stack(0x0000000016aa0000,0x0000000016ba0000)]

Stack: [0x0000000016aa0000,0x0000000016ba0000]
[error occurred during error reporting (printing stack bounds), id 0xc0000005]

Native frames: (J=compiled Java code, j=interpreted, Vv=VM code, C=native code)


Current CompileTask:
C1:   6917 2003       2       java.util.zip.ZipFile$ZipFileInputStream::finalize (5 bytes)


---------------  P R O C E S S  ---------------

Java Threads: ( => current thread )
  0x0000000016984800 JavaThread "pool-1-thread-4" [_thread_in_Java, id=7020, stack(0x00000000171a0000,0x00000000172a0000)]
  0x0000000016983800 JavaThread "pool-1-thread-3" [_thread_in_Java, id=1692, stack(0x00000000170a0000,0x00000000171a0000)]
  0x0000000016983000 JavaThread "pool-1-thread-2" [_thread_blocked, id=3700, stack(0x0000000016fa0000,0x00000000170a0000)]
  0x0000000016969000 JavaThread "pool-2-thread-1" [_thread_blocked, id=12240, stack(0x0000000016ea0000,0x0000000016fa0000)]
  0x0000000016968000 JavaThread "pool-1-thread-1" [_thread_in_Java, id=7284, stack(0x0000000016da0000,0x0000000016ea0000)]
  0x00000000166c1000 JavaThread "Service Thread" daemon [_thread_blocked, id=12884, stack(0x0000000016ba0000,0x0000000016ca0000)]
=>0x00000000166a8800 JavaThread "C1 CompilerThread2" daemon [_thread_in_vm, id=12852, stack(0x0000000016aa0000,0x0000000016ba0000)]
  0x0000000014e62000 JavaThread "C2 CompilerThread1" daemon [_thread_in_native, id=3008, stack(0x00000000165a0000,0x00000000166a0000)]
  0x0000000014e5f000 JavaThread "C2 CompilerThread0" daemon [_thread_in_native, id=14920, stack(0x00000000164a0000,0x00000000165a0000)]
  0x0000000014e5b000 JavaThread "Attach Listener" daemon [_thread_blocked, id=6696, stack(0x00000000163a0000,0x00000000164a0000)]
  0x0000000014e59800 JavaThread "Signal Dispatcher" daemon [_thread_blocked, id=1004, stack(0x00000000162a0000,0x00000000163a0000)]
  0x000000000278a800 JavaThread "Finalizer" daemon [_thread_blocked, id=14252, stack(0x00000000160b0000,0x00000000161b0000)]
  0x0000000002780000 JavaThread "Reference Handler" daemon [_thread_blocked, id=9052, stack(0x0000000015fb0000,0x00000000160b0000)]
  0x00000000024ee000 JavaThread "main" [_thread_blocked, id=8148, stack(0x0000000002590000,0x0000000002690000)]

Other Threads:
  0x0000000014e27800 VMThread [stack: 0x0000000015eb0000,0x0000000015fb0000] [id=7776]
  0x00000000166d9000 WatcherThread [stack: 0x0000000016ca0000,0x0000000016da0000] [id=8272]

VM state:not at safepoint (normal execution)

VM Mutex/Monitor currently owned by a thread: None

Heap:
 PSYoungGen      total 143872K, used 30511K [0x00000000eab00000, 0x00000000fda00000, 0x0000000100000000)
  eden space 123904K, 18% used [0x00000000eab00000,0x00000000ec124970,0x00000000f2400000)
  from space 19968K, 39% used [0x00000000f2400000,0x00000000f2ba74d8,0x00000000f3780000)
  to   space 31232K, 0% used [0x00000000fbb80000,0x00000000fbb80000,0x00000000fda00000)
 ParOldGen       total 87040K, used 42303K [0x00000000c0000000, 0x00000000c5500000, 0x00000000eab00000)
  object space 87040K, 48% used [0x00000000c0000000,0x00000000c294ff48,0x00000000c5500000)
 Metaspace       used 6412K, capacity 7154K, committed 7296K, reserved 1056768K
  class space    used 602K, capacity 618K, committed 640K, reserved 1048576K

Card table byte_map: [0x0000000011b50000,0x0000000011d60000] byte_map_base: 0x0000000011550000

Marking Bits: (ParMarkBitMap*) 0x0000000075a964f0
 Begin Bits: [0x00000000122c0000, 0x00000000132c0000)
 End Bits:   [0x00000000132c0000, 0x00000000142c0000)

Polling page: 0x0000000000960000

CodeCache: size=245760Kb used=8134Kb max_used=8147Kb free=237626Kb
 bounds [0x0000000002790000, 0x0000000002f90000, 0x0000000011790000]
 total_blobs=2199 nmethods=1928 adapters=181
 compilation: enabled

Compilation events (10 events):
Event: 4.530 Thread 0x00000000166a8800 nmethod 1997 0x0000000002f6afd0 code [0x0000000002f6b1c0, 0x0000000002f6b748]
Event: 4.530 Thread 0x00000000166a8800 1998       2       com.android.dx.dex.cf.AttributeTranslator::translateInnerClasses (356 bytes)
Event: 4.533 Thread 0x00000000166a8800 nmethod 1998 0x0000000002f67b90 code [0x0000000002f67f60, 0x0000000002f69318]
Event: 4.542 Thread 0x00000000166a8800 2000       2       java.util.concurrent.locks.AbstractQueuedSynchronizer::enq (58 bytes)
Event: 4.542 Thread 0x00000000166a8800 nmethod 2000 0x0000000002f67610 code [0x0000000002f67780, 0x0000000002f67a70]
Event: 6.867 Thread 0x0000000014e5f000 nmethod 1955 0x0000000002f79b90 code [0x0000000002f79dc0, 0x0000000002f7b9d0]
Event: 6.867 Thread 0x0000000014e5f000 2002       4       java.util.HashMap::putVal (300 bytes)
Event: 6.879 Thread 0x0000000014e5f000 nmethod 2002 0x0000000002f75710 code [0x0000000002f758e0, 0x0000000002f760d0]
Event: 6.879 Thread 0x0000000014e5f000 1999   !   4       com.android.dx.cf.code.Ropper::processBlock (1101 bytes)
Event: 6.882 Thread 0x00000000166a8800 2003       2       java.util.zip.ZipFile$ZipFileInputStream::finalize (5 bytes)

GC Heap History (10 events):
Event: 2.482 GC heap before
{Heap before GC invocations=4 (full 0):
 PSYoungGen      total 34304K, used 34272K [0x00000000eab00000, 0x00000000eee00000, 0x0000000100000000)
  eden space 31744K, 100% used [0x00000000eab00000,0x00000000eca00000,0x00000000eca00000)
  from space 2560K, 98% used [0x00000000eca00000,0x00000000ecc78030,0x00000000ecc80000)
  to   space 2560K, 0% used [0x00000000eeb80000,0x00000000eeb80000,0x00000000eee00000)
 ParOldGen       total 42496K, used 7143K [0x00000000c0000000, 0x00000000c2980000, 0x00000000eab00000)
  object space 42496K, 16% used [0x00000000c0000000,0x00000000c06f9e00,0x00000000c2980000)
 Metaspace       used 6239K, capacity 7090K, committed 7296K, reserved 1056768K
  class space    used 602K, capacity 618K, committed 640K, reserved 1048576K
Event: 2.510 GC heap after
Heap after GC invocations=4 (full 0):
 PSYoungGen      total 66048K, used 2544K [0x00000000eab00000, 0x00000000eee00000, 0x0000000100000000)
  eden space 63488K, 0% used [0x00000000eab00000,0x00000000eab00000,0x00000000ee900000)
  from space 2560K, 99% used [0x00000000eeb80000,0x00000000eedfc040,0x00000000eee00000)
  to   space 2560K, 0% used [0x00000000ee900000,0x00000000ee900000,0x00000000eeb80000)
 ParOldGen       total 42496K, used 12295K [0x00000000c0000000, 0x00000000c2980000, 0x00000000eab00000)
  object space 42496K, 28% used [0x00000000c0000000,0x00000000c0c01ea0,0x00000000c2980000)
 Metaspace       used 6239K, capacity 7090K, committed 7296K, reserved 1056768K
  class space    used 602K, capacity 618K, committed 640K, reserved 1048576K
}
Event: 3.099 GC heap before
{Heap before GC invocations=5 (full 0):
 PSYoungGen      total 66048K, used 66032K [0x00000000eab00000, 0x00000000eee00000, 0x0000000100000000)
  eden space 63488K, 100% used [0x00000000eab00000,0x00000000ee900000,0x00000000ee900000)
  from space 2560K, 99% used [0x00000000eeb80000,0x00000000eedfc040,0x00000000eee00000)
  to   space 2560K, 0% used [0x00000000ee900000,0x00000000ee900000,0x00000000eeb80000)
 ParOldGen       total 42496K, used 12295K [0x00000000c0000000, 0x00000000c2980000, 0x00000000eab00000)
  object space 42496K, 28% used [0x00000000c0000000,0x00000000c0c01ea0,0x00000000c2980000)
 Metaspace       used 6320K, capacity 7090K, committed 7296K, reserved 1056768K
  class space    used 602K, capacity 618K, committed 640K, reserved 1048576K
Event: 3.216 GC heap after
Heap after GC invocations=5 (full 0):
 PSYoungGen      total 66048K, used 2528K [0x00000000eab00000, 0x00000000f4800000, 0x0000000100000000)
  eden space 63488K, 0% used [0x00000000eab00000,0x00000000eab00000,0x00000000ee900000)
  from space 2560K, 98% used [0x00000000ee900000,0x00000000eeb78010,0x00000000eeb80000)
  to   space 16896K, 0% used [0x00000000f3780000,0x00000000f3780000,0x00000000f4800000)
 ParOldGen       total 42496K, used 26679K [0x00000000c0000000, 0x00000000c2980000, 0x00000000eab00000)
  object space 42496K, 62% used [0x00000000c0000000,0x00000000c1a0dfa8,0x00000000c2980000)
 Metaspace       used 6320K, capacity 7090K, committed 7296K, reserved 1056768K
  class space    used 602K, capacity 618K, committed 640K, reserved 1048576K
}
Event: 3.790 GC heap before
{Heap before GC invocations=6 (full 0):
 PSYoungGen      total 66048K, used 66016K [0x00000000eab00000, 0x00000000f4800000, 0x0000000100000000)
  eden space 63488K, 100% used [0x00000000eab00000,0x00000000ee900000,0x00000000ee900000)
  from space 2560K, 98% used [0x00000000ee900000,0x00000000eeb78010,0x00000000eeb80000)
  to   space 16896K, 0% used [0x00000000f3780000,0x00000000f3780000,0x00000000f4800000)
 ParOldGen       total 42496K, used 26679K [0x00000000c0000000, 0x00000000c2980000, 0x00000000eab00000)
  object space 42496K, 62% used [0x00000000c0000000,0x00000000c1a0dfa8,0x00000000c2980000)
 Metaspace       used 6366K, capacity 7154K, committed 7296K, reserved 1056768K
  class space    used 602K, capacity 618K, committed 640K, reserved 1048576K
Event: 3.830 GC heap after
Heap after GC invocations=6 (full 0):
 PSYoungGen      total 140800K, used 15520K [0x00000000eab00000, 0x00000000f4e00000, 0x0000000100000000)
  eden space 123904K, 0% used [0x00000000eab00000,0x00000000eab00000,0x00000000f2400000)
  from space 16896K, 91% used [0x00000000f3780000,0x00000000f46a8288,0x00000000f4800000)
  to   space 19968K, 0% used [0x00000000f2400000,0x00000000f2400000,0x00000000f3780000)
 ParOldGen       total 42496K, used 26679K [0x00000000c0000000, 0x00000000c2980000, 0x00000000eab00000)
  object space 42496K, 62% used [0x00000000c0000000,0x00000000c1a0dfa8,0x00000000c2980000)
 Metaspace       used 6366K, capacity 7154K, committed 7296K, reserved 1056768K
  class space    used 602K, capacity 618K, committed 640K, reserved 1048576K
}
Event: 4.575 GC heap before
{Heap before GC invocations=7 (full 0):
 PSYoungGen      total 140800K, used 139424K [0x00000000eab00000, 0x00000000f4e00000, 0x0000000100000000)
  eden space 123904K, 100% used [0x00000000eab00000,0x00000000f2400000,0x00000000f2400000)
  from space 16896K, 91% used [0x00000000f3780000,0x00000000f46a8288,0x00000000f4800000)
  to   space 19968K, 0% used [0x00000000f2400000,0x00000000f2400000,0x00000000f3780000)
 ParOldGen       total 42496K, used 26679K [0x00000000c0000000, 0x00000000c2980000, 0x00000000eab00000)
  object space 42496K, 62% used [0x00000000c0000000,0x00000000c1a0dfa8,0x00000000c2980000)
 Metaspace       used 6412K, capacity 7154K, committed 7296K, reserved 1056768K
  class space    used 602K, capacity 618K, committed 640K, reserved 1048576K
Event: 4.853 GC heap after
Heap after GC invocations=7 (full 0):
 PSYoungGen      total 143872K, used 19949K [0x00000000eab00000, 0x00000000fda00000, 0x0000000100000000)
  eden space 123904K, 0% used [0x00000000eab00000,0x00000000eab00000,0x00000000f2400000)
  from space 19968K, 99% used [0x00000000f2400000,0x00000000f377b470,0x00000000f3780000)
  to   space 31232K, 0% used [0x00000000fbb80000,0x00000000fbb80000,0x00000000fda00000)
 ParOldGen       total 42496K, used 41439K [0x00000000c0000000, 0x00000000c2980000, 0x00000000eab00000)
  object space 42496K, 97% used [0x00000000c0000000,0x00000000c2877e70,0x00000000c2980000)
 Metaspace       used 6412K, capacity 7154K, committed 7296K, reserved 1056768K
  class space    used 602K, capacity 618K, committed 640K, reserved 1048576K
}
Event: 4.853 GC heap before
{Heap before GC invocations=8 (full 1):
 PSYoungGen      total 143872K, used 19949K [0x00000000eab00000, 0x00000000fda00000, 0x0000000100000000)
  eden space 123904K, 0% used [0x00000000eab00000,0x00000000eab00000,0x00000000f2400000)
  from space 19968K, 99% used [0x00000000f2400000,0x00000000f377b470,0x00000000f3780000)
  to   space 31232K, 0% used [0x00000000fbb80000,0x00000000fbb80000,0x00000000fda00000)
 ParOldGen       total 42496K, used 41439K [0x00000000c0000000, 0x00000000c2980000, 0x00000000eab00000)
  object space 42496K, 97% used [0x00000000c0000000,0x00000000c2877e70,0x00000000c2980000)
 Metaspace       used 6412K, capacity 7154K, committed 7296K, reserved 1056768K
  class space    used 602K, capacity 618K, committed 640K, reserved 1048576K
Event: 6.864 GC heap after
Heap after GC invocations=8 (full 1):
 PSYoungGen      total 143872K, used 7837K [0x00000000eab00000, 0x00000000fda00000, 0x0000000100000000)
  eden space 123904K, 0% used [0x00000000eab00000,0x00000000eab00000,0x00000000f2400000)
  from space 19968K, 39% used [0x00000000f2400000,0x00000000f2ba74d8,0x00000000f3780000)
  to   space 31232K, 0% used [0x00000000fbb80000,0x00000000fbb80000,0x00000000fda00000)
 ParOldGen       total 87040K, used 42303K [0x00000000c0000000, 0x00000000c5500000, 0x00000000eab00000)
  object space 87040K, 48% used [0x00000000c0000000,0x00000000c294ff48,0x00000000c5500000)
 Metaspace       used 6412K, capacity 7154K, committed 7296K, reserved 1056768K
  class space    used 602K, capacity 618K, committed 640K, reserved 1048576K
}

Deoptimization events (10 events):
Event: 2.858 Thread 0x0000000016968000 Uncommon trap: reason=unstable_if action=reinterpret pc=0x0000000002d2e1cc method=com.android.dx.ssa.MoveParamCombiner$1.visitNonMoveInsn(Lcom/android/dx/ssa/NormalSsaInsn;)V @ 27
Event: 3.964 Thread 0x0000000016984800 Uncommon trap: reason=class_check action=maybe_recompile pc=0x0000000002edbab4 method=com.android.dx.cf.code.Ropper.processBlock(Lcom/android/dx/cf/code/ByteBlock;Lcom/android/dx/cf/code/Frame;[I)V @ 711
Event: 4.000 Thread 0x0000000016968000 Uncommon trap: reason=class_check action=maybe_recompile pc=0x0000000002edbab4 method=com.android.dx.cf.code.Ropper.processBlock(Lcom/android/dx/cf/code/ByteBlock;Lcom/android/dx/cf/code/Frame;[I)V @ 711
Event: 4.003 Thread 0x0000000016983000 Uncommon trap: reason=class_check action=maybe_recompile pc=0x0000000002edbab4 method=com.android.dx.cf.code.Ropper.processBlock(Lcom/android/dx/cf/code/ByteBlock;Lcom/android/dx/cf/code/Frame;[I)V @ 711
Event: 4.195 Thread 0x0000000016983000 Uncommon trap: reason=bimorphic action=maybe_recompile pc=0x0000000002e13614 method=com.android.dx.ssa.SCCP.setLatticeValueTo(IILcom/android/dx/rop/cst/Constant;)Z @ 43
Event: 4.195 Thread 0x0000000016983000 Uncommon trap: reason=bimorphic action=maybe_recompile pc=0x0000000002e13614 method=com.android.dx.ssa.SCCP.setLatticeValueTo(IILcom/android/dx/rop/cst/Constant;)Z @ 43
Event: 4.195 Thread 0x0000000016983000 Uncommon trap: reason=bimorphic action=maybe_recompile pc=0x0000000002e13614 method=com.android.dx.ssa.SCCP.setLatticeValueTo(IILcom/android/dx/rop/cst/Constant;)Z @ 43
Event: 4.195 Thread 0x0000000016983000 Uncommon trap: reason=bimorphic action=maybe_recompile pc=0x0000000002e13614 method=com.android.dx.ssa.SCCP.setLatticeValueTo(IILcom/android/dx/rop/cst/Constant;)Z @ 43
Event: 4.306 Thread 0x0000000016983000 Uncommon trap: reason=class_check action=maybe_recompile pc=0x0000000002d148b0 method=java.util.HashMap.putVal(ILjava/lang/Object;Ljava/lang/Object;ZZ)Ljava/lang/Object; @ 203
Event: 4.408 Thread 0x0000000016984800 Uncommon trap: reason=class_check action=maybe_recompile pc=0x0000000002edbab4 method=com.android.dx.cf.code.Ropper.processBlock(Lcom/android/dx/cf/code/ByteBlock;Lcom/android/dx/cf/code/Frame;[I)V @ 711

Internal exceptions (3 events):
Event: 0.109 Thread 0x00000000024ee000 Exception <a 'java/lang/NoSuchMethodError': Method sun.misc.Unsafe.defineClass(Ljava/lang/String;[BII)Ljava/lang/Class; name or signature does not match> (0x00000000eab07cc0) thrown at [D:\re\workspace\8-2-build-windows-amd64-cygwin\jdk8u92\6642\hotspot\srÆ~¢ó7ö»?
Event: 0.109 Thread 0x00000000024ee000 Exception <a 'java/lang/NoSuchMethodError': Method sun.misc.Unsafe.prefetchRead(Ljava/lang/Object;J)V name or signature does not match> (0x00000000eab07fa8) thrown at [D:\re\workspace\8-2-build-windows-amd64-cygwin\jdk8u92\6642\hotspot\src\share\vm\prims\jö×(µÿ?
Event: 1.982 Thread 0x0000000016983000 Implicit null exception at 0x0000000002a78b22 to 0x0000000002a78c1a

Events (10 events):
Event: 4.232 Executing VM operation: EnableBiasedLocking
Event: 4.236 Executing VM operation: EnableBiasedLocking done
Event: 4.306 Thread 0x0000000016983000 Uncommon trap: trap_request=0xffffffde fr.pc=0x0000000002d148b0
Event: 4.306 Thread 0x0000000016983000 DEOPT PACKING pc=0x0000000002d148b0 sp=0x000000001709eb20
Event: 4.306 Thread 0x0000000016983000 DEOPT UNPACKING pc=0x00000000027d582a sp=0x000000001709eaa8 mode 2
Event: 4.408 Thread 0x0000000016984800 Uncommon trap: trap_request=0xffffffde fr.pc=0x0000000002edbab4
Event: 4.408 Thread 0x0000000016984800 DEOPT PACKING pc=0x0000000002edbab4 sp=0x000000001729e540
Event: 4.408 Thread 0x0000000016984800 DEOPT UNPACKING pc=0x00000000027d582a sp=0x000000001729e580 mode 2
Event: 4.574 Executing VM operation: ParallelGCFailedAllocation
Event: 6.864 Executing VM operation: ParallelGCFailedAllocation done


Dynamic libraries:
0x00007ff6a77b0000 - 0x00007ff6a77e7000 	C:\Program Files\Java\jdk1.8.0_92\bin\java.exe
0x00007ffc1c3e0000 - 0x00007ffc1c5b1000 	C:\WINDOWS\SYSTEM32\ntdll.dll
0x00007ffc19970000 - 0x00007ffc19a1b000 	C:\WINDOWS\System32\KERNEL32.DLL
0x00007ffc18ae0000 - 0x00007ffc18cfd000 	C:\WINDOWS\System32\KERNELBASE.dll
0x00007ffc19c80000 - 0x00007ffc19d22000 	C:\WINDOWS\System32\ADVAPI32.dll
0x00007ffc1a200000 - 0x00007ffc1a29e000 	C:\WINDOWS\System32\msvcrt.dll
0x00007ffc19a20000 - 0x00007ffc19a79000 	C:\WINDOWS\System32\sechost.dll
0x00007ffc1a2a0000 - 0x00007ffc1a3c1000 	C:\WINDOWS\System32\RPCRT4.dll
0x00007ffc1a4a0000 - 0x00007ffc1a605000 	C:\WINDOWS\System32\USER32.dll
0x00007ffc19860000 - 0x00007ffc1987e000 	C:\WINDOWS\System32\win32u.dll
0x00007ffc19a80000 - 0x00007ffc19ab4000 	C:\WINDOWS\System32\GDI32.dll
0x00007ffc18d00000 - 0x00007ffc18e82000 	C:\WINDOWS\System32\gdi32full.dll
0x00007ffc11260000 - 0x00007ffc114d9000 	C:\WINDOWS\WinSxS\amd64_microsoft.windows.common-controls_6595b64144ccf1df_6.0.14393.447_none_42191651c6827bb3\COMCTL32.dll
0x00007ffc1a680000 - 0x00007ffc1a948000 	C:\WINDOWS\System32\combase.dll
0x00007ffc188d0000 - 0x00007ffc189c5000 	C:\WINDOWS\System32\ucrtbase.dll
0x00007ffc18e90000 - 0x00007ffc18efa000 	C:\WINDOWS\System32\bcryptPrimitives.dll
0x00007ffc1c390000 - 0x00007ffc1c3be000 	C:\WINDOWS\System32\IMM32.DLL
0x00000000748d0000 - 0x00000000749a2000 	C:\Program Files\Java\jdk1.8.0_92\jre\bin\msvcr100.dll
0x0000000075280000 - 0x0000000075b16000 	C:\Program Files\Java\jdk1.8.0_92\jre\bin\server\jvm.dll
0x00007ffc1c3d0000 - 0x00007ffc1c3d8000 	C:\WINDOWS\System32\PSAPI.DLL
0x00007ffc16880000 - 0x00007ffc16889000 	C:\WINDOWS\SYSTEM32\WSOCK32.dll
0x00007ffc19e30000 - 0x00007ffc19e9a000 	C:\WINDOWS\System32\WS2_32.dll
0x00007ffc16430000 - 0x00007ffc16453000 	C:\WINDOWS\SYSTEM32\WINMM.dll
0x00007ffc11780000 - 0x00007ffc1178a000 	C:\WINDOWS\SYSTEM32\VERSION.dll
0x00007ffc163d0000 - 0x00007ffc163fb000 	C:\WINDOWS\SYSTEM32\WINMMBASE.dll
0x00007ffc19880000 - 0x00007ffc198c2000 	C:\WINDOWS\System32\cfgmgr32.dll
0x0000000075190000 - 0x000000007519f000 	C:\Program Files\Java\jdk1.8.0_92\jre\bin\verify.dll
0x0000000075160000 - 0x0000000075189000 	C:\Program Files\Java\jdk1.8.0_92\jre\bin\java.dll
0x0000000075140000 - 0x0000000075156000 	C:\Program Files\Java\jdk1.8.0_92\jre\bin\zip.dll
0x00007ffc1ae20000 - 0x00007ffc1c329000 	C:\WINDOWS\System32\SHELL32.dll
0x00007ffc18fb0000 - 0x00007ffc1968a000 	C:\WINDOWS\System32\windows.storage.dll
0x00007ffc18840000 - 0x00007ffc1888c000 	C:\WINDOWS\System32\powrprof.dll
0x00007ffc19ea0000 - 0x00007ffc19ef2000 	C:\WINDOWS\System32\shlwapi.dll
0x00007ffc188a0000 - 0x00007ffc188af000 	C:\WINDOWS\System32\kernel.appcore.dll
0x00007ffc18f00000 - 0x00007ffc18fa9000 	C:\WINDOWS\System32\shcore.dll
0x00007ffc188b0000 - 0x00007ffc188c4000 	C:\WINDOWS\System32\profapi.dll

VM Arguments:
jvm_args: -Djava.awt.headless=true -Xmx1024M -Dfile.encoding=windows-1252 -Duser.country=AU -Duser.language=en -Duser.variant 
java_command: com.android.dx.command.Main --dex --num-threads=4 --output C:\Users\Jagadish\AndroidStudioProjects\Libraryapp\app\build\intermediates\pre-dexed\debug\com.google.android.gms-play-services-basement-9.0.2_dad3bf171369fe766df475243979f6dbe04c5c01.jar C:\Users\Jagadish\AndroidStudioProjects\Libraryapp\app\build\intermediates\exploded-aar\com.google.android.gms\play-services-basement\9.0.2\jars\classes.jar
java_class_path (initial): C:\Users\Jagadish\AppData\Local\Android\sdk\build-tools\24.0.0\lib\dx.jar
Launcher Type: SUN_STANDARD

Environment Variables:
JAVA_HOME=C:\Program Files\Java\jdk1.8.0_92
PATH=C:\ProgramData\Oracle\Java\javapath;C:\Program Files (x86)\Lenovo\FusionEngine;C:\WINDOWS\system32;C:\WINDOWS;C:\WINDOWS\System32\Wbem;C:\WINDOWS\System32\WindowsPowerShell\v1.0\;C:\Program Files (x86)\GtkSharp\2.12\bin;C:\Program Files (x86)\Skype\Phone\;C:\Program Files\Microsoft SQL Server\130\Tools\Binn\;C:\Program Files (x86)\Windows Kits\10\Windows Performance Toolkit\;C:\Program Files\Microsoft SQL Server\120\Tools\Binn\;C:\Program Files\Git\cmd;C:\Program Files\nodejs\;C:\Program Files (x86)\Rational\ClearQuest;C:\Users\Jagadish\AppData\Local\Microsoft\WindowsApps;C:\Users\Jagadish\AppData\Roaming\npm
USERNAME=Jagadish
OS=Windows_NT
PROCESSOR_IDENTIFIER=Intel64 Family 6 Model 78 Stepping 3, GenuineIntel



---------------  S Y S T E M  ---------------

OS: Windows 10.0 , 64 bit Build 14393 (10.0.14393.0)

CPU:total 4 (2 cores per cpu, 2 threads per core) family 6 model 78 stepping 3, cmov, cx8, fxsr, mmx, sse, sse2, sse3, ssse3, sse4.1, sse4.2, popcnt, avx, avx2, aes, clmul, erms, 3dnowpref, lzcnt, ht, tsc, tscinvbit, bmi1, bmi2, adx

Memory: 4k page, physical 4050848k(270224k free), swap 8146848k(3120k free)

vm_info: Java HotSpot(TM) 64-Bit Server VM (25.92-b14) for windows-amd64 JRE (1.8.0_92-b14), built on Mar 31 2016 21:03:04 by "java_re" with MS VC++ 10.0 (VS2010)

time: Wed Feb 08 21:39:46 2017
elapsed time: 6 seconds (0d 0h 0m 6s)

